<!DOCTYPE html PUBLIC "-//W3C//DTD XHTML 1.1//EN" "http://www.w3.org/TR/xhtml11/DTD/xhtml11.dtd">
<html xmlns="http://www.w3.org/1999/xhtml"><head><title>TestNG Report</title><style type="text/css">table {margin-bottom:10px;border-collapse:collapse;empty-cells:show}th,td {border:1px solid #009;padding:.25em .5em}th {vertical-align:bottom}td {vertical-align:top}table a {font-weight:bold}.stripe td {background-color: #E6EBF9}.num {text-align:right}.passedodd td {background-color: #3F3}.passedeven td {background-color: #0A0}.skippedodd td {background-color: #DDD}.skippedeven td {background-color: #CCC}.failedodd td,.attn {background-color: #F33}.failedeven td,.stripe .attn {background-color: #D00}.stacktrace {white-space:pre;font-family:monospace}.totop {font-size:85%;text-align:center;border-bottom:2px solid #000}</style></head><body><table><tr><th>Test</th><th># Passed</th><th># Skipped</th><th># Failed</th><th>Time (ms)</th><th>Included Groups</th><th>Excluded Groups</th></tr><tr><th colspan="7">Suite</th></tr><tr><td><a href="#t0">Test</a></td><td class="num">19</td><td class="num">0</td><td class="num attn">8</td><td class="num">71,929</td><td></td><td></td></tr></table><table><thead><tr><th>Class</th><th>Method</th><th>Start</th><th>Time (ms)</th></tr></thead><tbody><tr><th colspan="4">Suite</th></tr></tbody><tbody id="t0"><tr><th colspan="4">Test &#8212; failed (configuration methods)</th></tr><tr class="failedeven"><td rowspan="1">twc.Regression.TestCases.regressionTestCases</td><td><a href="#m0">After_Test</a></td><td rowspan="1">1588968388408</td><td rowspan="1">0</td></tr><tr><th colspan="4">Test &#8212; failed</th></tr><tr class="failedeven"><td rowspan="8">twc.Regression.TestCases.regressionTestCases</td><td><a href="#m1">C333203_Verify_cust_param_dma</a></td><td rowspan="1">1588968325861</td><td rowspan="1">232</td></tr><tr class="failedeven"><td><a href="#m2">C333212_Verify_cust_param_ct</a></td><td rowspan="1">1588968336895</td><td rowspan="1">241</td></tr><tr class="failedeven"><td><a href="#m3">C333214_Verify_cust_param_hlzip</a></td><td rowspan="1">1588968344883</td><td rowspan="1">250</td></tr><tr class="failedeven"><td><a href="#m4">C333226_Verify_cust_param_st</a></td><td rowspan="1">1588968349311</td><td rowspan="1">223</td></tr><tr class="failedeven"><td><a href="#m5">C333228_Verify_cust_param_wfxtg</a></td><td rowspan="1">1588968387417</td><td rowspan="1">244</td></tr><tr class="failedeven"><td><a href="#m6">C333240_Verify_cust_param_zcs</a></td><td rowspan="1">1588968387661</td><td rowspan="1">249</td></tr><tr class="failedeven"><td><a href="#m7">C333241_Verify_cust_param_nzcs</a></td><td rowspan="1">1588968387911</td><td rowspan="1">247</td></tr><tr class="failedeven"><td><a href="#m8">C333242_Verify_cust_param_hzcs</a></td><td rowspan="1">1588968388159</td><td rowspan="1">247</td></tr><tr><th colspan="4">Test &#8212; passed</th></tr><tr class="passedeven"><td rowspan="19">twc.Regression.TestCases.regressionTestCases</td><td><a href="#m9">C333202_Verify_cust_param_zip</a></td><td rowspan="1">1588968322669</td><td rowspan="1">3192</td></tr><tr class="passedeven"><td><a href="#m10">C333205_Verify_cust_param_tile</a></td><td rowspan="1">1588968371249</td><td rowspan="1">3323</td></tr><tr class="passedeven"><td><a href="#m11">C333207_Verify_cust_param_hmid</a></td><td rowspan="1">1588968345134</td><td rowspan="1">4177</td></tr><tr class="passedeven"><td><a href="#m12">C333208_Verify_cust_param_tmp</a></td><td rowspan="1">1588968329072</td><td rowspan="1">4764</td></tr><tr class="passedeven"><td><a href="#m13">C333211_Verify_cust_param_locale</a></td><td rowspan="1">1588968337137</td><td rowspan="1">3567</td></tr><tr class="passedeven"><td><a href="#m14">C333215_Verify_cust_param_ftl</a></td><td rowspan="1">1588968359945</td><td rowspan="1">3225</td></tr><tr class="passedeven"><td><a href="#m15">C333216_Verify_cust_param_cnd</a></td><td rowspan="1">1588968316512</td><td rowspan="1">6149</td></tr><tr class="passedeven"><td><a href="#m16">C333217_Verify_cust_param_tmpr</a></td><td rowspan="1">1588968378703</td><td rowspan="1">4415</td></tr><tr class="passedeven"><td><a href="#m17">C333218_Verify_cust_param_pos</a></td><td rowspan="1">1588968326103</td><td rowspan="1">2969</td></tr><tr class="passedeven"><td><a href="#m18">C333221_Verify_cust_param_wind</a></td><td rowspan="1">1588968340704</td><td rowspan="1">4179</td></tr><tr class="passedeven"><td><a href="#m19">C333224_Verify_cust_param_uv</a></td><td rowspan="1">1588968383119</td><td rowspan="1">4297</td></tr><tr class="passedeven"><td><a href="#m20">C333227_Verify_cust_param_sg</a></td><td rowspan="1">1588968369618</td><td rowspan="1">1630</td></tr><tr class="passedeven"><td><a href="#m21">C333229_Verify_cust_param_faud</a></td><td rowspan="1">1588968349535</td><td rowspan="1">3115</td></tr><tr class="passedeven"><td><a href="#m22">C333230_Verify_cust_param_fgeo</a></td><td rowspan="1">1588968352650</td><td rowspan="1">3009</td></tr><tr class="passedeven"><td><a href="#m23">C333233_Verify_cust_param_filtmpc</a></td><td rowspan="1">1588968355660</td><td rowspan="1">4284</td></tr><tr class="passedeven"><td><a href="#m24">C333239_Verify_cust_param_tmpc</a></td><td rowspan="1">1588968374573</td><td rowspan="1">4129</td></tr><tr class="passedeven"><td><a href="#m25">C658711_Verify_cust_param_lang</a></td><td rowspan="1">1588968363171</td><td rowspan="1">3138</td></tr><tr class="passedeven"><td><a href="#m26">C658712_Verify_cust_param_plat</a></td><td rowspan="1">1588968333836</td><td rowspan="1">3058</td></tr><tr class="passedeven"><td><a href="#m27">C658712_Verify_cust_param_plat1</a></td><td rowspan="1">1588968366309</td><td rowspan="1">3309</td></tr></tbody></table><h2>Test</h2><h3 id="m0">twc.Regression.TestCases.regressionTestCases#After_Test</h3><table class="result"><tr><th>Exception</th></tr><tr><td><div class="stacktrace">java.lang.AssertionError: The following asserts failed:
expected [true] but found [false], expected [true] but found [false], expected [true] but found [false], expected [true] but found [false], expected [true] but found [false], expected [true] but found [false], expected [true] but found [false], expected [true] but found [false], expected [true] but found [false], expected [true] but found [false], expected [true] but found [false], expected [true] but found [false], expected [true] but found [false], expected [true] but found [false], expected [true] but found [false], expected [true] but found [false], expected [true] but found [false], expected [true] but found [false], expected [true] but found [false], expected [true] but found [false], expected [true] but found [false], expected [true] but found [false], expected [true] but found [false], expected [true] but found [false], expected [true] but found [false], expected [true] but found [false], expected [true] but found [false], expected [true] but found [false], expected [true] but found [false], expected [true] but found [false]
	at twc.Regression.TestCases.regressionTestCases.After_Test(regressionTestCases.java:542)
... Removed 29 stack frames</div></td></tr></table><p class="totop"><a href="#summary">back to summary</a></p><h3 id="m1">twc.Regression.TestCases.regressionTestCases#C333203_Verify_cust_param_dma</h3><table class="result"><tr><th>Exception</th></tr><tr><td><div class="stacktrace">java.lang.StringIndexOutOfBoundsException: String index out of range: -1
	at java.lang.String.substring(String.java:1927)
	at twc.Regression.CustomParamValidation.CustomParamFunctions.get_dsx_call_value(CustomParamFunctions.java:700)
	at twc.Regression.CustomParamValidation.CustomParamFunctions.validate_dsx_results(CustomParamFunctions.java:285)
	at twc.Regression.TestCases.Custom_Parameters_Verification.parameters_Verification(Custom_Parameters_Verification.java:242)
	at twc.Regression.TestCases.regressionTestCases.C333203_Verify_cust_param_dma(regressionTestCases.java:61)
... Removed 30 stack frames</div></td></tr></table><p class="totop"><a href="#summary">back to summary</a></p><h3 id="m2">twc.Regression.TestCases.regressionTestCases#C333212_Verify_cust_param_ct</h3><table class="result"><tr><th>Exception</th></tr><tr><td><div class="stacktrace">java.lang.StringIndexOutOfBoundsException: String index out of range: -1
	at java.lang.String.substring(String.java:1927)
	at twc.Regression.CustomParamValidation.CustomParamFunctions.get_dsx_call_value(CustomParamFunctions.java:700)
	at twc.Regression.CustomParamValidation.CustomParamFunctions.validate_dsx_results(CustomParamFunctions.java:285)
	at twc.Regression.TestCases.Custom_Parameters_Verification.parameters_Verification(Custom_Parameters_Verification.java:268)
	at twc.Regression.TestCases.regressionTestCases.C333212_Verify_cust_param_ct(regressionTestCases.java:75)
... Removed 30 stack frames</div></td></tr></table><p class="totop"><a href="#summary">back to summary</a></p><h3 id="m3">twc.Regression.TestCases.regressionTestCases#C333214_Verify_cust_param_hlzip</h3><table class="result"><tr><th>Exception</th></tr><tr><td><div class="stacktrace">java.lang.StringIndexOutOfBoundsException: String index out of range: -1
	at java.lang.String.substring(String.java:1927)
	at twc.Regression.CustomParamValidation.CustomParamFunctions.get_wfxtg_call_value(CustomParamFunctions.java:743)
	at twc.Regression.CustomParamValidation.CustomParamFunctions.validate_wfxtg_results(CustomParamFunctions.java:386)
	at twc.Regression.TestCases.Custom_Parameters_Verification.parameters_Verification(Custom_Parameters_Verification.java:368)
	at twc.Regression.TestCases.regressionTestCases.C333214_Verify_cust_param_hlzip(regressionTestCases.java:96)
... Removed 30 stack frames</div></td></tr></table><p class="totop"><a href="#summary">back to summary</a></p><h3 id="m4">twc.Regression.TestCases.regressionTestCases#C333226_Verify_cust_param_st</h3><table class="result"><tr><th>Exception</th></tr><tr><td><div class="stacktrace">java.lang.StringIndexOutOfBoundsException: String index out of range: -1
	at java.lang.String.substring(String.java:1927)
	at twc.Regression.CustomParamValidation.CustomParamFunctions.get_dsx_call_value(CustomParamFunctions.java:700)
	at twc.Regression.CustomParamValidation.CustomParamFunctions.validate_dsx_results(CustomParamFunctions.java:285)
	at twc.Regression.TestCases.Custom_Parameters_Verification.parameters_Verification(Custom_Parameters_Verification.java:277)
	at twc.Regression.TestCases.regressionTestCases.C333226_Verify_cust_param_st(regressionTestCases.java:110)
... Removed 30 stack frames</div></td></tr></table><p class="totop"><a href="#summary">back to summary</a></p><h3 id="m5">twc.Regression.TestCases.regressionTestCases#C333228_Verify_cust_param_wfxtg</h3><table class="result"><tr><th>Exception</th></tr><tr><td><div class="stacktrace">java.lang.StringIndexOutOfBoundsException: String index out of range: -1
	at java.lang.String.substring(String.java:1927)
	at twc.Regression.CustomParamValidation.CustomParamFunctions.get_wfxtg_call_value(CustomParamFunctions.java:743)
	at twc.Regression.CustomParamValidation.CustomParamFunctions.validate_wfxtg_results(CustomParamFunctions.java:386)
	at twc.Regression.TestCases.Custom_Parameters_Verification.parameters_Verification(Custom_Parameters_Verification.java:295)
	at twc.Regression.TestCases.regressionTestCases.C333228_Verify_cust_param_wfxtg(regressionTestCases.java:194)
... Removed 30 stack frames</div></td></tr></table><p class="totop"><a href="#summary">back to summary</a></p><h3 id="m6">twc.Regression.TestCases.regressionTestCases#C333240_Verify_cust_param_zcs</h3><table class="result"><tr><th>Exception</th></tr><tr><td><div class="stacktrace">java.lang.StringIndexOutOfBoundsException: String index out of range: -1
	at java.lang.String.substring(String.java:1927)
	at twc.Regression.CustomParamValidation.CustomParamFunctions.get_wfxtg_call_value(CustomParamFunctions.java:743)
	at twc.Regression.CustomParamValidation.CustomParamFunctions.validate_wfxtg_results(CustomParamFunctions.java:386)
	at twc.Regression.TestCases.Custom_Parameters_Verification.parameters_Verification(Custom_Parameters_Verification.java:305)
	at twc.Regression.TestCases.regressionTestCases.C333240_Verify_cust_param_zcs(regressionTestCases.java:201)
... Removed 30 stack frames</div></td></tr></table><p class="totop"><a href="#summary">back to summary</a></p><h3 id="m7">twc.Regression.TestCases.regressionTestCases#C333241_Verify_cust_param_nzcs</h3><table class="result"><tr><th>Exception</th></tr><tr><td><div class="stacktrace">java.lang.StringIndexOutOfBoundsException: String index out of range: -1
	at java.lang.String.substring(String.java:1927)
	at twc.Regression.CustomParamValidation.CustomParamFunctions.get_wfxtg_call_value(CustomParamFunctions.java:743)
	at twc.Regression.CustomParamValidation.CustomParamFunctions.validate_wfxtg_results(CustomParamFunctions.java:386)
	at twc.Regression.TestCases.Custom_Parameters_Verification.parameters_Verification(Custom_Parameters_Verification.java:323)
	at twc.Regression.TestCases.regressionTestCases.C333241_Verify_cust_param_nzcs(regressionTestCases.java:208)
... Removed 30 stack frames</div></td></tr></table><p class="totop"><a href="#summary">back to summary</a></p><h3 id="m8">twc.Regression.TestCases.regressionTestCases#C333242_Verify_cust_param_hzcs</h3><table class="result"><tr><th>Exception</th></tr><tr><td><div class="stacktrace">java.lang.StringIndexOutOfBoundsException: String index out of range: -1
	at java.lang.String.substring(String.java:1927)
	at twc.Regression.CustomParamValidation.CustomParamFunctions.get_wfxtg_call_value(CustomParamFunctions.java:743)
	at twc.Regression.CustomParamValidation.CustomParamFunctions.validate_wfxtg_results(CustomParamFunctions.java:386)
	at twc.Regression.TestCases.Custom_Parameters_Verification.parameters_Verification(Custom_Parameters_Verification.java:314)
	at twc.Regression.TestCases.regressionTestCases.C333242_Verify_cust_param_hzcs(regressionTestCases.java:215)
... Removed 30 stack frames</div></td></tr></table><p class="totop"><a href="#summary">back to summary</a></p><h3 id="m9">twc.Regression.TestCases.regressionTestCases#C333202_Verify_cust_param_zip</h3><table class="result"></table><p class="totop"><a href="#summary">back to summary</a></p><h3 id="m10">twc.Regression.TestCases.regressionTestCases#C333205_Verify_cust_param_tile</h3><table class="result"></table><p class="totop"><a href="#summary">back to summary</a></p><h3 id="m11">twc.Regression.TestCases.regressionTestCases#C333207_Verify_cust_param_hmid</h3><table class="result"></table><p class="totop"><a href="#summary">back to summary</a></p><h3 id="m12">twc.Regression.TestCases.regressionTestCases#C333208_Verify_cust_param_tmp</h3><table class="result"></table><p class="totop"><a href="#summary">back to summary</a></p><h3 id="m13">twc.Regression.TestCases.regressionTestCases#C333211_Verify_cust_param_locale</h3><table class="result"></table><p class="totop"><a href="#summary">back to summary</a></p><h3 id="m14">twc.Regression.TestCases.regressionTestCases#C333215_Verify_cust_param_ftl</h3><table class="result"></table><p class="totop"><a href="#summary">back to summary</a></p><h3 id="m15">twc.Regression.TestCases.regressionTestCases#C333216_Verify_cust_param_cnd</h3><table class="result"></table><p class="totop"><a href="#summary">back to summary</a></p><h3 id="m16">twc.Regression.TestCases.regressionTestCases#C333217_Verify_cust_param_tmpr</h3><table class="result"></table><p class="totop"><a href="#summary">back to summary</a></p><h3 id="m17">twc.Regression.TestCases.regressionTestCases#C333218_Verify_cust_param_pos</h3><table class="result"></table><p class="totop"><a href="#summary">back to summary</a></p><h3 id="m18">twc.Regression.TestCases.regressionTestCases#C333221_Verify_cust_param_wind</h3><table class="result"></table><p class="totop"><a href="#summary">back to summary</a></p><h3 id="m19">twc.Regression.TestCases.regressionTestCases#C333224_Verify_cust_param_uv</h3><table class="result"></table><p class="totop"><a href="#summary">back to summary</a></p><h3 id="m20">twc.Regression.TestCases.regressionTestCases#C333227_Verify_cust_param_sg</h3><table class="result"></table><p class="totop"><a href="#summary">back to summary</a></p><h3 id="m21">twc.Regression.TestCases.regressionTestCases#C333229_Verify_cust_param_faud</h3><table class="result"></table><p class="totop"><a href="#summary">back to summary</a></p><h3 id="m22">twc.Regression.TestCases.regressionTestCases#C333230_Verify_cust_param_fgeo</h3><table class="result"></table><p class="totop"><a href="#summary">back to summary</a></p><h3 id="m23">twc.Regression.TestCases.regressionTestCases#C333233_Verify_cust_param_filtmpc</h3><table class="result"></table><p class="totop"><a href="#summary">back to summary</a></p><h3 id="m24">twc.Regression.TestCases.regressionTestCases#C333239_Verify_cust_param_tmpc</h3><table class="result"></table><p class="totop"><a href="#summary">back to summary</a></p><h3 id="m25">twc.Regression.TestCases.regressionTestCases#C658711_Verify_cust_param_lang</h3><table class="result"></table><p class="totop"><a href="#summary">back to summary</a></p><h3 id="m26">twc.Regression.TestCases.regressionTestCases#C658712_Verify_cust_param_plat</h3><table class="result"></table><p class="totop"><a href="#summary">back to summary</a></p><h3 id="m27">twc.Regression.TestCases.regressionTestCases#C658712_Verify_cust_param_plat1</h3><table class="result"></table><p class="totop"><a href="#summary">back to summary</a></p></body></html>