<?xml version="1.0" encoding="UTF-8"?>
<testng-results skipped="0" failed="13" total="32" passed="19">
  <reporter-output>
  </reporter-output>
  <suite name="Suite" duration-ms="144203" started-at="2020-05-26T17:26:29Z" finished-at="2020-05-26T17:28:53Z">
    <groups>
    </groups>
    <test name="Test" duration-ms="144203" started-at="2020-05-26T17:26:29Z" finished-at="2020-05-26T17:28:53Z">
      <class name="twc.Regression.TestCases.regressionTestCases">
        <test-method status="PASS" signature="Before_Test()[pri:0, instance:twc.Regression.TestCases.regressionTestCases@1e120628]" name="Before_Test" is-config="true" duration-ms="10" started-at="2020-05-26T22:56:29Z" finished-at="2020-05-26T22:56:29Z">
          <reporter-output>
          </reporter-output>
        </test-method> <!-- Before_Test -->
        <test-method status="FAIL" signature="C333216_Verify_cust_param_cnd()[pri:0, instance:twc.Regression.TestCases.regressionTestCases@1e120628]" name="C333216_Verify_cust_param_cnd" duration-ms="10326" started-at="2020-05-26T22:56:29Z" finished-at="2020-05-26T22:56:40Z">
          <exception class="java.lang.AssertionError">
            <message>
              <![CDATA[cnd Value not matched]]>
            </message>
            <full-stacktrace>
              <![CDATA[java.lang.AssertionError: cnd Value not matched
	at org.testng.Assert.fail(Assert.java:94)
	at twc.Regression.TestCases.Custom_Parameters_Verification.parameters_Verification(Custom_Parameters_Verification.java:192)
	at twc.Regression.TestCases.regressionTestCases.C333216_Verify_cust_param_cnd(regressionTestCases.java:176)
	at sun.reflect.NativeMethodAccessorImpl.invoke0(Native Method)
	at sun.reflect.NativeMethodAccessorImpl.invoke(NativeMethodAccessorImpl.java:62)
	at sun.reflect.DelegatingMethodAccessorImpl.invoke(DelegatingMethodAccessorImpl.java:43)
	at java.lang.reflect.Method.invoke(Method.java:498)
	at org.testng.internal.MethodInvocationHelper.invokeMethod(MethodInvocationHelper.java:85)
	at org.testng.internal.Invoker.invokeMethod(Invoker.java:659)
	at org.testng.internal.Invoker.invokeTestMethod(Invoker.java:845)
	at org.testng.internal.Invoker.invokeTestMethods(Invoker.java:1153)
	at org.testng.internal.TestMethodWorker.invokeTestMethods(TestMethodWorker.java:125)
	at org.testng.internal.TestMethodWorker.run(TestMethodWorker.java:108)
	at org.testng.TestRunner.privateRun(TestRunner.java:771)
	at org.testng.TestRunner.run(TestRunner.java:621)
	at org.testng.SuiteRunner.runTest(SuiteRunner.java:357)
	at org.testng.SuiteRunner.runSequentially(SuiteRunner.java:352)
	at org.testng.SuiteRunner.privateRun(SuiteRunner.java:310)
	at org.testng.SuiteRunner.run(SuiteRunner.java:259)
	at org.testng.SuiteRunnerWorker.runSuite(SuiteRunnerWorker.java:52)
	at org.testng.SuiteRunnerWorker.run(SuiteRunnerWorker.java:86)
	at org.testng.TestNG.runSuitesSequentially(TestNG.java:1199)
	at org.testng.TestNG.runSuitesLocally(TestNG.java:1124)
	at org.testng.TestNG.run(TestNG.java:1032)
	at org.apache.maven.surefire.testng.TestNGExecutor.run(TestNGExecutor.java:73)
	at org.apache.maven.surefire.testng.TestNGXmlTestSuite.execute(TestNGXmlTestSuite.java:94)
	at org.apache.maven.surefire.Surefire.run(Surefire.java:169)
	at sun.reflect.NativeMethodAccessorImpl.invoke0(Native Method)
	at sun.reflect.NativeMethodAccessorImpl.invoke(NativeMethodAccessorImpl.java:62)
	at sun.reflect.DelegatingMethodAccessorImpl.invoke(DelegatingMethodAccessorImpl.java:43)
	at java.lang.reflect.Method.invoke(Method.java:498)
	at org.apache.maven.surefire.booter.SurefireBooter.runSuitesInProcess(SurefireBooter.java:350)
	at org.apache.maven.surefire.booter.SurefireBooter.main(SurefireBooter.java:1021)
]]>
            </full-stacktrace>
          </exception> <!-- java.lang.AssertionError -->
          <reporter-output>
          </reporter-output>
        </test-method> <!-- C333216_Verify_cust_param_cnd -->
        <test-method status="PASS" signature="C344257_Verify_Video_Url_Parameter_cmsid()[pri:0, instance:twc.Regression.TestCases.regressionTestCases@1e120628]" name="C344257_Verify_Video_Url_Parameter_cmsid" duration-ms="848" started-at="2020-05-26T22:56:40Z" finished-at="2020-05-26T22:56:41Z">
          <reporter-output>
          </reporter-output>
        </test-method> <!-- C344257_Verify_Video_Url_Parameter_cmsid -->
        <test-method status="PASS" signature="C344258_Verify_Video_Url_Parameter_ttid()[pri:0, instance:twc.Regression.TestCases.regressionTestCases@1e120628]" name="C344258_Verify_Video_Url_Parameter_ttid" duration-ms="920" started-at="2020-05-26T22:56:41Z" finished-at="2020-05-26T22:56:41Z">
          <reporter-output>
          </reporter-output>
        </test-method> <!-- C344258_Verify_Video_Url_Parameter_ttid -->
        <test-method status="PASS" signature="C344260_Verify_Video_Url_Parameter_lnid()[pri:0, instance:twc.Regression.TestCases.regressionTestCases@1e120628]" name="C344260_Verify_Video_Url_Parameter_lnid" duration-ms="835" started-at="2020-05-26T22:56:41Z" finished-at="2020-05-26T22:56:42Z">
          <reporter-output>
          </reporter-output>
        </test-method> <!-- C344260_Verify_Video_Url_Parameter_lnid -->
        <test-method status="PASS" signature="C344259_Verify_Video_Url_Parameter_vid()[pri:0, instance:twc.Regression.TestCases.regressionTestCases@1e120628]" name="C344259_Verify_Video_Url_Parameter_vid" duration-ms="809" started-at="2020-05-26T22:56:42Z" finished-at="2020-05-26T22:56:43Z">
          <reporter-output>
          </reporter-output>
        </test-method> <!-- C344259_Verify_Video_Url_Parameter_vid -->
        <test-method status="PASS" signature="C344261_Verify_Video_Url_Parameter_iu()[pri:0, instance:twc.Regression.TestCases.regressionTestCases@1e120628]" name="C344261_Verify_Video_Url_Parameter_iu" duration-ms="845" started-at="2020-05-26T22:56:43Z" finished-at="2020-05-26T22:56:44Z">
          <reporter-output>
          </reporter-output>
        </test-method> <!-- C344261_Verify_Video_Url_Parameter_iu -->
        <test-method status="PASS" signature="C344261_Verify_DescriptionURL_Video()[pri:0, instance:twc.Regression.TestCases.regressionTestCases@1e120628]" name="C344261_Verify_DescriptionURL_Video" duration-ms="625" started-at="2020-05-26T22:56:44Z" finished-at="2020-05-26T22:56:45Z">
          <reporter-output>
          </reporter-output>
        </test-method> <!-- C344261_Verify_DescriptionURL_Video -->
        <test-method status="PASS" signature="C344261_Verify_ContentURL_Video()[pri:0, instance:twc.Regression.TestCases.regressionTestCases@1e120628]" name="C344261_Verify_ContentURL_Video" duration-ms="662" started-at="2020-05-26T22:56:45Z" finished-at="2020-05-26T22:56:45Z">
          <reporter-output>
          </reporter-output>
        </test-method> <!-- C344261_Verify_ContentURL_Video -->
        <test-method status="FAIL" signature="C333213_Verify_cust_param_adid()[pri:0, instance:twc.Regression.TestCases.regressionTestCases@1e120628]" name="C333213_Verify_cust_param_adid" duration-ms="5107" started-at="2020-05-26T22:56:45Z" finished-at="2020-05-26T22:56:50Z">
          <exception class="java.lang.AssertionError">
            <message>
              <![CDATA[adid Value not matched]]>
            </message>
            <full-stacktrace>
              <![CDATA[java.lang.AssertionError: adid Value not matched
	at org.testng.Assert.fail(Assert.java:94)
	at twc.Regression.TestCases.Custom_Parameters_Verification.parameters_Verification(Custom_Parameters_Verification.java:522)
	at twc.Regression.TestCases.regressionTestCases.C333213_Verify_cust_param_adid(regressionTestCases.java:87)
	at sun.reflect.NativeMethodAccessorImpl.invoke0(Native Method)
	at sun.reflect.NativeMethodAccessorImpl.invoke(NativeMethodAccessorImpl.java:62)
	at sun.reflect.DelegatingMethodAccessorImpl.invoke(DelegatingMethodAccessorImpl.java:43)
	at java.lang.reflect.Method.invoke(Method.java:498)
	at org.testng.internal.MethodInvocationHelper.invokeMethod(MethodInvocationHelper.java:85)
	at org.testng.internal.Invoker.invokeMethod(Invoker.java:659)
	at org.testng.internal.Invoker.invokeTestMethod(Invoker.java:845)
	at org.testng.internal.Invoker.invokeTestMethods(Invoker.java:1153)
	at org.testng.internal.TestMethodWorker.invokeTestMethods(TestMethodWorker.java:125)
	at org.testng.internal.TestMethodWorker.run(TestMethodWorker.java:108)
	at org.testng.TestRunner.privateRun(TestRunner.java:771)
	at org.testng.TestRunner.run(TestRunner.java:621)
	at org.testng.SuiteRunner.runTest(SuiteRunner.java:357)
	at org.testng.SuiteRunner.runSequentially(SuiteRunner.java:352)
	at org.testng.SuiteRunner.privateRun(SuiteRunner.java:310)
	at org.testng.SuiteRunner.run(SuiteRunner.java:259)
	at org.testng.SuiteRunnerWorker.runSuite(SuiteRunnerWorker.java:52)
	at org.testng.SuiteRunnerWorker.run(SuiteRunnerWorker.java:86)
	at org.testng.TestNG.runSuitesSequentially(TestNG.java:1199)
	at org.testng.TestNG.runSuitesLocally(TestNG.java:1124)
	at org.testng.TestNG.run(TestNG.java:1032)
	at org.apache.maven.surefire.testng.TestNGExecutor.run(TestNGExecutor.java:73)
	at org.apache.maven.surefire.testng.TestNGXmlTestSuite.execute(TestNGXmlTestSuite.java:94)
	at org.apache.maven.surefire.Surefire.run(Surefire.java:169)
	at sun.reflect.NativeMethodAccessorImpl.invoke0(Native Method)
	at sun.reflect.NativeMethodAccessorImpl.invoke(NativeMethodAccessorImpl.java:62)
	at sun.reflect.DelegatingMethodAccessorImpl.invoke(DelegatingMethodAccessorImpl.java:43)
	at java.lang.reflect.Method.invoke(Method.java:498)
	at org.apache.maven.surefire.booter.SurefireBooter.runSuitesInProcess(SurefireBooter.java:350)
	at org.apache.maven.surefire.booter.SurefireBooter.main(SurefireBooter.java:1021)
]]>
            </full-stacktrace>
          </exception> <!-- java.lang.AssertionError -->
          <reporter-output>
          </reporter-output>
        </test-method> <!-- C333213_Verify_cust_param_adid -->
        <test-method status="FAIL" signature="C333213_Verify_cust_param_aid()[pri:0, instance:twc.Regression.TestCases.regressionTestCases@1e120628]" name="C333213_Verify_cust_param_aid" duration-ms="4720" started-at="2020-05-26T22:56:50Z" finished-at="2020-05-26T22:56:55Z">
          <exception class="java.lang.AssertionError">
            <message>
              <![CDATA[aid Value not matched]]>
            </message>
            <full-stacktrace>
              <![CDATA[java.lang.AssertionError: aid Value not matched
	at org.testng.Assert.fail(Assert.java:94)
	at twc.Regression.TestCases.Custom_Parameters_Verification.parameters_Verification(Custom_Parameters_Verification.java:492)
	at twc.Regression.TestCases.regressionTestCases.C333213_Verify_cust_param_aid(regressionTestCases.java:96)
	at sun.reflect.NativeMethodAccessorImpl.invoke0(Native Method)
	at sun.reflect.NativeMethodAccessorImpl.invoke(NativeMethodAccessorImpl.java:62)
	at sun.reflect.DelegatingMethodAccessorImpl.invoke(DelegatingMethodAccessorImpl.java:43)
	at java.lang.reflect.Method.invoke(Method.java:498)
	at org.testng.internal.MethodInvocationHelper.invokeMethod(MethodInvocationHelper.java:85)
	at org.testng.internal.Invoker.invokeMethod(Invoker.java:659)
	at org.testng.internal.Invoker.invokeTestMethod(Invoker.java:845)
	at org.testng.internal.Invoker.invokeTestMethods(Invoker.java:1153)
	at org.testng.internal.TestMethodWorker.invokeTestMethods(TestMethodWorker.java:125)
	at org.testng.internal.TestMethodWorker.run(TestMethodWorker.java:108)
	at org.testng.TestRunner.privateRun(TestRunner.java:771)
	at org.testng.TestRunner.run(TestRunner.java:621)
	at org.testng.SuiteRunner.runTest(SuiteRunner.java:357)
	at org.testng.SuiteRunner.runSequentially(SuiteRunner.java:352)
	at org.testng.SuiteRunner.privateRun(SuiteRunner.java:310)
	at org.testng.SuiteRunner.run(SuiteRunner.java:259)
	at org.testng.SuiteRunnerWorker.runSuite(SuiteRunnerWorker.java:52)
	at org.testng.SuiteRunnerWorker.run(SuiteRunnerWorker.java:86)
	at org.testng.TestNG.runSuitesSequentially(TestNG.java:1199)
	at org.testng.TestNG.runSuitesLocally(TestNG.java:1124)
	at org.testng.TestNG.run(TestNG.java:1032)
	at org.apache.maven.surefire.testng.TestNGExecutor.run(TestNGExecutor.java:73)
	at org.apache.maven.surefire.testng.TestNGXmlTestSuite.execute(TestNGXmlTestSuite.java:94)
	at org.apache.maven.surefire.Surefire.run(Surefire.java:169)
	at sun.reflect.NativeMethodAccessorImpl.invoke0(Native Method)
	at sun.reflect.NativeMethodAccessorImpl.invoke(NativeMethodAccessorImpl.java:62)
	at sun.reflect.DelegatingMethodAccessorImpl.invoke(DelegatingMethodAccessorImpl.java:43)
	at java.lang.reflect.Method.invoke(Method.java:498)
	at org.apache.maven.surefire.booter.SurefireBooter.runSuitesInProcess(SurefireBooter.java:350)
	at org.apache.maven.surefire.booter.SurefireBooter.main(SurefireBooter.java:1021)
]]>
            </full-stacktrace>
          </exception> <!-- java.lang.AssertionError -->
          <reporter-output>
          </reporter-output>
        </test-method> <!-- C333213_Verify_cust_param_aid -->
        <test-method status="PASS" signature="C333219_Verify_cust_param_st()[pri:0, instance:twc.Regression.TestCases.regressionTestCases@1e120628]" name="C333219_Verify_cust_param_st" duration-ms="4932" started-at="2020-05-26T22:56:55Z" finished-at="2020-05-26T22:57:00Z">
          <reporter-output>
          </reporter-output>
        </test-method> <!-- C333219_Verify_cust_param_st -->
        <test-method status="PASS" signature="C333200_Verify_cust_param_ord()[pri:0, instance:twc.Regression.TestCases.regressionTestCases@1e120628]" name="C333200_Verify_cust_param_ord" duration-ms="5042" started-at="2020-05-26T22:57:00Z" finished-at="2020-05-26T22:57:05Z">
          <reporter-output>
          </reporter-output>
        </test-method> <!-- C333200_Verify_cust_param_ord -->
        <test-method status="FAIL" signature="C333204_Verify_cust_param_rmid()[pri:0, instance:twc.Regression.TestCases.regressionTestCases@1e120628]" name="C333204_Verify_cust_param_rmid" duration-ms="4914" started-at="2020-05-26T22:57:05Z" finished-at="2020-05-26T22:57:10Z">
          <exception class="java.lang.AssertionError">
            <message>
              <![CDATA[rmid Value not matched]]>
            </message>
            <full-stacktrace>
              <![CDATA[java.lang.AssertionError: rmid Value not matched
	at org.testng.Assert.fail(Assert.java:94)
	at twc.Regression.TestCases.Custom_Parameters_Verification.parameters_Verification(Custom_Parameters_Verification.java:585)
	at twc.Regression.TestCases.regressionTestCases.C333204_Verify_cust_param_rmid(regressionTestCases.java:123)
	at sun.reflect.NativeMethodAccessorImpl.invoke0(Native Method)
	at sun.reflect.NativeMethodAccessorImpl.invoke(NativeMethodAccessorImpl.java:62)
	at sun.reflect.DelegatingMethodAccessorImpl.invoke(DelegatingMethodAccessorImpl.java:43)
	at java.lang.reflect.Method.invoke(Method.java:498)
	at org.testng.internal.MethodInvocationHelper.invokeMethod(MethodInvocationHelper.java:85)
	at org.testng.internal.Invoker.invokeMethod(Invoker.java:659)
	at org.testng.internal.Invoker.invokeTestMethod(Invoker.java:845)
	at org.testng.internal.Invoker.invokeTestMethods(Invoker.java:1153)
	at org.testng.internal.TestMethodWorker.invokeTestMethods(TestMethodWorker.java:125)
	at org.testng.internal.TestMethodWorker.run(TestMethodWorker.java:108)
	at org.testng.TestRunner.privateRun(TestRunner.java:771)
	at org.testng.TestRunner.run(TestRunner.java:621)
	at org.testng.SuiteRunner.runTest(SuiteRunner.java:357)
	at org.testng.SuiteRunner.runSequentially(SuiteRunner.java:352)
	at org.testng.SuiteRunner.privateRun(SuiteRunner.java:310)
	at org.testng.SuiteRunner.run(SuiteRunner.java:259)
	at org.testng.SuiteRunnerWorker.runSuite(SuiteRunnerWorker.java:52)
	at org.testng.SuiteRunnerWorker.run(SuiteRunnerWorker.java:86)
	at org.testng.TestNG.runSuitesSequentially(TestNG.java:1199)
	at org.testng.TestNG.runSuitesLocally(TestNG.java:1124)
	at org.testng.TestNG.run(TestNG.java:1032)
	at org.apache.maven.surefire.testng.TestNGExecutor.run(TestNGExecutor.java:73)
	at org.apache.maven.surefire.testng.TestNGXmlTestSuite.execute(TestNGXmlTestSuite.java:94)
	at org.apache.maven.surefire.Surefire.run(Surefire.java:169)
	at sun.reflect.NativeMethodAccessorImpl.invoke0(Native Method)
	at sun.reflect.NativeMethodAccessorImpl.invoke(NativeMethodAccessorImpl.java:62)
	at sun.reflect.DelegatingMethodAccessorImpl.invoke(DelegatingMethodAccessorImpl.java:43)
	at java.lang.reflect.Method.invoke(Method.java:498)
	at org.apache.maven.surefire.booter.SurefireBooter.runSuitesInProcess(SurefireBooter.java:350)
	at org.apache.maven.surefire.booter.SurefireBooter.main(SurefireBooter.java:1021)
]]>
            </full-stacktrace>
          </exception> <!-- java.lang.AssertionError -->
          <reporter-output>
          </reporter-output>
        </test-method> <!-- C333204_Verify_cust_param_rmid -->
        <test-method status="PASS" signature="C333219_Verify_cust_param_ver()[pri:0, instance:twc.Regression.TestCases.regressionTestCases@1e120628]" name="C333219_Verify_cust_param_ver" duration-ms="4949" started-at="2020-05-26T22:57:10Z" finished-at="2020-05-26T22:57:15Z">
          <reporter-output>
          </reporter-output>
        </test-method> <!-- C333219_Verify_cust_param_ver -->
        <test-method status="PASS" signature="C658711_Verify_cust_param_lang()[pri:0, instance:twc.Regression.TestCases.regressionTestCases@1e120628]" name="C658711_Verify_cust_param_lang" duration-ms="4774" started-at="2020-05-26T22:57:15Z" finished-at="2020-05-26T22:57:20Z">
          <reporter-output>
          </reporter-output>
        </test-method> <!-- C658711_Verify_cust_param_lang -->
        <test-method status="PASS" signature="C658712_Verify_cust_param_plat()[pri:0, instance:twc.Regression.TestCases.regressionTestCases@1e120628]" name="C658712_Verify_cust_param_plat" duration-ms="4848" started-at="2020-05-26T22:57:20Z" finished-at="2020-05-26T22:57:24Z">
          <reporter-output>
          </reporter-output>
        </test-method> <!-- C658712_Verify_cust_param_plat -->
        <test-method status="PASS" signature="C333218_Verify_cust_param_pos()[pri:0, instance:twc.Regression.TestCases.regressionTestCases@1e120628]" name="C333218_Verify_cust_param_pos" duration-ms="4758" started-at="2020-05-26T22:57:24Z" finished-at="2020-05-26T22:57:29Z">
          <reporter-output>
          </reporter-output>
        </test-method> <!-- C333218_Verify_cust_param_pos -->
        <test-method status="PASS" signature="C333205_Verify_cust_param_tile()[pri:0, instance:twc.Regression.TestCases.regressionTestCases@1e120628]" name="C333205_Verify_cust_param_tile" duration-ms="5026" started-at="2020-05-26T22:57:29Z" finished-at="2020-05-26T22:57:34Z">
          <reporter-output>
          </reporter-output>
        </test-method> <!-- C333205_Verify_cust_param_tile -->
        <test-method status="PASS" signature="C333212_Verify_cust_param_ct()[pri:0, instance:twc.Regression.TestCases.regressionTestCases@1e120628]" name="C333212_Verify_cust_param_ct" duration-ms="5494" started-at="2020-05-26T22:57:34Z" finished-at="2020-05-26T22:57:40Z">
          <reporter-output>
          </reporter-output>
        </test-method> <!-- C333212_Verify_cust_param_ct -->
        <test-method status="PASS" signature="C333203_Verify_cust_param_dma()[pri:0, instance:twc.Regression.TestCases.regressionTestCases@1e120628]" name="C333203_Verify_cust_param_dma" duration-ms="5530" started-at="2020-05-26T22:57:40Z" finished-at="2020-05-26T22:57:45Z">
          <reporter-output>
          </reporter-output>
        </test-method> <!-- C333203_Verify_cust_param_dma -->
        <test-method status="FAIL" signature="C628160_Verify_Parameter_DyNght()[pri:0, instance:twc.Regression.TestCases.regressionTestCases@1e120628]" name="C628160_Verify_Parameter_DyNght" duration-ms="1003" started-at="2020-05-26T22:57:45Z" finished-at="2020-05-26T22:57:46Z">
          <exception class="java.lang.NullPointerException">
            <full-stacktrace>
              <![CDATA[java.lang.NullPointerException
	at twc.Regression.CustomParamValidation.validate_CustomParameter.validate_Custom_Parameter(validate_CustomParameter.java:27)
	at twc.Regression.CustomParamValidation.CustomParamFunctions.validate_results(CustomParamFunctions.java:73)
	at twc.Regression.TestCases.Custom_Parameters_Verification.parameters_Verification(Custom_Parameters_Verification.java:609)
	at twc.Regression.TestCases.regressionTestCases.C628160_Verify_Parameter_DyNght(regressionTestCases.java:203)
	at sun.reflect.NativeMethodAccessorImpl.invoke0(Native Method)
	at sun.reflect.NativeMethodAccessorImpl.invoke(NativeMethodAccessorImpl.java:62)
	at sun.reflect.DelegatingMethodAccessorImpl.invoke(DelegatingMethodAccessorImpl.java:43)
	at java.lang.reflect.Method.invoke(Method.java:498)
	at org.testng.internal.MethodInvocationHelper.invokeMethod(MethodInvocationHelper.java:85)
	at org.testng.internal.Invoker.invokeMethod(Invoker.java:659)
	at org.testng.internal.Invoker.invokeTestMethod(Invoker.java:845)
	at org.testng.internal.Invoker.invokeTestMethods(Invoker.java:1153)
	at org.testng.internal.TestMethodWorker.invokeTestMethods(TestMethodWorker.java:125)
	at org.testng.internal.TestMethodWorker.run(TestMethodWorker.java:108)
	at org.testng.TestRunner.privateRun(TestRunner.java:771)
	at org.testng.TestRunner.run(TestRunner.java:621)
	at org.testng.SuiteRunner.runTest(SuiteRunner.java:357)
	at org.testng.SuiteRunner.runSequentially(SuiteRunner.java:352)
	at org.testng.SuiteRunner.privateRun(SuiteRunner.java:310)
	at org.testng.SuiteRunner.run(SuiteRunner.java:259)
	at org.testng.SuiteRunnerWorker.runSuite(SuiteRunnerWorker.java:52)
	at org.testng.SuiteRunnerWorker.run(SuiteRunnerWorker.java:86)
	at org.testng.TestNG.runSuitesSequentially(TestNG.java:1199)
	at org.testng.TestNG.runSuitesLocally(TestNG.java:1124)
	at org.testng.TestNG.run(TestNG.java:1032)
	at org.apache.maven.surefire.testng.TestNGExecutor.run(TestNGExecutor.java:73)
	at org.apache.maven.surefire.testng.TestNGXmlTestSuite.execute(TestNGXmlTestSuite.java:94)
	at org.apache.maven.surefire.Surefire.run(Surefire.java:169)
	at sun.reflect.NativeMethodAccessorImpl.invoke0(Native Method)
	at sun.reflect.NativeMethodAccessorImpl.invoke(NativeMethodAccessorImpl.java:62)
	at sun.reflect.DelegatingMethodAccessorImpl.invoke(DelegatingMethodAccessorImpl.java:43)
	at java.lang.reflect.Method.invoke(Method.java:498)
	at org.apache.maven.surefire.booter.SurefireBooter.runSuitesInProcess(SurefireBooter.java:350)
	at org.apache.maven.surefire.booter.SurefireBooter.main(SurefireBooter.java:1021)
]]>
            </full-stacktrace>
          </exception> <!-- java.lang.NullPointerException -->
          <reporter-output>
          </reporter-output>
        </test-method> <!-- C628160_Verify_Parameter_DyNght -->
        <test-method status="PASS" signature="C333209_Verify_cust_param_cc()[pri:0, instance:twc.Regression.TestCases.regressionTestCases@1e120628]" name="C333209_Verify_cust_param_cc" duration-ms="5690" started-at="2020-05-26T22:57:46Z" finished-at="2020-05-26T22:57:52Z">
          <reporter-output>
          </reporter-output>
        </test-method> <!-- C333209_Verify_cust_param_cc -->
        <test-method status="FAIL" signature="C333232_Verify_cust_param_fhic()[pri:0, instance:twc.Regression.TestCases.regressionTestCases@1e120628]" name="C333232_Verify_cust_param_fhic" duration-ms="7810" started-at="2020-05-26T22:57:52Z" finished-at="2020-05-26T22:58:00Z">
          <exception class="java.lang.AssertionError">
            <message>
              <![CDATA[fhic Value not matched]]>
            </message>
            <full-stacktrace>
              <![CDATA[java.lang.AssertionError: fhic Value not matched
	at org.testng.Assert.fail(Assert.java:94)
	at twc.Regression.TestCases.Custom_Parameters_Verification.parameters_Verification(Custom_Parameters_Verification.java:631)
	at twc.Regression.TestCases.regressionTestCases.C333232_Verify_cust_param_fhic(regressionTestCases.java:220)
	at sun.reflect.NativeMethodAccessorImpl.invoke0(Native Method)
	at sun.reflect.NativeMethodAccessorImpl.invoke(NativeMethodAccessorImpl.java:62)
	at sun.reflect.DelegatingMethodAccessorImpl.invoke(DelegatingMethodAccessorImpl.java:43)
	at java.lang.reflect.Method.invoke(Method.java:498)
	at org.testng.internal.MethodInvocationHelper.invokeMethod(MethodInvocationHelper.java:85)
	at org.testng.internal.Invoker.invokeMethod(Invoker.java:659)
	at org.testng.internal.Invoker.invokeTestMethod(Invoker.java:845)
	at org.testng.internal.Invoker.invokeTestMethods(Invoker.java:1153)
	at org.testng.internal.TestMethodWorker.invokeTestMethods(TestMethodWorker.java:125)
	at org.testng.internal.TestMethodWorker.run(TestMethodWorker.java:108)
	at org.testng.TestRunner.privateRun(TestRunner.java:771)
	at org.testng.TestRunner.run(TestRunner.java:621)
	at org.testng.SuiteRunner.runTest(SuiteRunner.java:357)
	at org.testng.SuiteRunner.runSequentially(SuiteRunner.java:352)
	at org.testng.SuiteRunner.privateRun(SuiteRunner.java:310)
	at org.testng.SuiteRunner.run(SuiteRunner.java:259)
	at org.testng.SuiteRunnerWorker.runSuite(SuiteRunnerWorker.java:52)
	at org.testng.SuiteRunnerWorker.run(SuiteRunnerWorker.java:86)
	at org.testng.TestNG.runSuitesSequentially(TestNG.java:1199)
	at org.testng.TestNG.runSuitesLocally(TestNG.java:1124)
	at org.testng.TestNG.run(TestNG.java:1032)
	at org.apache.maven.surefire.testng.TestNGExecutor.run(TestNGExecutor.java:73)
	at org.apache.maven.surefire.testng.TestNGXmlTestSuite.execute(TestNGXmlTestSuite.java:94)
	at org.apache.maven.surefire.Surefire.run(Surefire.java:169)
	at sun.reflect.NativeMethodAccessorImpl.invoke0(Native Method)
	at sun.reflect.NativeMethodAccessorImpl.invoke(NativeMethodAccessorImpl.java:62)
	at sun.reflect.DelegatingMethodAccessorImpl.invoke(DelegatingMethodAccessorImpl.java:43)
	at java.lang.reflect.Method.invoke(Method.java:498)
	at org.apache.maven.surefire.booter.SurefireBooter.runSuitesInProcess(SurefireBooter.java:350)
	at org.apache.maven.surefire.booter.SurefireBooter.main(SurefireBooter.java:1021)
]]>
            </full-stacktrace>
          </exception> <!-- java.lang.AssertionError -->
          <reporter-output>
          </reporter-output>
        </test-method> <!-- C333232_Verify_cust_param_fhic -->
        <test-method status="FAIL" signature="C333238_Verify_cust_param_floc()[pri:0, instance:twc.Regression.TestCases.regressionTestCases@1e120628]" name="C333238_Verify_cust_param_floc" duration-ms="8146" started-at="2020-05-26T22:58:00Z" finished-at="2020-05-26T22:58:08Z">
          <exception class="java.lang.AssertionError">
            <message>
              <![CDATA[floc Value not matched]]>
            </message>
            <full-stacktrace>
              <![CDATA[java.lang.AssertionError: floc Value not matched
	at org.testng.Assert.fail(Assert.java:94)
	at twc.Regression.TestCases.Custom_Parameters_Verification.parameters_Verification(Custom_Parameters_Verification.java:641)
	at twc.Regression.TestCases.regressionTestCases.C333238_Verify_cust_param_floc(regressionTestCases.java:227)
	at sun.reflect.NativeMethodAccessorImpl.invoke0(Native Method)
	at sun.reflect.NativeMethodAccessorImpl.invoke(NativeMethodAccessorImpl.java:62)
	at sun.reflect.DelegatingMethodAccessorImpl.invoke(DelegatingMethodAccessorImpl.java:43)
	at java.lang.reflect.Method.invoke(Method.java:498)
	at org.testng.internal.MethodInvocationHelper.invokeMethod(MethodInvocationHelper.java:85)
	at org.testng.internal.Invoker.invokeMethod(Invoker.java:659)
	at org.testng.internal.Invoker.invokeTestMethod(Invoker.java:845)
	at org.testng.internal.Invoker.invokeTestMethods(Invoker.java:1153)
	at org.testng.internal.TestMethodWorker.invokeTestMethods(TestMethodWorker.java:125)
	at org.testng.internal.TestMethodWorker.run(TestMethodWorker.java:108)
	at org.testng.TestRunner.privateRun(TestRunner.java:771)
	at org.testng.TestRunner.run(TestRunner.java:621)
	at org.testng.SuiteRunner.runTest(SuiteRunner.java:357)
	at org.testng.SuiteRunner.runSequentially(SuiteRunner.java:352)
	at org.testng.SuiteRunner.privateRun(SuiteRunner.java:310)
	at org.testng.SuiteRunner.run(SuiteRunner.java:259)
	at org.testng.SuiteRunnerWorker.runSuite(SuiteRunnerWorker.java:52)
	at org.testng.SuiteRunnerWorker.run(SuiteRunnerWorker.java:86)
	at org.testng.TestNG.runSuitesSequentially(TestNG.java:1199)
	at org.testng.TestNG.runSuitesLocally(TestNG.java:1124)
	at org.testng.TestNG.run(TestNG.java:1032)
	at org.apache.maven.surefire.testng.TestNGExecutor.run(TestNGExecutor.java:73)
	at org.apache.maven.surefire.testng.TestNGXmlTestSuite.execute(TestNGXmlTestSuite.java:94)
	at org.apache.maven.surefire.Surefire.run(Surefire.java:169)
	at sun.reflect.NativeMethodAccessorImpl.invoke0(Native Method)
	at sun.reflect.NativeMethodAccessorImpl.invoke(NativeMethodAccessorImpl.java:62)
	at sun.reflect.DelegatingMethodAccessorImpl.invoke(DelegatingMethodAccessorImpl.java:43)
	at java.lang.reflect.Method.invoke(Method.java:498)
	at org.apache.maven.surefire.booter.SurefireBooter.runSuitesInProcess(SurefireBooter.java:350)
	at org.apache.maven.surefire.booter.SurefireBooter.main(SurefireBooter.java:1021)
]]>
            </full-stacktrace>
          </exception> <!-- java.lang.AssertionError -->
          <reporter-output>
          </reporter-output>
        </test-method> <!-- C333238_Verify_cust_param_floc -->
        <test-method status="FAIL" signature="C333208_Verify_cust_param_tmp()[pri:0, instance:twc.Regression.TestCases.regressionTestCases@1e120628]" name="C333208_Verify_cust_param_tmp" duration-ms="8231" started-at="2020-05-26T22:58:08Z" finished-at="2020-05-26T22:58:16Z">
          <exception class="java.lang.AssertionError">
            <message>
              <![CDATA[tmp Value not matched]]>
            </message>
            <full-stacktrace>
              <![CDATA[java.lang.AssertionError: tmp Value not matched
	at org.testng.Assert.fail(Assert.java:94)
	at twc.Regression.TestCases.Custom_Parameters_Verification.parameters_Verification(Custom_Parameters_Verification.java:169)
	at twc.Regression.TestCases.regressionTestCases.C333208_Verify_cust_param_tmp(regressionTestCases.java:235)
	at sun.reflect.NativeMethodAccessorImpl.invoke0(Native Method)
	at sun.reflect.NativeMethodAccessorImpl.invoke(NativeMethodAccessorImpl.java:62)
	at sun.reflect.DelegatingMethodAccessorImpl.invoke(DelegatingMethodAccessorImpl.java:43)
	at java.lang.reflect.Method.invoke(Method.java:498)
	at org.testng.internal.MethodInvocationHelper.invokeMethod(MethodInvocationHelper.java:85)
	at org.testng.internal.Invoker.invokeMethod(Invoker.java:659)
	at org.testng.internal.Invoker.invokeTestMethod(Invoker.java:845)
	at org.testng.internal.Invoker.invokeTestMethods(Invoker.java:1153)
	at org.testng.internal.TestMethodWorker.invokeTestMethods(TestMethodWorker.java:125)
	at org.testng.internal.TestMethodWorker.run(TestMethodWorker.java:108)
	at org.testng.TestRunner.privateRun(TestRunner.java:771)
	at org.testng.TestRunner.run(TestRunner.java:621)
	at org.testng.SuiteRunner.runTest(SuiteRunner.java:357)
	at org.testng.SuiteRunner.runSequentially(SuiteRunner.java:352)
	at org.testng.SuiteRunner.privateRun(SuiteRunner.java:310)
	at org.testng.SuiteRunner.run(SuiteRunner.java:259)
	at org.testng.SuiteRunnerWorker.runSuite(SuiteRunnerWorker.java:52)
	at org.testng.SuiteRunnerWorker.run(SuiteRunnerWorker.java:86)
	at org.testng.TestNG.runSuitesSequentially(TestNG.java:1199)
	at org.testng.TestNG.runSuitesLocally(TestNG.java:1124)
	at org.testng.TestNG.run(TestNG.java:1032)
	at org.apache.maven.surefire.testng.TestNGExecutor.run(TestNGExecutor.java:73)
	at org.apache.maven.surefire.testng.TestNGXmlTestSuite.execute(TestNGXmlTestSuite.java:94)
	at org.apache.maven.surefire.Surefire.run(Surefire.java:169)
	at sun.reflect.NativeMethodAccessorImpl.invoke0(Native Method)
	at sun.reflect.NativeMethodAccessorImpl.invoke(NativeMethodAccessorImpl.java:62)
	at sun.reflect.DelegatingMethodAccessorImpl.invoke(DelegatingMethodAccessorImpl.java:43)
	at java.lang.reflect.Method.invoke(Method.java:498)
	at org.apache.maven.surefire.booter.SurefireBooter.runSuitesInProcess(SurefireBooter.java:350)
	at org.apache.maven.surefire.booter.SurefireBooter.main(SurefireBooter.java:1021)
]]>
            </full-stacktrace>
          </exception> <!-- java.lang.AssertionError -->
          <reporter-output>
          </reporter-output>
        </test-method> <!-- C333208_Verify_cust_param_tmp -->
        <test-method status="FAIL" signature="C333217_Verify_cust_param_tmpr()[pri:0, instance:twc.Regression.TestCases.regressionTestCases@1e120628]" name="C333217_Verify_cust_param_tmpr" duration-ms="9292" started-at="2020-05-26T22:58:16Z" finished-at="2020-05-26T22:58:25Z">
          <exception class="java.lang.AssertionError">
            <message>
              <![CDATA[tmpr Value not matched]]>
            </message>
            <full-stacktrace>
              <![CDATA[java.lang.AssertionError: tmpr Value not matched
	at org.testng.Assert.fail(Assert.java:94)
	at twc.Regression.TestCases.Custom_Parameters_Verification.parameters_Verification(Custom_Parameters_Verification.java:178)
	at twc.Regression.TestCases.regressionTestCases.C333217_Verify_cust_param_tmpr(regressionTestCases.java:242)
	at sun.reflect.NativeMethodAccessorImpl.invoke0(Native Method)
	at sun.reflect.NativeMethodAccessorImpl.invoke(NativeMethodAccessorImpl.java:62)
	at sun.reflect.DelegatingMethodAccessorImpl.invoke(DelegatingMethodAccessorImpl.java:43)
	at java.lang.reflect.Method.invoke(Method.java:498)
	at org.testng.internal.MethodInvocationHelper.invokeMethod(MethodInvocationHelper.java:85)
	at org.testng.internal.Invoker.invokeMethod(Invoker.java:659)
	at org.testng.internal.Invoker.invokeTestMethod(Invoker.java:845)
	at org.testng.internal.Invoker.invokeTestMethods(Invoker.java:1153)
	at org.testng.internal.TestMethodWorker.invokeTestMethods(TestMethodWorker.java:125)
	at org.testng.internal.TestMethodWorker.run(TestMethodWorker.java:108)
	at org.testng.TestRunner.privateRun(TestRunner.java:771)
	at org.testng.TestRunner.run(TestRunner.java:621)
	at org.testng.SuiteRunner.runTest(SuiteRunner.java:357)
	at org.testng.SuiteRunner.runSequentially(SuiteRunner.java:352)
	at org.testng.SuiteRunner.privateRun(SuiteRunner.java:310)
	at org.testng.SuiteRunner.run(SuiteRunner.java:259)
	at org.testng.SuiteRunnerWorker.runSuite(SuiteRunnerWorker.java:52)
	at org.testng.SuiteRunnerWorker.run(SuiteRunnerWorker.java:86)
	at org.testng.TestNG.runSuitesSequentially(TestNG.java:1199)
	at org.testng.TestNG.runSuitesLocally(TestNG.java:1124)
	at org.testng.TestNG.run(TestNG.java:1032)
	at org.apache.maven.surefire.testng.TestNGExecutor.run(TestNGExecutor.java:73)
	at org.apache.maven.surefire.testng.TestNGXmlTestSuite.execute(TestNGXmlTestSuite.java:94)
	at org.apache.maven.surefire.Surefire.run(Surefire.java:169)
	at sun.reflect.NativeMethodAccessorImpl.invoke0(Native Method)
	at sun.reflect.NativeMethodAccessorImpl.invoke(NativeMethodAccessorImpl.java:62)
	at sun.reflect.DelegatingMethodAccessorImpl.invoke(DelegatingMethodAccessorImpl.java:43)
	at java.lang.reflect.Method.invoke(Method.java:498)
	at org.apache.maven.surefire.booter.SurefireBooter.runSuitesInProcess(SurefireBooter.java:350)
	at org.apache.maven.surefire.booter.SurefireBooter.main(SurefireBooter.java:1021)
]]>
            </full-stacktrace>
          </exception> <!-- java.lang.AssertionError -->
          <reporter-output>
          </reporter-output>
        </test-method> <!-- C333217_Verify_cust_param_tmpr -->
        <test-method status="FAIL" signature="C333239_Verify_cust_param_tmpc()[pri:0, instance:twc.Regression.TestCases.regressionTestCases@1e120628]" name="C333239_Verify_cust_param_tmpc" duration-ms="8779" started-at="2020-05-26T22:58:25Z" finished-at="2020-05-26T22:58:34Z">
          <exception class="java.lang.AssertionError">
            <message>
              <![CDATA[tmpc Value not matched]]>
            </message>
            <full-stacktrace>
              <![CDATA[java.lang.AssertionError: tmpc Value not matched
	at org.testng.Assert.fail(Assert.java:94)
	at twc.Regression.TestCases.Custom_Parameters_Verification.parameters_Verification(Custom_Parameters_Verification.java:247)
	at twc.Regression.TestCases.regressionTestCases.C333239_Verify_cust_param_tmpc(regressionTestCases.java:251)
	at sun.reflect.NativeMethodAccessorImpl.invoke0(Native Method)
	at sun.reflect.NativeMethodAccessorImpl.invoke(NativeMethodAccessorImpl.java:62)
	at sun.reflect.DelegatingMethodAccessorImpl.invoke(DelegatingMethodAccessorImpl.java:43)
	at java.lang.reflect.Method.invoke(Method.java:498)
	at org.testng.internal.MethodInvocationHelper.invokeMethod(MethodInvocationHelper.java:85)
	at org.testng.internal.Invoker.invokeMethod(Invoker.java:659)
	at org.testng.internal.Invoker.invokeTestMethod(Invoker.java:845)
	at org.testng.internal.Invoker.invokeTestMethods(Invoker.java:1153)
	at org.testng.internal.TestMethodWorker.invokeTestMethods(TestMethodWorker.java:125)
	at org.testng.internal.TestMethodWorker.run(TestMethodWorker.java:108)
	at org.testng.TestRunner.privateRun(TestRunner.java:771)
	at org.testng.TestRunner.run(TestRunner.java:621)
	at org.testng.SuiteRunner.runTest(SuiteRunner.java:357)
	at org.testng.SuiteRunner.runSequentially(SuiteRunner.java:352)
	at org.testng.SuiteRunner.privateRun(SuiteRunner.java:310)
	at org.testng.SuiteRunner.run(SuiteRunner.java:259)
	at org.testng.SuiteRunnerWorker.runSuite(SuiteRunnerWorker.java:52)
	at org.testng.SuiteRunnerWorker.run(SuiteRunnerWorker.java:86)
	at org.testng.TestNG.runSuitesSequentially(TestNG.java:1199)
	at org.testng.TestNG.runSuitesLocally(TestNG.java:1124)
	at org.testng.TestNG.run(TestNG.java:1032)
	at org.apache.maven.surefire.testng.TestNGExecutor.run(TestNGExecutor.java:73)
	at org.apache.maven.surefire.testng.TestNGXmlTestSuite.execute(TestNGXmlTestSuite.java:94)
	at org.apache.maven.surefire.Surefire.run(Surefire.java:169)
	at sun.reflect.NativeMethodAccessorImpl.invoke0(Native Method)
	at sun.reflect.NativeMethodAccessorImpl.invoke(NativeMethodAccessorImpl.java:62)
	at sun.reflect.DelegatingMethodAccessorImpl.invoke(DelegatingMethodAccessorImpl.java:43)
	at java.lang.reflect.Method.invoke(Method.java:498)
	at org.apache.maven.surefire.booter.SurefireBooter.runSuitesInProcess(SurefireBooter.java:350)
	at org.apache.maven.surefire.booter.SurefireBooter.main(SurefireBooter.java:1021)
]]>
            </full-stacktrace>
          </exception> <!-- java.lang.AssertionError -->
          <reporter-output>
          </reporter-output>
        </test-method> <!-- C333239_Verify_cust_param_tmpc -->
        <test-method status="PASS" signature="C333202_Verify_cust_param_zip()[pri:0, instance:twc.Regression.TestCases.regressionTestCases@1e120628]" name="C333202_Verify_cust_param_zip" duration-ms="6509" started-at="2020-05-26T22:58:34Z" finished-at="2020-05-26T22:58:41Z">
          <reporter-output>
          </reporter-output>
        </test-method> <!-- C333202_Verify_cust_param_zip -->
        <test-method status="PASS" signature="C333228_Verify_cust_param_wfxtg()[pri:0, instance:twc.Regression.TestCases.regressionTestCases@1e120628]" name="C333228_Verify_cust_param_wfxtg" duration-ms="5672" started-at="2020-05-26T22:58:41Z" finished-at="2020-05-26T22:58:46Z">
          <reporter-output>
          </reporter-output>
        </test-method> <!-- C333228_Verify_cust_param_wfxtg -->
        <test-method status="FAIL" signature="C333214_Verify_cust_param_hlzip()[pri:0, instance:twc.Regression.TestCases.regressionTestCases@1e120628]" name="C333214_Verify_cust_param_hlzip" duration-ms="5753" started-at="2020-05-26T22:58:46Z" finished-at="2020-05-26T22:58:52Z">
          <exception class="java.lang.AssertionError">
            <message>
              <![CDATA[hlzip Value not matched]]>
            </message>
            <full-stacktrace>
              <![CDATA[java.lang.AssertionError: hlzip Value not matched
	at org.testng.Assert.fail(Assert.java:94)
	at twc.Regression.TestCases.Custom_Parameters_Verification.parameters_Verification(Custom_Parameters_Verification.java:393)
	at twc.Regression.TestCases.regressionTestCases.C333214_Verify_cust_param_hlzip(regressionTestCases.java:286)
	at sun.reflect.NativeMethodAccessorImpl.invoke0(Native Method)
	at sun.reflect.NativeMethodAccessorImpl.invoke(NativeMethodAccessorImpl.java:62)
	at sun.reflect.DelegatingMethodAccessorImpl.invoke(DelegatingMethodAccessorImpl.java:43)
	at java.lang.reflect.Method.invoke(Method.java:498)
	at org.testng.internal.MethodInvocationHelper.invokeMethod(MethodInvocationHelper.java:85)
	at org.testng.internal.Invoker.invokeMethod(Invoker.java:659)
	at org.testng.internal.Invoker.invokeTestMethod(Invoker.java:845)
	at org.testng.internal.Invoker.invokeTestMethods(Invoker.java:1153)
	at org.testng.internal.TestMethodWorker.invokeTestMethods(TestMethodWorker.java:125)
	at org.testng.internal.TestMethodWorker.run(TestMethodWorker.java:108)
	at org.testng.TestRunner.privateRun(TestRunner.java:771)
	at org.testng.TestRunner.run(TestRunner.java:621)
	at org.testng.SuiteRunner.runTest(SuiteRunner.java:357)
	at org.testng.SuiteRunner.runSequentially(SuiteRunner.java:352)
	at org.testng.SuiteRunner.privateRun(SuiteRunner.java:310)
	at org.testng.SuiteRunner.run(SuiteRunner.java:259)
	at org.testng.SuiteRunnerWorker.runSuite(SuiteRunnerWorker.java:52)
	at org.testng.SuiteRunnerWorker.run(SuiteRunnerWorker.java:86)
	at org.testng.TestNG.runSuitesSequentially(TestNG.java:1199)
	at org.testng.TestNG.runSuitesLocally(TestNG.java:1124)
	at org.testng.TestNG.run(TestNG.java:1032)
	at org.apache.maven.surefire.testng.TestNGExecutor.run(TestNGExecutor.java:73)
	at org.apache.maven.surefire.testng.TestNGXmlTestSuite.execute(TestNGXmlTestSuite.java:94)
	at org.apache.maven.surefire.Surefire.run(Surefire.java:169)
	at sun.reflect.NativeMethodAccessorImpl.invoke0(Native Method)
	at sun.reflect.NativeMethodAccessorImpl.invoke(NativeMethodAccessorImpl.java:62)
	at sun.reflect.DelegatingMethodAccessorImpl.invoke(DelegatingMethodAccessorImpl.java:43)
	at java.lang.reflect.Method.invoke(Method.java:498)
	at org.apache.maven.surefire.booter.SurefireBooter.runSuitesInProcess(SurefireBooter.java:350)
	at org.apache.maven.surefire.booter.SurefireBooter.main(SurefireBooter.java:1021)
]]>
            </full-stacktrace>
          </exception> <!-- java.lang.AssertionError -->
          <reporter-output>
          </reporter-output>
        </test-method> <!-- C333214_Verify_cust_param_hlzip -->
        <test-method status="FAIL" signature="C333211_Verify_cust_param_locale()[pri:0, instance:twc.Regression.TestCases.regressionTestCases@1e120628]" name="C333211_Verify_cust_param_locale" duration-ms="681" started-at="2020-05-26T22:58:52Z" finished-at="2020-05-26T22:58:53Z">
          <exception class="org.json.simple.parser.ParseException">
            <full-stacktrace>
              <![CDATA[Unexpected token RIGHT SQUARE(]) at position 11065.
	at org.json.simple.parser.JSONParser.parse(Unknown Source)
	at org.json.simple.parser.JSONParser.parse(Unknown Source)
	at org.json.simple.parser.JSONParser.parse(Unknown Source)
	at twc.Regression.CustomParamValidation.CustomParamFunctions.get_dsxcms_call_value(CustomParamFunctions.java:945)
	at twc.Regression.CustomParamValidation.CustomParamFunctions.validate_dsxcms_results(CustomParamFunctions.java:296)
	at twc.Regression.TestCases.Custom_Parameters_Verification.parameters_Verification(Custom_Parameters_Verification.java:380)
	at twc.Regression.TestCases.regressionTestCases.C333211_Verify_cust_param_locale(regressionTestCases.java:350)
	at sun.reflect.NativeMethodAccessorImpl.invoke0(Native Method)
	at sun.reflect.NativeMethodAccessorImpl.invoke(NativeMethodAccessorImpl.java:62)
	at sun.reflect.DelegatingMethodAccessorImpl.invoke(DelegatingMethodAccessorImpl.java:43)
	at java.lang.reflect.Method.invoke(Method.java:498)
	at org.testng.internal.MethodInvocationHelper.invokeMethod(MethodInvocationHelper.java:85)
	at org.testng.internal.Invoker.invokeMethod(Invoker.java:659)
	at org.testng.internal.Invoker.invokeTestMethod(Invoker.java:845)
	at org.testng.internal.Invoker.invokeTestMethods(Invoker.java:1153)
	at org.testng.internal.TestMethodWorker.invokeTestMethods(TestMethodWorker.java:125)
	at org.testng.internal.TestMethodWorker.run(TestMethodWorker.java:108)
	at org.testng.TestRunner.privateRun(TestRunner.java:771)
	at org.testng.TestRunner.run(TestRunner.java:621)
	at org.testng.SuiteRunner.runTest(SuiteRunner.java:357)
	at org.testng.SuiteRunner.runSequentially(SuiteRunner.java:352)
	at org.testng.SuiteRunner.privateRun(SuiteRunner.java:310)
	at org.testng.SuiteRunner.run(SuiteRunner.java:259)
	at org.testng.SuiteRunnerWorker.runSuite(SuiteRunnerWorker.java:52)
	at org.testng.SuiteRunnerWorker.run(SuiteRunnerWorker.java:86)
	at org.testng.TestNG.runSuitesSequentially(TestNG.java:1199)
	at org.testng.TestNG.runSuitesLocally(TestNG.java:1124)
	at org.testng.TestNG.run(TestNG.java:1032)
	at org.apache.maven.surefire.testng.TestNGExecutor.run(TestNGExecutor.java:73)
	at org.apache.maven.surefire.testng.TestNGXmlTestSuite.execute(TestNGXmlTestSuite.java:94)
	at org.apache.maven.surefire.Surefire.run(Surefire.java:169)
	at sun.reflect.NativeMethodAccessorImpl.invoke0(Native Method)
	at sun.reflect.NativeMethodAccessorImpl.invoke(NativeMethodAccessorImpl.java:62)
	at sun.reflect.DelegatingMethodAccessorImpl.invoke(DelegatingMethodAccessorImpl.java:43)
	at java.lang.reflect.Method.invoke(Method.java:498)
	at org.apache.maven.surefire.booter.SurefireBooter.runSuitesInProcess(SurefireBooter.java:350)
	at org.apache.maven.surefire.booter.SurefireBooter.main(SurefireBooter.java:1021)
]]>
            </full-stacktrace>
          </exception> <!-- org.json.simple.parser.ParseException -->
          <reporter-output>
          </reporter-output>
        </test-method> <!-- C333211_Verify_cust_param_locale -->
        <test-method status="FAIL" signature="C333223_Verify_cust_param_sev()[pri:0, instance:twc.Regression.TestCases.regressionTestCases@1e120628]" name="C333223_Verify_cust_param_sev" duration-ms="613" started-at="2020-05-26T22:58:53Z" finished-at="2020-05-26T22:58:53Z">
          <exception class="java.lang.NullPointerException">
            <full-stacktrace>
              <![CDATA[java.lang.NullPointerException
	at twc.Regression.CustomParamValidation.CustomParamFunctions.validate_results(CustomParamFunctions.java:46)
	at twc.Regression.TestCases.Custom_Parameters_Verification.parameters_Verification(Custom_Parameters_Verification.java:646)
	at twc.Regression.TestCases.regressionTestCases.C333223_Verify_cust_param_sev(regressionTestCases.java:360)
	at sun.reflect.NativeMethodAccessorImpl.invoke0(Native Method)
	at sun.reflect.NativeMethodAccessorImpl.invoke(NativeMethodAccessorImpl.java:62)
	at sun.reflect.DelegatingMethodAccessorImpl.invoke(DelegatingMethodAccessorImpl.java:43)
	at java.lang.reflect.Method.invoke(Method.java:498)
	at org.testng.internal.MethodInvocationHelper.invokeMethod(MethodInvocationHelper.java:85)
	at org.testng.internal.Invoker.invokeMethod(Invoker.java:659)
	at org.testng.internal.Invoker.invokeTestMethod(Invoker.java:845)
	at org.testng.internal.Invoker.invokeTestMethods(Invoker.java:1153)
	at org.testng.internal.TestMethodWorker.invokeTestMethods(TestMethodWorker.java:125)
	at org.testng.internal.TestMethodWorker.run(TestMethodWorker.java:108)
	at org.testng.TestRunner.privateRun(TestRunner.java:771)
	at org.testng.TestRunner.run(TestRunner.java:621)
	at org.testng.SuiteRunner.runTest(SuiteRunner.java:357)
	at org.testng.SuiteRunner.runSequentially(SuiteRunner.java:352)
	at org.testng.SuiteRunner.privateRun(SuiteRunner.java:310)
	at org.testng.SuiteRunner.run(SuiteRunner.java:259)
	at org.testng.SuiteRunnerWorker.runSuite(SuiteRunnerWorker.java:52)
	at org.testng.SuiteRunnerWorker.run(SuiteRunnerWorker.java:86)
	at org.testng.TestNG.runSuitesSequentially(TestNG.java:1199)
	at org.testng.TestNG.runSuitesLocally(TestNG.java:1124)
	at org.testng.TestNG.run(TestNG.java:1032)
	at org.apache.maven.surefire.testng.TestNGExecutor.run(TestNGExecutor.java:73)
	at org.apache.maven.surefire.testng.TestNGXmlTestSuite.execute(TestNGXmlTestSuite.java:94)
	at org.apache.maven.surefire.Surefire.run(Surefire.java:169)
	at sun.reflect.NativeMethodAccessorImpl.invoke0(Native Method)
	at sun.reflect.NativeMethodAccessorImpl.invoke(NativeMethodAccessorImpl.java:62)
	at sun.reflect.DelegatingMethodAccessorImpl.invoke(DelegatingMethodAccessorImpl.java:43)
	at java.lang.reflect.Method.invoke(Method.java:498)
	at org.apache.maven.surefire.booter.SurefireBooter.runSuitesInProcess(SurefireBooter.java:350)
	at org.apache.maven.surefire.booter.SurefireBooter.main(SurefireBooter.java:1021)
]]>
            </full-stacktrace>
          </exception> <!-- java.lang.NullPointerException -->
          <reporter-output>
          </reporter-output>
        </test-method> <!-- C333223_Verify_cust_param_sev -->
        <test-method status="PASS" signature="After_Test()[pri:0, instance:twc.Regression.TestCases.regressionTestCases@1e120628]" name="After_Test" is-config="true" duration-ms="0" started-at="2020-05-26T22:58:53Z" finished-at="2020-05-26T22:58:53Z">
          <reporter-output>
          </reporter-output>
        </test-method> <!-- After_Test -->
      </class> <!-- twc.Regression.TestCases.regressionTestCases -->
    </test> <!-- Test -->
  </suite> <!-- Suite -->
</testng-results>
