<?xml version="1.0" encoding="UTF-8" ?>
<testsuite tests="32" failures="9" name="TestSuite" time="537.684" errors="0" skipped="0">
  <properties>
    <property name="java.runtime.name" value="Java(TM) SE Runtime Environment"/>
    <property name="sun.boot.library.path" value="/Library/Java/JavaVirtualMachines/jdk1.8.0_181.jdk/Contents/Home/jre/lib"/>
    <property name="java.vm.version" value="25.181-b13"/>
    <property name="user.country.format" value="IN"/>
    <property name="gopherProxySet" value="false"/>
    <property name="java.vm.vendor" value="Oracle Corporation"/>
    <property name="java.vendor.url" value="http://java.oracle.com/"/>
    <property name="path.separator" value=":"/>
    <property name="java.vm.name" value="Java HotSpot(TM) 64-Bit Server VM"/>
    <property name="file.encoding.pkg" value="sun.io"/>
    <property name="user.country" value="GB"/>
    <property name="sun.java.launcher" value="SUN_STANDARD"/>
    <property name="sun.os.patch.level" value="unknown"/>
    <property name="java.vm.specification.name" value="Java Virtual Machine Specification"/>
    <property name="user.dir" value="/Users/aswinikumar/Documents/adsandroid-automation-master/Android_Regression"/>
    <property name="java.runtime.version" value="1.8.0_181-b13"/>
    <property name="java.awt.graphicsenv" value="sun.awt.CGraphicsEnvironment"/>
    <property name="basedir" value="/Users/aswinikumar/Documents/adsandroid-automation-master/Android_Regression"/>
    <property name="java.endorsed.dirs" value="/Library/Java/JavaVirtualMachines/jdk1.8.0_181.jdk/Contents/Home/jre/lib/endorsed"/>
    <property name="os.arch" value="x86_64"/>
    <property name="surefire.real.class.path" value="/var/folders/sq/6ytcx3fj2yd8dmgrjt1_jjm80000gn/T/surefirebooter137074144659712658.jar:/Users/aswinikumar/.m2/repository/org/aspectj/aspectjweaver/1.8.13/aspectjweaver-1.8.13.jar"/>
    <property name="java.io.tmpdir" value="/var/folders/sq/6ytcx3fj2yd8dmgrjt1_jjm80000gn/T/"/>
    <property name="line.separator" value="
"/>
    <property name="java.vm.specification.vendor" value="Oracle Corporation"/>
    <property name="os.name" value="Mac OS X"/>
    <property name="sun.jnu.encoding" value="UTF-8"/>
    <property name="java.library.path" value="/Users/aswinikumar/Library/Java/Extensions:/Library/Java/Extensions:/Network/Library/Java/Extensions:/System/Library/Java/Extensions:/usr/lib/java:."/>
    <property name="surefire.test.class.path" value="/Users/aswinikumar/Documents/adsandroid-automation-master/Android_Regression/target/test-classes:/Users/aswinikumar/Documents/adsandroid-automation-master/Android_Regression/target/classes:/Users/aswinikumar/.m2/repository/junit/junit/3.8.1/junit-3.8.1.jar:/Users/aswinikumar/.m2/repository/org/testng/testng/6.9.4/testng-6.9.4.jar:/Users/aswinikumar/.m2/repository/org/beanshell/bsh/2.0b4/bsh-2.0b4.jar:/Users/aswinikumar/.m2/repository/com/beust/jcommander/1.48/jcommander-1.48.jar:/Users/aswinikumar/.m2/repository/org/seleniumhq/selenium/selenium-java/2.51.0/selenium-java-2.51.0.jar:/Users/aswinikumar/.m2/repository/org/seleniumhq/selenium/selenium-chrome-driver/2.51.0/selenium-chrome-driver-2.51.0.jar:/Users/aswinikumar/.m2/repository/org/seleniumhq/selenium/selenium-edge-driver/2.51.0/selenium-edge-driver-2.51.0.jar:/Users/aswinikumar/.m2/repository/org/seleniumhq/selenium/selenium-htmlunit-driver/2.51.0/selenium-htmlunit-driver-2.51.0.jar:/Users/aswinikumar/.m2/repository/net/sourceforge/htmlunit/htmlunit/2.18/htmlunit-2.18.jar:/Users/aswinikumar/.m2/repository/xalan/xalan/2.7.2/xalan-2.7.2.jar:/Users/aswinikumar/.m2/repository/xalan/serializer/2.7.2/serializer-2.7.2.jar:/Users/aswinikumar/.m2/repository/org/apache/commons/commons-lang3/3.4/commons-lang3-3.4.jar:/Users/aswinikumar/.m2/repository/org/apache/httpcomponents/httpmime/4.5/httpmime-4.5.jar:/Users/aswinikumar/.m2/repository/net/sourceforge/htmlunit/htmlunit-core-js/2.17/htmlunit-core-js-2.17.jar:/Users/aswinikumar/.m2/repository/xerces/xercesImpl/2.11.0/xercesImpl-2.11.0.jar:/Users/aswinikumar/.m2/repository/xml-apis/xml-apis/1.4.01/xml-apis-1.4.01.jar:/Users/aswinikumar/.m2/repository/net/sourceforge/nekohtml/nekohtml/1.9.22/nekohtml-1.9.22.jar:/Users/aswinikumar/.m2/repository/net/sourceforge/cssparser/cssparser/0.9.16/cssparser-0.9.16.jar:/Users/aswinikumar/.m2/repository/org/w3c/css/sac/1.3/sac-1.3.jar:/Users/aswinikumar/.m2/repository/org/eclipse/jetty/websocket/websocket-client/9.2.12.v20150709/websocket-client-9.2.12.v20150709.jar:/Users/aswinikumar/.m2/repository/org/eclipse/jetty/jetty-util/9.2.12.v20150709/jetty-util-9.2.12.v20150709.jar:/Users/aswinikumar/.m2/repository/org/eclipse/jetty/jetty-io/9.2.12.v20150709/jetty-io-9.2.12.v20150709.jar:/Users/aswinikumar/.m2/repository/org/eclipse/jetty/websocket/websocket-common/9.2.12.v20150709/websocket-common-9.2.12.v20150709.jar:/Users/aswinikumar/.m2/repository/org/eclipse/jetty/websocket/websocket-api/9.2.12.v20150709/websocket-api-9.2.12.v20150709.jar:/Users/aswinikumar/.m2/repository/commons-collections/commons-collections/3.2.2/commons-collections-3.2.2.jar:/Users/aswinikumar/.m2/repository/org/seleniumhq/selenium/selenium-ie-driver/2.51.0/selenium-ie-driver-2.51.0.jar:/Users/aswinikumar/.m2/repository/net/java/dev/jna/jna/4.1.0/jna-4.1.0.jar:/Users/aswinikumar/.m2/repository/net/java/dev/jna/jna-platform/4.1.0/jna-platform-4.1.0.jar:/Users/aswinikumar/.m2/repository/org/seleniumhq/selenium/selenium-safari-driver/2.51.0/selenium-safari-driver-2.51.0.jar:/Users/aswinikumar/.m2/repository/org/seleniumhq/selenium/selenium-support/2.51.0/selenium-support-2.51.0.jar:/Users/aswinikumar/.m2/repository/org/webbitserver/webbit/0.4.14/webbit-0.4.14.jar:/Users/aswinikumar/.m2/repository/io/netty/netty/3.5.2.Final/netty-3.5.2.Final.jar:/Users/aswinikumar/.m2/repository/org/seleniumhq/selenium/selenium-leg-rc/2.51.0/selenium-leg-rc-2.51.0.jar:/Users/aswinikumar/.m2/repository/org/seleniumhq/selenium/selenium-firefox-driver/2.51.0/selenium-firefox-driver-2.51.0.jar:/Users/aswinikumar/.m2/repository/org/seleniumhq/selenium/selenium-remote-driver/2.51.0/selenium-remote-driver-2.51.0.jar:/Users/aswinikumar/.m2/repository/cglib/cglib-nodep/2.1_3/cglib-nodep-2.1_3.jar:/Users/aswinikumar/.m2/repository/org/seleniumhq/selenium/selenium-api/2.51.0/selenium-api-2.51.0.jar:/Users/aswinikumar/.m2/repository/commons-io/commons-io/2.4/commons-io-2.4.jar:/Users/aswinikumar/.m2/repository/org/apache/commons/commons-exec/1.3/commons-exec-1.3.jar:/Users/aswinikumar/.m2/repository/com/googlecode/json-simple/json-simple/1.1/json-simple-1.1.jar:/Users/aswinikumar/.m2/repository/org/apache/poi/poi/3.9/poi-3.9.jar:/Users/aswinikumar/.m2/repository/commons-codec/commons-codec/1.5/commons-codec-1.5.jar:/Users/aswinikumar/.m2/repository/io/appium/java-client/3.2.0/java-client-3.2.0.jar:/Users/aswinikumar/.m2/repository/com/google/code/gson/gson/2.2.4/gson-2.2.4.jar:/Users/aswinikumar/.m2/repository/org/apache/httpcomponents/httpclient/4.3.3/httpclient-4.3.3.jar:/Users/aswinikumar/.m2/repository/org/apache/httpcomponents/httpcore/4.3.2/httpcore-4.3.2.jar:/Users/aswinikumar/.m2/repository/commons-logging/commons-logging/1.1.3/commons-logging-1.1.3.jar:/Users/aswinikumar/.m2/repository/com/google/guava/guava/17.0/guava-17.0.jar:/Users/aswinikumar/.m2/repository/cglib/cglib/3.1/cglib-3.1.jar:/Users/aswinikumar/.m2/repository/org/ow2/asm/asm/4.2/asm-4.2.jar:/Users/aswinikumar/.m2/repository/commons-validator/commons-validator/1.4.1/commons-validator-1.4.1.jar:/Users/aswinikumar/.m2/repository/commons-beanutils/commons-beanutils/1.8.3/commons-beanutils-1.8.3.jar:/Users/aswinikumar/.m2/repository/commons-digester/commons-digester/1.8.1/commons-digester-1.8.1.jar:/Users/aswinikumar/.m2/repository/ru/yandex/qatools/allure/allure-testng-adaptor/1.5.4/allure-testng-adaptor-1.5.4.jar:/Users/aswinikumar/.m2/repository/ru/yandex/qatools/allure/allure-java-aspects/1.5.4/allure-java-aspects-1.5.4.jar:/Users/aswinikumar/.m2/repository/ru/yandex/qatools/allure/allure-java-adaptor-api/1.5.4/allure-java-adaptor-api-1.5.4.jar:/Users/aswinikumar/.m2/repository/ru/yandex/qatools/allure/allure-java-annotations/1.5.4/allure-java-annotations-1.5.4.jar:/Users/aswinikumar/.m2/repository/ru/yandex/qatools/allure/allure-model/1.5.4/allure-model-1.5.4.jar:/Users/aswinikumar/.m2/repository/org/jvnet/jaxb2_commons/jaxb2-basics-runtime/0.9.3/jaxb2-basics-runtime-0.9.3.jar:/Users/aswinikumar/.m2/repository/ru/qatools/commons/properties/2.0.RC5/properties-2.0.RC5.jar:/Users/aswinikumar/.m2/repository/org/slf4j/slf4j-api/1.7.12/slf4j-api-1.7.12.jar:/Users/aswinikumar/.m2/repository/org/apache/tika/tika-core/1.7/tika-core-1.7.jar:/Users/aswinikumar/.m2/repository/org/aspectj/aspectjrt/1.8.3/aspectjrt-1.8.3.jar:/Users/aswinikumar/.m2/repository/log4j/log4j/1.2.17/log4j-1.2.17.jar:"/>
    <property name="java.specification.name" value="Java Platform API Specification"/>
    <property name="java.class.version" value="52.0"/>
    <property name="sun.management.compiler" value="HotSpot 64-Bit Tiered Compilers"/>
    <property name="os.version" value="10.14.6"/>
    <property name="http.nonProxyHosts" value="local|*.local|169.254/16|*.169.254/16"/>
    <property name="user.home" value="/Users/aswinikumar"/>
    <property name="user.timezone" value="Asia/Kolkata"/>
    <property name="java.awt.printerjob" value="sun.lwawt.macosx.CPrinterJob"/>
    <property name="java.specification.version" value="1.8"/>
    <property name="file.encoding" value="UTF-8"/>
    <property name="user.name" value="aswinikumar"/>
    <property name="java.class.path" value="/Users/aswinikumar/Documents/adsandroid-automation-master/Android_Regression/target/test-classes:/Users/aswinikumar/Documents/adsandroid-automation-master/Android_Regression/target/classes:/Users/aswinikumar/.m2/repository/junit/junit/3.8.1/junit-3.8.1.jar:/Users/aswinikumar/.m2/repository/org/testng/testng/6.9.4/testng-6.9.4.jar:/Users/aswinikumar/.m2/repository/org/beanshell/bsh/2.0b4/bsh-2.0b4.jar:/Users/aswinikumar/.m2/repository/com/beust/jcommander/1.48/jcommander-1.48.jar:/Users/aswinikumar/.m2/repository/org/seleniumhq/selenium/selenium-java/2.51.0/selenium-java-2.51.0.jar:/Users/aswinikumar/.m2/repository/org/seleniumhq/selenium/selenium-chrome-driver/2.51.0/selenium-chrome-driver-2.51.0.jar:/Users/aswinikumar/.m2/repository/org/seleniumhq/selenium/selenium-edge-driver/2.51.0/selenium-edge-driver-2.51.0.jar:/Users/aswinikumar/.m2/repository/org/seleniumhq/selenium/selenium-htmlunit-driver/2.51.0/selenium-htmlunit-driver-2.51.0.jar:/Users/aswinikumar/.m2/repository/net/sourceforge/htmlunit/htmlunit/2.18/htmlunit-2.18.jar:/Users/aswinikumar/.m2/repository/xalan/xalan/2.7.2/xalan-2.7.2.jar:/Users/aswinikumar/.m2/repository/xalan/serializer/2.7.2/serializer-2.7.2.jar:/Users/aswinikumar/.m2/repository/org/apache/commons/commons-lang3/3.4/commons-lang3-3.4.jar:/Users/aswinikumar/.m2/repository/org/apache/httpcomponents/httpmime/4.5/httpmime-4.5.jar:/Users/aswinikumar/.m2/repository/net/sourceforge/htmlunit/htmlunit-core-js/2.17/htmlunit-core-js-2.17.jar:/Users/aswinikumar/.m2/repository/xerces/xercesImpl/2.11.0/xercesImpl-2.11.0.jar:/Users/aswinikumar/.m2/repository/xml-apis/xml-apis/1.4.01/xml-apis-1.4.01.jar:/Users/aswinikumar/.m2/repository/net/sourceforge/nekohtml/nekohtml/1.9.22/nekohtml-1.9.22.jar:/Users/aswinikumar/.m2/repository/net/sourceforge/cssparser/cssparser/0.9.16/cssparser-0.9.16.jar:/Users/aswinikumar/.m2/repository/org/w3c/css/sac/1.3/sac-1.3.jar:/Users/aswinikumar/.m2/repository/org/eclipse/jetty/websocket/websocket-client/9.2.12.v20150709/websocket-client-9.2.12.v20150709.jar:/Users/aswinikumar/.m2/repository/org/eclipse/jetty/jetty-util/9.2.12.v20150709/jetty-util-9.2.12.v20150709.jar:/Users/aswinikumar/.m2/repository/org/eclipse/jetty/jetty-io/9.2.12.v20150709/jetty-io-9.2.12.v20150709.jar:/Users/aswinikumar/.m2/repository/org/eclipse/jetty/websocket/websocket-common/9.2.12.v20150709/websocket-common-9.2.12.v20150709.jar:/Users/aswinikumar/.m2/repository/org/eclipse/jetty/websocket/websocket-api/9.2.12.v20150709/websocket-api-9.2.12.v20150709.jar:/Users/aswinikumar/.m2/repository/commons-collections/commons-collections/3.2.2/commons-collections-3.2.2.jar:/Users/aswinikumar/.m2/repository/org/seleniumhq/selenium/selenium-ie-driver/2.51.0/selenium-ie-driver-2.51.0.jar:/Users/aswinikumar/.m2/repository/net/java/dev/jna/jna/4.1.0/jna-4.1.0.jar:/Users/aswinikumar/.m2/repository/net/java/dev/jna/jna-platform/4.1.0/jna-platform-4.1.0.jar:/Users/aswinikumar/.m2/repository/org/seleniumhq/selenium/selenium-safari-driver/2.51.0/selenium-safari-driver-2.51.0.jar:/Users/aswinikumar/.m2/repository/org/seleniumhq/selenium/selenium-support/2.51.0/selenium-support-2.51.0.jar:/Users/aswinikumar/.m2/repository/org/webbitserver/webbit/0.4.14/webbit-0.4.14.jar:/Users/aswinikumar/.m2/repository/io/netty/netty/3.5.2.Final/netty-3.5.2.Final.jar:/Users/aswinikumar/.m2/repository/org/seleniumhq/selenium/selenium-leg-rc/2.51.0/selenium-leg-rc-2.51.0.jar:/Users/aswinikumar/.m2/repository/org/seleniumhq/selenium/selenium-firefox-driver/2.51.0/selenium-firefox-driver-2.51.0.jar:/Users/aswinikumar/.m2/repository/org/seleniumhq/selenium/selenium-remote-driver/2.51.0/selenium-remote-driver-2.51.0.jar:/Users/aswinikumar/.m2/repository/cglib/cglib-nodep/2.1_3/cglib-nodep-2.1_3.jar:/Users/aswinikumar/.m2/repository/org/seleniumhq/selenium/selenium-api/2.51.0/selenium-api-2.51.0.jar:/Users/aswinikumar/.m2/repository/commons-io/commons-io/2.4/commons-io-2.4.jar:/Users/aswinikumar/.m2/repository/org/apache/commons/commons-exec/1.3/commons-exec-1.3.jar:/Users/aswinikumar/.m2/repository/com/googlecode/json-simple/json-simple/1.1/json-simple-1.1.jar:/Users/aswinikumar/.m2/repository/org/apache/poi/poi/3.9/poi-3.9.jar:/Users/aswinikumar/.m2/repository/commons-codec/commons-codec/1.5/commons-codec-1.5.jar:/Users/aswinikumar/.m2/repository/io/appium/java-client/3.2.0/java-client-3.2.0.jar:/Users/aswinikumar/.m2/repository/com/google/code/gson/gson/2.2.4/gson-2.2.4.jar:/Users/aswinikumar/.m2/repository/org/apache/httpcomponents/httpclient/4.3.3/httpclient-4.3.3.jar:/Users/aswinikumar/.m2/repository/org/apache/httpcomponents/httpcore/4.3.2/httpcore-4.3.2.jar:/Users/aswinikumar/.m2/repository/commons-logging/commons-logging/1.1.3/commons-logging-1.1.3.jar:/Users/aswinikumar/.m2/repository/com/google/guava/guava/17.0/guava-17.0.jar:/Users/aswinikumar/.m2/repository/cglib/cglib/3.1/cglib-3.1.jar:/Users/aswinikumar/.m2/repository/org/ow2/asm/asm/4.2/asm-4.2.jar:/Users/aswinikumar/.m2/repository/commons-validator/commons-validator/1.4.1/commons-validator-1.4.1.jar:/Users/aswinikumar/.m2/repository/commons-beanutils/commons-beanutils/1.8.3/commons-beanutils-1.8.3.jar:/Users/aswinikumar/.m2/repository/commons-digester/commons-digester/1.8.1/commons-digester-1.8.1.jar:/Users/aswinikumar/.m2/repository/ru/yandex/qatools/allure/allure-testng-adaptor/1.5.4/allure-testng-adaptor-1.5.4.jar:/Users/aswinikumar/.m2/repository/ru/yandex/qatools/allure/allure-java-aspects/1.5.4/allure-java-aspects-1.5.4.jar:/Users/aswinikumar/.m2/repository/ru/yandex/qatools/allure/allure-java-adaptor-api/1.5.4/allure-java-adaptor-api-1.5.4.jar:/Users/aswinikumar/.m2/repository/ru/yandex/qatools/allure/allure-java-annotations/1.5.4/allure-java-annotations-1.5.4.jar:/Users/aswinikumar/.m2/repository/ru/yandex/qatools/allure/allure-model/1.5.4/allure-model-1.5.4.jar:/Users/aswinikumar/.m2/repository/org/jvnet/jaxb2_commons/jaxb2-basics-runtime/0.9.3/jaxb2-basics-runtime-0.9.3.jar:/Users/aswinikumar/.m2/repository/ru/qatools/commons/properties/2.0.RC5/properties-2.0.RC5.jar:/Users/aswinikumar/.m2/repository/org/slf4j/slf4j-api/1.7.12/slf4j-api-1.7.12.jar:/Users/aswinikumar/.m2/repository/org/apache/tika/tika-core/1.7/tika-core-1.7.jar:/Users/aswinikumar/.m2/repository/org/aspectj/aspectjrt/1.8.3/aspectjrt-1.8.3.jar:/Users/aswinikumar/.m2/repository/log4j/log4j/1.2.17/log4j-1.2.17.jar:"/>
    <property name="java.vm.specification.version" value="1.8"/>
    <property name="sun.arch.data.model" value="64"/>
    <property name="java.home" value="/Library/Java/JavaVirtualMachines/jdk1.8.0_181.jdk/Contents/Home/jre"/>
    <property name="sun.java.command" value="/var/folders/sq/6ytcx3fj2yd8dmgrjt1_jjm80000gn/T/surefirebooter137074144659712658.jar /var/folders/sq/6ytcx3fj2yd8dmgrjt1_jjm80000gn/T/surefire7216523204080382700tmp /var/folders/sq/6ytcx3fj2yd8dmgrjt1_jjm80000gn/T/surefire3330286585197896454tmp"/>
    <property name="java.specification.vendor" value="Oracle Corporation"/>
    <property name="user.language" value="en"/>
    <property name="awt.toolkit" value="sun.lwawt.macosx.LWCToolkit"/>
    <property name="java.vm.info" value="mixed mode"/>
    <property name="java.version" value="1.8.0_181"/>
    <property name="java.ext.dirs" value="/Users/aswinikumar/Library/Java/Extensions:/Library/Java/JavaVirtualMachines/jdk1.8.0_181.jdk/Contents/Home/jre/lib/ext:/Library/Java/Extensions:/Network/Library/Java/Extensions:/System/Library/Java/Extensions:/usr/lib/java"/>
    <property name="sun.boot.class.path" value="/Library/Java/JavaVirtualMachines/jdk1.8.0_181.jdk/Contents/Home/jre/lib/resources.jar:/Library/Java/JavaVirtualMachines/jdk1.8.0_181.jdk/Contents/Home/jre/lib/rt.jar:/Library/Java/JavaVirtualMachines/jdk1.8.0_181.jdk/Contents/Home/jre/lib/sunrsasign.jar:/Library/Java/JavaVirtualMachines/jdk1.8.0_181.jdk/Contents/Home/jre/lib/jsse.jar:/Library/Java/JavaVirtualMachines/jdk1.8.0_181.jdk/Contents/Home/jre/lib/jce.jar:/Library/Java/JavaVirtualMachines/jdk1.8.0_181.jdk/Contents/Home/jre/lib/charsets.jar:/Library/Java/JavaVirtualMachines/jdk1.8.0_181.jdk/Contents/Home/jre/lib/jfr.jar:/Library/Java/JavaVirtualMachines/jdk1.8.0_181.jdk/Contents/Home/jre/classes"/>
    <property name="java.vendor" value="Oracle Corporation"/>
    <property name="localRepository" value="/Users/aswinikumar/.m2/repository"/>
    <property name="file.separator" value="/"/>
    <property name="java.vendor.url.bug" value="http://bugreport.sun.com/bugreport/"/>
    <property name="sun.cpu.endian" value="little"/>
    <property name="sun.io.unicode.encoding" value="UnicodeBig"/>
    <property name="socksNonProxyHosts" value="local|*.local|169.254/16|*.169.254/16"/>
    <property name="ftp.nonProxyHosts" value="local|*.local|169.254/16|*.169.254/16"/>
    <property name="sun.cpu.isalist" value=""/>
  </properties>
  <testcase classname="twc.Regression.TestCases.regressionTestCases" name="C333213_Verify_cust_param_aid" time="4.759">
    <failure message="aid Value not matched" type="java.lang.AssertionError">java.lang.AssertionError: aid Value not matched
	at org.testng.Assert.fail(Assert.java:94)
	at twc.Regression.TestCases.Custom_Parameters_Verification.parameters_Verification(Custom_Parameters_Verification.java:482)
	at twc.Regression.TestCases.regressionTestCases.C333213_Verify_cust_param_aid(regressionTestCases.java:159)
</failure>
    <system-out>No Data Found in XML File
Deleted all the files in the specified folder
Cleared Session
Deleted all the files in the specified folder
/Users/aswinikumar/Documents/adsandroid-automation-master/Android_Regression/CapturedSessionFile
app : /Users/aswinikumar/Documents/adsandroid-automation-master/Android_Regression/APKFile/The_Weather_Channel_ReleaseDEBUG (3).apk
Capabilities have been launched  with fullreset 
No active alerts
Alert found
clicking video element
clicking maps element
clicking today element
clicking hourly deatils
clicking hourly deatils
clicking daily deatils
Exporting The Session Data Into XML File
Exported Session
================= Custom Parameter Aid Verfication Started =========================
XML File Name is : charles202005201957.chlsx
Ad name : iu=%2F7646%2Fapp_android_us%2Fdb_display%2Fhome_screen%2Fhourly
PubAd aid Data : nl
Result Fail
Values are not matched
Ad name : iu=%2F7646%2Fapp_android_us%2Fdb_display%2Fhome_screen%2Fmarquee
PubAd aid Data : nl
Result Fail
Values are not matched
Ad name : iu=%2F7646%2Fapp_android_us%2Fdb_display%2Fcard%2Fradar
PubAd aid Data : nl
Result Fail
Values are not matched
Ad name : iu=%2F7646%2Fapp_android_us%2Fdb_display%2Fcard%2Flifestyle
PubAd aid Data : nl
Result Fail
Values are not matched
Ad name : iu=%2F7646%2Fapp_android_us%2Fdb_display%2Fcard%2Fseason
PubAd aid Data : nl
Result Fail
Values are not matched
Ad name : iu=%2F7646%2Fapp_android_us%2Fdb_display%2Fcard%2Faq
PubAd aid Data : nl
Result Fail
Values are not matched
Ad name : iu=%2F7646%2Fapp_android_us%2Fdb_display%2Fdetails%2Fmaps
PubAd aid Data : nl
Result Fail
Values are not matched
Ad name : iu=%2F7646%2Fapp_android_us%2Fdb_display%2Fdetails%2Ftoday
PubAd aid Data : nl
Result Fail
Values are not matched
Ad name : iu=%2F7646%2Fapp_android_us%2Fdb_display%2Fdetails%2Fhourly
PubAd aid Data : nl
Result Fail
Values are not matched
Ad name : iu=%2F7646%2Fapp_android_us%2Fdb_display%2Fdetails%2F10day
PubAd aid Data : nl
Result Fail
</system-out>
    <system-err>SLF4J: Failed to load class &quot;org.slf4j.impl.StaticLoggerBinder&quot;.
SLF4J: Defaulting to no-operation (NOP) logger implementation
SLF4J: See http://www.slf4j.org/codes.html#StaticLoggerBinder for further details.
log4j:WARN No appenders could be found for logger (org.apache.http.client.protocol.RequestAddCookies).
log4j:WARN Please initialize the log4j system properly.
log4j:WARN See http://logging.apache.org/log4j/1.2/faq.html#noconfig for more info.
</system-err>
  </testcase>
  <testcase classname="twc.Regression.TestCases.regressionTestCases" name="C333200_Verify_cust_param_ord" time="3.777"/>
  <testcase classname="twc.Regression.TestCases.regressionTestCases" name="C658716_Verify_cust_param_tf" time="1.902"/>
  <testcase classname="twc.Regression.TestCases.regressionTestCases" name="C333219_Verify_cust_param_ver" time="3.073"/>
  <testcase classname="twc.Regression.TestCases.regressionTestCases" name="C333226_Verify_cust_param_st" time="3.136">
    <failure message="st Value not matched" type="java.lang.AssertionError">java.lang.AssertionError: st Value not matched
	at org.testng.Assert.fail(Assert.java:94)
	at twc.Regression.TestCases.Custom_Parameters_Verification.parameters_Verification(Custom_Parameters_Verification.java:292)
	at twc.Regression.TestCases.regressionTestCases.C333226_Verify_cust_param_st(regressionTestCases.java:233)
</failure>
    <system-out>================= Custom Parameter St Verfication Started =========================
XML File Name is : charles202005201957.chlsx
Ad name : iu=%2F7646%2Fapp_android_us%2Fdb_display%2Fhome_screen%2Fhourly
PubAd st Data : nl
Result Fail
Values are not matched
Ad name : iu=%2F7646%2Fapp_android_us%2Fdb_display%2Fhome_screen%2Fmarquee
PubAd st Data : nl
Result Fail
Values are not matched
Ad name : iu=%2F7646%2Fapp_android_us%2Fdb_display%2Fcard%2Fradar
PubAd st Data : nl
Result Fail
Values are not matched
Ad name : iu=%2F7646%2Fapp_android_us%2Fdb_display%2Fcard%2Flifestyle
PubAd st Data : nl
Result Fail
Values are not matched
Ad name : iu=%2F7646%2Fapp_android_us%2Fdb_display%2Fcard%2Fseason
PubAd st Data : nl
Result Fail
Values are not matched
Ad name : iu=%2F7646%2Fapp_android_us%2Fdb_display%2Fcard%2Faq
PubAd st Data : nl
Result Fail
Values are not matched
Ad name : iu=%2F7646%2Fapp_android_us%2Fdb_display%2Fdetails%2Fmaps
PubAd st Data : nl
Result Fail
Values are not matched
Ad name : iu=%2F7646%2Fapp_android_us%2Fdb_display%2Fdetails%2Ftoday
PubAd st Data : nl
Result Fail
Values are not matched
Ad name : iu=%2F7646%2Fapp_android_us%2Fdb_display%2Fdetails%2Fhourly
PubAd st Data : nl
Result Fail
Values are not matched
Ad name : iu=%2F7646%2Fapp_android_us%2Fdb_display%2Fdetails%2F10day
PubAd st Data : nl
Result Fail
</system-out>
  </testcase>
  <testcase classname="twc.Regression.TestCases.regressionTestCases" name="C333213_Verify_cust_param_adid" time="3.626">
    <failure message="adid Value not matched" type="java.lang.AssertionError">java.lang.AssertionError: adid Value not matched
	at org.testng.Assert.fail(Assert.java:94)
	at twc.Regression.TestCases.Custom_Parameters_Verification.parameters_Verification(Custom_Parameters_Verification.java:512)
	at twc.Regression.TestCases.regressionTestCases.C333213_Verify_cust_param_adid(regressionTestCases.java:242)
</failure>
    <system-out>================= Custom Parameter adid Verfication Started =========================
XML File Name is : charles202005201957.chlsx
Ad name : iu=%2F7646%2Fapp_android_us%2Fdb_display%2Fhome_screen%2Fhourly
PubAd adid Data : nl
Result Fail
Values are not matched
Ad name : iu=%2F7646%2Fapp_android_us%2Fdb_display%2Fhome_screen%2Fmarquee
PubAd adid Data : nl
Result Fail
Values are not matched
Ad name : iu=%2F7646%2Fapp_android_us%2Fdb_display%2Fcard%2Fradar
PubAd adid Data : nl
Result Fail
Values are not matched
Ad name : iu=%2F7646%2Fapp_android_us%2Fdb_display%2Fcard%2Flifestyle
PubAd adid Data : nl
Result Fail
Values are not matched
Ad name : iu=%2F7646%2Fapp_android_us%2Fdb_display%2Fcard%2Fseason
PubAd adid Data : nl
Result Fail
Values are not matched
Ad name : iu=%2F7646%2Fapp_android_us%2Fdb_display%2Fcard%2Faq
PubAd adid Data : nl
Result Fail
Values are not matched
Ad name : iu=%2F7646%2Fapp_android_us%2Fdb_display%2Fdetails%2Fmaps
PubAd adid Data : nl
Result Fail
Values are not matched
Ad name : iu=%2F7646%2Fapp_android_us%2Fdb_display%2Fdetails%2Ftoday
PubAd adid Data : nl
Result Fail
Values are not matched
Ad name : iu=%2F7646%2Fapp_android_us%2Fdb_display%2Fdetails%2Fhourly
PubAd adid Data : nl
Result Fail
Values are not matched
Ad name : iu=%2F7646%2Fapp_android_us%2Fdb_display%2Fdetails%2F10day
PubAd adid Data : nl
Result Fail
</system-out>
  </testcase>
  <testcase classname="twc.Regression.TestCases.regressionTestCases" name="C333228_Verify_cust_param_wfxtg" time="3.7"/>
  <testcase classname="twc.Regression.TestCases.regressionTestCases" name="C658712_Verify_cust_param_plat1" time="3.072"/>
  <testcase classname="twc.Regression.TestCases.regressionTestCases" name="C658711_Verify_cust_param_lang" time="3.365"/>
  <testcase classname="twc.Regression.TestCases.regressionTestCases" name="C333218_Verify_cust_param_pos" time="3.291"/>
  <testcase classname="twc.Regression.TestCases.regressionTestCases" name="C333205_Verify_cust_param_tile" time="3.01"/>
  <testcase classname="twc.Regression.TestCases.regressionTestCases" name="C344257_Verify_Video_Url_Parameter_cmsid" time="0.489"/>
  <testcase classname="twc.Regression.TestCases.regressionTestCases" name="C344258_Verify_Video_Url_Parameter_ttid" time="0.515"/>
  <testcase classname="twc.Regression.TestCases.regressionTestCases" name="C344260_Verify_Video_Url_Parameter_lnid" time="0.516"/>
  <testcase classname="twc.Regression.TestCases.regressionTestCases" name="C344259_Verify_Video_Url_Parameter_vid" time="0.516"/>
  <testcase classname="twc.Regression.TestCases.regressionTestCases" name="C344261_Verify_Video_Url_Parameter_iu" time="0.518"/>
  <testcase classname="twc.Regression.TestCases.regressionTestCases" name="C628160_Verify_Parameter_DyNght" time="3.057">
    <failure message="dynght Value not matched" type="java.lang.AssertionError">java.lang.AssertionError: dynght Value not matched
	at org.testng.Assert.fail(Assert.java:94)
	at twc.Regression.TestCases.Custom_Parameters_Verification.parameters_Verification(Custom_Parameters_Verification.java:602)
	at twc.Regression.TestCases.regressionTestCases.C628160_Verify_Parameter_DyNght(regressionTestCases.java:486)
</failure>
    <system-out>================= Custom Parameter DayNight Verfication Started =========================
XML File Name is : charles202005201957.chlsx
Ad name : iu=%2F7646%2Fapp_android_us%2Fdb_display%2Fhome_screen%2Fhourly
PubAd dynght Data : nl
Result Fail
Values are not matched
Ad name : iu=%2F7646%2Fapp_android_us%2Fdb_display%2Fhome_screen%2Fmarquee
PubAd dynght Data : nl
Result Fail
Values are not matched
Ad name : iu=%2F7646%2Fapp_android_us%2Fdb_display%2Fcard%2Fradar
PubAd dynght Data : nl
Result Fail
Values are not matched
Ad name : iu=%2F7646%2Fapp_android_us%2Fdb_display%2Fcard%2Flifestyle
PubAd dynght Data : nl
Result Fail
Values are not matched
Ad name : iu=%2F7646%2Fapp_android_us%2Fdb_display%2Fcard%2Fseason
PubAd dynght Data : nl
Result Fail
Values are not matched
Ad name : iu=%2F7646%2Fapp_android_us%2Fdb_display%2Fcard%2Faq
PubAd dynght Data : nl
Result Fail
Values are not matched
Ad name : iu=%2F7646%2Fapp_android_us%2Fdb_display%2Fdetails%2Fmaps
PubAd dynght Data : nl
Result Fail
Values are not matched
Ad name : iu=%2F7646%2Fapp_android_us%2Fdb_display%2Fdetails%2Ftoday
PubAd dynght Data : nl
Result Fail
Values are not matched
Ad name : iu=%2F7646%2Fapp_android_us%2Fdb_display%2Fdetails%2Fhourly
PubAd dynght Data : nl
Result Fail
Values are not matched
Ad name : iu=%2F7646%2Fapp_android_us%2Fdb_display%2Fdetails%2F10day
PubAd dynght Data : nl
Result Fail
</system-out>
  </testcase>
  <testcase classname="twc.Regression.TestCases.regressionTestCases" name="C333208_Verify_cust_param_tmp" time="4.744">
    <failure message="tmp Value not matched" type="java.lang.AssertionError">java.lang.AssertionError: tmp Value not matched
	at org.testng.Assert.fail(Assert.java:94)
	at twc.Regression.TestCases.Custom_Parameters_Verification.parameters_Verification(Custom_Parameters_Verification.java:169)
	at twc.Regression.TestCases.regressionTestCases.C333208_Verify_cust_param_tmp(regressionTestCases.java:344)
</failure>
    <system-out>================= Custom Parameter Tmp Verfication Started =========================
XML File Name is : charles202005201957.chlsx
Ad name : iu=%2F7646%2Fapp_android_us%2Fdb_display%2Fhome_screen%2Fhourly
turbo call Value :: 96
pubAd call Value :: nl
Values are not matched
Result Fail
Values are not matched
Ad name : iu=%2F7646%2Fapp_android_us%2Fdb_display%2Fhome_screen%2Fmarquee
turbo call Value :: 96
pubAd call Value :: nl
Values are not matched
Result Fail
Values are not matched
Ad name : iu=%2F7646%2Fapp_android_us%2Fdb_display%2Fcard%2Fradar
turbo call Value :: 96
pubAd call Value :: nl
Values are not matched
Result Fail
Values are not matched
Ad name : iu=%2F7646%2Fapp_android_us%2Fdb_display%2Fcard%2Flifestyle
turbo call Value :: 96
pubAd call Value :: nl
Values are not matched
Result Fail
Values are not matched
Ad name : iu=%2F7646%2Fapp_android_us%2Fdb_display%2Fcard%2Fseason
turbo call Value :: 96
pubAd call Value :: nl
Values are not matched
Result Fail
Values are not matched
Ad name : iu=%2F7646%2Fapp_android_us%2Fdb_display%2Fcard%2Faq
turbo call Value :: 96
pubAd call Value :: nl
Values are not matched
Result Fail
Values are not matched
Ad name : iu=%2F7646%2Fapp_android_us%2Fdb_display%2Fdetails%2Fmaps
turbo call Value :: 96
pubAd call Value :: nl
Values are not matched
Result Fail
Values are not matched
Ad name : iu=%2F7646%2Fapp_android_us%2Fdb_display%2Fdetails%2Ftoday
turbo call Value :: 96
pubAd call Value :: nl
Values are not matched
Result Fail
Values are not matched
Ad name : iu=%2F7646%2Fapp_android_us%2Fdb_display%2Fdetails%2Fhourly
turbo call Value :: 96
pubAd call Value :: nl
Values are not matched
Result Fail
Values are not matched
Ad name : iu=%2F7646%2Fapp_android_us%2Fdb_display%2Fdetails%2F10day
turbo call Value :: 96
pubAd call Value :: nl
Values are not matched
Result Fail
</system-out>
  </testcase>
  <testcase classname="twc.Regression.TestCases.regressionTestCases" name="C333217_Verify_cust_param_tmpr" time="4.335">
    <failure message="tmpr Value not matched" type="java.lang.AssertionError">java.lang.AssertionError: tmpr Value not matched
	at org.testng.Assert.fail(Assert.java:94)
	at twc.Regression.TestCases.Custom_Parameters_Verification.parameters_Verification(Custom_Parameters_Verification.java:178)
	at twc.Regression.TestCases.regressionTestCases.C333217_Verify_cust_param_tmpr(regressionTestCases.java:351)
</failure>
    <system-out>================= Custom Parameter Tmpr Verfication Started =========================
XML File Name is : charles202005201957.chlsx
Ad name : iu=%2F7646%2Fapp_android_us%2Fdb_display%2Fhome_screen%2Fhourly
turbo call Value :: 96
pubAd call Value :: nl
Values are not matched
Result Fail
Values are not matched
Ad name : iu=%2F7646%2Fapp_android_us%2Fdb_display%2Fhome_screen%2Fmarquee
turbo call Value :: 96
pubAd call Value :: nl
Values are not matched
Result Fail
Values are not matched
Ad name : iu=%2F7646%2Fapp_android_us%2Fdb_display%2Fcard%2Fradar
turbo call Value :: 96
pubAd call Value :: nl
Values are not matched
Result Fail
Values are not matched
Ad name : iu=%2F7646%2Fapp_android_us%2Fdb_display%2Fcard%2Flifestyle
turbo call Value :: 96
pubAd call Value :: nl
Values are not matched
Result Fail
Values are not matched
Ad name : iu=%2F7646%2Fapp_android_us%2Fdb_display%2Fcard%2Fseason
turbo call Value :: 96
pubAd call Value :: nl
Values are not matched
Result Fail
Values are not matched
Ad name : iu=%2F7646%2Fapp_android_us%2Fdb_display%2Fcard%2Faq
turbo call Value :: 96
pubAd call Value :: nl
Values are not matched
Result Fail
Values are not matched
Ad name : iu=%2F7646%2Fapp_android_us%2Fdb_display%2Fdetails%2Fmaps
turbo call Value :: 96
pubAd call Value :: nl
Values are not matched
Result Fail
Values are not matched
Ad name : iu=%2F7646%2Fapp_android_us%2Fdb_display%2Fdetails%2Ftoday
turbo call Value :: 96
pubAd call Value :: nl
Values are not matched
Result Fail
Values are not matched
Ad name : iu=%2F7646%2Fapp_android_us%2Fdb_display%2Fdetails%2Fhourly
turbo call Value :: 96
pubAd call Value :: nl
Values are not matched
Result Fail
Values are not matched
Ad name : iu=%2F7646%2Fapp_android_us%2Fdb_display%2Fdetails%2F10day
turbo call Value :: 96
pubAd call Value :: nl
Values are not matched
Result Fail
</system-out>
  </testcase>
  <testcase classname="twc.Regression.TestCases.regressionTestCases" name="C333216_Verify_cust_param_cnd" time="4.499">
    <failure message="cnd Value not matched" type="java.lang.AssertionError">java.lang.AssertionError: cnd Value not matched
	at org.testng.Assert.fail(Assert.java:94)
	at twc.Regression.TestCases.Custom_Parameters_Verification.parameters_Verification(Custom_Parameters_Verification.java:192)
	at twc.Regression.TestCases.regressionTestCases.C333216_Verify_cust_param_cnd(regressionTestCases.java:359)
</failure>
    <system-out>================= Custom Parameter Cnd Verfication Started =========================
XML File Name is : charles202005201957.chlsx
Ad name : iu=%2F7646%2Fapp_android_us%2Fdb_display%2Fhome_screen%2Fhourly
turbo call Value :: 27
pubAd call Value :: nl
Values are not matched
Result Fail
Values are not matched
Ad name : iu=%2F7646%2Fapp_android_us%2Fdb_display%2Fhome_screen%2Fmarquee
turbo call Value :: 27
pubAd call Value :: nl
Values are not matched
Result Fail
Values are not matched
Ad name : iu=%2F7646%2Fapp_android_us%2Fdb_display%2Fcard%2Fradar
turbo call Value :: 27
pubAd call Value :: nl
Values are not matched
Result Fail
Values are not matched
Ad name : iu=%2F7646%2Fapp_android_us%2Fdb_display%2Fcard%2Flifestyle
turbo call Value :: 27
pubAd call Value :: nl
Values are not matched
Result Fail
Values are not matched
Ad name : iu=%2F7646%2Fapp_android_us%2Fdb_display%2Fcard%2Fseason
turbo call Value :: 27
pubAd call Value :: nl
Values are not matched
Result Fail
Values are not matched
Ad name : iu=%2F7646%2Fapp_android_us%2Fdb_display%2Fcard%2Faq
turbo call Value :: 27
pubAd call Value :: nl
Values are not matched
Result Fail
Values are not matched
Ad name : iu=%2F7646%2Fapp_android_us%2Fdb_display%2Fdetails%2Fmaps
turbo call Value :: 27
pubAd call Value :: nl
Values are not matched
Result Fail
Values are not matched
Ad name : iu=%2F7646%2Fapp_android_us%2Fdb_display%2Fdetails%2Ftoday
turbo call Value :: 27
pubAd call Value :: nl
Values are not matched
Result Fail
Values are not matched
Ad name : iu=%2F7646%2Fapp_android_us%2Fdb_display%2Fdetails%2Fhourly
turbo call Value :: 27
pubAd call Value :: nl
Values are not matched
Result Fail
Values are not matched
Ad name : iu=%2F7646%2Fapp_android_us%2Fdb_display%2Fdetails%2F10day
turbo call Value :: 27
pubAd call Value :: nl
Values are not matched
Result Fail
</system-out>
  </testcase>
  <testcase classname="twc.Regression.TestCases.regressionTestCases" name="C333207_Verify_cust_param_hmid" time="4.119">
    <failure message="hmid Value not matched" type="java.lang.AssertionError">java.lang.AssertionError: hmid Value not matched
	at org.testng.Assert.fail(Assert.java:94)
	at twc.Regression.TestCases.Custom_Parameters_Verification.parameters_Verification(Custom_Parameters_Verification.java:211)
	at twc.Regression.TestCases.regressionTestCases.C333207_Verify_cust_param_hmid(regressionTestCases.java:368)
</failure>
    <system-out>================= Custom Parameter Hmid Verfication Started =========================
XML File Name is : charles202005201957.chlsx
Ad name : iu=%2F7646%2Fapp_android_us%2Fdb_display%2Fhome_screen%2Fhourly
Turbo Value ::24
PubAd Value ::nl
Values are not matched
Result Fail
Values are not matched
Ad name : iu=%2F7646%2Fapp_android_us%2Fdb_display%2Fhome_screen%2Fmarquee
Turbo Value ::24
PubAd Value ::nl
Values are not matched
Result Fail
Values are not matched
Ad name : iu=%2F7646%2Fapp_android_us%2Fdb_display%2Fcard%2Fradar
Turbo Value ::24
PubAd Value ::nl
Values are not matched
Result Fail
Values are not matched
Ad name : iu=%2F7646%2Fapp_android_us%2Fdb_display%2Fcard%2Flifestyle
Turbo Value ::24
PubAd Value ::nl
Values are not matched
Result Fail
Values are not matched
Ad name : iu=%2F7646%2Fapp_android_us%2Fdb_display%2Fcard%2Fseason
Turbo Value ::24
PubAd Value ::nl
Values are not matched
Result Fail
Values are not matched
Ad name : iu=%2F7646%2Fapp_android_us%2Fdb_display%2Fcard%2Faq
Turbo Value ::24
PubAd Value ::nl
Values are not matched
Result Fail
Values are not matched
Ad name : iu=%2F7646%2Fapp_android_us%2Fdb_display%2Fdetails%2Fmaps
Turbo Value ::24
PubAd Value ::nl
Values are not matched
Result Fail
Values are not matched
Ad name : iu=%2F7646%2Fapp_android_us%2Fdb_display%2Fdetails%2Ftoday
Turbo Value ::24
PubAd Value ::nl
Values are not matched
Result Fail
Values are not matched
Ad name : iu=%2F7646%2Fapp_android_us%2Fdb_display%2Fdetails%2Fhourly
Turbo Value ::24
PubAd Value ::nl
Values are not matched
Result Fail
Values are not matched
Ad name : iu=%2F7646%2Fapp_android_us%2Fdb_display%2Fdetails%2F10day
Turbo Value ::24
PubAd Value ::nl
Values are not matched
Result Fail
</system-out>
  </testcase>
  <testcase classname="twc.Regression.TestCases.regressionTestCases" name="C333221_Verify_cust_param_wind" time="4.124">
    <failure message="wind Value not matched" type="java.lang.AssertionError">java.lang.AssertionError: wind Value not matched
	at org.testng.Assert.fail(Assert.java:94)
	at twc.Regression.TestCases.Custom_Parameters_Verification.parameters_Verification(Custom_Parameters_Verification.java:220)
	at twc.Regression.TestCases.regressionTestCases.C333221_Verify_cust_param_wind(regressionTestCases.java:376)
</failure>
    <system-out>================= Custom Parameter Wind Verfication Started =========================
XML File Name is : charles202005201957.chlsx
Ad name : iu=%2F7646%2Fapp_android_us%2Fdb_display%2Fhome_screen%2Fhourly
Turbo call Value ::6
PubAd Value ::nl
Values are not matched
Result Fail
Values are not matched
Ad name : iu=%2F7646%2Fapp_android_us%2Fdb_display%2Fhome_screen%2Fmarquee
Turbo call Value ::6
PubAd Value ::nl
Values are not matched
Result Fail
Values are not matched
Ad name : iu=%2F7646%2Fapp_android_us%2Fdb_display%2Fcard%2Fradar
Turbo call Value ::6
PubAd Value ::nl
Values are not matched
Result Fail
Values are not matched
Ad name : iu=%2F7646%2Fapp_android_us%2Fdb_display%2Fcard%2Flifestyle
Turbo call Value ::6
PubAd Value ::nl
Values are not matched
Result Fail
Values are not matched
Ad name : iu=%2F7646%2Fapp_android_us%2Fdb_display%2Fcard%2Fseason
Turbo call Value ::6
PubAd Value ::nl
Values are not matched
Result Fail
Values are not matched
Ad name : iu=%2F7646%2Fapp_android_us%2Fdb_display%2Fcard%2Faq
Turbo call Value ::6
PubAd Value ::nl
Values are not matched
Result Fail
Values are not matched
Ad name : iu=%2F7646%2Fapp_android_us%2Fdb_display%2Fdetails%2Fmaps
Turbo call Value ::6
PubAd Value ::nl
Values are not matched
Result Fail
Values are not matched
Ad name : iu=%2F7646%2Fapp_android_us%2Fdb_display%2Fdetails%2Ftoday
Turbo call Value ::6
PubAd Value ::nl
Values are not matched
Result Fail
Values are not matched
Ad name : iu=%2F7646%2Fapp_android_us%2Fdb_display%2Fdetails%2Fhourly
Turbo call Value ::6
PubAd Value ::nl
Values are not matched
Result Fail
Values are not matched
Ad name : iu=%2F7646%2Fapp_android_us%2Fdb_display%2Fdetails%2F10day
Turbo call Value ::6
PubAd Value ::nl
Values are not matched
Result Fail
</system-out>
  </testcase>
  <testcase classname="twc.Regression.TestCases.regressionTestCases" name="C333224_Verify_cust_param_uv" time="4.084"/>
  <testcase classname="twc.Regression.TestCases.regressionTestCases" name="C333232_Verify_cust_param_fltmpc" time="4.299"/>
  <testcase classname="twc.Regression.TestCases.regressionTestCases" name="C333239_Verify_cust_param_tmpc" time="4.406"/>
  <testcase classname="twc.Regression.TestCases.regressionTestCases" name="C333202_Verify_cust_param_zip" time="3.876"/>
  <testcase classname="twc.Regression.TestCases.regressionTestCases" name="C333203_Verify_cust_param_dma" time="3.534"/>
  <testcase classname="twc.Regression.TestCases.regressionTestCases" name="C333209_Verify_cust_param_cc" time="3.388"/>
  <testcase classname="twc.Regression.TestCases.regressionTestCases" name="C333212_Verify_cust_param_ct" time="3.462"/>
  <testcase classname="twc.Regression.TestCases.regressionTestCases" name="C333232_Verify_cust_param_fhic" time="3.914"/>
  <testcase classname="twc.Regression.TestCases.regressionTestCases" name="C333238_Verify_cust_param_floc" time="4.397"/>
  <testcase classname="twc.Regression.TestCases.regressionTestCases" name="C333223_Verify_cust_param_sev" time="3.267"/>
</testsuite>