<?xml version="1.0" encoding="UTF-8" standalone="yes"?>
<ns2:test-suite start="1589053452102" stop="1589053459550" version="1.5.4" xmlns:ns2="urn:model.allure.qatools.yandex.ru">
    <name>Default suite : Default test</name>
    <title>Default suite : Default test</title>
    <test-cases>
        <test-case start="1589053452322" stop="1589053458217" status="passed">
            <name>C333216_Verify_cust_param_cnd</name>
            <title>Verify custom parameter cnd</title>
            <steps>
                <step start="1589053452844" stop="1589053452845" status="passed">
                    <name>logStep[Verifyied Feed:iu=%2F7646%2Fapp_android_us%2Fdb_display%2Fhome_screen%2Fhourly Pub Ad Call cnd Custm_Parameter E...]</name>
                    <title>Verifyied Feed:iu=%2F7646%2Fapp_android_us%2Fdb_display%2Fhome_screen%2Fhourly Pub Ad Call cnd Custm_Parameter Expected ...</title>
                    <attachments/>
                    <steps/>
                </step>
                <step start="1589053453346" stop="1589053453346" status="passed">
                    <name>logStep[Verifyied Feed:iu=%2F7646%2Fapp_android_us%2Fdb_display%2Fhome_screen%2Fmarquee Pub Ad Call cnd Custm_Parameter ...]</name>
                    <title>Verifyied Feed:iu=%2F7646%2Fapp_android_us%2Fdb_display%2Fhome_screen%2Fmarquee Pub Ad Call cnd Custm_Parameter Expected...</title>
                    <attachments/>
                    <steps/>
                </step>
                <step start="1589053454347" stop="1589053454347" status="passed">
                    <name>logStep[Verifyied Feed:iu=%2F7646%2Fapp_android_us%2Fdb_display%2Fcard%2Fradar Pub Ad Call cnd Custm_Parameter Expected ...]</name>
                    <title>Verifyied Feed:iu=%2F7646%2Fapp_android_us%2Fdb_display%2Fcard%2Fradar Pub Ad Call cnd Custm_Parameter Expected value pr...</title>
                    <attachments/>
                    <steps/>
                </step>
                <step start="1589053455138" stop="1589053455138" status="passed">
                    <name>logStep[Verifyied Feed:iu=%2F7646%2Fapp_android_us%2Fdb_display%2Fcard%2Flifestyle Pub Ad Call cnd Custm_Parameter Expec...]</name>
                    <title>Verifyied Feed:iu=%2F7646%2Fapp_android_us%2Fdb_display%2Fcard%2Flifestyle Pub Ad Call cnd Custm_Parameter Expected valu...</title>
                    <attachments/>
                    <steps/>
                </step>
                <step start="1589053455516" stop="1589053455516" status="passed">
                    <name>logStep[Verifyied Feed:iu=%2F7646%2Fapp_android_us%2Fdb_display%2Fcard%2Fseason Pub Ad Call cnd Custm_Parameter Expected...]</name>
                    <title>Verifyied Feed:iu=%2F7646%2Fapp_android_us%2Fdb_display%2Fcard%2Fseason Pub Ad Call cnd Custm_Parameter Expected value p...</title>
                    <attachments/>
                    <steps/>
                </step>
                <step start="1589053455795" stop="1589053455795" status="passed">
                    <name>logStep[Verifyied Feed:iu=%2F7646%2Fapp_android_us%2Fdb_display%2Fcard%2Faq Pub Ad Call cnd Custm_Parameter Expected val...]</name>
                    <title>Verifyied Feed:iu=%2F7646%2Fapp_android_us%2Fdb_display%2Fcard%2Faq Pub Ad Call cnd Custm_Parameter Expected value prese...</title>
                    <attachments/>
                    <steps/>
                </step>
                <step start="1589053456640" stop="1589053456640" status="passed">
                    <name>logStep[Verifyied Feed:iu=%2F7646%2Fapp_android_us%2Fdb_display%2Fdetails%2Fmaps Pub Ad Call cnd Custm_Parameter Expecte...]</name>
                    <title>Verifyied Feed:iu=%2F7646%2Fapp_android_us%2Fdb_display%2Fdetails%2Fmaps Pub Ad Call cnd Custm_Parameter Expected value ...</title>
                    <attachments/>
                    <steps/>
                </step>
                <step start="1589053457410" stop="1589053457410" status="passed">
                    <name>logStep[Verifyied Feed:iu=%2F7646%2Fapp_android_us%2Fdb_display%2Fdetails%2Ftoday Pub Ad Call cnd Custm_Parameter Expect...]</name>
                    <title>Verifyied Feed:iu=%2F7646%2Fapp_android_us%2Fdb_display%2Fdetails%2Ftoday Pub Ad Call cnd Custm_Parameter Expected value...</title>
                    <attachments/>
                    <steps/>
                </step>
                <step start="1589053457681" stop="1589053457681" status="passed">
                    <name>logStep[Verifyied Feed:iu=%2F7646%2Fapp_android_us%2Fdb_display%2Fdetails%2Fhourly Pub Ad Call cnd Custm_Parameter Expec...]</name>
                    <title>Verifyied Feed:iu=%2F7646%2Fapp_android_us%2Fdb_display%2Fdetails%2Fhourly Pub Ad Call cnd Custm_Parameter Expected valu...</title>
                    <attachments/>
                    <steps/>
                </step>
                <step start="1589053458055" stop="1589053458055" status="passed">
                    <name>logStep[Verifyied Feed:iu=%2F7646%2Fapp_android_us%2Fdb_display%2Fdetails%2F10day Pub Ad Call cnd Custm_Parameter Expect...]</name>
                    <title>Verifyied Feed:iu=%2F7646%2Fapp_android_us%2Fdb_display%2Fdetails%2F10day Pub Ad Call cnd Custm_Parameter Expected value...</title>
                    <attachments/>
                    <steps/>
                </step>
            </steps>
            <attachments/>
            <labels>
                <label name="testSuite" value="Default suite"/>
                <label name="testGroup" value="Default test"/>
                <label name="testClass" value="twc.Regression.TestCases.regressionTestCases"/>
                <label name="testMethod" value="C333216_Verify_cust_param_cnd"/>
                <label name="host" value="Aswinikumars-MacBook-Pro.local"/>
                <label name="thread" value="1783@Aswinikumars-MacBook-Pro.local.main(1)"/>
            </labels>
        </test-case>
        <test-case start="1589053452322" stop="1589053458217" status="passed">
            <name>C333216_Verify_cust_param_cnd</name>
            <title>Verify custom parameter cnd</title>
            <steps>
                <step start="1589053452844" stop="1589053452845" status="passed">
                    <name>logStep[Verifyied Feed:iu=%2F7646%2Fapp_android_us%2Fdb_display%2Fhome_screen%2Fhourly Pub Ad Call cnd Custm_Parameter E...]</name>
                    <title>Verifyied Feed:iu=%2F7646%2Fapp_android_us%2Fdb_display%2Fhome_screen%2Fhourly Pub Ad Call cnd Custm_Parameter Expected ...</title>
                    <attachments/>
                    <steps/>
                </step>
                <step start="1589053453346" stop="1589053453346" status="passed">
                    <name>logStep[Verifyied Feed:iu=%2F7646%2Fapp_android_us%2Fdb_display%2Fhome_screen%2Fmarquee Pub Ad Call cnd Custm_Parameter ...]</name>
                    <title>Verifyied Feed:iu=%2F7646%2Fapp_android_us%2Fdb_display%2Fhome_screen%2Fmarquee Pub Ad Call cnd Custm_Parameter Expected...</title>
                    <attachments/>
                    <steps/>
                </step>
                <step start="1589053454347" stop="1589053454347" status="passed">
                    <name>logStep[Verifyied Feed:iu=%2F7646%2Fapp_android_us%2Fdb_display%2Fcard%2Fradar Pub Ad Call cnd Custm_Parameter Expected ...]</name>
                    <title>Verifyied Feed:iu=%2F7646%2Fapp_android_us%2Fdb_display%2Fcard%2Fradar Pub Ad Call cnd Custm_Parameter Expected value pr...</title>
                    <attachments/>
                    <steps/>
                </step>
                <step start="1589053455138" stop="1589053455138" status="passed">
                    <name>logStep[Verifyied Feed:iu=%2F7646%2Fapp_android_us%2Fdb_display%2Fcard%2Flifestyle Pub Ad Call cnd Custm_Parameter Expec...]</name>
                    <title>Verifyied Feed:iu=%2F7646%2Fapp_android_us%2Fdb_display%2Fcard%2Flifestyle Pub Ad Call cnd Custm_Parameter Expected valu...</title>
                    <attachments/>
                    <steps/>
                </step>
                <step start="1589053455516" stop="1589053455516" status="passed">
                    <name>logStep[Verifyied Feed:iu=%2F7646%2Fapp_android_us%2Fdb_display%2Fcard%2Fseason Pub Ad Call cnd Custm_Parameter Expected...]</name>
                    <title>Verifyied Feed:iu=%2F7646%2Fapp_android_us%2Fdb_display%2Fcard%2Fseason Pub Ad Call cnd Custm_Parameter Expected value p...</title>
                    <attachments/>
                    <steps/>
                </step>
                <step start="1589053455795" stop="1589053455795" status="passed">
                    <name>logStep[Verifyied Feed:iu=%2F7646%2Fapp_android_us%2Fdb_display%2Fcard%2Faq Pub Ad Call cnd Custm_Parameter Expected val...]</name>
                    <title>Verifyied Feed:iu=%2F7646%2Fapp_android_us%2Fdb_display%2Fcard%2Faq Pub Ad Call cnd Custm_Parameter Expected value prese...</title>
                    <attachments/>
                    <steps/>
                </step>
                <step start="1589053456640" stop="1589053456640" status="passed">
                    <name>logStep[Verifyied Feed:iu=%2F7646%2Fapp_android_us%2Fdb_display%2Fdetails%2Fmaps Pub Ad Call cnd Custm_Parameter Expecte...]</name>
                    <title>Verifyied Feed:iu=%2F7646%2Fapp_android_us%2Fdb_display%2Fdetails%2Fmaps Pub Ad Call cnd Custm_Parameter Expected value ...</title>
                    <attachments/>
                    <steps/>
                </step>
                <step start="1589053457410" stop="1589053457410" status="passed">
                    <name>logStep[Verifyied Feed:iu=%2F7646%2Fapp_android_us%2Fdb_display%2Fdetails%2Ftoday Pub Ad Call cnd Custm_Parameter Expect...]</name>
                    <title>Verifyied Feed:iu=%2F7646%2Fapp_android_us%2Fdb_display%2Fdetails%2Ftoday Pub Ad Call cnd Custm_Parameter Expected value...</title>
                    <attachments/>
                    <steps/>
                </step>
                <step start="1589053457681" stop="1589053457681" status="passed">
                    <name>logStep[Verifyied Feed:iu=%2F7646%2Fapp_android_us%2Fdb_display%2Fdetails%2Fhourly Pub Ad Call cnd Custm_Parameter Expec...]</name>
                    <title>Verifyied Feed:iu=%2F7646%2Fapp_android_us%2Fdb_display%2Fdetails%2Fhourly Pub Ad Call cnd Custm_Parameter Expected valu...</title>
                    <attachments/>
                    <steps/>
                </step>
                <step start="1589053458055" stop="1589053458055" status="passed">
                    <name>logStep[Verifyied Feed:iu=%2F7646%2Fapp_android_us%2Fdb_display%2Fdetails%2F10day Pub Ad Call cnd Custm_Parameter Expect...]</name>
                    <title>Verifyied Feed:iu=%2F7646%2Fapp_android_us%2Fdb_display%2Fdetails%2F10day Pub Ad Call cnd Custm_Parameter Expected value...</title>
                    <attachments/>
                    <steps/>
                </step>
            </steps>
            <attachments/>
            <labels>
                <label name="testSuite" value="Default suite"/>
                <label name="testGroup" value="Default test"/>
                <label name="testClass" value="twc.Regression.TestCases.regressionTestCases"/>
                <label name="testMethod" value="C333216_Verify_cust_param_cnd"/>
                <label name="host" value="Aswinikumars-MacBook-Pro.local"/>
                <label name="thread" value="1783@Aswinikumars-MacBook-Pro.local.main(1)"/>
            </labels>
        </test-case>
        <test-case start="1589053458223" stop="1589053458434" status="broken">
            <name>C333202_Verify_cust_param_zip</name>
            <title>Verify custom parameter zip</title>
            <failure>
                <message>NullPointerException: null</message>
                <stack-trace>java.lang.NullPointerException
	at twc.Regression.TestCases.Custom_Parameters_Verification.parameters_Verification(Custom_Parameters_Verification.java:430)
	at twc.Regression.TestCases.regressionTestCases.C333202_Verify_cust_param_zip(regressionTestCases.java:37)
	at sun.reflect.NativeMethodAccessorImpl.invoke0(Native Method)
	at sun.reflect.NativeMethodAccessorImpl.invoke(NativeMethodAccessorImpl.java:62)
	at sun.reflect.DelegatingMethodAccessorImpl.invoke(DelegatingMethodAccessorImpl.java:43)
	at java.lang.reflect.Method.invoke(Method.java:498)
	at org.testng.internal.MethodInvocationHelper.invokeMethod(MethodInvocationHelper.java:85)
	at org.testng.internal.Invoker.invokeMethod(Invoker.java:659)
	at org.testng.internal.Invoker.invokeTestMethod(Invoker.java:845)
	at org.testng.internal.Invoker.invokeTestMethods(Invoker.java:1153)
	at org.testng.internal.TestMethodWorker.invokeTestMethods(TestMethodWorker.java:125)
	at org.testng.internal.TestMethodWorker.run(TestMethodWorker.java:108)
	at org.testng.TestRunner.privateRun(TestRunner.java:771)
	at org.testng.TestRunner.run(TestRunner.java:621)
	at org.testng.SuiteRunner.runTest(SuiteRunner.java:357)
	at org.testng.SuiteRunner.runSequentially(SuiteRunner.java:352)
	at org.testng.SuiteRunner.privateRun(SuiteRunner.java:310)
	at org.testng.SuiteRunner.run(SuiteRunner.java:259)
	at org.testng.SuiteRunnerWorker.runSuite(SuiteRunnerWorker.java:52)
	at org.testng.SuiteRunnerWorker.run(SuiteRunnerWorker.java:86)
	at org.testng.TestNG.runSuitesSequentially(TestNG.java:1199)
	at org.testng.TestNG.runSuitesLocally(TestNG.java:1124)
	at org.testng.TestNG.run(TestNG.java:1032)
	at org.testng.remote.AbstractRemoteTestNG.run(AbstractRemoteTestNG.java:115)
	at org.testng.remote.RemoteTestNG.initAndRun(RemoteTestNG.java:251)
	at org.testng.remote.RemoteTestNG.main(RemoteTestNG.java:77)
</stack-trace>
            </failure>
            <steps>
                <step start="1589053458379" stop="1589053458379" status="passed">
                    <name>logStep[Verifyied Feed:0 Pub Ad Call zip Custm_Parameter Expected value presented]</name>
                    <title>Verifyied Feed:0 Pub Ad Call zip Custm_Parameter Expected value presented</title>
                </step>
            </steps>
            <attachments/>
            <labels>
                <label name="testSuite" value="Default suite"/>
                <label name="testGroup" value="Default test"/>
                <label name="testClass" value="twc.Regression.TestCases.regressionTestCases"/>
                <label name="testMethod" value="C333202_Verify_cust_param_zip"/>
                <label name="host" value="Aswinikumars-MacBook-Pro.local"/>
                <label name="thread" value="1783@Aswinikumars-MacBook-Pro.local.main(1)"/>
            </labels>
        </test-case>
        <test-case start="1589053458223" stop="1589053458434" status="broken">
            <name>C333202_Verify_cust_param_zip</name>
            <title>Verify custom parameter zip</title>
            <failure>
                <message>NullPointerException: null</message>
                <stack-trace>java.lang.NullPointerException
	at twc.Regression.TestCases.Custom_Parameters_Verification.parameters_Verification(Custom_Parameters_Verification.java:430)
	at twc.Regression.TestCases.regressionTestCases.C333202_Verify_cust_param_zip(regressionTestCases.java:37)
	at sun.reflect.NativeMethodAccessorImpl.invoke0(Native Method)
	at sun.reflect.NativeMethodAccessorImpl.invoke(NativeMethodAccessorImpl.java:62)
	at sun.reflect.DelegatingMethodAccessorImpl.invoke(DelegatingMethodAccessorImpl.java:43)
	at java.lang.reflect.Method.invoke(Method.java:498)
	at org.testng.internal.MethodInvocationHelper.invokeMethod(MethodInvocationHelper.java:85)
	at org.testng.internal.Invoker.invokeMethod(Invoker.java:659)
	at org.testng.internal.Invoker.invokeTestMethod(Invoker.java:845)
	at org.testng.internal.Invoker.invokeTestMethods(Invoker.java:1153)
	at org.testng.internal.TestMethodWorker.invokeTestMethods(TestMethodWorker.java:125)
	at org.testng.internal.TestMethodWorker.run(TestMethodWorker.java:108)
	at org.testng.TestRunner.privateRun(TestRunner.java:771)
	at org.testng.TestRunner.run(TestRunner.java:621)
	at org.testng.SuiteRunner.runTest(SuiteRunner.java:357)
	at org.testng.SuiteRunner.runSequentially(SuiteRunner.java:352)
	at org.testng.SuiteRunner.privateRun(SuiteRunner.java:310)
	at org.testng.SuiteRunner.run(SuiteRunner.java:259)
	at org.testng.SuiteRunnerWorker.runSuite(SuiteRunnerWorker.java:52)
	at org.testng.SuiteRunnerWorker.run(SuiteRunnerWorker.java:86)
	at org.testng.TestNG.runSuitesSequentially(TestNG.java:1199)
	at org.testng.TestNG.runSuitesLocally(TestNG.java:1124)
	at org.testng.TestNG.run(TestNG.java:1032)
	at org.testng.remote.AbstractRemoteTestNG.run(AbstractRemoteTestNG.java:115)
	at org.testng.remote.RemoteTestNG.initAndRun(RemoteTestNG.java:251)
	at org.testng.remote.RemoteTestNG.main(RemoteTestNG.java:77)
</stack-trace>
            </failure>
            <steps>
                <step start="1589053458379" stop="1589053458379" status="passed">
                    <name>logStep[Verifyied Feed:0 Pub Ad Call zip Custm_Parameter Expected value presented]</name>
                    <title>Verifyied Feed:0 Pub Ad Call zip Custm_Parameter Expected value presented</title>
                </step>
            </steps>
            <attachments/>
            <labels>
                <label name="testSuite" value="Default suite"/>
                <label name="testGroup" value="Default test"/>
                <label name="testClass" value="twc.Regression.TestCases.regressionTestCases"/>
                <label name="testMethod" value="C333202_Verify_cust_param_zip"/>
                <label name="host" value="Aswinikumars-MacBook-Pro.local"/>
                <label name="thread" value="1783@Aswinikumars-MacBook-Pro.local.main(1)"/>
            </labels>
        </test-case>
        <test-case start="1589053458438" stop="1589053459548" status="broken">
            <name>C658712_Verify_cust_param_plat</name>
            <title>Verify custom parameter plat</title>
            <failure>
                <message>Test was interrupted</message>
            </failure>
            <labels>
                <label name="testSuite" value="Default suite"/>
                <label name="testGroup" value="Default test"/>
                <label name="testClass" value="twc.Regression.TestCases.regressionTestCases"/>
                <label name="testMethod" value="C658712_Verify_cust_param_plat"/>
                <label name="host" value="Aswinikumars-MacBook-Pro.local"/>
                <label name="thread" value="1783@Aswinikumars-MacBook-Pro.local.main(1)"/>
            </labels>
        </test-case>
        <test-case start="1589053458438" stop="1589053459548" status="broken">
            <name>C658712_Verify_cust_param_plat</name>
            <title>Verify custom parameter plat</title>
            <failure>
                <message>Test was interrupted</message>
            </failure>
            <labels>
                <label name="testSuite" value="Default suite"/>
                <label name="testGroup" value="Default test"/>
                <label name="testClass" value="twc.Regression.TestCases.regressionTestCases"/>
                <label name="testMethod" value="C658712_Verify_cust_param_plat"/>
                <label name="host" value="Aswinikumars-MacBook-Pro.local"/>
                <label name="thread" value="1783@Aswinikumars-MacBook-Pro.local.main(1)"/>
            </labels>
        </test-case>
        <test-case start="1589053452102" stop="1589053459548" status="broken">
            <name>Default suite : Default test</name>
            <title>Default suite : Default test</title>
            <failure>
                <message>Test suite was interrupted, some test cases may be lost</message>
            </failure>
        </test-case>
    </test-cases>
    <labels>
        <label name="framework" value="TestNG"/>
        <label name="language" value="JAVA"/>
    </labels>
</ns2:test-suite>
