<?xml version="1.0" encoding="UTF-8" standalone="yes"?>
<ns2:test-suite start="1589048640152" stop="1589048655075" version="1.5.4" xmlns:ns2="urn:model.allure.qatools.yandex.ru">
    <name>Default suite : Default test</name>
    <title>Default suite : Default test</title>
    <test-cases>
        <test-case start="1589048640229" stop="1589048645716" status="passed">
            <name>C333216_Verify_cust_param_cnd</name>
            <title>Verify custom parameter cnd</title>
            <steps>
                <step start="1589048640703" stop="1589048640705" status="passed">
                    <name>logStep[Verifyied Feed:iu=%2F7646%2Fapp_android_us%2Fdb_display%2Fhome_screen%2Fhourly Pub Ad Call cnd Custm_Parameter E...]</name>
                    <title>Verifyied Feed:iu=%2F7646%2Fapp_android_us%2Fdb_display%2Fhome_screen%2Fhourly Pub Ad Call cnd Custm_Parameter Expected ...</title>
                    <attachments/>
                    <steps/>
                </step>
                <step start="1589048641129" stop="1589048641129" status="passed">
                    <name>logStep[Verifyied Feed:iu=%2F7646%2Fapp_android_us%2Fdb_display%2Fhome_screen%2Fmarquee Pub Ad Call cnd Custm_Parameter ...]</name>
                    <title>Verifyied Feed:iu=%2F7646%2Fapp_android_us%2Fdb_display%2Fhome_screen%2Fmarquee Pub Ad Call cnd Custm_Parameter Expected...</title>
                    <attachments/>
                    <steps/>
                </step>
                <step start="1589048642066" stop="1589048642066" status="passed">
                    <name>logStep[Verifyied Feed:iu=%2F7646%2Fapp_android_us%2Fdb_display%2Fcard%2Fradar Pub Ad Call cnd Custm_Parameter Expected ...]</name>
                    <title>Verifyied Feed:iu=%2F7646%2Fapp_android_us%2Fdb_display%2Fcard%2Fradar Pub Ad Call cnd Custm_Parameter Expected value pr...</title>
                    <attachments/>
                    <steps/>
                </step>
                <step start="1589048642829" stop="1589048642829" status="passed">
                    <name>logStep[Verifyied Feed:iu=%2F7646%2Fapp_android_us%2Fdb_display%2Fcard%2Flifestyle Pub Ad Call cnd Custm_Parameter Expec...]</name>
                    <title>Verifyied Feed:iu=%2F7646%2Fapp_android_us%2Fdb_display%2Fcard%2Flifestyle Pub Ad Call cnd Custm_Parameter Expected valu...</title>
                    <attachments/>
                    <steps/>
                </step>
                <step start="1589048643142" stop="1589048643142" status="passed">
                    <name>logStep[Verifyied Feed:iu=%2F7646%2Fapp_android_us%2Fdb_display%2Fcard%2Fseason Pub Ad Call cnd Custm_Parameter Expected...]</name>
                    <title>Verifyied Feed:iu=%2F7646%2Fapp_android_us%2Fdb_display%2Fcard%2Fseason Pub Ad Call cnd Custm_Parameter Expected value p...</title>
                    <attachments/>
                    <steps/>
                </step>
                <step start="1589048643422" stop="1589048643422" status="passed">
                    <name>logStep[Verifyied Feed:iu=%2F7646%2Fapp_android_us%2Fdb_display%2Fcard%2Faq Pub Ad Call cnd Custm_Parameter Expected val...]</name>
                    <title>Verifyied Feed:iu=%2F7646%2Fapp_android_us%2Fdb_display%2Fcard%2Faq Pub Ad Call cnd Custm_Parameter Expected value prese...</title>
                    <attachments/>
                    <steps/>
                </step>
                <step start="1589048644221" stop="1589048644221" status="passed">
                    <name>logStep[Verifyied Feed:iu=%2F7646%2Fapp_android_us%2Fdb_display%2Fdetails%2Fmaps Pub Ad Call cnd Custm_Parameter Expecte...]</name>
                    <title>Verifyied Feed:iu=%2F7646%2Fapp_android_us%2Fdb_display%2Fdetails%2Fmaps Pub Ad Call cnd Custm_Parameter Expected value ...</title>
                    <attachments/>
                    <steps/>
                </step>
                <step start="1589048644983" stop="1589048644983" status="passed">
                    <name>logStep[Verifyied Feed:iu=%2F7646%2Fapp_android_us%2Fdb_display%2Fdetails%2Ftoday Pub Ad Call cnd Custm_Parameter Expect...]</name>
                    <title>Verifyied Feed:iu=%2F7646%2Fapp_android_us%2Fdb_display%2Fdetails%2Ftoday Pub Ad Call cnd Custm_Parameter Expected value...</title>
                    <attachments/>
                    <steps/>
                </step>
                <step start="1589048645198" stop="1589048645198" status="passed">
                    <name>logStep[Verifyied Feed:iu=%2F7646%2Fapp_android_us%2Fdb_display%2Fdetails%2Fhourly Pub Ad Call cnd Custm_Parameter Expec...]</name>
                    <title>Verifyied Feed:iu=%2F7646%2Fapp_android_us%2Fdb_display%2Fdetails%2Fhourly Pub Ad Call cnd Custm_Parameter Expected valu...</title>
                    <attachments/>
                    <steps/>
                </step>
                <step start="1589048645556" stop="1589048645556" status="passed">
                    <name>logStep[Verifyied Feed:iu=%2F7646%2Fapp_android_us%2Fdb_display%2Fdetails%2F10day Pub Ad Call cnd Custm_Parameter Expect...]</name>
                    <title>Verifyied Feed:iu=%2F7646%2Fapp_android_us%2Fdb_display%2Fdetails%2F10day Pub Ad Call cnd Custm_Parameter Expected value...</title>
                    <attachments/>
                    <steps/>
                </step>
            </steps>
            <attachments/>
            <labels>
                <label name="testSuite" value="Default suite"/>
                <label name="testGroup" value="Default test"/>
                <label name="testClass" value="twc.Regression.TestCases.regressionTestCases"/>
                <label name="testMethod" value="C333216_Verify_cust_param_cnd"/>
                <label name="host" value="Aswinikumars-MacBook-Pro.local"/>
                <label name="thread" value="1414@Aswinikumars-MacBook-Pro.local.main(1)"/>
            </labels>
        </test-case>
        <test-case start="1589048640229" stop="1589048645716" status="passed">
            <name>C333216_Verify_cust_param_cnd</name>
            <title>Verify custom parameter cnd</title>
            <steps>
                <step start="1589048640703" stop="1589048640705" status="passed">
                    <name>logStep[Verifyied Feed:iu=%2F7646%2Fapp_android_us%2Fdb_display%2Fhome_screen%2Fhourly Pub Ad Call cnd Custm_Parameter E...]</name>
                    <title>Verifyied Feed:iu=%2F7646%2Fapp_android_us%2Fdb_display%2Fhome_screen%2Fhourly Pub Ad Call cnd Custm_Parameter Expected ...</title>
                    <attachments/>
                    <steps/>
                </step>
                <step start="1589048641129" stop="1589048641129" status="passed">
                    <name>logStep[Verifyied Feed:iu=%2F7646%2Fapp_android_us%2Fdb_display%2Fhome_screen%2Fmarquee Pub Ad Call cnd Custm_Parameter ...]</name>
                    <title>Verifyied Feed:iu=%2F7646%2Fapp_android_us%2Fdb_display%2Fhome_screen%2Fmarquee Pub Ad Call cnd Custm_Parameter Expected...</title>
                    <attachments/>
                    <steps/>
                </step>
                <step start="1589048642066" stop="1589048642066" status="passed">
                    <name>logStep[Verifyied Feed:iu=%2F7646%2Fapp_android_us%2Fdb_display%2Fcard%2Fradar Pub Ad Call cnd Custm_Parameter Expected ...]</name>
                    <title>Verifyied Feed:iu=%2F7646%2Fapp_android_us%2Fdb_display%2Fcard%2Fradar Pub Ad Call cnd Custm_Parameter Expected value pr...</title>
                    <attachments/>
                    <steps/>
                </step>
                <step start="1589048642829" stop="1589048642829" status="passed">
                    <name>logStep[Verifyied Feed:iu=%2F7646%2Fapp_android_us%2Fdb_display%2Fcard%2Flifestyle Pub Ad Call cnd Custm_Parameter Expec...]</name>
                    <title>Verifyied Feed:iu=%2F7646%2Fapp_android_us%2Fdb_display%2Fcard%2Flifestyle Pub Ad Call cnd Custm_Parameter Expected valu...</title>
                    <attachments/>
                    <steps/>
                </step>
                <step start="1589048643142" stop="1589048643142" status="passed">
                    <name>logStep[Verifyied Feed:iu=%2F7646%2Fapp_android_us%2Fdb_display%2Fcard%2Fseason Pub Ad Call cnd Custm_Parameter Expected...]</name>
                    <title>Verifyied Feed:iu=%2F7646%2Fapp_android_us%2Fdb_display%2Fcard%2Fseason Pub Ad Call cnd Custm_Parameter Expected value p...</title>
                    <attachments/>
                    <steps/>
                </step>
                <step start="1589048643422" stop="1589048643422" status="passed">
                    <name>logStep[Verifyied Feed:iu=%2F7646%2Fapp_android_us%2Fdb_display%2Fcard%2Faq Pub Ad Call cnd Custm_Parameter Expected val...]</name>
                    <title>Verifyied Feed:iu=%2F7646%2Fapp_android_us%2Fdb_display%2Fcard%2Faq Pub Ad Call cnd Custm_Parameter Expected value prese...</title>
                    <attachments/>
                    <steps/>
                </step>
                <step start="1589048644221" stop="1589048644221" status="passed">
                    <name>logStep[Verifyied Feed:iu=%2F7646%2Fapp_android_us%2Fdb_display%2Fdetails%2Fmaps Pub Ad Call cnd Custm_Parameter Expecte...]</name>
                    <title>Verifyied Feed:iu=%2F7646%2Fapp_android_us%2Fdb_display%2Fdetails%2Fmaps Pub Ad Call cnd Custm_Parameter Expected value ...</title>
                    <attachments/>
                    <steps/>
                </step>
                <step start="1589048644983" stop="1589048644983" status="passed">
                    <name>logStep[Verifyied Feed:iu=%2F7646%2Fapp_android_us%2Fdb_display%2Fdetails%2Ftoday Pub Ad Call cnd Custm_Parameter Expect...]</name>
                    <title>Verifyied Feed:iu=%2F7646%2Fapp_android_us%2Fdb_display%2Fdetails%2Ftoday Pub Ad Call cnd Custm_Parameter Expected value...</title>
                    <attachments/>
                    <steps/>
                </step>
                <step start="1589048645198" stop="1589048645198" status="passed">
                    <name>logStep[Verifyied Feed:iu=%2F7646%2Fapp_android_us%2Fdb_display%2Fdetails%2Fhourly Pub Ad Call cnd Custm_Parameter Expec...]</name>
                    <title>Verifyied Feed:iu=%2F7646%2Fapp_android_us%2Fdb_display%2Fdetails%2Fhourly Pub Ad Call cnd Custm_Parameter Expected valu...</title>
                    <attachments/>
                    <steps/>
                </step>
                <step start="1589048645556" stop="1589048645556" status="passed">
                    <name>logStep[Verifyied Feed:iu=%2F7646%2Fapp_android_us%2Fdb_display%2Fdetails%2F10day Pub Ad Call cnd Custm_Parameter Expect...]</name>
                    <title>Verifyied Feed:iu=%2F7646%2Fapp_android_us%2Fdb_display%2Fdetails%2F10day Pub Ad Call cnd Custm_Parameter Expected value...</title>
                    <attachments/>
                    <steps/>
                </step>
            </steps>
            <attachments/>
            <labels>
                <label name="testSuite" value="Default suite"/>
                <label name="testGroup" value="Default test"/>
                <label name="testClass" value="twc.Regression.TestCases.regressionTestCases"/>
                <label name="testMethod" value="C333216_Verify_cust_param_cnd"/>
                <label name="host" value="Aswinikumars-MacBook-Pro.local"/>
                <label name="thread" value="1414@Aswinikumars-MacBook-Pro.local.main(1)"/>
            </labels>
        </test-case>
        <test-case start="1589048645722" stop="1589048648792" status="passed">
            <name>C333202_Verify_cust_param_zip</name>
            <title>Verify custom parameter zip</title>
            <steps>
                <step start="1589048645872" stop="1589048645872" status="passed">
                    <name>logStep[Verifyied Feed:0 Pub Ad Call zip Custm_Parameter Expected value presented]</name>
                    <title>Verifyied Feed:0 Pub Ad Call zip Custm_Parameter Expected value presented</title>
                    <attachments/>
                    <steps/>
                </step>
                <step start="1589048645971" stop="1589048645971" status="passed">
                    <name>logStep[Verifyied Feed:1 Pub Ad Call zip Custm_Parameter Expected value presented]</name>
                    <title>Verifyied Feed:1 Pub Ad Call zip Custm_Parameter Expected value presented</title>
                    <attachments/>
                    <steps/>
                </step>
                <step start="1589048646593" stop="1589048646593" status="passed">
                    <name>logStep[Verifyied Feed:2 Pub Ad Call zip Custm_Parameter Expected value presented]</name>
                    <title>Verifyied Feed:2 Pub Ad Call zip Custm_Parameter Expected value presented</title>
                    <attachments/>
                    <steps/>
                </step>
                <step start="1589048647144" stop="1589048647144" status="passed">
                    <name>logStep[Verifyied Feed:3 Pub Ad Call zip Custm_Parameter Expected value presented]</name>
                    <title>Verifyied Feed:3 Pub Ad Call zip Custm_Parameter Expected value presented</title>
                    <attachments/>
                    <steps/>
                </step>
                <step start="1589048647260" stop="1589048647260" status="passed">
                    <name>logStep[Verifyied Feed:4 Pub Ad Call zip Custm_Parameter Expected value presented]</name>
                    <title>Verifyied Feed:4 Pub Ad Call zip Custm_Parameter Expected value presented</title>
                    <attachments/>
                    <steps/>
                </step>
                <step start="1589048647369" stop="1589048647369" status="passed">
                    <name>logStep[Verifyied Feed:5 Pub Ad Call zip Custm_Parameter Expected value presented]</name>
                    <title>Verifyied Feed:5 Pub Ad Call zip Custm_Parameter Expected value presented</title>
                    <attachments/>
                    <steps/>
                </step>
                <step start="1589048648036" stop="1589048648036" status="passed">
                    <name>logStep[Verifyied Feed:0 Pub Ad Call zip Custm_Parameter Expected value presented]</name>
                    <title>Verifyied Feed:0 Pub Ad Call zip Custm_Parameter Expected value presented</title>
                    <attachments/>
                    <steps/>
                </step>
                <step start="1589048648630" stop="1589048648630" status="passed">
                    <name>logStep[Verifyied Feed:1 Pub Ad Call zip Custm_Parameter Expected value presented]</name>
                    <title>Verifyied Feed:1 Pub Ad Call zip Custm_Parameter Expected value presented</title>
                    <attachments/>
                    <steps/>
                </step>
                <step start="1589048648717" stop="1589048648717" status="passed">
                    <name>logStep[Verifyied Feed:2 Pub Ad Call zip Custm_Parameter Expected value presented]</name>
                    <title>Verifyied Feed:2 Pub Ad Call zip Custm_Parameter Expected value presented</title>
                    <attachments/>
                    <steps/>
                </step>
                <step start="1589048648769" stop="1589048648769" status="passed">
                    <name>logStep[Verifyied Feed:3 Pub Ad Call zip Custm_Parameter Expected value presented]</name>
                    <title>Verifyied Feed:3 Pub Ad Call zip Custm_Parameter Expected value presented</title>
                    <attachments/>
                    <steps/>
                </step>
            </steps>
            <attachments/>
            <labels>
                <label name="testSuite" value="Default suite"/>
                <label name="testGroup" value="Default test"/>
                <label name="testClass" value="twc.Regression.TestCases.regressionTestCases"/>
                <label name="testMethod" value="C333202_Verify_cust_param_zip"/>
                <label name="host" value="Aswinikumars-MacBook-Pro.local"/>
                <label name="thread" value="1414@Aswinikumars-MacBook-Pro.local.main(1)"/>
            </labels>
        </test-case>
        <test-case start="1589048645722" stop="1589048648792" status="passed">
            <name>C333202_Verify_cust_param_zip</name>
            <title>Verify custom parameter zip</title>
            <steps>
                <step start="1589048645872" stop="1589048645872" status="passed">
                    <name>logStep[Verifyied Feed:0 Pub Ad Call zip Custm_Parameter Expected value presented]</name>
                    <title>Verifyied Feed:0 Pub Ad Call zip Custm_Parameter Expected value presented</title>
                    <attachments/>
                    <steps/>
                </step>
                <step start="1589048645971" stop="1589048645971" status="passed">
                    <name>logStep[Verifyied Feed:1 Pub Ad Call zip Custm_Parameter Expected value presented]</name>
                    <title>Verifyied Feed:1 Pub Ad Call zip Custm_Parameter Expected value presented</title>
                    <attachments/>
                    <steps/>
                </step>
                <step start="1589048646593" stop="1589048646593" status="passed">
                    <name>logStep[Verifyied Feed:2 Pub Ad Call zip Custm_Parameter Expected value presented]</name>
                    <title>Verifyied Feed:2 Pub Ad Call zip Custm_Parameter Expected value presented</title>
                    <attachments/>
                    <steps/>
                </step>
                <step start="1589048647144" stop="1589048647144" status="passed">
                    <name>logStep[Verifyied Feed:3 Pub Ad Call zip Custm_Parameter Expected value presented]</name>
                    <title>Verifyied Feed:3 Pub Ad Call zip Custm_Parameter Expected value presented</title>
                    <attachments/>
                    <steps/>
                </step>
                <step start="1589048647260" stop="1589048647260" status="passed">
                    <name>logStep[Verifyied Feed:4 Pub Ad Call zip Custm_Parameter Expected value presented]</name>
                    <title>Verifyied Feed:4 Pub Ad Call zip Custm_Parameter Expected value presented</title>
                    <attachments/>
                    <steps/>
                </step>
                <step start="1589048647369" stop="1589048647369" status="passed">
                    <name>logStep[Verifyied Feed:5 Pub Ad Call zip Custm_Parameter Expected value presented]</name>
                    <title>Verifyied Feed:5 Pub Ad Call zip Custm_Parameter Expected value presented</title>
                    <attachments/>
                    <steps/>
                </step>
                <step start="1589048648036" stop="1589048648036" status="passed">
                    <name>logStep[Verifyied Feed:0 Pub Ad Call zip Custm_Parameter Expected value presented]</name>
                    <title>Verifyied Feed:0 Pub Ad Call zip Custm_Parameter Expected value presented</title>
                    <attachments/>
                    <steps/>
                </step>
                <step start="1589048648630" stop="1589048648630" status="passed">
                    <name>logStep[Verifyied Feed:1 Pub Ad Call zip Custm_Parameter Expected value presented]</name>
                    <title>Verifyied Feed:1 Pub Ad Call zip Custm_Parameter Expected value presented</title>
                    <attachments/>
                    <steps/>
                </step>
                <step start="1589048648717" stop="1589048648717" status="passed">
                    <name>logStep[Verifyied Feed:2 Pub Ad Call zip Custm_Parameter Expected value presented]</name>
                    <title>Verifyied Feed:2 Pub Ad Call zip Custm_Parameter Expected value presented</title>
                    <attachments/>
                    <steps/>
                </step>
                <step start="1589048648769" stop="1589048648769" status="passed">
                    <name>logStep[Verifyied Feed:3 Pub Ad Call zip Custm_Parameter Expected value presented]</name>
                    <title>Verifyied Feed:3 Pub Ad Call zip Custm_Parameter Expected value presented</title>
                    <attachments/>
                    <steps/>
                </step>
            </steps>
            <attachments/>
            <labels>
                <label name="testSuite" value="Default suite"/>
                <label name="testGroup" value="Default test"/>
                <label name="testClass" value="twc.Regression.TestCases.regressionTestCases"/>
                <label name="testMethod" value="C333202_Verify_cust_param_zip"/>
                <label name="host" value="Aswinikumars-MacBook-Pro.local"/>
                <label name="thread" value="1414@Aswinikumars-MacBook-Pro.local.main(1)"/>
            </labels>
        </test-case>
        <test-case start="1589048648796" stop="1589048649070" status="broken">
            <name>C333203_Verify_cust_param_dma</name>
            <title>Verify custom parameter dma</title>
            <failure>
                <message>StringIndexOutOfBoundsException: String index out of range: -1</message>
                <stack-trace>java.lang.StringIndexOutOfBoundsException: String index out of range: -1
	at java.lang.String.substring(String.java:1927)
	at twc.Regression.CustomParamValidation.CustomParamFunctions.get_dsx_call_value(CustomParamFunctions.java:704)
	at twc.Regression.CustomParamValidation.CustomParamFunctions.validate_dsx_results(CustomParamFunctions.java:289)
	at twc.Regression.TestCases.Custom_Parameters_Verification.parameters_Verification(Custom_Parameters_Verification.java:242)
	at twc.Regression.TestCases.regressionTestCases.C333203_Verify_cust_param_dma(regressionTestCases.java:61)
	at sun.reflect.NativeMethodAccessorImpl.invoke0(Native Method)
	at sun.reflect.NativeMethodAccessorImpl.invoke(NativeMethodAccessorImpl.java:62)
	at sun.reflect.DelegatingMethodAccessorImpl.invoke(DelegatingMethodAccessorImpl.java:43)
	at java.lang.reflect.Method.invoke(Method.java:498)
	at org.testng.internal.MethodInvocationHelper.invokeMethod(MethodInvocationHelper.java:85)
	at org.testng.internal.Invoker.invokeMethod(Invoker.java:659)
	at org.testng.internal.Invoker.invokeTestMethod(Invoker.java:845)
	at org.testng.internal.Invoker.invokeTestMethods(Invoker.java:1153)
	at org.testng.internal.TestMethodWorker.invokeTestMethods(TestMethodWorker.java:125)
	at org.testng.internal.TestMethodWorker.run(TestMethodWorker.java:108)
	at org.testng.TestRunner.privateRun(TestRunner.java:771)
	at org.testng.TestRunner.run(TestRunner.java:621)
	at org.testng.SuiteRunner.runTest(SuiteRunner.java:357)
	at org.testng.SuiteRunner.runSequentially(SuiteRunner.java:352)
	at org.testng.SuiteRunner.privateRun(SuiteRunner.java:310)
	at org.testng.SuiteRunner.run(SuiteRunner.java:259)
	at org.testng.SuiteRunnerWorker.runSuite(SuiteRunnerWorker.java:52)
	at org.testng.SuiteRunnerWorker.run(SuiteRunnerWorker.java:86)
	at org.testng.TestNG.runSuitesSequentially(TestNG.java:1199)
	at org.testng.TestNG.runSuitesLocally(TestNG.java:1124)
	at org.testng.TestNG.run(TestNG.java:1032)
	at org.testng.remote.AbstractRemoteTestNG.run(AbstractRemoteTestNG.java:115)
	at org.testng.remote.RemoteTestNG.initAndRun(RemoteTestNG.java:251)
	at org.testng.remote.RemoteTestNG.main(RemoteTestNG.java:77)
</stack-trace>
            </failure>
            <steps>
                <step start="1589048648992" stop="1589048648992" status="passed">
                    <name>logStep[Verifyied Feed:0 Pub Ad Call dma Custm_Parameter Expected value presented]</name>
                    <title>Verifyied Feed:0 Pub Ad Call dma Custm_Parameter Expected value presented</title>
                </step>
            </steps>
            <attachments/>
            <labels>
                <label name="testSuite" value="Default suite"/>
                <label name="testGroup" value="Default test"/>
                <label name="testClass" value="twc.Regression.TestCases.regressionTestCases"/>
                <label name="testMethod" value="C333203_Verify_cust_param_dma"/>
                <label name="host" value="Aswinikumars-MacBook-Pro.local"/>
                <label name="thread" value="1414@Aswinikumars-MacBook-Pro.local.main(1)"/>
            </labels>
        </test-case>
        <test-case start="1589048648796" stop="1589048649070" status="broken">
            <name>C333203_Verify_cust_param_dma</name>
            <title>Verify custom parameter dma</title>
            <failure>
                <message>StringIndexOutOfBoundsException: String index out of range: -1</message>
                <stack-trace>java.lang.StringIndexOutOfBoundsException: String index out of range: -1
	at java.lang.String.substring(String.java:1927)
	at twc.Regression.CustomParamValidation.CustomParamFunctions.get_dsx_call_value(CustomParamFunctions.java:704)
	at twc.Regression.CustomParamValidation.CustomParamFunctions.validate_dsx_results(CustomParamFunctions.java:289)
	at twc.Regression.TestCases.Custom_Parameters_Verification.parameters_Verification(Custom_Parameters_Verification.java:242)
	at twc.Regression.TestCases.regressionTestCases.C333203_Verify_cust_param_dma(regressionTestCases.java:61)
	at sun.reflect.NativeMethodAccessorImpl.invoke0(Native Method)
	at sun.reflect.NativeMethodAccessorImpl.invoke(NativeMethodAccessorImpl.java:62)
	at sun.reflect.DelegatingMethodAccessorImpl.invoke(DelegatingMethodAccessorImpl.java:43)
	at java.lang.reflect.Method.invoke(Method.java:498)
	at org.testng.internal.MethodInvocationHelper.invokeMethod(MethodInvocationHelper.java:85)
	at org.testng.internal.Invoker.invokeMethod(Invoker.java:659)
	at org.testng.internal.Invoker.invokeTestMethod(Invoker.java:845)
	at org.testng.internal.Invoker.invokeTestMethods(Invoker.java:1153)
	at org.testng.internal.TestMethodWorker.invokeTestMethods(TestMethodWorker.java:125)
	at org.testng.internal.TestMethodWorker.run(TestMethodWorker.java:108)
	at org.testng.TestRunner.privateRun(TestRunner.java:771)
	at org.testng.TestRunner.run(TestRunner.java:621)
	at org.testng.SuiteRunner.runTest(SuiteRunner.java:357)
	at org.testng.SuiteRunner.runSequentially(SuiteRunner.java:352)
	at org.testng.SuiteRunner.privateRun(SuiteRunner.java:310)
	at org.testng.SuiteRunner.run(SuiteRunner.java:259)
	at org.testng.SuiteRunnerWorker.runSuite(SuiteRunnerWorker.java:52)
	at org.testng.SuiteRunnerWorker.run(SuiteRunnerWorker.java:86)
	at org.testng.TestNG.runSuitesSequentially(TestNG.java:1199)
	at org.testng.TestNG.runSuitesLocally(TestNG.java:1124)
	at org.testng.TestNG.run(TestNG.java:1032)
	at org.testng.remote.AbstractRemoteTestNG.run(AbstractRemoteTestNG.java:115)
	at org.testng.remote.RemoteTestNG.initAndRun(RemoteTestNG.java:251)
	at org.testng.remote.RemoteTestNG.main(RemoteTestNG.java:77)
</stack-trace>
            </failure>
            <steps>
                <step start="1589048648992" stop="1589048648992" status="passed">
                    <name>logStep[Verifyied Feed:0 Pub Ad Call dma Custm_Parameter Expected value presented]</name>
                    <title>Verifyied Feed:0 Pub Ad Call dma Custm_Parameter Expected value presented</title>
                </step>
            </steps>
            <attachments/>
            <labels>
                <label name="testSuite" value="Default suite"/>
                <label name="testGroup" value="Default test"/>
                <label name="testClass" value="twc.Regression.TestCases.regressionTestCases"/>
                <label name="testMethod" value="C333203_Verify_cust_param_dma"/>
                <label name="host" value="Aswinikumars-MacBook-Pro.local"/>
                <label name="thread" value="1414@Aswinikumars-MacBook-Pro.local.main(1)"/>
            </labels>
        </test-case>
        <test-case start="1589048649073" stop="1589048652195" status="passed">
            <name>C333218_Verify_cust_param_pos</name>
            <title>Verify custom parameter pos</title>
            <steps>
                <step start="1589048649229" stop="1589048649229" status="passed">
                    <name>logStep[Verifyied Feed:0 Pub Ad Call pos Custm_Parameter Expected value presented]</name>
                    <title>Verifyied Feed:0 Pub Ad Call pos Custm_Parameter Expected value presented</title>
                    <attachments/>
                    <steps/>
                </step>
                <step start="1589048649335" stop="1589048649335" status="passed">
                    <name>logStep[Verifyied Feed:1 Pub Ad Call pos Custm_Parameter Expected value presented]</name>
                    <title>Verifyied Feed:1 Pub Ad Call pos Custm_Parameter Expected value presented</title>
                    <attachments/>
                    <steps/>
                </step>
                <step start="1589048649888" stop="1589048649888" status="passed">
                    <name>logStep[Verifyied Feed:2 Pub Ad Call pos Custm_Parameter Expected value presented]</name>
                    <title>Verifyied Feed:2 Pub Ad Call pos Custm_Parameter Expected value presented</title>
                    <attachments/>
                    <steps/>
                </step>
                <step start="1589048650459" stop="1589048650459" status="passed">
                    <name>logStep[Verifyied Feed:3 Pub Ad Call pos Custm_Parameter Expected value presented]</name>
                    <title>Verifyied Feed:3 Pub Ad Call pos Custm_Parameter Expected value presented</title>
                    <attachments/>
                    <steps/>
                </step>
                <step start="1589048650578" stop="1589048650578" status="passed">
                    <name>logStep[Verifyied Feed:4 Pub Ad Call pos Custm_Parameter Expected value presented]</name>
                    <title>Verifyied Feed:4 Pub Ad Call pos Custm_Parameter Expected value presented</title>
                    <attachments/>
                    <steps/>
                </step>
                <step start="1589048650693" stop="1589048650693" status="passed">
                    <name>logStep[Verifyied Feed:5 Pub Ad Call pos Custm_Parameter Expected value presented]</name>
                    <title>Verifyied Feed:5 Pub Ad Call pos Custm_Parameter Expected value presented</title>
                    <attachments/>
                    <steps/>
                </step>
                <step start="1589048651313" stop="1589048651313" status="passed">
                    <name>logStep[Verifyied Feed:0 Pub Ad Call pos Custm_Parameter Expected value presented]</name>
                    <title>Verifyied Feed:0 Pub Ad Call pos Custm_Parameter Expected value presented</title>
                    <attachments/>
                    <steps/>
                </step>
                <step start="1589048652002" stop="1589048652002" status="passed">
                    <name>logStep[Verifyied Feed:1 Pub Ad Call pos Custm_Parameter Expected value presented]</name>
                    <title>Verifyied Feed:1 Pub Ad Call pos Custm_Parameter Expected value presented</title>
                    <attachments/>
                    <steps/>
                </step>
                <step start="1589048652106" stop="1589048652106" status="passed">
                    <name>logStep[Verifyied Feed:2 Pub Ad Call pos Custm_Parameter Expected value presented]</name>
                    <title>Verifyied Feed:2 Pub Ad Call pos Custm_Parameter Expected value presented</title>
                    <attachments/>
                    <steps/>
                </step>
                <step start="1589048652172" stop="1589048652172" status="passed">
                    <name>logStep[Verifyied Feed:3 Pub Ad Call pos Custm_Parameter Expected value presented]</name>
                    <title>Verifyied Feed:3 Pub Ad Call pos Custm_Parameter Expected value presented</title>
                    <attachments/>
                    <steps/>
                </step>
            </steps>
            <attachments/>
            <labels>
                <label name="testSuite" value="Default suite"/>
                <label name="testGroup" value="Default test"/>
                <label name="testClass" value="twc.Regression.TestCases.regressionTestCases"/>
                <label name="testMethod" value="C333218_Verify_cust_param_pos"/>
                <label name="host" value="Aswinikumars-MacBook-Pro.local"/>
                <label name="thread" value="1414@Aswinikumars-MacBook-Pro.local.main(1)"/>
            </labels>
        </test-case>
        <test-case start="1589048649073" stop="1589048652195" status="passed">
            <name>C333218_Verify_cust_param_pos</name>
            <title>Verify custom parameter pos</title>
            <steps>
                <step start="1589048649229" stop="1589048649229" status="passed">
                    <name>logStep[Verifyied Feed:0 Pub Ad Call pos Custm_Parameter Expected value presented]</name>
                    <title>Verifyied Feed:0 Pub Ad Call pos Custm_Parameter Expected value presented</title>
                    <attachments/>
                    <steps/>
                </step>
                <step start="1589048649335" stop="1589048649335" status="passed">
                    <name>logStep[Verifyied Feed:1 Pub Ad Call pos Custm_Parameter Expected value presented]</name>
                    <title>Verifyied Feed:1 Pub Ad Call pos Custm_Parameter Expected value presented</title>
                    <attachments/>
                    <steps/>
                </step>
                <step start="1589048649888" stop="1589048649888" status="passed">
                    <name>logStep[Verifyied Feed:2 Pub Ad Call pos Custm_Parameter Expected value presented]</name>
                    <title>Verifyied Feed:2 Pub Ad Call pos Custm_Parameter Expected value presented</title>
                    <attachments/>
                    <steps/>
                </step>
                <step start="1589048650459" stop="1589048650459" status="passed">
                    <name>logStep[Verifyied Feed:3 Pub Ad Call pos Custm_Parameter Expected value presented]</name>
                    <title>Verifyied Feed:3 Pub Ad Call pos Custm_Parameter Expected value presented</title>
                    <attachments/>
                    <steps/>
                </step>
                <step start="1589048650578" stop="1589048650578" status="passed">
                    <name>logStep[Verifyied Feed:4 Pub Ad Call pos Custm_Parameter Expected value presented]</name>
                    <title>Verifyied Feed:4 Pub Ad Call pos Custm_Parameter Expected value presented</title>
                    <attachments/>
                    <steps/>
                </step>
                <step start="1589048650693" stop="1589048650693" status="passed">
                    <name>logStep[Verifyied Feed:5 Pub Ad Call pos Custm_Parameter Expected value presented]</name>
                    <title>Verifyied Feed:5 Pub Ad Call pos Custm_Parameter Expected value presented</title>
                    <attachments/>
                    <steps/>
                </step>
                <step start="1589048651313" stop="1589048651313" status="passed">
                    <name>logStep[Verifyied Feed:0 Pub Ad Call pos Custm_Parameter Expected value presented]</name>
                    <title>Verifyied Feed:0 Pub Ad Call pos Custm_Parameter Expected value presented</title>
                    <attachments/>
                    <steps/>
                </step>
                <step start="1589048652002" stop="1589048652002" status="passed">
                    <name>logStep[Verifyied Feed:1 Pub Ad Call pos Custm_Parameter Expected value presented]</name>
                    <title>Verifyied Feed:1 Pub Ad Call pos Custm_Parameter Expected value presented</title>
                    <attachments/>
                    <steps/>
                </step>
                <step start="1589048652106" stop="1589048652106" status="passed">
                    <name>logStep[Verifyied Feed:2 Pub Ad Call pos Custm_Parameter Expected value presented]</name>
                    <title>Verifyied Feed:2 Pub Ad Call pos Custm_Parameter Expected value presented</title>
                    <attachments/>
                    <steps/>
                </step>
                <step start="1589048652172" stop="1589048652172" status="passed">
                    <name>logStep[Verifyied Feed:3 Pub Ad Call pos Custm_Parameter Expected value presented]</name>
                    <title>Verifyied Feed:3 Pub Ad Call pos Custm_Parameter Expected value presented</title>
                    <attachments/>
                    <steps/>
                </step>
            </steps>
            <attachments/>
            <labels>
                <label name="testSuite" value="Default suite"/>
                <label name="testGroup" value="Default test"/>
                <label name="testClass" value="twc.Regression.TestCases.regressionTestCases"/>
                <label name="testMethod" value="C333218_Verify_cust_param_pos"/>
                <label name="host" value="Aswinikumars-MacBook-Pro.local"/>
                <label name="thread" value="1414@Aswinikumars-MacBook-Pro.local.main(1)"/>
            </labels>
        </test-case>
        <test-case start="1589048652199" stop="1589048655073" status="broken">
            <name>C333208_Verify_cust_param_tmp</name>
            <title>Verify custom parameter tmp</title>
            <failure>
                <message>Test was interrupted</message>
            </failure>
            <labels>
                <label name="testSuite" value="Default suite"/>
                <label name="testGroup" value="Default test"/>
                <label name="testClass" value="twc.Regression.TestCases.regressionTestCases"/>
                <label name="testMethod" value="C333208_Verify_cust_param_tmp"/>
                <label name="host" value="Aswinikumars-MacBook-Pro.local"/>
                <label name="thread" value="1414@Aswinikumars-MacBook-Pro.local.main(1)"/>
            </labels>
        </test-case>
        <test-case start="1589048652199" stop="1589048655073" status="broken">
            <name>C333208_Verify_cust_param_tmp</name>
            <title>Verify custom parameter tmp</title>
            <failure>
                <message>Test was interrupted</message>
            </failure>
            <labels>
                <label name="testSuite" value="Default suite"/>
                <label name="testGroup" value="Default test"/>
                <label name="testClass" value="twc.Regression.TestCases.regressionTestCases"/>
                <label name="testMethod" value="C333208_Verify_cust_param_tmp"/>
                <label name="host" value="Aswinikumars-MacBook-Pro.local"/>
                <label name="thread" value="1414@Aswinikumars-MacBook-Pro.local.main(1)"/>
            </labels>
        </test-case>
        <test-case start="1589048640152" stop="1589048655073" status="broken">
            <name>Default suite : Default test</name>
            <title>Default suite : Default test</title>
            <failure>
                <message>Test suite was interrupted, some test cases may be lost</message>
            </failure>
        </test-case>
    </test-cases>
    <labels>
        <label name="framework" value="TestNG"/>
        <label name="language" value="JAVA"/>
    </labels>
</ns2:test-suite>
