<?xml version="1.0" encoding="UTF-8" standalone="yes"?>
<ns2:test-suite start="1589050885697" stop="1589050947880" version="1.5.4" xmlns:ns2="urn:model.allure.qatools.yandex.ru">
    <name>Default suite : Default test</name>
    <title>Default suite : Default test</title>
    <test-cases>
        <test-case start="1589050885913" stop="1589050891845" status="passed">
            <name>C333216_Verify_cust_param_cnd</name>
            <title>Verify custom parameter cnd</title>
            <steps>
                <step start="1589050886381" stop="1589050886382" status="passed">
                    <name>logStep[Verifyied Feed:iu=%2F7646%2Fapp_android_us%2Fdb_display%2Fhome_screen%2Fhourly Pub Ad Call cnd Custm_Parameter E...]</name>
                    <title>Verifyied Feed:iu=%2F7646%2Fapp_android_us%2Fdb_display%2Fhome_screen%2Fhourly Pub Ad Call cnd Custm_Parameter Expected ...</title>
                    <attachments/>
                    <steps/>
                </step>
                <step start="1589050886977" stop="1589050886977" status="passed">
                    <name>logStep[Verifyied Feed:iu=%2F7646%2Fapp_android_us%2Fdb_display%2Fhome_screen%2Fmarquee Pub Ad Call cnd Custm_Parameter ...]</name>
                    <title>Verifyied Feed:iu=%2F7646%2Fapp_android_us%2Fdb_display%2Fhome_screen%2Fmarquee Pub Ad Call cnd Custm_Parameter Expected...</title>
                    <attachments/>
                    <steps/>
                </step>
                <step start="1589050888039" stop="1589050888039" status="passed">
                    <name>logStep[Verifyied Feed:iu=%2F7646%2Fapp_android_us%2Fdb_display%2Fcard%2Fradar Pub Ad Call cnd Custm_Parameter Expected ...]</name>
                    <title>Verifyied Feed:iu=%2F7646%2Fapp_android_us%2Fdb_display%2Fcard%2Fradar Pub Ad Call cnd Custm_Parameter Expected value pr...</title>
                    <attachments/>
                    <steps/>
                </step>
                <step start="1589050888772" stop="1589050888772" status="passed">
                    <name>logStep[Verifyied Feed:iu=%2F7646%2Fapp_android_us%2Fdb_display%2Fcard%2Flifestyle Pub Ad Call cnd Custm_Parameter Expec...]</name>
                    <title>Verifyied Feed:iu=%2F7646%2Fapp_android_us%2Fdb_display%2Fcard%2Flifestyle Pub Ad Call cnd Custm_Parameter Expected valu...</title>
                    <attachments/>
                    <steps/>
                </step>
                <step start="1589050889087" stop="1589050889087" status="passed">
                    <name>logStep[Verifyied Feed:iu=%2F7646%2Fapp_android_us%2Fdb_display%2Fcard%2Fseason Pub Ad Call cnd Custm_Parameter Expected...]</name>
                    <title>Verifyied Feed:iu=%2F7646%2Fapp_android_us%2Fdb_display%2Fcard%2Fseason Pub Ad Call cnd Custm_Parameter Expected value p...</title>
                    <attachments/>
                    <steps/>
                </step>
                <step start="1589050889355" stop="1589050889355" status="passed">
                    <name>logStep[Verifyied Feed:iu=%2F7646%2Fapp_android_us%2Fdb_display%2Fcard%2Faq Pub Ad Call cnd Custm_Parameter Expected val...]</name>
                    <title>Verifyied Feed:iu=%2F7646%2Fapp_android_us%2Fdb_display%2Fcard%2Faq Pub Ad Call cnd Custm_Parameter Expected value prese...</title>
                    <attachments/>
                    <steps/>
                </step>
                <step start="1589050890260" stop="1589050890260" status="passed">
                    <name>logStep[Verifyied Feed:iu=%2F7646%2Fapp_android_us%2Fdb_display%2Fdetails%2Fmaps Pub Ad Call cnd Custm_Parameter Expecte...]</name>
                    <title>Verifyied Feed:iu=%2F7646%2Fapp_android_us%2Fdb_display%2Fdetails%2Fmaps Pub Ad Call cnd Custm_Parameter Expected value ...</title>
                    <attachments/>
                    <steps/>
                </step>
                <step start="1589050891142" stop="1589050891142" status="passed">
                    <name>logStep[Verifyied Feed:iu=%2F7646%2Fapp_android_us%2Fdb_display%2Fdetails%2Ftoday Pub Ad Call cnd Custm_Parameter Expect...]</name>
                    <title>Verifyied Feed:iu=%2F7646%2Fapp_android_us%2Fdb_display%2Fdetails%2Ftoday Pub Ad Call cnd Custm_Parameter Expected value...</title>
                    <attachments/>
                    <steps/>
                </step>
                <step start="1589050891360" stop="1589050891360" status="passed">
                    <name>logStep[Verifyied Feed:iu=%2F7646%2Fapp_android_us%2Fdb_display%2Fdetails%2Fhourly Pub Ad Call cnd Custm_Parameter Expec...]</name>
                    <title>Verifyied Feed:iu=%2F7646%2Fapp_android_us%2Fdb_display%2Fdetails%2Fhourly Pub Ad Call cnd Custm_Parameter Expected valu...</title>
                    <attachments/>
                    <steps/>
                </step>
                <step start="1589050891622" stop="1589050891622" status="passed">
                    <name>logStep[Verifyied Feed:iu=%2F7646%2Fapp_android_us%2Fdb_display%2Fdetails%2F10day Pub Ad Call cnd Custm_Parameter Expect...]</name>
                    <title>Verifyied Feed:iu=%2F7646%2Fapp_android_us%2Fdb_display%2Fdetails%2F10day Pub Ad Call cnd Custm_Parameter Expected value...</title>
                    <attachments/>
                    <steps/>
                </step>
            </steps>
            <attachments/>
            <labels>
                <label name="testSuite" value="Default suite"/>
                <label name="testGroup" value="Default test"/>
                <label name="testClass" value="twc.Regression.TestCases.regressionTestCases"/>
                <label name="testMethod" value="C333216_Verify_cust_param_cnd"/>
                <label name="host" value="Aswinikumars-MacBook-Pro.local"/>
                <label name="thread" value="1504@Aswinikumars-MacBook-Pro.local.main(1)"/>
            </labels>
        </test-case>
        <test-case start="1589050885913" stop="1589050891845" status="passed">
            <name>C333216_Verify_cust_param_cnd</name>
            <title>Verify custom parameter cnd</title>
            <steps>
                <step start="1589050886381" stop="1589050886382" status="passed">
                    <name>logStep[Verifyied Feed:iu=%2F7646%2Fapp_android_us%2Fdb_display%2Fhome_screen%2Fhourly Pub Ad Call cnd Custm_Parameter E...]</name>
                    <title>Verifyied Feed:iu=%2F7646%2Fapp_android_us%2Fdb_display%2Fhome_screen%2Fhourly Pub Ad Call cnd Custm_Parameter Expected ...</title>
                    <attachments/>
                    <steps/>
                </step>
                <step start="1589050886977" stop="1589050886977" status="passed">
                    <name>logStep[Verifyied Feed:iu=%2F7646%2Fapp_android_us%2Fdb_display%2Fhome_screen%2Fmarquee Pub Ad Call cnd Custm_Parameter ...]</name>
                    <title>Verifyied Feed:iu=%2F7646%2Fapp_android_us%2Fdb_display%2Fhome_screen%2Fmarquee Pub Ad Call cnd Custm_Parameter Expected...</title>
                    <attachments/>
                    <steps/>
                </step>
                <step start="1589050888039" stop="1589050888039" status="passed">
                    <name>logStep[Verifyied Feed:iu=%2F7646%2Fapp_android_us%2Fdb_display%2Fcard%2Fradar Pub Ad Call cnd Custm_Parameter Expected ...]</name>
                    <title>Verifyied Feed:iu=%2F7646%2Fapp_android_us%2Fdb_display%2Fcard%2Fradar Pub Ad Call cnd Custm_Parameter Expected value pr...</title>
                    <attachments/>
                    <steps/>
                </step>
                <step start="1589050888772" stop="1589050888772" status="passed">
                    <name>logStep[Verifyied Feed:iu=%2F7646%2Fapp_android_us%2Fdb_display%2Fcard%2Flifestyle Pub Ad Call cnd Custm_Parameter Expec...]</name>
                    <title>Verifyied Feed:iu=%2F7646%2Fapp_android_us%2Fdb_display%2Fcard%2Flifestyle Pub Ad Call cnd Custm_Parameter Expected valu...</title>
                    <attachments/>
                    <steps/>
                </step>
                <step start="1589050889087" stop="1589050889087" status="passed">
                    <name>logStep[Verifyied Feed:iu=%2F7646%2Fapp_android_us%2Fdb_display%2Fcard%2Fseason Pub Ad Call cnd Custm_Parameter Expected...]</name>
                    <title>Verifyied Feed:iu=%2F7646%2Fapp_android_us%2Fdb_display%2Fcard%2Fseason Pub Ad Call cnd Custm_Parameter Expected value p...</title>
                    <attachments/>
                    <steps/>
                </step>
                <step start="1589050889355" stop="1589050889355" status="passed">
                    <name>logStep[Verifyied Feed:iu=%2F7646%2Fapp_android_us%2Fdb_display%2Fcard%2Faq Pub Ad Call cnd Custm_Parameter Expected val...]</name>
                    <title>Verifyied Feed:iu=%2F7646%2Fapp_android_us%2Fdb_display%2Fcard%2Faq Pub Ad Call cnd Custm_Parameter Expected value prese...</title>
                    <attachments/>
                    <steps/>
                </step>
                <step start="1589050890260" stop="1589050890260" status="passed">
                    <name>logStep[Verifyied Feed:iu=%2F7646%2Fapp_android_us%2Fdb_display%2Fdetails%2Fmaps Pub Ad Call cnd Custm_Parameter Expecte...]</name>
                    <title>Verifyied Feed:iu=%2F7646%2Fapp_android_us%2Fdb_display%2Fdetails%2Fmaps Pub Ad Call cnd Custm_Parameter Expected value ...</title>
                    <attachments/>
                    <steps/>
                </step>
                <step start="1589050891142" stop="1589050891142" status="passed">
                    <name>logStep[Verifyied Feed:iu=%2F7646%2Fapp_android_us%2Fdb_display%2Fdetails%2Ftoday Pub Ad Call cnd Custm_Parameter Expect...]</name>
                    <title>Verifyied Feed:iu=%2F7646%2Fapp_android_us%2Fdb_display%2Fdetails%2Ftoday Pub Ad Call cnd Custm_Parameter Expected value...</title>
                    <attachments/>
                    <steps/>
                </step>
                <step start="1589050891360" stop="1589050891360" status="passed">
                    <name>logStep[Verifyied Feed:iu=%2F7646%2Fapp_android_us%2Fdb_display%2Fdetails%2Fhourly Pub Ad Call cnd Custm_Parameter Expec...]</name>
                    <title>Verifyied Feed:iu=%2F7646%2Fapp_android_us%2Fdb_display%2Fdetails%2Fhourly Pub Ad Call cnd Custm_Parameter Expected valu...</title>
                    <attachments/>
                    <steps/>
                </step>
                <step start="1589050891622" stop="1589050891622" status="passed">
                    <name>logStep[Verifyied Feed:iu=%2F7646%2Fapp_android_us%2Fdb_display%2Fdetails%2F10day Pub Ad Call cnd Custm_Parameter Expect...]</name>
                    <title>Verifyied Feed:iu=%2F7646%2Fapp_android_us%2Fdb_display%2Fdetails%2F10day Pub Ad Call cnd Custm_Parameter Expected value...</title>
                    <attachments/>
                    <steps/>
                </step>
            </steps>
            <attachments/>
            <labels>
                <label name="testSuite" value="Default suite"/>
                <label name="testGroup" value="Default test"/>
                <label name="testClass" value="twc.Regression.TestCases.regressionTestCases"/>
                <label name="testMethod" value="C333216_Verify_cust_param_cnd"/>
                <label name="host" value="Aswinikumars-MacBook-Pro.local"/>
                <label name="thread" value="1504@Aswinikumars-MacBook-Pro.local.main(1)"/>
            </labels>
        </test-case>
        <test-case start="1589050891850" stop="1589050894832" status="passed">
            <name>C333202_Verify_cust_param_zip</name>
            <title>Verify custom parameter zip</title>
            <steps>
                <step start="1589050891988" stop="1589050891988" status="passed">
                    <name>logStep[Verifyied Feed:0 Pub Ad Call zip Custm_Parameter Expected value presented]</name>
                    <title>Verifyied Feed:0 Pub Ad Call zip Custm_Parameter Expected value presented</title>
                    <attachments/>
                    <steps/>
                </step>
                <step start="1589050892080" stop="1589050892080" status="passed">
                    <name>logStep[Verifyied Feed:1 Pub Ad Call zip Custm_Parameter Expected value presented]</name>
                    <title>Verifyied Feed:1 Pub Ad Call zip Custm_Parameter Expected value presented</title>
                    <attachments/>
                    <steps/>
                </step>
                <step start="1589050892595" stop="1589050892595" status="passed">
                    <name>logStep[Verifyied Feed:2 Pub Ad Call zip Custm_Parameter Expected value presented]</name>
                    <title>Verifyied Feed:2 Pub Ad Call zip Custm_Parameter Expected value presented</title>
                    <attachments/>
                    <steps/>
                </step>
                <step start="1589050893244" stop="1589050893244" status="passed">
                    <name>logStep[Verifyied Feed:3 Pub Ad Call zip Custm_Parameter Expected value presented]</name>
                    <title>Verifyied Feed:3 Pub Ad Call zip Custm_Parameter Expected value presented</title>
                    <attachments/>
                    <steps/>
                </step>
                <step start="1589050893381" stop="1589050893381" status="passed">
                    <name>logStep[Verifyied Feed:4 Pub Ad Call zip Custm_Parameter Expected value presented]</name>
                    <title>Verifyied Feed:4 Pub Ad Call zip Custm_Parameter Expected value presented</title>
                    <attachments/>
                    <steps/>
                </step>
                <step start="1589050893501" stop="1589050893501" status="passed">
                    <name>logStep[Verifyied Feed:5 Pub Ad Call zip Custm_Parameter Expected value presented]</name>
                    <title>Verifyied Feed:5 Pub Ad Call zip Custm_Parameter Expected value presented</title>
                    <attachments/>
                    <steps/>
                </step>
                <step start="1589050894108" stop="1589050894108" status="passed">
                    <name>logStep[Verifyied Feed:0 Pub Ad Call zip Custm_Parameter Expected value presented]</name>
                    <title>Verifyied Feed:0 Pub Ad Call zip Custm_Parameter Expected value presented</title>
                    <attachments/>
                    <steps/>
                </step>
                <step start="1589050894681" stop="1589050894681" status="passed">
                    <name>logStep[Verifyied Feed:1 Pub Ad Call zip Custm_Parameter Expected value presented]</name>
                    <title>Verifyied Feed:1 Pub Ad Call zip Custm_Parameter Expected value presented</title>
                    <attachments/>
                    <steps/>
                </step>
                <step start="1589050894763" stop="1589050894763" status="passed">
                    <name>logStep[Verifyied Feed:2 Pub Ad Call zip Custm_Parameter Expected value presented]</name>
                    <title>Verifyied Feed:2 Pub Ad Call zip Custm_Parameter Expected value presented</title>
                    <attachments/>
                    <steps/>
                </step>
                <step start="1589050894812" stop="1589050894812" status="passed">
                    <name>logStep[Verifyied Feed:3 Pub Ad Call zip Custm_Parameter Expected value presented]</name>
                    <title>Verifyied Feed:3 Pub Ad Call zip Custm_Parameter Expected value presented</title>
                    <attachments/>
                    <steps/>
                </step>
            </steps>
            <attachments/>
            <labels>
                <label name="testSuite" value="Default suite"/>
                <label name="testGroup" value="Default test"/>
                <label name="testClass" value="twc.Regression.TestCases.regressionTestCases"/>
                <label name="testMethod" value="C333202_Verify_cust_param_zip"/>
                <label name="host" value="Aswinikumars-MacBook-Pro.local"/>
                <label name="thread" value="1504@Aswinikumars-MacBook-Pro.local.main(1)"/>
            </labels>
        </test-case>
        <test-case start="1589050891850" stop="1589050894832" status="passed">
            <name>C333202_Verify_cust_param_zip</name>
            <title>Verify custom parameter zip</title>
            <steps>
                <step start="1589050891988" stop="1589050891988" status="passed">
                    <name>logStep[Verifyied Feed:0 Pub Ad Call zip Custm_Parameter Expected value presented]</name>
                    <title>Verifyied Feed:0 Pub Ad Call zip Custm_Parameter Expected value presented</title>
                    <attachments/>
                    <steps/>
                </step>
                <step start="1589050892080" stop="1589050892080" status="passed">
                    <name>logStep[Verifyied Feed:1 Pub Ad Call zip Custm_Parameter Expected value presented]</name>
                    <title>Verifyied Feed:1 Pub Ad Call zip Custm_Parameter Expected value presented</title>
                    <attachments/>
                    <steps/>
                </step>
                <step start="1589050892595" stop="1589050892595" status="passed">
                    <name>logStep[Verifyied Feed:2 Pub Ad Call zip Custm_Parameter Expected value presented]</name>
                    <title>Verifyied Feed:2 Pub Ad Call zip Custm_Parameter Expected value presented</title>
                    <attachments/>
                    <steps/>
                </step>
                <step start="1589050893244" stop="1589050893244" status="passed">
                    <name>logStep[Verifyied Feed:3 Pub Ad Call zip Custm_Parameter Expected value presented]</name>
                    <title>Verifyied Feed:3 Pub Ad Call zip Custm_Parameter Expected value presented</title>
                    <attachments/>
                    <steps/>
                </step>
                <step start="1589050893381" stop="1589050893381" status="passed">
                    <name>logStep[Verifyied Feed:4 Pub Ad Call zip Custm_Parameter Expected value presented]</name>
                    <title>Verifyied Feed:4 Pub Ad Call zip Custm_Parameter Expected value presented</title>
                    <attachments/>
                    <steps/>
                </step>
                <step start="1589050893501" stop="1589050893501" status="passed">
                    <name>logStep[Verifyied Feed:5 Pub Ad Call zip Custm_Parameter Expected value presented]</name>
                    <title>Verifyied Feed:5 Pub Ad Call zip Custm_Parameter Expected value presented</title>
                    <attachments/>
                    <steps/>
                </step>
                <step start="1589050894108" stop="1589050894108" status="passed">
                    <name>logStep[Verifyied Feed:0 Pub Ad Call zip Custm_Parameter Expected value presented]</name>
                    <title>Verifyied Feed:0 Pub Ad Call zip Custm_Parameter Expected value presented</title>
                    <attachments/>
                    <steps/>
                </step>
                <step start="1589050894681" stop="1589050894681" status="passed">
                    <name>logStep[Verifyied Feed:1 Pub Ad Call zip Custm_Parameter Expected value presented]</name>
                    <title>Verifyied Feed:1 Pub Ad Call zip Custm_Parameter Expected value presented</title>
                    <attachments/>
                    <steps/>
                </step>
                <step start="1589050894763" stop="1589050894763" status="passed">
                    <name>logStep[Verifyied Feed:2 Pub Ad Call zip Custm_Parameter Expected value presented]</name>
                    <title>Verifyied Feed:2 Pub Ad Call zip Custm_Parameter Expected value presented</title>
                    <attachments/>
                    <steps/>
                </step>
                <step start="1589050894812" stop="1589050894812" status="passed">
                    <name>logStep[Verifyied Feed:3 Pub Ad Call zip Custm_Parameter Expected value presented]</name>
                    <title>Verifyied Feed:3 Pub Ad Call zip Custm_Parameter Expected value presented</title>
                    <attachments/>
                    <steps/>
                </step>
            </steps>
            <attachments/>
            <labels>
                <label name="testSuite" value="Default suite"/>
                <label name="testGroup" value="Default test"/>
                <label name="testClass" value="twc.Regression.TestCases.regressionTestCases"/>
                <label name="testMethod" value="C333202_Verify_cust_param_zip"/>
                <label name="host" value="Aswinikumars-MacBook-Pro.local"/>
                <label name="thread" value="1504@Aswinikumars-MacBook-Pro.local.main(1)"/>
            </labels>
        </test-case>
        <test-case start="1589050894835" stop="1589050895063" status="broken">
            <name>C333203_Verify_cust_param_dma</name>
            <title>Verify custom parameter dma</title>
            <failure>
                <message>StringIndexOutOfBoundsException: String index out of range: -1</message>
                <stack-trace>java.lang.StringIndexOutOfBoundsException: String index out of range: -1
	at java.lang.String.substring(String.java:1927)
	at twc.Regression.CustomParamValidation.CustomParamFunctions.get_dsx_call_value(CustomParamFunctions.java:704)
	at twc.Regression.CustomParamValidation.CustomParamFunctions.validate_dsx_results(CustomParamFunctions.java:289)
	at twc.Regression.TestCases.Custom_Parameters_Verification.parameters_Verification(Custom_Parameters_Verification.java:242)
	at twc.Regression.TestCases.regressionTestCases.C333203_Verify_cust_param_dma(regressionTestCases.java:61)
	at sun.reflect.NativeMethodAccessorImpl.invoke0(Native Method)
	at sun.reflect.NativeMethodAccessorImpl.invoke(NativeMethodAccessorImpl.java:62)
	at sun.reflect.DelegatingMethodAccessorImpl.invoke(DelegatingMethodAccessorImpl.java:43)
	at java.lang.reflect.Method.invoke(Method.java:498)
	at org.testng.internal.MethodInvocationHelper.invokeMethod(MethodInvocationHelper.java:85)
	at org.testng.internal.Invoker.invokeMethod(Invoker.java:659)
	at org.testng.internal.Invoker.invokeTestMethod(Invoker.java:845)
	at org.testng.internal.Invoker.invokeTestMethods(Invoker.java:1153)
	at org.testng.internal.TestMethodWorker.invokeTestMethods(TestMethodWorker.java:125)
	at org.testng.internal.TestMethodWorker.run(TestMethodWorker.java:108)
	at org.testng.TestRunner.privateRun(TestRunner.java:771)
	at org.testng.TestRunner.run(TestRunner.java:621)
	at org.testng.SuiteRunner.runTest(SuiteRunner.java:357)
	at org.testng.SuiteRunner.runSequentially(SuiteRunner.java:352)
	at org.testng.SuiteRunner.privateRun(SuiteRunner.java:310)
	at org.testng.SuiteRunner.run(SuiteRunner.java:259)
	at org.testng.SuiteRunnerWorker.runSuite(SuiteRunnerWorker.java:52)
	at org.testng.SuiteRunnerWorker.run(SuiteRunnerWorker.java:86)
	at org.testng.TestNG.runSuitesSequentially(TestNG.java:1199)
	at org.testng.TestNG.runSuitesLocally(TestNG.java:1124)
	at org.testng.TestNG.run(TestNG.java:1032)
	at org.testng.remote.AbstractRemoteTestNG.run(AbstractRemoteTestNG.java:115)
	at org.testng.remote.RemoteTestNG.initAndRun(RemoteTestNG.java:251)
	at org.testng.remote.RemoteTestNG.main(RemoteTestNG.java:77)
</stack-trace>
            </failure>
            <steps>
                <step start="1589050894983" stop="1589050894983" status="passed">
                    <name>logStep[Verifyied Feed:0 Pub Ad Call dma Custm_Parameter Expected value presented]</name>
                    <title>Verifyied Feed:0 Pub Ad Call dma Custm_Parameter Expected value presented</title>
                </step>
            </steps>
            <attachments/>
            <labels>
                <label name="testSuite" value="Default suite"/>
                <label name="testGroup" value="Default test"/>
                <label name="testClass" value="twc.Regression.TestCases.regressionTestCases"/>
                <label name="testMethod" value="C333203_Verify_cust_param_dma"/>
                <label name="host" value="Aswinikumars-MacBook-Pro.local"/>
                <label name="thread" value="1504@Aswinikumars-MacBook-Pro.local.main(1)"/>
            </labels>
        </test-case>
        <test-case start="1589050894835" stop="1589050895063" status="broken">
            <name>C333203_Verify_cust_param_dma</name>
            <title>Verify custom parameter dma</title>
            <failure>
                <message>StringIndexOutOfBoundsException: String index out of range: -1</message>
                <stack-trace>java.lang.StringIndexOutOfBoundsException: String index out of range: -1
	at java.lang.String.substring(String.java:1927)
	at twc.Regression.CustomParamValidation.CustomParamFunctions.get_dsx_call_value(CustomParamFunctions.java:704)
	at twc.Regression.CustomParamValidation.CustomParamFunctions.validate_dsx_results(CustomParamFunctions.java:289)
	at twc.Regression.TestCases.Custom_Parameters_Verification.parameters_Verification(Custom_Parameters_Verification.java:242)
	at twc.Regression.TestCases.regressionTestCases.C333203_Verify_cust_param_dma(regressionTestCases.java:61)
	at sun.reflect.NativeMethodAccessorImpl.invoke0(Native Method)
	at sun.reflect.NativeMethodAccessorImpl.invoke(NativeMethodAccessorImpl.java:62)
	at sun.reflect.DelegatingMethodAccessorImpl.invoke(DelegatingMethodAccessorImpl.java:43)
	at java.lang.reflect.Method.invoke(Method.java:498)
	at org.testng.internal.MethodInvocationHelper.invokeMethod(MethodInvocationHelper.java:85)
	at org.testng.internal.Invoker.invokeMethod(Invoker.java:659)
	at org.testng.internal.Invoker.invokeTestMethod(Invoker.java:845)
	at org.testng.internal.Invoker.invokeTestMethods(Invoker.java:1153)
	at org.testng.internal.TestMethodWorker.invokeTestMethods(TestMethodWorker.java:125)
	at org.testng.internal.TestMethodWorker.run(TestMethodWorker.java:108)
	at org.testng.TestRunner.privateRun(TestRunner.java:771)
	at org.testng.TestRunner.run(TestRunner.java:621)
	at org.testng.SuiteRunner.runTest(SuiteRunner.java:357)
	at org.testng.SuiteRunner.runSequentially(SuiteRunner.java:352)
	at org.testng.SuiteRunner.privateRun(SuiteRunner.java:310)
	at org.testng.SuiteRunner.run(SuiteRunner.java:259)
	at org.testng.SuiteRunnerWorker.runSuite(SuiteRunnerWorker.java:52)
	at org.testng.SuiteRunnerWorker.run(SuiteRunnerWorker.java:86)
	at org.testng.TestNG.runSuitesSequentially(TestNG.java:1199)
	at org.testng.TestNG.runSuitesLocally(TestNG.java:1124)
	at org.testng.TestNG.run(TestNG.java:1032)
	at org.testng.remote.AbstractRemoteTestNG.run(AbstractRemoteTestNG.java:115)
	at org.testng.remote.RemoteTestNG.initAndRun(RemoteTestNG.java:251)
	at org.testng.remote.RemoteTestNG.main(RemoteTestNG.java:77)
</stack-trace>
            </failure>
            <steps>
                <step start="1589050894983" stop="1589050894983" status="passed">
                    <name>logStep[Verifyied Feed:0 Pub Ad Call dma Custm_Parameter Expected value presented]</name>
                    <title>Verifyied Feed:0 Pub Ad Call dma Custm_Parameter Expected value presented</title>
                </step>
            </steps>
            <attachments/>
            <labels>
                <label name="testSuite" value="Default suite"/>
                <label name="testGroup" value="Default test"/>
                <label name="testClass" value="twc.Regression.TestCases.regressionTestCases"/>
                <label name="testMethod" value="C333203_Verify_cust_param_dma"/>
                <label name="host" value="Aswinikumars-MacBook-Pro.local"/>
                <label name="thread" value="1504@Aswinikumars-MacBook-Pro.local.main(1)"/>
            </labels>
        </test-case>
        <test-case start="1589050895065" stop="1589050898020" status="passed">
            <name>C333218_Verify_cust_param_pos</name>
            <title>Verify custom parameter pos</title>
            <steps>
                <step start="1589050895207" stop="1589050895207" status="passed">
                    <name>logStep[Verifyied Feed:0 Pub Ad Call pos Custm_Parameter Expected value presented]</name>
                    <title>Verifyied Feed:0 Pub Ad Call pos Custm_Parameter Expected value presented</title>
                    <attachments/>
                    <steps/>
                </step>
                <step start="1589050895306" stop="1589050895306" status="passed">
                    <name>logStep[Verifyied Feed:1 Pub Ad Call pos Custm_Parameter Expected value presented]</name>
                    <title>Verifyied Feed:1 Pub Ad Call pos Custm_Parameter Expected value presented</title>
                    <attachments/>
                    <steps/>
                </step>
                <step start="1589050895844" stop="1589050895844" status="passed">
                    <name>logStep[Verifyied Feed:2 Pub Ad Call pos Custm_Parameter Expected value presented]</name>
                    <title>Verifyied Feed:2 Pub Ad Call pos Custm_Parameter Expected value presented</title>
                    <attachments/>
                    <steps/>
                </step>
                <step start="1589050896369" stop="1589050896369" status="passed">
                    <name>logStep[Verifyied Feed:3 Pub Ad Call pos Custm_Parameter Expected value presented]</name>
                    <title>Verifyied Feed:3 Pub Ad Call pos Custm_Parameter Expected value presented</title>
                    <attachments/>
                    <steps/>
                </step>
                <step start="1589050896481" stop="1589050896481" status="passed">
                    <name>logStep[Verifyied Feed:4 Pub Ad Call pos Custm_Parameter Expected value presented]</name>
                    <title>Verifyied Feed:4 Pub Ad Call pos Custm_Parameter Expected value presented</title>
                    <attachments/>
                    <steps/>
                </step>
                <step start="1589050896592" stop="1589050896592" status="passed">
                    <name>logStep[Verifyied Feed:5 Pub Ad Call pos Custm_Parameter Expected value presented]</name>
                    <title>Verifyied Feed:5 Pub Ad Call pos Custm_Parameter Expected value presented</title>
                    <attachments/>
                    <steps/>
                </step>
                <step start="1589050897251" stop="1589050897251" status="passed">
                    <name>logStep[Verifyied Feed:0 Pub Ad Call pos Custm_Parameter Expected value presented]</name>
                    <title>Verifyied Feed:0 Pub Ad Call pos Custm_Parameter Expected value presented</title>
                    <attachments/>
                    <steps/>
                </step>
                <step start="1589050897826" stop="1589050897826" status="passed">
                    <name>logStep[Verifyied Feed:1 Pub Ad Call pos Custm_Parameter Expected value presented]</name>
                    <title>Verifyied Feed:1 Pub Ad Call pos Custm_Parameter Expected value presented</title>
                    <attachments/>
                    <steps/>
                </step>
                <step start="1589050897930" stop="1589050897930" status="passed">
                    <name>logStep[Verifyied Feed:2 Pub Ad Call pos Custm_Parameter Expected value presented]</name>
                    <title>Verifyied Feed:2 Pub Ad Call pos Custm_Parameter Expected value presented</title>
                    <attachments/>
                    <steps/>
                </step>
                <step start="1589050897998" stop="1589050897998" status="passed">
                    <name>logStep[Verifyied Feed:3 Pub Ad Call pos Custm_Parameter Expected value presented]</name>
                    <title>Verifyied Feed:3 Pub Ad Call pos Custm_Parameter Expected value presented</title>
                    <attachments/>
                    <steps/>
                </step>
            </steps>
            <attachments/>
            <labels>
                <label name="testSuite" value="Default suite"/>
                <label name="testGroup" value="Default test"/>
                <label name="testClass" value="twc.Regression.TestCases.regressionTestCases"/>
                <label name="testMethod" value="C333218_Verify_cust_param_pos"/>
                <label name="host" value="Aswinikumars-MacBook-Pro.local"/>
                <label name="thread" value="1504@Aswinikumars-MacBook-Pro.local.main(1)"/>
            </labels>
        </test-case>
        <test-case start="1589050895065" stop="1589050898020" status="passed">
            <name>C333218_Verify_cust_param_pos</name>
            <title>Verify custom parameter pos</title>
            <steps>
                <step start="1589050895207" stop="1589050895207" status="passed">
                    <name>logStep[Verifyied Feed:0 Pub Ad Call pos Custm_Parameter Expected value presented]</name>
                    <title>Verifyied Feed:0 Pub Ad Call pos Custm_Parameter Expected value presented</title>
                    <attachments/>
                    <steps/>
                </step>
                <step start="1589050895306" stop="1589050895306" status="passed">
                    <name>logStep[Verifyied Feed:1 Pub Ad Call pos Custm_Parameter Expected value presented]</name>
                    <title>Verifyied Feed:1 Pub Ad Call pos Custm_Parameter Expected value presented</title>
                    <attachments/>
                    <steps/>
                </step>
                <step start="1589050895844" stop="1589050895844" status="passed">
                    <name>logStep[Verifyied Feed:2 Pub Ad Call pos Custm_Parameter Expected value presented]</name>
                    <title>Verifyied Feed:2 Pub Ad Call pos Custm_Parameter Expected value presented</title>
                    <attachments/>
                    <steps/>
                </step>
                <step start="1589050896369" stop="1589050896369" status="passed">
                    <name>logStep[Verifyied Feed:3 Pub Ad Call pos Custm_Parameter Expected value presented]</name>
                    <title>Verifyied Feed:3 Pub Ad Call pos Custm_Parameter Expected value presented</title>
                    <attachments/>
                    <steps/>
                </step>
                <step start="1589050896481" stop="1589050896481" status="passed">
                    <name>logStep[Verifyied Feed:4 Pub Ad Call pos Custm_Parameter Expected value presented]</name>
                    <title>Verifyied Feed:4 Pub Ad Call pos Custm_Parameter Expected value presented</title>
                    <attachments/>
                    <steps/>
                </step>
                <step start="1589050896592" stop="1589050896592" status="passed">
                    <name>logStep[Verifyied Feed:5 Pub Ad Call pos Custm_Parameter Expected value presented]</name>
                    <title>Verifyied Feed:5 Pub Ad Call pos Custm_Parameter Expected value presented</title>
                    <attachments/>
                    <steps/>
                </step>
                <step start="1589050897251" stop="1589050897251" status="passed">
                    <name>logStep[Verifyied Feed:0 Pub Ad Call pos Custm_Parameter Expected value presented]</name>
                    <title>Verifyied Feed:0 Pub Ad Call pos Custm_Parameter Expected value presented</title>
                    <attachments/>
                    <steps/>
                </step>
                <step start="1589050897826" stop="1589050897826" status="passed">
                    <name>logStep[Verifyied Feed:1 Pub Ad Call pos Custm_Parameter Expected value presented]</name>
                    <title>Verifyied Feed:1 Pub Ad Call pos Custm_Parameter Expected value presented</title>
                    <attachments/>
                    <steps/>
                </step>
                <step start="1589050897930" stop="1589050897930" status="passed">
                    <name>logStep[Verifyied Feed:2 Pub Ad Call pos Custm_Parameter Expected value presented]</name>
                    <title>Verifyied Feed:2 Pub Ad Call pos Custm_Parameter Expected value presented</title>
                    <attachments/>
                    <steps/>
                </step>
                <step start="1589050897998" stop="1589050897998" status="passed">
                    <name>logStep[Verifyied Feed:3 Pub Ad Call pos Custm_Parameter Expected value presented]</name>
                    <title>Verifyied Feed:3 Pub Ad Call pos Custm_Parameter Expected value presented</title>
                    <attachments/>
                    <steps/>
                </step>
            </steps>
            <attachments/>
            <labels>
                <label name="testSuite" value="Default suite"/>
                <label name="testGroup" value="Default test"/>
                <label name="testClass" value="twc.Regression.TestCases.regressionTestCases"/>
                <label name="testMethod" value="C333218_Verify_cust_param_pos"/>
                <label name="host" value="Aswinikumars-MacBook-Pro.local"/>
                <label name="thread" value="1504@Aswinikumars-MacBook-Pro.local.main(1)"/>
            </labels>
        </test-case>
        <test-case start="1589050898023" stop="1589050903009" status="passed">
            <name>C333208_Verify_cust_param_tmp</name>
            <title>Verify custom parameter tmp</title>
            <steps>
                <step start="1589050898179" stop="1589050898179" status="passed">
                    <name>logStep[Verifyied Feed:0 Pub Ad Call tmp Custm_Parameter Expected value presented]</name>
                    <title>Verifyied Feed:0 Pub Ad Call tmp Custm_Parameter Expected value presented</title>
                    <attachments/>
                    <steps/>
                </step>
                <step start="1589050898441" stop="1589050898441" status="passed">
                    <name>logStep[Verifyied Feed:1 Pub Ad Call tmp Custm_Parameter Expected value presented]</name>
                    <title>Verifyied Feed:1 Pub Ad Call tmp Custm_Parameter Expected value presented</title>
                    <attachments/>
                    <steps/>
                </step>
                <step start="1589050899146" stop="1589050899146" status="passed">
                    <name>logStep[Verifyied Feed:2 Pub Ad Call tmp Custm_Parameter Expected value presented]</name>
                    <title>Verifyied Feed:2 Pub Ad Call tmp Custm_Parameter Expected value presented</title>
                    <attachments/>
                    <steps/>
                </step>
                <step start="1589050900027" stop="1589050900027" status="passed">
                    <name>logStep[Verifyied Feed:3 Pub Ad Call tmp Custm_Parameter Expected value presented]</name>
                    <title>Verifyied Feed:3 Pub Ad Call tmp Custm_Parameter Expected value presented</title>
                    <attachments/>
                    <steps/>
                </step>
                <step start="1589050900333" stop="1589050900333" status="passed">
                    <name>logStep[Verifyied Feed:4 Pub Ad Call tmp Custm_Parameter Expected value presented]</name>
                    <title>Verifyied Feed:4 Pub Ad Call tmp Custm_Parameter Expected value presented</title>
                    <attachments/>
                    <steps/>
                </step>
                <step start="1589050900653" stop="1589050900653" status="passed">
                    <name>logStep[Verifyied Feed:5 Pub Ad Call tmp Custm_Parameter Expected value presented]</name>
                    <title>Verifyied Feed:5 Pub Ad Call tmp Custm_Parameter Expected value presented</title>
                    <attachments/>
                    <steps/>
                </step>
                <step start="1589050901459" stop="1589050901459" status="passed">
                    <name>logStep[Verifyied Feed:0 Pub Ad Call tmp Custm_Parameter Expected value presented]</name>
                    <title>Verifyied Feed:0 Pub Ad Call tmp Custm_Parameter Expected value presented</title>
                    <attachments/>
                    <steps/>
                </step>
                <step start="1589050902330" stop="1589050902330" status="passed">
                    <name>logStep[Verifyied Feed:1 Pub Ad Call tmp Custm_Parameter Expected value presented]</name>
                    <title>Verifyied Feed:1 Pub Ad Call tmp Custm_Parameter Expected value presented</title>
                    <attachments/>
                    <steps/>
                </step>
                <step start="1589050902603" stop="1589050902603" status="passed">
                    <name>logStep[Verifyied Feed:2 Pub Ad Call tmp Custm_Parameter Expected value presented]</name>
                    <title>Verifyied Feed:2 Pub Ad Call tmp Custm_Parameter Expected value presented</title>
                    <attachments/>
                    <steps/>
                </step>
                <step start="1589050902822" stop="1589050902822" status="passed">
                    <name>logStep[Verifyied Feed:3 Pub Ad Call tmp Custm_Parameter Expected value presented]</name>
                    <title>Verifyied Feed:3 Pub Ad Call tmp Custm_Parameter Expected value presented</title>
                    <attachments/>
                    <steps/>
                </step>
            </steps>
            <attachments/>
            <labels>
                <label name="testSuite" value="Default suite"/>
                <label name="testGroup" value="Default test"/>
                <label name="testClass" value="twc.Regression.TestCases.regressionTestCases"/>
                <label name="testMethod" value="C333208_Verify_cust_param_tmp"/>
                <label name="host" value="Aswinikumars-MacBook-Pro.local"/>
                <label name="thread" value="1504@Aswinikumars-MacBook-Pro.local.main(1)"/>
            </labels>
        </test-case>
        <test-case start="1589050898023" stop="1589050903009" status="passed">
            <name>C333208_Verify_cust_param_tmp</name>
            <title>Verify custom parameter tmp</title>
            <steps>
                <step start="1589050898179" stop="1589050898179" status="passed">
                    <name>logStep[Verifyied Feed:0 Pub Ad Call tmp Custm_Parameter Expected value presented]</name>
                    <title>Verifyied Feed:0 Pub Ad Call tmp Custm_Parameter Expected value presented</title>
                    <attachments/>
                    <steps/>
                </step>
                <step start="1589050898441" stop="1589050898441" status="passed">
                    <name>logStep[Verifyied Feed:1 Pub Ad Call tmp Custm_Parameter Expected value presented]</name>
                    <title>Verifyied Feed:1 Pub Ad Call tmp Custm_Parameter Expected value presented</title>
                    <attachments/>
                    <steps/>
                </step>
                <step start="1589050899146" stop="1589050899146" status="passed">
                    <name>logStep[Verifyied Feed:2 Pub Ad Call tmp Custm_Parameter Expected value presented]</name>
                    <title>Verifyied Feed:2 Pub Ad Call tmp Custm_Parameter Expected value presented</title>
                    <attachments/>
                    <steps/>
                </step>
                <step start="1589050900027" stop="1589050900027" status="passed">
                    <name>logStep[Verifyied Feed:3 Pub Ad Call tmp Custm_Parameter Expected value presented]</name>
                    <title>Verifyied Feed:3 Pub Ad Call tmp Custm_Parameter Expected value presented</title>
                    <attachments/>
                    <steps/>
                </step>
                <step start="1589050900333" stop="1589050900333" status="passed">
                    <name>logStep[Verifyied Feed:4 Pub Ad Call tmp Custm_Parameter Expected value presented]</name>
                    <title>Verifyied Feed:4 Pub Ad Call tmp Custm_Parameter Expected value presented</title>
                    <attachments/>
                    <steps/>
                </step>
                <step start="1589050900653" stop="1589050900653" status="passed">
                    <name>logStep[Verifyied Feed:5 Pub Ad Call tmp Custm_Parameter Expected value presented]</name>
                    <title>Verifyied Feed:5 Pub Ad Call tmp Custm_Parameter Expected value presented</title>
                    <attachments/>
                    <steps/>
                </step>
                <step start="1589050901459" stop="1589050901459" status="passed">
                    <name>logStep[Verifyied Feed:0 Pub Ad Call tmp Custm_Parameter Expected value presented]</name>
                    <title>Verifyied Feed:0 Pub Ad Call tmp Custm_Parameter Expected value presented</title>
                    <attachments/>
                    <steps/>
                </step>
                <step start="1589050902330" stop="1589050902330" status="passed">
                    <name>logStep[Verifyied Feed:1 Pub Ad Call tmp Custm_Parameter Expected value presented]</name>
                    <title>Verifyied Feed:1 Pub Ad Call tmp Custm_Parameter Expected value presented</title>
                    <attachments/>
                    <steps/>
                </step>
                <step start="1589050902603" stop="1589050902603" status="passed">
                    <name>logStep[Verifyied Feed:2 Pub Ad Call tmp Custm_Parameter Expected value presented]</name>
                    <title>Verifyied Feed:2 Pub Ad Call tmp Custm_Parameter Expected value presented</title>
                    <attachments/>
                    <steps/>
                </step>
                <step start="1589050902822" stop="1589050902822" status="passed">
                    <name>logStep[Verifyied Feed:3 Pub Ad Call tmp Custm_Parameter Expected value presented]</name>
                    <title>Verifyied Feed:3 Pub Ad Call tmp Custm_Parameter Expected value presented</title>
                    <attachments/>
                    <steps/>
                </step>
            </steps>
            <attachments/>
            <labels>
                <label name="testSuite" value="Default suite"/>
                <label name="testGroup" value="Default test"/>
                <label name="testClass" value="twc.Regression.TestCases.regressionTestCases"/>
                <label name="testMethod" value="C333208_Verify_cust_param_tmp"/>
                <label name="host" value="Aswinikumars-MacBook-Pro.local"/>
                <label name="thread" value="1504@Aswinikumars-MacBook-Pro.local.main(1)"/>
            </labels>
        </test-case>
        <test-case start="1589050903011" stop="1589050906301" status="passed">
            <name>C658712_Verify_cust_param_plat</name>
            <title>Verify custom parameter plat</title>
            <steps>
                <step start="1589050903165" stop="1589050903165" status="passed">
                    <name>logStep[Verifyied Feed:0 Pub Ad Call plat Custm_Parameter Expected value presented]</name>
                    <title>Verifyied Feed:0 Pub Ad Call plat Custm_Parameter Expected value presented</title>
                    <attachments/>
                    <steps/>
                </step>
                <step start="1589050903263" stop="1589050903263" status="passed">
                    <name>logStep[Verifyied Feed:1 Pub Ad Call plat Custm_Parameter Expected value presented]</name>
                    <title>Verifyied Feed:1 Pub Ad Call plat Custm_Parameter Expected value presented</title>
                    <attachments/>
                    <steps/>
                </step>
                <step start="1589050903788" stop="1589050903788" status="passed">
                    <name>logStep[Verifyied Feed:2 Pub Ad Call plat Custm_Parameter Expected value presented]</name>
                    <title>Verifyied Feed:2 Pub Ad Call plat Custm_Parameter Expected value presented</title>
                    <attachments/>
                    <steps/>
                </step>
                <step start="1589050904413" stop="1589050904413" status="passed">
                    <name>logStep[Verifyied Feed:3 Pub Ad Call plat Custm_Parameter Expected value presented]</name>
                    <title>Verifyied Feed:3 Pub Ad Call plat Custm_Parameter Expected value presented</title>
                    <attachments/>
                    <steps/>
                </step>
                <step start="1589050904557" stop="1589050904557" status="passed">
                    <name>logStep[Verifyied Feed:4 Pub Ad Call plat Custm_Parameter Expected value presented]</name>
                    <title>Verifyied Feed:4 Pub Ad Call plat Custm_Parameter Expected value presented</title>
                    <attachments/>
                    <steps/>
                </step>
                <step start="1589050904701" stop="1589050904702" status="passed">
                    <name>logStep[Verifyied Feed:5 Pub Ad Call plat Custm_Parameter Expected value presented]</name>
                    <title>Verifyied Feed:5 Pub Ad Call plat Custm_Parameter Expected value presented</title>
                    <attachments/>
                    <steps/>
                </step>
                <step start="1589050905376" stop="1589050905376" status="passed">
                    <name>logStep[Verifyied Feed:0 Pub Ad Call plat Custm_Parameter Expected value presented]</name>
                    <title>Verifyied Feed:0 Pub Ad Call plat Custm_Parameter Expected value presented</title>
                    <attachments/>
                    <steps/>
                </step>
                <step start="1589050906120" stop="1589050906120" status="passed">
                    <name>logStep[Verifyied Feed:1 Pub Ad Call plat Custm_Parameter Expected value presented]</name>
                    <title>Verifyied Feed:1 Pub Ad Call plat Custm_Parameter Expected value presented</title>
                    <attachments/>
                    <steps/>
                </step>
                <step start="1589050906215" stop="1589050906215" status="passed">
                    <name>logStep[Verifyied Feed:2 Pub Ad Call plat Custm_Parameter Expected value presented]</name>
                    <title>Verifyied Feed:2 Pub Ad Call plat Custm_Parameter Expected value presented</title>
                    <attachments/>
                    <steps/>
                </step>
                <step start="1589050906279" stop="1589050906279" status="passed">
                    <name>logStep[Verifyied Feed:3 Pub Ad Call plat Custm_Parameter Expected value presented]</name>
                    <title>Verifyied Feed:3 Pub Ad Call plat Custm_Parameter Expected value presented</title>
                    <attachments/>
                    <steps/>
                </step>
            </steps>
            <attachments/>
            <labels>
                <label name="testSuite" value="Default suite"/>
                <label name="testGroup" value="Default test"/>
                <label name="testClass" value="twc.Regression.TestCases.regressionTestCases"/>
                <label name="testMethod" value="C658712_Verify_cust_param_plat"/>
                <label name="host" value="Aswinikumars-MacBook-Pro.local"/>
                <label name="thread" value="1504@Aswinikumars-MacBook-Pro.local.main(1)"/>
            </labels>
        </test-case>
        <test-case start="1589050903011" stop="1589050906301" status="passed">
            <name>C658712_Verify_cust_param_plat</name>
            <title>Verify custom parameter plat</title>
            <steps>
                <step start="1589050903165" stop="1589050903165" status="passed">
                    <name>logStep[Verifyied Feed:0 Pub Ad Call plat Custm_Parameter Expected value presented]</name>
                    <title>Verifyied Feed:0 Pub Ad Call plat Custm_Parameter Expected value presented</title>
                    <attachments/>
                    <steps/>
                </step>
                <step start="1589050903263" stop="1589050903263" status="passed">
                    <name>logStep[Verifyied Feed:1 Pub Ad Call plat Custm_Parameter Expected value presented]</name>
                    <title>Verifyied Feed:1 Pub Ad Call plat Custm_Parameter Expected value presented</title>
                    <attachments/>
                    <steps/>
                </step>
                <step start="1589050903788" stop="1589050903788" status="passed">
                    <name>logStep[Verifyied Feed:2 Pub Ad Call plat Custm_Parameter Expected value presented]</name>
                    <title>Verifyied Feed:2 Pub Ad Call plat Custm_Parameter Expected value presented</title>
                    <attachments/>
                    <steps/>
                </step>
                <step start="1589050904413" stop="1589050904413" status="passed">
                    <name>logStep[Verifyied Feed:3 Pub Ad Call plat Custm_Parameter Expected value presented]</name>
                    <title>Verifyied Feed:3 Pub Ad Call plat Custm_Parameter Expected value presented</title>
                    <attachments/>
                    <steps/>
                </step>
                <step start="1589050904557" stop="1589050904557" status="passed">
                    <name>logStep[Verifyied Feed:4 Pub Ad Call plat Custm_Parameter Expected value presented]</name>
                    <title>Verifyied Feed:4 Pub Ad Call plat Custm_Parameter Expected value presented</title>
                    <attachments/>
                    <steps/>
                </step>
                <step start="1589050904701" stop="1589050904702" status="passed">
                    <name>logStep[Verifyied Feed:5 Pub Ad Call plat Custm_Parameter Expected value presented]</name>
                    <title>Verifyied Feed:5 Pub Ad Call plat Custm_Parameter Expected value presented</title>
                    <attachments/>
                    <steps/>
                </step>
                <step start="1589050905376" stop="1589050905376" status="passed">
                    <name>logStep[Verifyied Feed:0 Pub Ad Call plat Custm_Parameter Expected value presented]</name>
                    <title>Verifyied Feed:0 Pub Ad Call plat Custm_Parameter Expected value presented</title>
                    <attachments/>
                    <steps/>
                </step>
                <step start="1589050906120" stop="1589050906120" status="passed">
                    <name>logStep[Verifyied Feed:1 Pub Ad Call plat Custm_Parameter Expected value presented]</name>
                    <title>Verifyied Feed:1 Pub Ad Call plat Custm_Parameter Expected value presented</title>
                    <attachments/>
                    <steps/>
                </step>
                <step start="1589050906215" stop="1589050906215" status="passed">
                    <name>logStep[Verifyied Feed:2 Pub Ad Call plat Custm_Parameter Expected value presented]</name>
                    <title>Verifyied Feed:2 Pub Ad Call plat Custm_Parameter Expected value presented</title>
                    <attachments/>
                    <steps/>
                </step>
                <step start="1589050906279" stop="1589050906279" status="passed">
                    <name>logStep[Verifyied Feed:3 Pub Ad Call plat Custm_Parameter Expected value presented]</name>
                    <title>Verifyied Feed:3 Pub Ad Call plat Custm_Parameter Expected value presented</title>
                    <attachments/>
                    <steps/>
                </step>
            </steps>
            <attachments/>
            <labels>
                <label name="testSuite" value="Default suite"/>
                <label name="testGroup" value="Default test"/>
                <label name="testClass" value="twc.Regression.TestCases.regressionTestCases"/>
                <label name="testMethod" value="C658712_Verify_cust_param_plat"/>
                <label name="host" value="Aswinikumars-MacBook-Pro.local"/>
                <label name="thread" value="1504@Aswinikumars-MacBook-Pro.local.main(1)"/>
            </labels>
        </test-case>
        <test-case start="1589050906304" stop="1589050906542" status="broken">
            <name>C333212_Verify_cust_param_ct</name>
            <title>Verify custom parameter ct</title>
            <failure>
                <message>StringIndexOutOfBoundsException: String index out of range: -1</message>
                <stack-trace>java.lang.StringIndexOutOfBoundsException: String index out of range: -1
	at java.lang.String.substring(String.java:1927)
	at twc.Regression.CustomParamValidation.CustomParamFunctions.get_dsx_call_value(CustomParamFunctions.java:704)
	at twc.Regression.CustomParamValidation.CustomParamFunctions.validate_dsx_results(CustomParamFunctions.java:289)
	at twc.Regression.TestCases.Custom_Parameters_Verification.parameters_Verification(Custom_Parameters_Verification.java:268)
	at twc.Regression.TestCases.regressionTestCases.C333212_Verify_cust_param_ct(regressionTestCases.java:75)
	at sun.reflect.NativeMethodAccessorImpl.invoke0(Native Method)
	at sun.reflect.NativeMethodAccessorImpl.invoke(NativeMethodAccessorImpl.java:62)
	at sun.reflect.DelegatingMethodAccessorImpl.invoke(DelegatingMethodAccessorImpl.java:43)
	at java.lang.reflect.Method.invoke(Method.java:498)
	at org.testng.internal.MethodInvocationHelper.invokeMethod(MethodInvocationHelper.java:85)
	at org.testng.internal.Invoker.invokeMethod(Invoker.java:659)
	at org.testng.internal.Invoker.invokeTestMethod(Invoker.java:845)
	at org.testng.internal.Invoker.invokeTestMethods(Invoker.java:1153)
	at org.testng.internal.TestMethodWorker.invokeTestMethods(TestMethodWorker.java:125)
	at org.testng.internal.TestMethodWorker.run(TestMethodWorker.java:108)
	at org.testng.TestRunner.privateRun(TestRunner.java:771)
	at org.testng.TestRunner.run(TestRunner.java:621)
	at org.testng.SuiteRunner.runTest(SuiteRunner.java:357)
	at org.testng.SuiteRunner.runSequentially(SuiteRunner.java:352)
	at org.testng.SuiteRunner.privateRun(SuiteRunner.java:310)
	at org.testng.SuiteRunner.run(SuiteRunner.java:259)
	at org.testng.SuiteRunnerWorker.runSuite(SuiteRunnerWorker.java:52)
	at org.testng.SuiteRunnerWorker.run(SuiteRunnerWorker.java:86)
	at org.testng.TestNG.runSuitesSequentially(TestNG.java:1199)
	at org.testng.TestNG.runSuitesLocally(TestNG.java:1124)
	at org.testng.TestNG.run(TestNG.java:1032)
	at org.testng.remote.AbstractRemoteTestNG.run(AbstractRemoteTestNG.java:115)
	at org.testng.remote.RemoteTestNG.initAndRun(RemoteTestNG.java:251)
	at org.testng.remote.RemoteTestNG.main(RemoteTestNG.java:77)
</stack-trace>
            </failure>
            <steps>
                <step start="1589050906468" stop="1589050906468" status="passed">
                    <name>logStep[Verifyied Feed:0 Pub Ad Call ct Custm_Parameter Expected value presented]</name>
                    <title>Verifyied Feed:0 Pub Ad Call ct Custm_Parameter Expected value presented</title>
                </step>
            </steps>
            <attachments/>
            <labels>
                <label name="testSuite" value="Default suite"/>
                <label name="testGroup" value="Default test"/>
                <label name="testClass" value="twc.Regression.TestCases.regressionTestCases"/>
                <label name="testMethod" value="C333212_Verify_cust_param_ct"/>
                <label name="host" value="Aswinikumars-MacBook-Pro.local"/>
                <label name="thread" value="1504@Aswinikumars-MacBook-Pro.local.main(1)"/>
            </labels>
        </test-case>
        <test-case start="1589050906304" stop="1589050906542" status="broken">
            <name>C333212_Verify_cust_param_ct</name>
            <title>Verify custom parameter ct</title>
            <failure>
                <message>StringIndexOutOfBoundsException: String index out of range: -1</message>
                <stack-trace>java.lang.StringIndexOutOfBoundsException: String index out of range: -1
	at java.lang.String.substring(String.java:1927)
	at twc.Regression.CustomParamValidation.CustomParamFunctions.get_dsx_call_value(CustomParamFunctions.java:704)
	at twc.Regression.CustomParamValidation.CustomParamFunctions.validate_dsx_results(CustomParamFunctions.java:289)
	at twc.Regression.TestCases.Custom_Parameters_Verification.parameters_Verification(Custom_Parameters_Verification.java:268)
	at twc.Regression.TestCases.regressionTestCases.C333212_Verify_cust_param_ct(regressionTestCases.java:75)
	at sun.reflect.NativeMethodAccessorImpl.invoke0(Native Method)
	at sun.reflect.NativeMethodAccessorImpl.invoke(NativeMethodAccessorImpl.java:62)
	at sun.reflect.DelegatingMethodAccessorImpl.invoke(DelegatingMethodAccessorImpl.java:43)
	at java.lang.reflect.Method.invoke(Method.java:498)
	at org.testng.internal.MethodInvocationHelper.invokeMethod(MethodInvocationHelper.java:85)
	at org.testng.internal.Invoker.invokeMethod(Invoker.java:659)
	at org.testng.internal.Invoker.invokeTestMethod(Invoker.java:845)
	at org.testng.internal.Invoker.invokeTestMethods(Invoker.java:1153)
	at org.testng.internal.TestMethodWorker.invokeTestMethods(TestMethodWorker.java:125)
	at org.testng.internal.TestMethodWorker.run(TestMethodWorker.java:108)
	at org.testng.TestRunner.privateRun(TestRunner.java:771)
	at org.testng.TestRunner.run(TestRunner.java:621)
	at org.testng.SuiteRunner.runTest(SuiteRunner.java:357)
	at org.testng.SuiteRunner.runSequentially(SuiteRunner.java:352)
	at org.testng.SuiteRunner.privateRun(SuiteRunner.java:310)
	at org.testng.SuiteRunner.run(SuiteRunner.java:259)
	at org.testng.SuiteRunnerWorker.runSuite(SuiteRunnerWorker.java:52)
	at org.testng.SuiteRunnerWorker.run(SuiteRunnerWorker.java:86)
	at org.testng.TestNG.runSuitesSequentially(TestNG.java:1199)
	at org.testng.TestNG.runSuitesLocally(TestNG.java:1124)
	at org.testng.TestNG.run(TestNG.java:1032)
	at org.testng.remote.AbstractRemoteTestNG.run(AbstractRemoteTestNG.java:115)
	at org.testng.remote.RemoteTestNG.initAndRun(RemoteTestNG.java:251)
	at org.testng.remote.RemoteTestNG.main(RemoteTestNG.java:77)
</stack-trace>
            </failure>
            <steps>
                <step start="1589050906468" stop="1589050906468" status="passed">
                    <name>logStep[Verifyied Feed:0 Pub Ad Call ct Custm_Parameter Expected value presented]</name>
                    <title>Verifyied Feed:0 Pub Ad Call ct Custm_Parameter Expected value presented</title>
                </step>
            </steps>
            <attachments/>
            <labels>
                <label name="testSuite" value="Default suite"/>
                <label name="testGroup" value="Default test"/>
                <label name="testClass" value="twc.Regression.TestCases.regressionTestCases"/>
                <label name="testMethod" value="C333212_Verify_cust_param_ct"/>
                <label name="host" value="Aswinikumars-MacBook-Pro.local"/>
                <label name="thread" value="1504@Aswinikumars-MacBook-Pro.local.main(1)"/>
            </labels>
        </test-case>
        <test-case start="1589050906544" stop="1589050909942" status="passed">
            <name>C333211_Verify_cust_param_locale</name>
            <title>Verify custom parameter locale</title>
            <steps>
                <step start="1589050906682" stop="1589050906682" status="passed">
                    <name>logStep[Verifyied Feed:0 Pub Ad Call locale Custm_Parameter Expected value presented]</name>
                    <title>Verifyied Feed:0 Pub Ad Call locale Custm_Parameter Expected value presented</title>
                    <attachments/>
                    <steps/>
                </step>
                <step start="1589050906842" stop="1589050906842" status="passed">
                    <name>logStep[Verifyied Feed:1 Pub Ad Call locale Custm_Parameter Expected value presented]</name>
                    <title>Verifyied Feed:1 Pub Ad Call locale Custm_Parameter Expected value presented</title>
                    <attachments/>
                    <steps/>
                </step>
                <step start="1589050907464" stop="1589050907464" status="passed">
                    <name>logStep[Verifyied Feed:2 Pub Ad Call locale Custm_Parameter Expected value presented]</name>
                    <title>Verifyied Feed:2 Pub Ad Call locale Custm_Parameter Expected value presented</title>
                    <attachments/>
                    <steps/>
                </step>
                <step start="1589050908040" stop="1589050908040" status="passed">
                    <name>logStep[Verifyied Feed:3 Pub Ad Call locale Custm_Parameter Expected value presented]</name>
                    <title>Verifyied Feed:3 Pub Ad Call locale Custm_Parameter Expected value presented</title>
                    <attachments/>
                    <steps/>
                </step>
                <step start="1589050908206" stop="1589050908206" status="passed">
                    <name>logStep[Verifyied Feed:4 Pub Ad Call locale Custm_Parameter Expected value presented]</name>
                    <title>Verifyied Feed:4 Pub Ad Call locale Custm_Parameter Expected value presented</title>
                    <attachments/>
                    <steps/>
                </step>
                <step start="1589050908364" stop="1589050908364" status="passed">
                    <name>logStep[Verifyied Feed:5 Pub Ad Call locale Custm_Parameter Expected value presented]</name>
                    <title>Verifyied Feed:5 Pub Ad Call locale Custm_Parameter Expected value presented</title>
                    <attachments/>
                    <steps/>
                </step>
                <step start="1589050909009" stop="1589050909009" status="passed">
                    <name>logStep[Verifyied Feed:0 Pub Ad Call locale Custm_Parameter Expected value presented]</name>
                    <title>Verifyied Feed:0 Pub Ad Call locale Custm_Parameter Expected value presented</title>
                    <attachments/>
                    <steps/>
                </step>
                <step start="1589050909633" stop="1589050909633" status="passed">
                    <name>logStep[Verifyied Feed:1 Pub Ad Call locale Custm_Parameter Expected value presented]</name>
                    <title>Verifyied Feed:1 Pub Ad Call locale Custm_Parameter Expected value presented</title>
                    <attachments/>
                    <steps/>
                </step>
                <step start="1589050909774" stop="1589050909774" status="passed">
                    <name>logStep[Verifyied Feed:2 Pub Ad Call locale Custm_Parameter Expected value presented]</name>
                    <title>Verifyied Feed:2 Pub Ad Call locale Custm_Parameter Expected value presented</title>
                    <attachments/>
                    <steps/>
                </step>
                <step start="1589050909882" stop="1589050909882" status="passed">
                    <name>logStep[Verifyied Feed:3 Pub Ad Call locale Custm_Parameter Expected value presented]</name>
                    <title>Verifyied Feed:3 Pub Ad Call locale Custm_Parameter Expected value presented</title>
                    <attachments/>
                    <steps/>
                </step>
            </steps>
            <attachments/>
            <labels>
                <label name="testSuite" value="Default suite"/>
                <label name="testGroup" value="Default test"/>
                <label name="testClass" value="twc.Regression.TestCases.regressionTestCases"/>
                <label name="testMethod" value="C333211_Verify_cust_param_locale"/>
                <label name="host" value="Aswinikumars-MacBook-Pro.local"/>
                <label name="thread" value="1504@Aswinikumars-MacBook-Pro.local.main(1)"/>
            </labels>
        </test-case>
        <test-case start="1589050906544" stop="1589050909942" status="passed">
            <name>C333211_Verify_cust_param_locale</name>
            <title>Verify custom parameter locale</title>
            <steps>
                <step start="1589050906682" stop="1589050906682" status="passed">
                    <name>logStep[Verifyied Feed:0 Pub Ad Call locale Custm_Parameter Expected value presented]</name>
                    <title>Verifyied Feed:0 Pub Ad Call locale Custm_Parameter Expected value presented</title>
                    <attachments/>
                    <steps/>
                </step>
                <step start="1589050906842" stop="1589050906842" status="passed">
                    <name>logStep[Verifyied Feed:1 Pub Ad Call locale Custm_Parameter Expected value presented]</name>
                    <title>Verifyied Feed:1 Pub Ad Call locale Custm_Parameter Expected value presented</title>
                    <attachments/>
                    <steps/>
                </step>
                <step start="1589050907464" stop="1589050907464" status="passed">
                    <name>logStep[Verifyied Feed:2 Pub Ad Call locale Custm_Parameter Expected value presented]</name>
                    <title>Verifyied Feed:2 Pub Ad Call locale Custm_Parameter Expected value presented</title>
                    <attachments/>
                    <steps/>
                </step>
                <step start="1589050908040" stop="1589050908040" status="passed">
                    <name>logStep[Verifyied Feed:3 Pub Ad Call locale Custm_Parameter Expected value presented]</name>
                    <title>Verifyied Feed:3 Pub Ad Call locale Custm_Parameter Expected value presented</title>
                    <attachments/>
                    <steps/>
                </step>
                <step start="1589050908206" stop="1589050908206" status="passed">
                    <name>logStep[Verifyied Feed:4 Pub Ad Call locale Custm_Parameter Expected value presented]</name>
                    <title>Verifyied Feed:4 Pub Ad Call locale Custm_Parameter Expected value presented</title>
                    <attachments/>
                    <steps/>
                </step>
                <step start="1589050908364" stop="1589050908364" status="passed">
                    <name>logStep[Verifyied Feed:5 Pub Ad Call locale Custm_Parameter Expected value presented]</name>
                    <title>Verifyied Feed:5 Pub Ad Call locale Custm_Parameter Expected value presented</title>
                    <attachments/>
                    <steps/>
                </step>
                <step start="1589050909009" stop="1589050909009" status="passed">
                    <name>logStep[Verifyied Feed:0 Pub Ad Call locale Custm_Parameter Expected value presented]</name>
                    <title>Verifyied Feed:0 Pub Ad Call locale Custm_Parameter Expected value presented</title>
                    <attachments/>
                    <steps/>
                </step>
                <step start="1589050909633" stop="1589050909633" status="passed">
                    <name>logStep[Verifyied Feed:1 Pub Ad Call locale Custm_Parameter Expected value presented]</name>
                    <title>Verifyied Feed:1 Pub Ad Call locale Custm_Parameter Expected value presented</title>
                    <attachments/>
                    <steps/>
                </step>
                <step start="1589050909774" stop="1589050909774" status="passed">
                    <name>logStep[Verifyied Feed:2 Pub Ad Call locale Custm_Parameter Expected value presented]</name>
                    <title>Verifyied Feed:2 Pub Ad Call locale Custm_Parameter Expected value presented</title>
                    <attachments/>
                    <steps/>
                </step>
                <step start="1589050909882" stop="1589050909882" status="passed">
                    <name>logStep[Verifyied Feed:3 Pub Ad Call locale Custm_Parameter Expected value presented]</name>
                    <title>Verifyied Feed:3 Pub Ad Call locale Custm_Parameter Expected value presented</title>
                    <attachments/>
                    <steps/>
                </step>
            </steps>
            <attachments/>
            <labels>
                <label name="testSuite" value="Default suite"/>
                <label name="testGroup" value="Default test"/>
                <label name="testClass" value="twc.Regression.TestCases.regressionTestCases"/>
                <label name="testMethod" value="C333211_Verify_cust_param_locale"/>
                <label name="host" value="Aswinikumars-MacBook-Pro.local"/>
                <label name="thread" value="1504@Aswinikumars-MacBook-Pro.local.main(1)"/>
            </labels>
        </test-case>
        <test-case start="1589050909945" stop="1589050914328" status="passed">
            <name>C333221_Verify_cust_param_wind</name>
            <title>Verify custom parameter wind</title>
            <steps>
                <step start="1589050910096" stop="1589050910096" status="passed">
                    <name>logStep[Verifyied Feed:iu=%2F7646%2Fapp_android_us%2Fdb_display%2Fhome_screen%2Fhourly Pub Ad Call wind Custm_Parameter ...]</name>
                    <title>Verifyied Feed:iu=%2F7646%2Fapp_android_us%2Fdb_display%2Fhome_screen%2Fhourly Pub Ad Call wind Custm_Parameter Expected...</title>
                    <attachments/>
                    <steps/>
                </step>
                <step start="1589050910289" stop="1589050910289" status="passed">
                    <name>logStep[Verifyied Feed:iu=%2F7646%2Fapp_android_us%2Fdb_display%2Fhome_screen%2Fmarquee Pub Ad Call wind Custm_Parameter...]</name>
                    <title>Verifyied Feed:iu=%2F7646%2Fapp_android_us%2Fdb_display%2Fhome_screen%2Fmarquee Pub Ad Call wind Custm_Parameter Expecte...</title>
                    <attachments/>
                    <steps/>
                </step>
                <step start="1589050910892" stop="1589050910892" status="passed">
                    <name>logStep[Verifyied Feed:iu=%2F7646%2Fapp_android_us%2Fdb_display%2Fcard%2Fradar Pub Ad Call wind Custm_Parameter Expected...]</name>
                    <title>Verifyied Feed:iu=%2F7646%2Fapp_android_us%2Fdb_display%2Fcard%2Fradar Pub Ad Call wind Custm_Parameter Expected value p...</title>
                    <attachments/>
                    <steps/>
                </step>
                <step start="1589050911624" stop="1589050911624" status="passed">
                    <name>logStep[Verifyied Feed:iu=%2F7646%2Fapp_android_us%2Fdb_display%2Fcard%2Flifestyle Pub Ad Call wind Custm_Parameter Expe...]</name>
                    <title>Verifyied Feed:iu=%2F7646%2Fapp_android_us%2Fdb_display%2Fcard%2Flifestyle Pub Ad Call wind Custm_Parameter Expected val...</title>
                    <attachments/>
                    <steps/>
                </step>
                <step start="1589050911875" stop="1589050911875" status="passed">
                    <name>logStep[Verifyied Feed:iu=%2F7646%2Fapp_android_us%2Fdb_display%2Fcard%2Fseason Pub Ad Call wind Custm_Parameter Expecte...]</name>
                    <title>Verifyied Feed:iu=%2F7646%2Fapp_android_us%2Fdb_display%2Fcard%2Fseason Pub Ad Call wind Custm_Parameter Expected value ...</title>
                    <attachments/>
                    <steps/>
                </step>
                <step start="1589050912095" stop="1589050912095" status="passed">
                    <name>logStep[Verifyied Feed:iu=%2F7646%2Fapp_android_us%2Fdb_display%2Fcard%2Faq Pub Ad Call wind Custm_Parameter Expected va...]</name>
                    <title>Verifyied Feed:iu=%2F7646%2Fapp_android_us%2Fdb_display%2Fcard%2Faq Pub Ad Call wind Custm_Parameter Expected value pres...</title>
                    <attachments/>
                    <steps/>
                </step>
                <step start="1589050912898" stop="1589050912898" status="passed">
                    <name>logStep[Verifyied Feed:iu=%2F7646%2Fapp_android_us%2Fdb_display%2Fdetails%2Fmaps Pub Ad Call wind Custm_Parameter Expect...]</name>
                    <title>Verifyied Feed:iu=%2F7646%2Fapp_android_us%2Fdb_display%2Fdetails%2Fmaps Pub Ad Call wind Custm_Parameter Expected value...</title>
                    <attachments/>
                    <steps/>
                </step>
                <step start="1589050913619" stop="1589050913619" status="passed">
                    <name>logStep[Verifyied Feed:iu=%2F7646%2Fapp_android_us%2Fdb_display%2Fdetails%2Ftoday Pub Ad Call wind Custm_Parameter Expec...]</name>
                    <title>Verifyied Feed:iu=%2F7646%2Fapp_android_us%2Fdb_display%2Fdetails%2Ftoday Pub Ad Call wind Custm_Parameter Expected valu...</title>
                    <attachments/>
                    <steps/>
                </step>
                <step start="1589050913971" stop="1589050913971" status="passed">
                    <name>logStep[Verifyied Feed:iu=%2F7646%2Fapp_android_us%2Fdb_display%2Fdetails%2Fhourly Pub Ad Call wind Custm_Parameter Expe...]</name>
                    <title>Verifyied Feed:iu=%2F7646%2Fapp_android_us%2Fdb_display%2Fdetails%2Fhourly Pub Ad Call wind Custm_Parameter Expected val...</title>
                    <attachments/>
                    <steps/>
                </step>
                <step start="1589050914170" stop="1589050914170" status="passed">
                    <name>logStep[Verifyied Feed:iu=%2F7646%2Fapp_android_us%2Fdb_display%2Fdetails%2F10day Pub Ad Call wind Custm_Parameter Expec...]</name>
                    <title>Verifyied Feed:iu=%2F7646%2Fapp_android_us%2Fdb_display%2Fdetails%2F10day Pub Ad Call wind Custm_Parameter Expected valu...</title>
                    <attachments/>
                    <steps/>
                </step>
            </steps>
            <attachments/>
            <labels>
                <label name="testSuite" value="Default suite"/>
                <label name="testGroup" value="Default test"/>
                <label name="testClass" value="twc.Regression.TestCases.regressionTestCases"/>
                <label name="testMethod" value="C333221_Verify_cust_param_wind"/>
                <label name="host" value="Aswinikumars-MacBook-Pro.local"/>
                <label name="thread" value="1504@Aswinikumars-MacBook-Pro.local.main(1)"/>
            </labels>
        </test-case>
        <test-case start="1589050909945" stop="1589050914328" status="passed">
            <name>C333221_Verify_cust_param_wind</name>
            <title>Verify custom parameter wind</title>
            <steps>
                <step start="1589050910096" stop="1589050910096" status="passed">
                    <name>logStep[Verifyied Feed:iu=%2F7646%2Fapp_android_us%2Fdb_display%2Fhome_screen%2Fhourly Pub Ad Call wind Custm_Parameter ...]</name>
                    <title>Verifyied Feed:iu=%2F7646%2Fapp_android_us%2Fdb_display%2Fhome_screen%2Fhourly Pub Ad Call wind Custm_Parameter Expected...</title>
                    <attachments/>
                    <steps/>
                </step>
                <step start="1589050910289" stop="1589050910289" status="passed">
                    <name>logStep[Verifyied Feed:iu=%2F7646%2Fapp_android_us%2Fdb_display%2Fhome_screen%2Fmarquee Pub Ad Call wind Custm_Parameter...]</name>
                    <title>Verifyied Feed:iu=%2F7646%2Fapp_android_us%2Fdb_display%2Fhome_screen%2Fmarquee Pub Ad Call wind Custm_Parameter Expecte...</title>
                    <attachments/>
                    <steps/>
                </step>
                <step start="1589050910892" stop="1589050910892" status="passed">
                    <name>logStep[Verifyied Feed:iu=%2F7646%2Fapp_android_us%2Fdb_display%2Fcard%2Fradar Pub Ad Call wind Custm_Parameter Expected...]</name>
                    <title>Verifyied Feed:iu=%2F7646%2Fapp_android_us%2Fdb_display%2Fcard%2Fradar Pub Ad Call wind Custm_Parameter Expected value p...</title>
                    <attachments/>
                    <steps/>
                </step>
                <step start="1589050911624" stop="1589050911624" status="passed">
                    <name>logStep[Verifyied Feed:iu=%2F7646%2Fapp_android_us%2Fdb_display%2Fcard%2Flifestyle Pub Ad Call wind Custm_Parameter Expe...]</name>
                    <title>Verifyied Feed:iu=%2F7646%2Fapp_android_us%2Fdb_display%2Fcard%2Flifestyle Pub Ad Call wind Custm_Parameter Expected val...</title>
                    <attachments/>
                    <steps/>
                </step>
                <step start="1589050911875" stop="1589050911875" status="passed">
                    <name>logStep[Verifyied Feed:iu=%2F7646%2Fapp_android_us%2Fdb_display%2Fcard%2Fseason Pub Ad Call wind Custm_Parameter Expecte...]</name>
                    <title>Verifyied Feed:iu=%2F7646%2Fapp_android_us%2Fdb_display%2Fcard%2Fseason Pub Ad Call wind Custm_Parameter Expected value ...</title>
                    <attachments/>
                    <steps/>
                </step>
                <step start="1589050912095" stop="1589050912095" status="passed">
                    <name>logStep[Verifyied Feed:iu=%2F7646%2Fapp_android_us%2Fdb_display%2Fcard%2Faq Pub Ad Call wind Custm_Parameter Expected va...]</name>
                    <title>Verifyied Feed:iu=%2F7646%2Fapp_android_us%2Fdb_display%2Fcard%2Faq Pub Ad Call wind Custm_Parameter Expected value pres...</title>
                    <attachments/>
                    <steps/>
                </step>
                <step start="1589050912898" stop="1589050912898" status="passed">
                    <name>logStep[Verifyied Feed:iu=%2F7646%2Fapp_android_us%2Fdb_display%2Fdetails%2Fmaps Pub Ad Call wind Custm_Parameter Expect...]</name>
                    <title>Verifyied Feed:iu=%2F7646%2Fapp_android_us%2Fdb_display%2Fdetails%2Fmaps Pub Ad Call wind Custm_Parameter Expected value...</title>
                    <attachments/>
                    <steps/>
                </step>
                <step start="1589050913619" stop="1589050913619" status="passed">
                    <name>logStep[Verifyied Feed:iu=%2F7646%2Fapp_android_us%2Fdb_display%2Fdetails%2Ftoday Pub Ad Call wind Custm_Parameter Expec...]</name>
                    <title>Verifyied Feed:iu=%2F7646%2Fapp_android_us%2Fdb_display%2Fdetails%2Ftoday Pub Ad Call wind Custm_Parameter Expected valu...</title>
                    <attachments/>
                    <steps/>
                </step>
                <step start="1589050913971" stop="1589050913971" status="passed">
                    <name>logStep[Verifyied Feed:iu=%2F7646%2Fapp_android_us%2Fdb_display%2Fdetails%2Fhourly Pub Ad Call wind Custm_Parameter Expe...]</name>
                    <title>Verifyied Feed:iu=%2F7646%2Fapp_android_us%2Fdb_display%2Fdetails%2Fhourly Pub Ad Call wind Custm_Parameter Expected val...</title>
                    <attachments/>
                    <steps/>
                </step>
                <step start="1589050914170" stop="1589050914170" status="passed">
                    <name>logStep[Verifyied Feed:iu=%2F7646%2Fapp_android_us%2Fdb_display%2Fdetails%2F10day Pub Ad Call wind Custm_Parameter Expec...]</name>
                    <title>Verifyied Feed:iu=%2F7646%2Fapp_android_us%2Fdb_display%2Fdetails%2F10day Pub Ad Call wind Custm_Parameter Expected valu...</title>
                    <attachments/>
                    <steps/>
                </step>
            </steps>
            <attachments/>
            <labels>
                <label name="testSuite" value="Default suite"/>
                <label name="testGroup" value="Default test"/>
                <label name="testClass" value="twc.Regression.TestCases.regressionTestCases"/>
                <label name="testMethod" value="C333221_Verify_cust_param_wind"/>
                <label name="host" value="Aswinikumars-MacBook-Pro.local"/>
                <label name="thread" value="1504@Aswinikumars-MacBook-Pro.local.main(1)"/>
            </labels>
        </test-case>
        <test-case start="1589050914331" stop="1589050914592" status="broken">
            <name>C333214_Verify_cust_param_hlzip</name>
            <title>Verify custom parameter hlzip</title>
            <failure>
                <message>StringIndexOutOfBoundsException: String index out of range: -1</message>
                <stack-trace>java.lang.StringIndexOutOfBoundsException: String index out of range: -1
	at java.lang.String.substring(String.java:1927)
	at twc.Regression.CustomParamValidation.CustomParamFunctions.get_wfxtg_call_value(CustomParamFunctions.java:747)
	at twc.Regression.CustomParamValidation.CustomParamFunctions.validate_wfxtg_results(CustomParamFunctions.java:390)
	at twc.Regression.TestCases.Custom_Parameters_Verification.parameters_Verification(Custom_Parameters_Verification.java:368)
	at twc.Regression.TestCases.regressionTestCases.C333214_Verify_cust_param_hlzip(regressionTestCases.java:96)
	at sun.reflect.NativeMethodAccessorImpl.invoke0(Native Method)
	at sun.reflect.NativeMethodAccessorImpl.invoke(NativeMethodAccessorImpl.java:62)
	at sun.reflect.DelegatingMethodAccessorImpl.invoke(DelegatingMethodAccessorImpl.java:43)
	at java.lang.reflect.Method.invoke(Method.java:498)
	at org.testng.internal.MethodInvocationHelper.invokeMethod(MethodInvocationHelper.java:85)
	at org.testng.internal.Invoker.invokeMethod(Invoker.java:659)
	at org.testng.internal.Invoker.invokeTestMethod(Invoker.java:845)
	at org.testng.internal.Invoker.invokeTestMethods(Invoker.java:1153)
	at org.testng.internal.TestMethodWorker.invokeTestMethods(TestMethodWorker.java:125)
	at org.testng.internal.TestMethodWorker.run(TestMethodWorker.java:108)
	at org.testng.TestRunner.privateRun(TestRunner.java:771)
	at org.testng.TestRunner.run(TestRunner.java:621)
	at org.testng.SuiteRunner.runTest(SuiteRunner.java:357)
	at org.testng.SuiteRunner.runSequentially(SuiteRunner.java:352)
	at org.testng.SuiteRunner.privateRun(SuiteRunner.java:310)
	at org.testng.SuiteRunner.run(SuiteRunner.java:259)
	at org.testng.SuiteRunnerWorker.runSuite(SuiteRunnerWorker.java:52)
	at org.testng.SuiteRunnerWorker.run(SuiteRunnerWorker.java:86)
	at org.testng.TestNG.runSuitesSequentially(TestNG.java:1199)
	at org.testng.TestNG.runSuitesLocally(TestNG.java:1124)
	at org.testng.TestNG.run(TestNG.java:1032)
	at org.testng.remote.AbstractRemoteTestNG.run(AbstractRemoteTestNG.java:115)
	at org.testng.remote.RemoteTestNG.initAndRun(RemoteTestNG.java:251)
	at org.testng.remote.RemoteTestNG.main(RemoteTestNG.java:77)
</stack-trace>
            </failure>
            <steps>
                <step start="1589050914489" stop="1589050914489" status="passed">
                    <name>logStep[Verifyied Feed:0 Pub Ad Call hlzip Custm_Parameter Expected value presented]</name>
                    <title>Verifyied Feed:0 Pub Ad Call hlzip Custm_Parameter Expected value presented</title>
                </step>
            </steps>
            <attachments/>
            <labels>
                <label name="testSuite" value="Default suite"/>
                <label name="testGroup" value="Default test"/>
                <label name="testClass" value="twc.Regression.TestCases.regressionTestCases"/>
                <label name="testMethod" value="C333214_Verify_cust_param_hlzip"/>
                <label name="host" value="Aswinikumars-MacBook-Pro.local"/>
                <label name="thread" value="1504@Aswinikumars-MacBook-Pro.local.main(1)"/>
            </labels>
        </test-case>
        <test-case start="1589050914331" stop="1589050914592" status="broken">
            <name>C333214_Verify_cust_param_hlzip</name>
            <title>Verify custom parameter hlzip</title>
            <failure>
                <message>StringIndexOutOfBoundsException: String index out of range: -1</message>
                <stack-trace>java.lang.StringIndexOutOfBoundsException: String index out of range: -1
	at java.lang.String.substring(String.java:1927)
	at twc.Regression.CustomParamValidation.CustomParamFunctions.get_wfxtg_call_value(CustomParamFunctions.java:747)
	at twc.Regression.CustomParamValidation.CustomParamFunctions.validate_wfxtg_results(CustomParamFunctions.java:390)
	at twc.Regression.TestCases.Custom_Parameters_Verification.parameters_Verification(Custom_Parameters_Verification.java:368)
	at twc.Regression.TestCases.regressionTestCases.C333214_Verify_cust_param_hlzip(regressionTestCases.java:96)
	at sun.reflect.NativeMethodAccessorImpl.invoke0(Native Method)
	at sun.reflect.NativeMethodAccessorImpl.invoke(NativeMethodAccessorImpl.java:62)
	at sun.reflect.DelegatingMethodAccessorImpl.invoke(DelegatingMethodAccessorImpl.java:43)
	at java.lang.reflect.Method.invoke(Method.java:498)
	at org.testng.internal.MethodInvocationHelper.invokeMethod(MethodInvocationHelper.java:85)
	at org.testng.internal.Invoker.invokeMethod(Invoker.java:659)
	at org.testng.internal.Invoker.invokeTestMethod(Invoker.java:845)
	at org.testng.internal.Invoker.invokeTestMethods(Invoker.java:1153)
	at org.testng.internal.TestMethodWorker.invokeTestMethods(TestMethodWorker.java:125)
	at org.testng.internal.TestMethodWorker.run(TestMethodWorker.java:108)
	at org.testng.TestRunner.privateRun(TestRunner.java:771)
	at org.testng.TestRunner.run(TestRunner.java:621)
	at org.testng.SuiteRunner.runTest(SuiteRunner.java:357)
	at org.testng.SuiteRunner.runSequentially(SuiteRunner.java:352)
	at org.testng.SuiteRunner.privateRun(SuiteRunner.java:310)
	at org.testng.SuiteRunner.run(SuiteRunner.java:259)
	at org.testng.SuiteRunnerWorker.runSuite(SuiteRunnerWorker.java:52)
	at org.testng.SuiteRunnerWorker.run(SuiteRunnerWorker.java:86)
	at org.testng.TestNG.runSuitesSequentially(TestNG.java:1199)
	at org.testng.TestNG.runSuitesLocally(TestNG.java:1124)
	at org.testng.TestNG.run(TestNG.java:1032)
	at org.testng.remote.AbstractRemoteTestNG.run(AbstractRemoteTestNG.java:115)
	at org.testng.remote.RemoteTestNG.initAndRun(RemoteTestNG.java:251)
	at org.testng.remote.RemoteTestNG.main(RemoteTestNG.java:77)
</stack-trace>
            </failure>
            <steps>
                <step start="1589050914489" stop="1589050914489" status="passed">
                    <name>logStep[Verifyied Feed:0 Pub Ad Call hlzip Custm_Parameter Expected value presented]</name>
                    <title>Verifyied Feed:0 Pub Ad Call hlzip Custm_Parameter Expected value presented</title>
                </step>
            </steps>
            <attachments/>
            <labels>
                <label name="testSuite" value="Default suite"/>
                <label name="testGroup" value="Default test"/>
                <label name="testClass" value="twc.Regression.TestCases.regressionTestCases"/>
                <label name="testMethod" value="C333214_Verify_cust_param_hlzip"/>
                <label name="host" value="Aswinikumars-MacBook-Pro.local"/>
                <label name="thread" value="1504@Aswinikumars-MacBook-Pro.local.main(1)"/>
            </labels>
        </test-case>
        <test-case start="1589050914594" stop="1589050918687" status="passed">
            <name>C333207_Verify_cust_param_hmid</name>
            <title>Verify custom parameter hmid</title>
            <steps>
                <step start="1589050914733" stop="1589050914733" status="passed">
                    <name>logStep[Verifyied Feed:0 Pub Ad Call hmid Custm_Parameter Expected value presented]</name>
                    <title>Verifyied Feed:0 Pub Ad Call hmid Custm_Parameter Expected value presented</title>
                    <attachments/>
                    <steps/>
                </step>
                <step start="1589050914941" stop="1589050914941" status="passed">
                    <name>logStep[Verifyied Feed:1 Pub Ad Call hmid Custm_Parameter Expected value presented]</name>
                    <title>Verifyied Feed:1 Pub Ad Call hmid Custm_Parameter Expected value presented</title>
                    <attachments/>
                    <steps/>
                </step>
                <step start="1589050915588" stop="1589050915588" status="passed">
                    <name>logStep[Verifyied Feed:2 Pub Ad Call hmid Custm_Parameter Expected value presented]</name>
                    <title>Verifyied Feed:2 Pub Ad Call hmid Custm_Parameter Expected value presented</title>
                    <attachments/>
                    <steps/>
                </step>
                <step start="1589050916314" stop="1589050916314" status="passed">
                    <name>logStep[Verifyied Feed:3 Pub Ad Call hmid Custm_Parameter Expected value presented]</name>
                    <title>Verifyied Feed:3 Pub Ad Call hmid Custm_Parameter Expected value presented</title>
                    <attachments/>
                    <steps/>
                </step>
                <step start="1589050916577" stop="1589050916577" status="passed">
                    <name>logStep[Verifyied Feed:4 Pub Ad Call hmid Custm_Parameter Expected value presented]</name>
                    <title>Verifyied Feed:4 Pub Ad Call hmid Custm_Parameter Expected value presented</title>
                    <attachments/>
                    <steps/>
                </step>
                <step start="1589050916808" stop="1589050916808" status="passed">
                    <name>logStep[Verifyied Feed:5 Pub Ad Call hmid Custm_Parameter Expected value presented]</name>
                    <title>Verifyied Feed:5 Pub Ad Call hmid Custm_Parameter Expected value presented</title>
                    <attachments/>
                    <steps/>
                </step>
                <step start="1589050917503" stop="1589050917503" status="passed">
                    <name>logStep[Verifyied Feed:0 Pub Ad Call hmid Custm_Parameter Expected value presented]</name>
                    <title>Verifyied Feed:0 Pub Ad Call hmid Custm_Parameter Expected value presented</title>
                    <attachments/>
                    <steps/>
                </step>
                <step start="1589050918193" stop="1589050918194" status="passed">
                    <name>logStep[Verifyied Feed:1 Pub Ad Call hmid Custm_Parameter Expected value presented]</name>
                    <title>Verifyied Feed:1 Pub Ad Call hmid Custm_Parameter Expected value presented</title>
                    <attachments/>
                    <steps/>
                </step>
                <step start="1589050918394" stop="1589050918394" status="passed">
                    <name>logStep[Verifyied Feed:2 Pub Ad Call hmid Custm_Parameter Expected value presented]</name>
                    <title>Verifyied Feed:2 Pub Ad Call hmid Custm_Parameter Expected value presented</title>
                    <attachments/>
                    <steps/>
                </step>
                <step start="1589050918560" stop="1589050918560" status="passed">
                    <name>logStep[Verifyied Feed:3 Pub Ad Call hmid Custm_Parameter Expected value presented]</name>
                    <title>Verifyied Feed:3 Pub Ad Call hmid Custm_Parameter Expected value presented</title>
                    <attachments/>
                    <steps/>
                </step>
            </steps>
            <attachments/>
            <labels>
                <label name="testSuite" value="Default suite"/>
                <label name="testGroup" value="Default test"/>
                <label name="testClass" value="twc.Regression.TestCases.regressionTestCases"/>
                <label name="testMethod" value="C333207_Verify_cust_param_hmid"/>
                <label name="host" value="Aswinikumars-MacBook-Pro.local"/>
                <label name="thread" value="1504@Aswinikumars-MacBook-Pro.local.main(1)"/>
            </labels>
        </test-case>
        <test-case start="1589050914594" stop="1589050918687" status="passed">
            <name>C333207_Verify_cust_param_hmid</name>
            <title>Verify custom parameter hmid</title>
            <steps>
                <step start="1589050914733" stop="1589050914733" status="passed">
                    <name>logStep[Verifyied Feed:0 Pub Ad Call hmid Custm_Parameter Expected value presented]</name>
                    <title>Verifyied Feed:0 Pub Ad Call hmid Custm_Parameter Expected value presented</title>
                    <attachments/>
                    <steps/>
                </step>
                <step start="1589050914941" stop="1589050914941" status="passed">
                    <name>logStep[Verifyied Feed:1 Pub Ad Call hmid Custm_Parameter Expected value presented]</name>
                    <title>Verifyied Feed:1 Pub Ad Call hmid Custm_Parameter Expected value presented</title>
                    <attachments/>
                    <steps/>
                </step>
                <step start="1589050915588" stop="1589050915588" status="passed">
                    <name>logStep[Verifyied Feed:2 Pub Ad Call hmid Custm_Parameter Expected value presented]</name>
                    <title>Verifyied Feed:2 Pub Ad Call hmid Custm_Parameter Expected value presented</title>
                    <attachments/>
                    <steps/>
                </step>
                <step start="1589050916314" stop="1589050916314" status="passed">
                    <name>logStep[Verifyied Feed:3 Pub Ad Call hmid Custm_Parameter Expected value presented]</name>
                    <title>Verifyied Feed:3 Pub Ad Call hmid Custm_Parameter Expected value presented</title>
                    <attachments/>
                    <steps/>
                </step>
                <step start="1589050916577" stop="1589050916577" status="passed">
                    <name>logStep[Verifyied Feed:4 Pub Ad Call hmid Custm_Parameter Expected value presented]</name>
                    <title>Verifyied Feed:4 Pub Ad Call hmid Custm_Parameter Expected value presented</title>
                    <attachments/>
                    <steps/>
                </step>
                <step start="1589050916808" stop="1589050916808" status="passed">
                    <name>logStep[Verifyied Feed:5 Pub Ad Call hmid Custm_Parameter Expected value presented]</name>
                    <title>Verifyied Feed:5 Pub Ad Call hmid Custm_Parameter Expected value presented</title>
                    <attachments/>
                    <steps/>
                </step>
                <step start="1589050917503" stop="1589050917503" status="passed">
                    <name>logStep[Verifyied Feed:0 Pub Ad Call hmid Custm_Parameter Expected value presented]</name>
                    <title>Verifyied Feed:0 Pub Ad Call hmid Custm_Parameter Expected value presented</title>
                    <attachments/>
                    <steps/>
                </step>
                <step start="1589050918193" stop="1589050918194" status="passed">
                    <name>logStep[Verifyied Feed:1 Pub Ad Call hmid Custm_Parameter Expected value presented]</name>
                    <title>Verifyied Feed:1 Pub Ad Call hmid Custm_Parameter Expected value presented</title>
                    <attachments/>
                    <steps/>
                </step>
                <step start="1589050918394" stop="1589050918394" status="passed">
                    <name>logStep[Verifyied Feed:2 Pub Ad Call hmid Custm_Parameter Expected value presented]</name>
                    <title>Verifyied Feed:2 Pub Ad Call hmid Custm_Parameter Expected value presented</title>
                    <attachments/>
                    <steps/>
                </step>
                <step start="1589050918560" stop="1589050918560" status="passed">
                    <name>logStep[Verifyied Feed:3 Pub Ad Call hmid Custm_Parameter Expected value presented]</name>
                    <title>Verifyied Feed:3 Pub Ad Call hmid Custm_Parameter Expected value presented</title>
                    <attachments/>
                    <steps/>
                </step>
            </steps>
            <attachments/>
            <labels>
                <label name="testSuite" value="Default suite"/>
                <label name="testGroup" value="Default test"/>
                <label name="testClass" value="twc.Regression.TestCases.regressionTestCases"/>
                <label name="testMethod" value="C333207_Verify_cust_param_hmid"/>
                <label name="host" value="Aswinikumars-MacBook-Pro.local"/>
                <label name="thread" value="1504@Aswinikumars-MacBook-Pro.local.main(1)"/>
            </labels>
        </test-case>
        <test-case start="1589050918689" stop="1589050918905" status="broken">
            <name>C333226_Verify_cust_param_st</name>
            <title>Verify custom parameter st</title>
            <failure>
                <message>StringIndexOutOfBoundsException: String index out of range: -1</message>
                <stack-trace>java.lang.StringIndexOutOfBoundsException: String index out of range: -1
	at java.lang.String.substring(String.java:1927)
	at twc.Regression.CustomParamValidation.CustomParamFunctions.get_dsx_call_value(CustomParamFunctions.java:704)
	at twc.Regression.CustomParamValidation.CustomParamFunctions.validate_dsx_results(CustomParamFunctions.java:289)
	at twc.Regression.TestCases.Custom_Parameters_Verification.parameters_Verification(Custom_Parameters_Verification.java:277)
	at twc.Regression.TestCases.regressionTestCases.C333226_Verify_cust_param_st(regressionTestCases.java:110)
	at sun.reflect.NativeMethodAccessorImpl.invoke0(Native Method)
	at sun.reflect.NativeMethodAccessorImpl.invoke(NativeMethodAccessorImpl.java:62)
	at sun.reflect.DelegatingMethodAccessorImpl.invoke(DelegatingMethodAccessorImpl.java:43)
	at java.lang.reflect.Method.invoke(Method.java:498)
	at org.testng.internal.MethodInvocationHelper.invokeMethod(MethodInvocationHelper.java:85)
	at org.testng.internal.Invoker.invokeMethod(Invoker.java:659)
	at org.testng.internal.Invoker.invokeTestMethod(Invoker.java:845)
	at org.testng.internal.Invoker.invokeTestMethods(Invoker.java:1153)
	at org.testng.internal.TestMethodWorker.invokeTestMethods(TestMethodWorker.java:125)
	at org.testng.internal.TestMethodWorker.run(TestMethodWorker.java:108)
	at org.testng.TestRunner.privateRun(TestRunner.java:771)
	at org.testng.TestRunner.run(TestRunner.java:621)
	at org.testng.SuiteRunner.runTest(SuiteRunner.java:357)
	at org.testng.SuiteRunner.runSequentially(SuiteRunner.java:352)
	at org.testng.SuiteRunner.privateRun(SuiteRunner.java:310)
	at org.testng.SuiteRunner.run(SuiteRunner.java:259)
	at org.testng.SuiteRunnerWorker.runSuite(SuiteRunnerWorker.java:52)
	at org.testng.SuiteRunnerWorker.run(SuiteRunnerWorker.java:86)
	at org.testng.TestNG.runSuitesSequentially(TestNG.java:1199)
	at org.testng.TestNG.runSuitesLocally(TestNG.java:1124)
	at org.testng.TestNG.run(TestNG.java:1032)
	at org.testng.remote.AbstractRemoteTestNG.run(AbstractRemoteTestNG.java:115)
	at org.testng.remote.RemoteTestNG.initAndRun(RemoteTestNG.java:251)
	at org.testng.remote.RemoteTestNG.main(RemoteTestNG.java:77)
</stack-trace>
            </failure>
            <steps>
                <step start="1589050918835" stop="1589050918835" status="passed">
                    <name>logStep[Verifyied Feed:0 Pub Ad Call st Custm_Parameter Expected value presented]</name>
                    <title>Verifyied Feed:0 Pub Ad Call st Custm_Parameter Expected value presented</title>
                </step>
            </steps>
            <attachments/>
            <labels>
                <label name="testSuite" value="Default suite"/>
                <label name="testGroup" value="Default test"/>
                <label name="testClass" value="twc.Regression.TestCases.regressionTestCases"/>
                <label name="testMethod" value="C333226_Verify_cust_param_st"/>
                <label name="host" value="Aswinikumars-MacBook-Pro.local"/>
                <label name="thread" value="1504@Aswinikumars-MacBook-Pro.local.main(1)"/>
            </labels>
        </test-case>
        <test-case start="1589050918689" stop="1589050918905" status="broken">
            <name>C333226_Verify_cust_param_st</name>
            <title>Verify custom parameter st</title>
            <failure>
                <message>StringIndexOutOfBoundsException: String index out of range: -1</message>
                <stack-trace>java.lang.StringIndexOutOfBoundsException: String index out of range: -1
	at java.lang.String.substring(String.java:1927)
	at twc.Regression.CustomParamValidation.CustomParamFunctions.get_dsx_call_value(CustomParamFunctions.java:704)
	at twc.Regression.CustomParamValidation.CustomParamFunctions.validate_dsx_results(CustomParamFunctions.java:289)
	at twc.Regression.TestCases.Custom_Parameters_Verification.parameters_Verification(Custom_Parameters_Verification.java:277)
	at twc.Regression.TestCases.regressionTestCases.C333226_Verify_cust_param_st(regressionTestCases.java:110)
	at sun.reflect.NativeMethodAccessorImpl.invoke0(Native Method)
	at sun.reflect.NativeMethodAccessorImpl.invoke(NativeMethodAccessorImpl.java:62)
	at sun.reflect.DelegatingMethodAccessorImpl.invoke(DelegatingMethodAccessorImpl.java:43)
	at java.lang.reflect.Method.invoke(Method.java:498)
	at org.testng.internal.MethodInvocationHelper.invokeMethod(MethodInvocationHelper.java:85)
	at org.testng.internal.Invoker.invokeMethod(Invoker.java:659)
	at org.testng.internal.Invoker.invokeTestMethod(Invoker.java:845)
	at org.testng.internal.Invoker.invokeTestMethods(Invoker.java:1153)
	at org.testng.internal.TestMethodWorker.invokeTestMethods(TestMethodWorker.java:125)
	at org.testng.internal.TestMethodWorker.run(TestMethodWorker.java:108)
	at org.testng.TestRunner.privateRun(TestRunner.java:771)
	at org.testng.TestRunner.run(TestRunner.java:621)
	at org.testng.SuiteRunner.runTest(SuiteRunner.java:357)
	at org.testng.SuiteRunner.runSequentially(SuiteRunner.java:352)
	at org.testng.SuiteRunner.privateRun(SuiteRunner.java:310)
	at org.testng.SuiteRunner.run(SuiteRunner.java:259)
	at org.testng.SuiteRunnerWorker.runSuite(SuiteRunnerWorker.java:52)
	at org.testng.SuiteRunnerWorker.run(SuiteRunnerWorker.java:86)
	at org.testng.TestNG.runSuitesSequentially(TestNG.java:1199)
	at org.testng.TestNG.runSuitesLocally(TestNG.java:1124)
	at org.testng.TestNG.run(TestNG.java:1032)
	at org.testng.remote.AbstractRemoteTestNG.run(AbstractRemoteTestNG.java:115)
	at org.testng.remote.RemoteTestNG.initAndRun(RemoteTestNG.java:251)
	at org.testng.remote.RemoteTestNG.main(RemoteTestNG.java:77)
</stack-trace>
            </failure>
            <steps>
                <step start="1589050918835" stop="1589050918835" status="passed">
                    <name>logStep[Verifyied Feed:0 Pub Ad Call st Custm_Parameter Expected value presented]</name>
                    <title>Verifyied Feed:0 Pub Ad Call st Custm_Parameter Expected value presented</title>
                </step>
            </steps>
            <attachments/>
            <labels>
                <label name="testSuite" value="Default suite"/>
                <label name="testGroup" value="Default test"/>
                <label name="testClass" value="twc.Regression.TestCases.regressionTestCases"/>
                <label name="testMethod" value="C333226_Verify_cust_param_st"/>
                <label name="host" value="Aswinikumars-MacBook-Pro.local"/>
                <label name="thread" value="1504@Aswinikumars-MacBook-Pro.local.main(1)"/>
            </labels>
        </test-case>
        <test-case start="1589050918907" stop="1589050922146" status="passed">
            <name>C333229_Verify_cust_param_faud</name>
            <title>Verify custom parameter faud</title>
            <steps>
                <step start="1589050919049" stop="1589050919049" status="passed">
                    <name>logStep[Verifyied Feed:0 Pub Ad Call faud Custm_Parameter Expected value presented]</name>
                    <title>Verifyied Feed:0 Pub Ad Call faud Custm_Parameter Expected value presented</title>
                    <attachments/>
                    <steps/>
                </step>
                <step start="1589050919159" stop="1589050919159" status="passed">
                    <name>logStep[Verifyied Feed:1 Pub Ad Call faud Custm_Parameter Expected value presented]</name>
                    <title>Verifyied Feed:1 Pub Ad Call faud Custm_Parameter Expected value presented</title>
                    <attachments/>
                    <steps/>
                </step>
                <step start="1589050919747" stop="1589050919747" status="passed">
                    <name>logStep[Verifyied Feed:2 Pub Ad Call faud Custm_Parameter Expected value presented]</name>
                    <title>Verifyied Feed:2 Pub Ad Call faud Custm_Parameter Expected value presented</title>
                    <attachments/>
                    <steps/>
                </step>
                <step start="1589050920430" stop="1589050920430" status="passed">
                    <name>logStep[Verifyied Feed:3 Pub Ad Call faud Custm_Parameter Expected value presented]</name>
                    <title>Verifyied Feed:3 Pub Ad Call faud Custm_Parameter Expected value presented</title>
                    <attachments/>
                    <steps/>
                </step>
                <step start="1589050920561" stop="1589050920561" status="passed">
                    <name>logStep[Verifyied Feed:4 Pub Ad Call faud Custm_Parameter Expected value presented]</name>
                    <title>Verifyied Feed:4 Pub Ad Call faud Custm_Parameter Expected value presented</title>
                    <attachments/>
                    <steps/>
                </step>
                <step start="1589050920683" stop="1589050920683" status="passed">
                    <name>logStep[Verifyied Feed:5 Pub Ad Call faud Custm_Parameter Expected value presented]</name>
                    <title>Verifyied Feed:5 Pub Ad Call faud Custm_Parameter Expected value presented</title>
                    <attachments/>
                    <steps/>
                </step>
                <step start="1589050921320" stop="1589050921320" status="passed">
                    <name>logStep[Verifyied Feed:0 Pub Ad Call faud Custm_Parameter Expected value presented]</name>
                    <title>Verifyied Feed:0 Pub Ad Call faud Custm_Parameter Expected value presented</title>
                    <attachments/>
                    <steps/>
                </step>
                <step start="1589050921973" stop="1589050921973" status="passed">
                    <name>logStep[Verifyied Feed:1 Pub Ad Call faud Custm_Parameter Expected value presented]</name>
                    <title>Verifyied Feed:1 Pub Ad Call faud Custm_Parameter Expected value presented</title>
                    <attachments/>
                    <steps/>
                </step>
                <step start="1589050922068" stop="1589050922068" status="passed">
                    <name>logStep[Verifyied Feed:2 Pub Ad Call faud Custm_Parameter Expected value presented]</name>
                    <title>Verifyied Feed:2 Pub Ad Call faud Custm_Parameter Expected value presented</title>
                    <attachments/>
                    <steps/>
                </step>
                <step start="1589050922128" stop="1589050922128" status="passed">
                    <name>logStep[Verifyied Feed:3 Pub Ad Call faud Custm_Parameter Expected value presented]</name>
                    <title>Verifyied Feed:3 Pub Ad Call faud Custm_Parameter Expected value presented</title>
                    <attachments/>
                    <steps/>
                </step>
            </steps>
            <attachments/>
            <labels>
                <label name="testSuite" value="Default suite"/>
                <label name="testGroup" value="Default test"/>
                <label name="testClass" value="twc.Regression.TestCases.regressionTestCases"/>
                <label name="testMethod" value="C333229_Verify_cust_param_faud"/>
                <label name="host" value="Aswinikumars-MacBook-Pro.local"/>
                <label name="thread" value="1504@Aswinikumars-MacBook-Pro.local.main(1)"/>
            </labels>
        </test-case>
        <test-case start="1589050918907" stop="1589050922146" status="passed">
            <name>C333229_Verify_cust_param_faud</name>
            <title>Verify custom parameter faud</title>
            <steps>
                <step start="1589050919049" stop="1589050919049" status="passed">
                    <name>logStep[Verifyied Feed:0 Pub Ad Call faud Custm_Parameter Expected value presented]</name>
                    <title>Verifyied Feed:0 Pub Ad Call faud Custm_Parameter Expected value presented</title>
                    <attachments/>
                    <steps/>
                </step>
                <step start="1589050919159" stop="1589050919159" status="passed">
                    <name>logStep[Verifyied Feed:1 Pub Ad Call faud Custm_Parameter Expected value presented]</name>
                    <title>Verifyied Feed:1 Pub Ad Call faud Custm_Parameter Expected value presented</title>
                    <attachments/>
                    <steps/>
                </step>
                <step start="1589050919747" stop="1589050919747" status="passed">
                    <name>logStep[Verifyied Feed:2 Pub Ad Call faud Custm_Parameter Expected value presented]</name>
                    <title>Verifyied Feed:2 Pub Ad Call faud Custm_Parameter Expected value presented</title>
                    <attachments/>
                    <steps/>
                </step>
                <step start="1589050920430" stop="1589050920430" status="passed">
                    <name>logStep[Verifyied Feed:3 Pub Ad Call faud Custm_Parameter Expected value presented]</name>
                    <title>Verifyied Feed:3 Pub Ad Call faud Custm_Parameter Expected value presented</title>
                    <attachments/>
                    <steps/>
                </step>
                <step start="1589050920561" stop="1589050920561" status="passed">
                    <name>logStep[Verifyied Feed:4 Pub Ad Call faud Custm_Parameter Expected value presented]</name>
                    <title>Verifyied Feed:4 Pub Ad Call faud Custm_Parameter Expected value presented</title>
                    <attachments/>
                    <steps/>
                </step>
                <step start="1589050920683" stop="1589050920683" status="passed">
                    <name>logStep[Verifyied Feed:5 Pub Ad Call faud Custm_Parameter Expected value presented]</name>
                    <title>Verifyied Feed:5 Pub Ad Call faud Custm_Parameter Expected value presented</title>
                    <attachments/>
                    <steps/>
                </step>
                <step start="1589050921320" stop="1589050921320" status="passed">
                    <name>logStep[Verifyied Feed:0 Pub Ad Call faud Custm_Parameter Expected value presented]</name>
                    <title>Verifyied Feed:0 Pub Ad Call faud Custm_Parameter Expected value presented</title>
                    <attachments/>
                    <steps/>
                </step>
                <step start="1589050921973" stop="1589050921973" status="passed">
                    <name>logStep[Verifyied Feed:1 Pub Ad Call faud Custm_Parameter Expected value presented]</name>
                    <title>Verifyied Feed:1 Pub Ad Call faud Custm_Parameter Expected value presented</title>
                    <attachments/>
                    <steps/>
                </step>
                <step start="1589050922068" stop="1589050922068" status="passed">
                    <name>logStep[Verifyied Feed:2 Pub Ad Call faud Custm_Parameter Expected value presented]</name>
                    <title>Verifyied Feed:2 Pub Ad Call faud Custm_Parameter Expected value presented</title>
                    <attachments/>
                    <steps/>
                </step>
                <step start="1589050922128" stop="1589050922128" status="passed">
                    <name>logStep[Verifyied Feed:3 Pub Ad Call faud Custm_Parameter Expected value presented]</name>
                    <title>Verifyied Feed:3 Pub Ad Call faud Custm_Parameter Expected value presented</title>
                    <attachments/>
                    <steps/>
                </step>
            </steps>
            <attachments/>
            <labels>
                <label name="testSuite" value="Default suite"/>
                <label name="testGroup" value="Default test"/>
                <label name="testClass" value="twc.Regression.TestCases.regressionTestCases"/>
                <label name="testMethod" value="C333229_Verify_cust_param_faud"/>
                <label name="host" value="Aswinikumars-MacBook-Pro.local"/>
                <label name="thread" value="1504@Aswinikumars-MacBook-Pro.local.main(1)"/>
            </labels>
        </test-case>
        <test-case start="1589050922149" stop="1589050925268" status="passed">
            <name>C333230_Verify_cust_param_fgeo</name>
            <title>Verify custom parameter fgeo</title>
            <steps>
                <step start="1589050922302" stop="1589050922302" status="passed">
                    <name>logStep[Verifyied Feed:0 Pub Ad Call fgeo Custm_Parameter Expected value presented]</name>
                    <title>Verifyied Feed:0 Pub Ad Call fgeo Custm_Parameter Expected value presented</title>
                    <attachments/>
                    <steps/>
                </step>
                <step start="1589050922407" stop="1589050922407" status="passed">
                    <name>logStep[Verifyied Feed:1 Pub Ad Call fgeo Custm_Parameter Expected value presented]</name>
                    <title>Verifyied Feed:1 Pub Ad Call fgeo Custm_Parameter Expected value presented</title>
                    <attachments/>
                    <steps/>
                </step>
                <step start="1589050922955" stop="1589050922955" status="passed">
                    <name>logStep[Verifyied Feed:2 Pub Ad Call fgeo Custm_Parameter Expected value presented]</name>
                    <title>Verifyied Feed:2 Pub Ad Call fgeo Custm_Parameter Expected value presented</title>
                    <attachments/>
                    <steps/>
                </step>
                <step start="1589050923549" stop="1589050923549" status="passed">
                    <name>logStep[Verifyied Feed:3 Pub Ad Call fgeo Custm_Parameter Expected value presented]</name>
                    <title>Verifyied Feed:3 Pub Ad Call fgeo Custm_Parameter Expected value presented</title>
                    <attachments/>
                    <steps/>
                </step>
                <step start="1589050923675" stop="1589050923675" status="passed">
                    <name>logStep[Verifyied Feed:4 Pub Ad Call fgeo Custm_Parameter Expected value presented]</name>
                    <title>Verifyied Feed:4 Pub Ad Call fgeo Custm_Parameter Expected value presented</title>
                    <attachments/>
                    <steps/>
                </step>
                <step start="1589050923791" stop="1589050923791" status="passed">
                    <name>logStep[Verifyied Feed:5 Pub Ad Call fgeo Custm_Parameter Expected value presented]</name>
                    <title>Verifyied Feed:5 Pub Ad Call fgeo Custm_Parameter Expected value presented</title>
                    <attachments/>
                    <steps/>
                </step>
                <step start="1589050924393" stop="1589050924393" status="passed">
                    <name>logStep[Verifyied Feed:0 Pub Ad Call fgeo Custm_Parameter Expected value presented]</name>
                    <title>Verifyied Feed:0 Pub Ad Call fgeo Custm_Parameter Expected value presented</title>
                    <attachments/>
                    <steps/>
                </step>
                <step start="1589050925075" stop="1589050925075" status="passed">
                    <name>logStep[Verifyied Feed:1 Pub Ad Call fgeo Custm_Parameter Expected value presented]</name>
                    <title>Verifyied Feed:1 Pub Ad Call fgeo Custm_Parameter Expected value presented</title>
                    <attachments/>
                    <steps/>
                </step>
                <step start="1589050925171" stop="1589050925171" status="passed">
                    <name>logStep[Verifyied Feed:2 Pub Ad Call fgeo Custm_Parameter Expected value presented]</name>
                    <title>Verifyied Feed:2 Pub Ad Call fgeo Custm_Parameter Expected value presented</title>
                    <attachments/>
                    <steps/>
                </step>
                <step start="1589050925239" stop="1589050925239" status="passed">
                    <name>logStep[Verifyied Feed:3 Pub Ad Call fgeo Custm_Parameter Expected value presented]</name>
                    <title>Verifyied Feed:3 Pub Ad Call fgeo Custm_Parameter Expected value presented</title>
                    <attachments/>
                    <steps/>
                </step>
            </steps>
            <attachments/>
            <labels>
                <label name="testSuite" value="Default suite"/>
                <label name="testGroup" value="Default test"/>
                <label name="testClass" value="twc.Regression.TestCases.regressionTestCases"/>
                <label name="testMethod" value="C333230_Verify_cust_param_fgeo"/>
                <label name="host" value="Aswinikumars-MacBook-Pro.local"/>
                <label name="thread" value="1504@Aswinikumars-MacBook-Pro.local.main(1)"/>
            </labels>
        </test-case>
        <test-case start="1589050922149" stop="1589050925268" status="passed">
            <name>C333230_Verify_cust_param_fgeo</name>
            <title>Verify custom parameter fgeo</title>
            <steps>
                <step start="1589050922302" stop="1589050922302" status="passed">
                    <name>logStep[Verifyied Feed:0 Pub Ad Call fgeo Custm_Parameter Expected value presented]</name>
                    <title>Verifyied Feed:0 Pub Ad Call fgeo Custm_Parameter Expected value presented</title>
                    <attachments/>
                    <steps/>
                </step>
                <step start="1589050922407" stop="1589050922407" status="passed">
                    <name>logStep[Verifyied Feed:1 Pub Ad Call fgeo Custm_Parameter Expected value presented]</name>
                    <title>Verifyied Feed:1 Pub Ad Call fgeo Custm_Parameter Expected value presented</title>
                    <attachments/>
                    <steps/>
                </step>
                <step start="1589050922955" stop="1589050922955" status="passed">
                    <name>logStep[Verifyied Feed:2 Pub Ad Call fgeo Custm_Parameter Expected value presented]</name>
                    <title>Verifyied Feed:2 Pub Ad Call fgeo Custm_Parameter Expected value presented</title>
                    <attachments/>
                    <steps/>
                </step>
                <step start="1589050923549" stop="1589050923549" status="passed">
                    <name>logStep[Verifyied Feed:3 Pub Ad Call fgeo Custm_Parameter Expected value presented]</name>
                    <title>Verifyied Feed:3 Pub Ad Call fgeo Custm_Parameter Expected value presented</title>
                    <attachments/>
                    <steps/>
                </step>
                <step start="1589050923675" stop="1589050923675" status="passed">
                    <name>logStep[Verifyied Feed:4 Pub Ad Call fgeo Custm_Parameter Expected value presented]</name>
                    <title>Verifyied Feed:4 Pub Ad Call fgeo Custm_Parameter Expected value presented</title>
                    <attachments/>
                    <steps/>
                </step>
                <step start="1589050923791" stop="1589050923791" status="passed">
                    <name>logStep[Verifyied Feed:5 Pub Ad Call fgeo Custm_Parameter Expected value presented]</name>
                    <title>Verifyied Feed:5 Pub Ad Call fgeo Custm_Parameter Expected value presented</title>
                    <attachments/>
                    <steps/>
                </step>
                <step start="1589050924393" stop="1589050924393" status="passed">
                    <name>logStep[Verifyied Feed:0 Pub Ad Call fgeo Custm_Parameter Expected value presented]</name>
                    <title>Verifyied Feed:0 Pub Ad Call fgeo Custm_Parameter Expected value presented</title>
                    <attachments/>
                    <steps/>
                </step>
                <step start="1589050925075" stop="1589050925075" status="passed">
                    <name>logStep[Verifyied Feed:1 Pub Ad Call fgeo Custm_Parameter Expected value presented]</name>
                    <title>Verifyied Feed:1 Pub Ad Call fgeo Custm_Parameter Expected value presented</title>
                    <attachments/>
                    <steps/>
                </step>
                <step start="1589050925171" stop="1589050925171" status="passed">
                    <name>logStep[Verifyied Feed:2 Pub Ad Call fgeo Custm_Parameter Expected value presented]</name>
                    <title>Verifyied Feed:2 Pub Ad Call fgeo Custm_Parameter Expected value presented</title>
                    <attachments/>
                    <steps/>
                </step>
                <step start="1589050925239" stop="1589050925239" status="passed">
                    <name>logStep[Verifyied Feed:3 Pub Ad Call fgeo Custm_Parameter Expected value presented]</name>
                    <title>Verifyied Feed:3 Pub Ad Call fgeo Custm_Parameter Expected value presented</title>
                    <attachments/>
                    <steps/>
                </step>
            </steps>
            <attachments/>
            <labels>
                <label name="testSuite" value="Default suite"/>
                <label name="testGroup" value="Default test"/>
                <label name="testClass" value="twc.Regression.TestCases.regressionTestCases"/>
                <label name="testMethod" value="C333230_Verify_cust_param_fgeo"/>
                <label name="host" value="Aswinikumars-MacBook-Pro.local"/>
                <label name="thread" value="1504@Aswinikumars-MacBook-Pro.local.main(1)"/>
            </labels>
        </test-case>
        <test-case start="1589050925270" stop="1589050929472" status="passed">
            <name>C333233_Verify_cust_param_filtmpc</name>
            <title>Verify custom parameter fltmpc</title>
            <steps>
                <step start="1589050925443" stop="1589050925443" status="passed">
                    <name>logStep[Verifyied Feed:0 Pub Ad Call fltmpc Custm_Parameter Expected value presented]</name>
                    <title>Verifyied Feed:0 Pub Ad Call fltmpc Custm_Parameter Expected value presented</title>
                    <attachments/>
                    <steps/>
                </step>
                <step start="1589050925645" stop="1589050925645" status="passed">
                    <name>logStep[Verifyied Feed:1 Pub Ad Call fltmpc Custm_Parameter Expected value presented]</name>
                    <title>Verifyied Feed:1 Pub Ad Call fltmpc Custm_Parameter Expected value presented</title>
                    <attachments/>
                    <steps/>
                </step>
                <step start="1589050926331" stop="1589050926331" status="passed">
                    <name>logStep[Verifyied Feed:2 Pub Ad Call fltmpc Custm_Parameter Expected value presented]</name>
                    <title>Verifyied Feed:2 Pub Ad Call fltmpc Custm_Parameter Expected value presented</title>
                    <attachments/>
                    <steps/>
                </step>
                <step start="1589050926980" stop="1589050926980" status="passed">
                    <name>logStep[Verifyied Feed:3 Pub Ad Call fltmpc Custm_Parameter Expected value presented]</name>
                    <title>Verifyied Feed:3 Pub Ad Call fltmpc Custm_Parameter Expected value presented</title>
                    <attachments/>
                    <steps/>
                </step>
                <step start="1589050927236" stop="1589050927236" status="passed">
                    <name>logStep[Verifyied Feed:4 Pub Ad Call fltmpc Custm_Parameter Expected value presented]</name>
                    <title>Verifyied Feed:4 Pub Ad Call fltmpc Custm_Parameter Expected value presented</title>
                    <attachments/>
                    <steps/>
                </step>
                <step start="1589050927465" stop="1589050927465" status="passed">
                    <name>logStep[Verifyied Feed:5 Pub Ad Call fltmpc Custm_Parameter Expected value presented]</name>
                    <title>Verifyied Feed:5 Pub Ad Call fltmpc Custm_Parameter Expected value presented</title>
                    <attachments/>
                    <steps/>
                </step>
                <step start="1589050928171" stop="1589050928171" status="passed">
                    <name>logStep[Verifyied Feed:0 Pub Ad Call fltmpc Custm_Parameter Expected value presented]</name>
                    <title>Verifyied Feed:0 Pub Ad Call fltmpc Custm_Parameter Expected value presented</title>
                    <attachments/>
                    <steps/>
                </step>
                <step start="1589050928864" stop="1589050928864" status="passed">
                    <name>logStep[Verifyied Feed:1 Pub Ad Call fltmpc Custm_Parameter Expected value presented]</name>
                    <title>Verifyied Feed:1 Pub Ad Call fltmpc Custm_Parameter Expected value presented</title>
                    <attachments/>
                    <steps/>
                </step>
                <step start="1589050929083" stop="1589050929083" status="passed">
                    <name>logStep[Verifyied Feed:2 Pub Ad Call fltmpc Custm_Parameter Expected value presented]</name>
                    <title>Verifyied Feed:2 Pub Ad Call fltmpc Custm_Parameter Expected value presented</title>
                    <attachments/>
                    <steps/>
                </step>
                <step start="1589050929335" stop="1589050929335" status="passed">
                    <name>logStep[Verifyied Feed:3 Pub Ad Call fltmpc Custm_Parameter Expected value presented]</name>
                    <title>Verifyied Feed:3 Pub Ad Call fltmpc Custm_Parameter Expected value presented</title>
                    <attachments/>
                    <steps/>
                </step>
            </steps>
            <attachments/>
            <labels>
                <label name="testSuite" value="Default suite"/>
                <label name="testGroup" value="Default test"/>
                <label name="testClass" value="twc.Regression.TestCases.regressionTestCases"/>
                <label name="testMethod" value="C333233_Verify_cust_param_filtmpc"/>
                <label name="host" value="Aswinikumars-MacBook-Pro.local"/>
                <label name="thread" value="1504@Aswinikumars-MacBook-Pro.local.main(1)"/>
            </labels>
        </test-case>
        <test-case start="1589050925270" stop="1589050929472" status="passed">
            <name>C333233_Verify_cust_param_filtmpc</name>
            <title>Verify custom parameter fltmpc</title>
            <steps>
                <step start="1589050925443" stop="1589050925443" status="passed">
                    <name>logStep[Verifyied Feed:0 Pub Ad Call fltmpc Custm_Parameter Expected value presented]</name>
                    <title>Verifyied Feed:0 Pub Ad Call fltmpc Custm_Parameter Expected value presented</title>
                    <attachments/>
                    <steps/>
                </step>
                <step start="1589050925645" stop="1589050925645" status="passed">
                    <name>logStep[Verifyied Feed:1 Pub Ad Call fltmpc Custm_Parameter Expected value presented]</name>
                    <title>Verifyied Feed:1 Pub Ad Call fltmpc Custm_Parameter Expected value presented</title>
                    <attachments/>
                    <steps/>
                </step>
                <step start="1589050926331" stop="1589050926331" status="passed">
                    <name>logStep[Verifyied Feed:2 Pub Ad Call fltmpc Custm_Parameter Expected value presented]</name>
                    <title>Verifyied Feed:2 Pub Ad Call fltmpc Custm_Parameter Expected value presented</title>
                    <attachments/>
                    <steps/>
                </step>
                <step start="1589050926980" stop="1589050926980" status="passed">
                    <name>logStep[Verifyied Feed:3 Pub Ad Call fltmpc Custm_Parameter Expected value presented]</name>
                    <title>Verifyied Feed:3 Pub Ad Call fltmpc Custm_Parameter Expected value presented</title>
                    <attachments/>
                    <steps/>
                </step>
                <step start="1589050927236" stop="1589050927236" status="passed">
                    <name>logStep[Verifyied Feed:4 Pub Ad Call fltmpc Custm_Parameter Expected value presented]</name>
                    <title>Verifyied Feed:4 Pub Ad Call fltmpc Custm_Parameter Expected value presented</title>
                    <attachments/>
                    <steps/>
                </step>
                <step start="1589050927465" stop="1589050927465" status="passed">
                    <name>logStep[Verifyied Feed:5 Pub Ad Call fltmpc Custm_Parameter Expected value presented]</name>
                    <title>Verifyied Feed:5 Pub Ad Call fltmpc Custm_Parameter Expected value presented</title>
                    <attachments/>
                    <steps/>
                </step>
                <step start="1589050928171" stop="1589050928171" status="passed">
                    <name>logStep[Verifyied Feed:0 Pub Ad Call fltmpc Custm_Parameter Expected value presented]</name>
                    <title>Verifyied Feed:0 Pub Ad Call fltmpc Custm_Parameter Expected value presented</title>
                    <attachments/>
                    <steps/>
                </step>
                <step start="1589050928864" stop="1589050928864" status="passed">
                    <name>logStep[Verifyied Feed:1 Pub Ad Call fltmpc Custm_Parameter Expected value presented]</name>
                    <title>Verifyied Feed:1 Pub Ad Call fltmpc Custm_Parameter Expected value presented</title>
                    <attachments/>
                    <steps/>
                </step>
                <step start="1589050929083" stop="1589050929083" status="passed">
                    <name>logStep[Verifyied Feed:2 Pub Ad Call fltmpc Custm_Parameter Expected value presented]</name>
                    <title>Verifyied Feed:2 Pub Ad Call fltmpc Custm_Parameter Expected value presented</title>
                    <attachments/>
                    <steps/>
                </step>
                <step start="1589050929335" stop="1589050929335" status="passed">
                    <name>logStep[Verifyied Feed:3 Pub Ad Call fltmpc Custm_Parameter Expected value presented]</name>
                    <title>Verifyied Feed:3 Pub Ad Call fltmpc Custm_Parameter Expected value presented</title>
                    <attachments/>
                    <steps/>
                </step>
            </steps>
            <attachments/>
            <labels>
                <label name="testSuite" value="Default suite"/>
                <label name="testGroup" value="Default test"/>
                <label name="testClass" value="twc.Regression.TestCases.regressionTestCases"/>
                <label name="testMethod" value="C333233_Verify_cust_param_filtmpc"/>
                <label name="host" value="Aswinikumars-MacBook-Pro.local"/>
                <label name="thread" value="1504@Aswinikumars-MacBook-Pro.local.main(1)"/>
            </labels>
        </test-case>
        <test-case start="1589050929474" stop="1589050929668" status="broken">
            <name>C333215_Verify_cust_param_ftl</name>
            <title>Verify custom parameter ftl</title>
            <failure>
                <message>NullPointerException: null</message>
                <stack-trace>java.lang.NullPointerException
	at twc.Regression.TestCases.Custom_Parameters_Verification.parameters_Verification(Custom_Parameters_Verification.java:410)
	at twc.Regression.TestCases.regressionTestCases.C333215_Verify_cust_param_ftl(regressionTestCases.java:137)
	at sun.reflect.NativeMethodAccessorImpl.invoke0(Native Method)
	at sun.reflect.NativeMethodAccessorImpl.invoke(NativeMethodAccessorImpl.java:62)
	at sun.reflect.DelegatingMethodAccessorImpl.invoke(DelegatingMethodAccessorImpl.java:43)
	at java.lang.reflect.Method.invoke(Method.java:498)
	at org.testng.internal.MethodInvocationHelper.invokeMethod(MethodInvocationHelper.java:85)
	at org.testng.internal.Invoker.invokeMethod(Invoker.java:659)
	at org.testng.internal.Invoker.invokeTestMethod(Invoker.java:845)
	at org.testng.internal.Invoker.invokeTestMethods(Invoker.java:1153)
	at org.testng.internal.TestMethodWorker.invokeTestMethods(TestMethodWorker.java:125)
	at org.testng.internal.TestMethodWorker.run(TestMethodWorker.java:108)
	at org.testng.TestRunner.privateRun(TestRunner.java:771)
	at org.testng.TestRunner.run(TestRunner.java:621)
	at org.testng.SuiteRunner.runTest(SuiteRunner.java:357)
	at org.testng.SuiteRunner.runSequentially(SuiteRunner.java:352)
	at org.testng.SuiteRunner.privateRun(SuiteRunner.java:310)
	at org.testng.SuiteRunner.run(SuiteRunner.java:259)
	at org.testng.SuiteRunnerWorker.runSuite(SuiteRunnerWorker.java:52)
	at org.testng.SuiteRunnerWorker.run(SuiteRunnerWorker.java:86)
	at org.testng.TestNG.runSuitesSequentially(TestNG.java:1199)
	at org.testng.TestNG.runSuitesLocally(TestNG.java:1124)
	at org.testng.TestNG.run(TestNG.java:1032)
	at org.testng.remote.AbstractRemoteTestNG.run(AbstractRemoteTestNG.java:115)
	at org.testng.remote.RemoteTestNG.initAndRun(RemoteTestNG.java:251)
	at org.testng.remote.RemoteTestNG.main(RemoteTestNG.java:77)
</stack-trace>
            </failure>
            <steps>
                <step start="1589050929621" stop="1589050929621" status="passed">
                    <name>logStep[Verifyied Feed:0 Pub Ad Call ftl Custm_Parameter Expected value presented]</name>
                    <title>Verifyied Feed:0 Pub Ad Call ftl Custm_Parameter Expected value presented</title>
                </step>
            </steps>
            <attachments/>
            <labels>
                <label name="testSuite" value="Default suite"/>
                <label name="testGroup" value="Default test"/>
                <label name="testClass" value="twc.Regression.TestCases.regressionTestCases"/>
                <label name="testMethod" value="C333215_Verify_cust_param_ftl"/>
                <label name="host" value="Aswinikumars-MacBook-Pro.local"/>
                <label name="thread" value="1504@Aswinikumars-MacBook-Pro.local.main(1)"/>
            </labels>
        </test-case>
        <test-case start="1589050929474" stop="1589050929668" status="broken">
            <name>C333215_Verify_cust_param_ftl</name>
            <title>Verify custom parameter ftl</title>
            <failure>
                <message>NullPointerException: null</message>
                <stack-trace>java.lang.NullPointerException
	at twc.Regression.TestCases.Custom_Parameters_Verification.parameters_Verification(Custom_Parameters_Verification.java:410)
	at twc.Regression.TestCases.regressionTestCases.C333215_Verify_cust_param_ftl(regressionTestCases.java:137)
	at sun.reflect.NativeMethodAccessorImpl.invoke0(Native Method)
	at sun.reflect.NativeMethodAccessorImpl.invoke(NativeMethodAccessorImpl.java:62)
	at sun.reflect.DelegatingMethodAccessorImpl.invoke(DelegatingMethodAccessorImpl.java:43)
	at java.lang.reflect.Method.invoke(Method.java:498)
	at org.testng.internal.MethodInvocationHelper.invokeMethod(MethodInvocationHelper.java:85)
	at org.testng.internal.Invoker.invokeMethod(Invoker.java:659)
	at org.testng.internal.Invoker.invokeTestMethod(Invoker.java:845)
	at org.testng.internal.Invoker.invokeTestMethods(Invoker.java:1153)
	at org.testng.internal.TestMethodWorker.invokeTestMethods(TestMethodWorker.java:125)
	at org.testng.internal.TestMethodWorker.run(TestMethodWorker.java:108)
	at org.testng.TestRunner.privateRun(TestRunner.java:771)
	at org.testng.TestRunner.run(TestRunner.java:621)
	at org.testng.SuiteRunner.runTest(SuiteRunner.java:357)
	at org.testng.SuiteRunner.runSequentially(SuiteRunner.java:352)
	at org.testng.SuiteRunner.privateRun(SuiteRunner.java:310)
	at org.testng.SuiteRunner.run(SuiteRunner.java:259)
	at org.testng.SuiteRunnerWorker.runSuite(SuiteRunnerWorker.java:52)
	at org.testng.SuiteRunnerWorker.run(SuiteRunnerWorker.java:86)
	at org.testng.TestNG.runSuitesSequentially(TestNG.java:1199)
	at org.testng.TestNG.runSuitesLocally(TestNG.java:1124)
	at org.testng.TestNG.run(TestNG.java:1032)
	at org.testng.remote.AbstractRemoteTestNG.run(AbstractRemoteTestNG.java:115)
	at org.testng.remote.RemoteTestNG.initAndRun(RemoteTestNG.java:251)
	at org.testng.remote.RemoteTestNG.main(RemoteTestNG.java:77)
</stack-trace>
            </failure>
            <steps>
                <step start="1589050929621" stop="1589050929621" status="passed">
                    <name>logStep[Verifyied Feed:0 Pub Ad Call ftl Custm_Parameter Expected value presented]</name>
                    <title>Verifyied Feed:0 Pub Ad Call ftl Custm_Parameter Expected value presented</title>
                </step>
            </steps>
            <attachments/>
            <labels>
                <label name="testSuite" value="Default suite"/>
                <label name="testGroup" value="Default test"/>
                <label name="testClass" value="twc.Regression.TestCases.regressionTestCases"/>
                <label name="testMethod" value="C333215_Verify_cust_param_ftl"/>
                <label name="host" value="Aswinikumars-MacBook-Pro.local"/>
                <label name="thread" value="1504@Aswinikumars-MacBook-Pro.local.main(1)"/>
            </labels>
        </test-case>
        <test-case start="1589050929671" stop="1589050932766" status="passed">
            <name>C658711_Verify_cust_param_lang</name>
            <title>Verify custom parameter lang</title>
            <steps>
                <step start="1589050929817" stop="1589050929817" status="passed">
                    <name>logStep[Verifyied Feed:0 Pub Ad Call lang Custm_Parameter Expected value presented]</name>
                    <title>Verifyied Feed:0 Pub Ad Call lang Custm_Parameter Expected value presented</title>
                    <attachments/>
                    <steps/>
                </step>
                <step start="1589050929913" stop="1589050929913" status="passed">
                    <name>logStep[Verifyied Feed:1 Pub Ad Call lang Custm_Parameter Expected value presented]</name>
                    <title>Verifyied Feed:1 Pub Ad Call lang Custm_Parameter Expected value presented</title>
                    <attachments/>
                    <steps/>
                </step>
                <step start="1589050930470" stop="1589050930470" status="passed">
                    <name>logStep[Verifyied Feed:2 Pub Ad Call lang Custm_Parameter Expected value presented]</name>
                    <title>Verifyied Feed:2 Pub Ad Call lang Custm_Parameter Expected value presented</title>
                    <attachments/>
                    <steps/>
                </step>
                <step start="1589050931038" stop="1589050931038" status="passed">
                    <name>logStep[Verifyied Feed:3 Pub Ad Call lang Custm_Parameter Expected value presented]</name>
                    <title>Verifyied Feed:3 Pub Ad Call lang Custm_Parameter Expected value presented</title>
                    <attachments/>
                    <steps/>
                </step>
                <step start="1589050931168" stop="1589050931168" status="passed">
                    <name>logStep[Verifyied Feed:4 Pub Ad Call lang Custm_Parameter Expected value presented]</name>
                    <title>Verifyied Feed:4 Pub Ad Call lang Custm_Parameter Expected value presented</title>
                    <attachments/>
                    <steps/>
                </step>
                <step start="1589050931286" stop="1589050931286" status="passed">
                    <name>logStep[Verifyied Feed:5 Pub Ad Call lang Custm_Parameter Expected value presented]</name>
                    <title>Verifyied Feed:5 Pub Ad Call lang Custm_Parameter Expected value presented</title>
                    <attachments/>
                    <steps/>
                </step>
                <step start="1589050931889" stop="1589050931889" status="passed">
                    <name>logStep[Verifyied Feed:0 Pub Ad Call lang Custm_Parameter Expected value presented]</name>
                    <title>Verifyied Feed:0 Pub Ad Call lang Custm_Parameter Expected value presented</title>
                    <attachments/>
                    <steps/>
                </step>
                <step start="1589050932505" stop="1589050932505" status="passed">
                    <name>logStep[Verifyied Feed:1 Pub Ad Call lang Custm_Parameter Expected value presented]</name>
                    <title>Verifyied Feed:1 Pub Ad Call lang Custm_Parameter Expected value presented</title>
                    <attachments/>
                    <steps/>
                </step>
                <step start="1589050932634" stop="1589050932634" status="passed">
                    <name>logStep[Verifyied Feed:2 Pub Ad Call lang Custm_Parameter Expected value presented]</name>
                    <title>Verifyied Feed:2 Pub Ad Call lang Custm_Parameter Expected value presented</title>
                    <attachments/>
                    <steps/>
                </step>
                <step start="1589050932727" stop="1589050932727" status="passed">
                    <name>logStep[Verifyied Feed:3 Pub Ad Call lang Custm_Parameter Expected value presented]</name>
                    <title>Verifyied Feed:3 Pub Ad Call lang Custm_Parameter Expected value presented</title>
                    <attachments/>
                    <steps/>
                </step>
            </steps>
            <attachments/>
            <labels>
                <label name="testSuite" value="Default suite"/>
                <label name="testGroup" value="Default test"/>
                <label name="testClass" value="twc.Regression.TestCases.regressionTestCases"/>
                <label name="testMethod" value="C658711_Verify_cust_param_lang"/>
                <label name="host" value="Aswinikumars-MacBook-Pro.local"/>
                <label name="thread" value="1504@Aswinikumars-MacBook-Pro.local.main(1)"/>
            </labels>
        </test-case>
        <test-case start="1589050929671" stop="1589050932766" status="passed">
            <name>C658711_Verify_cust_param_lang</name>
            <title>Verify custom parameter lang</title>
            <steps>
                <step start="1589050929817" stop="1589050929817" status="passed">
                    <name>logStep[Verifyied Feed:0 Pub Ad Call lang Custm_Parameter Expected value presented]</name>
                    <title>Verifyied Feed:0 Pub Ad Call lang Custm_Parameter Expected value presented</title>
                    <attachments/>
                    <steps/>
                </step>
                <step start="1589050929913" stop="1589050929913" status="passed">
                    <name>logStep[Verifyied Feed:1 Pub Ad Call lang Custm_Parameter Expected value presented]</name>
                    <title>Verifyied Feed:1 Pub Ad Call lang Custm_Parameter Expected value presented</title>
                    <attachments/>
                    <steps/>
                </step>
                <step start="1589050930470" stop="1589050930470" status="passed">
                    <name>logStep[Verifyied Feed:2 Pub Ad Call lang Custm_Parameter Expected value presented]</name>
                    <title>Verifyied Feed:2 Pub Ad Call lang Custm_Parameter Expected value presented</title>
                    <attachments/>
                    <steps/>
                </step>
                <step start="1589050931038" stop="1589050931038" status="passed">
                    <name>logStep[Verifyied Feed:3 Pub Ad Call lang Custm_Parameter Expected value presented]</name>
                    <title>Verifyied Feed:3 Pub Ad Call lang Custm_Parameter Expected value presented</title>
                    <attachments/>
                    <steps/>
                </step>
                <step start="1589050931168" stop="1589050931168" status="passed">
                    <name>logStep[Verifyied Feed:4 Pub Ad Call lang Custm_Parameter Expected value presented]</name>
                    <title>Verifyied Feed:4 Pub Ad Call lang Custm_Parameter Expected value presented</title>
                    <attachments/>
                    <steps/>
                </step>
                <step start="1589050931286" stop="1589050931286" status="passed">
                    <name>logStep[Verifyied Feed:5 Pub Ad Call lang Custm_Parameter Expected value presented]</name>
                    <title>Verifyied Feed:5 Pub Ad Call lang Custm_Parameter Expected value presented</title>
                    <attachments/>
                    <steps/>
                </step>
                <step start="1589050931889" stop="1589050931889" status="passed">
                    <name>logStep[Verifyied Feed:0 Pub Ad Call lang Custm_Parameter Expected value presented]</name>
                    <title>Verifyied Feed:0 Pub Ad Call lang Custm_Parameter Expected value presented</title>
                    <attachments/>
                    <steps/>
                </step>
                <step start="1589050932505" stop="1589050932505" status="passed">
                    <name>logStep[Verifyied Feed:1 Pub Ad Call lang Custm_Parameter Expected value presented]</name>
                    <title>Verifyied Feed:1 Pub Ad Call lang Custm_Parameter Expected value presented</title>
                    <attachments/>
                    <steps/>
                </step>
                <step start="1589050932634" stop="1589050932634" status="passed">
                    <name>logStep[Verifyied Feed:2 Pub Ad Call lang Custm_Parameter Expected value presented]</name>
                    <title>Verifyied Feed:2 Pub Ad Call lang Custm_Parameter Expected value presented</title>
                    <attachments/>
                    <steps/>
                </step>
                <step start="1589050932727" stop="1589050932727" status="passed">
                    <name>logStep[Verifyied Feed:3 Pub Ad Call lang Custm_Parameter Expected value presented]</name>
                    <title>Verifyied Feed:3 Pub Ad Call lang Custm_Parameter Expected value presented</title>
                    <attachments/>
                    <steps/>
                </step>
            </steps>
            <attachments/>
            <labels>
                <label name="testSuite" value="Default suite"/>
                <label name="testGroup" value="Default test"/>
                <label name="testClass" value="twc.Regression.TestCases.regressionTestCases"/>
                <label name="testMethod" value="C658711_Verify_cust_param_lang"/>
                <label name="host" value="Aswinikumars-MacBook-Pro.local"/>
                <label name="thread" value="1504@Aswinikumars-MacBook-Pro.local.main(1)"/>
            </labels>
        </test-case>
        <test-case start="1589050932768" stop="1589050935831" status="passed">
            <name>C658712_Verify_cust_param_plat1</name>
            <title>Verify custom parameter plat</title>
            <steps>
                <step start="1589050932915" stop="1589050932915" status="passed">
                    <name>logStep[Verifyied Feed:0 Pub Ad Call plat Custm_Parameter Expected value presented]</name>
                    <title>Verifyied Feed:0 Pub Ad Call plat Custm_Parameter Expected value presented</title>
                    <attachments/>
                    <steps/>
                </step>
                <step start="1589050933006" stop="1589050933006" status="passed">
                    <name>logStep[Verifyied Feed:1 Pub Ad Call plat Custm_Parameter Expected value presented]</name>
                    <title>Verifyied Feed:1 Pub Ad Call plat Custm_Parameter Expected value presented</title>
                    <attachments/>
                    <steps/>
                </step>
                <step start="1589050933595" stop="1589050933595" status="passed">
                    <name>logStep[Verifyied Feed:2 Pub Ad Call plat Custm_Parameter Expected value presented]</name>
                    <title>Verifyied Feed:2 Pub Ad Call plat Custm_Parameter Expected value presented</title>
                    <attachments/>
                    <steps/>
                </step>
                <step start="1589050934136" stop="1589050934136" status="passed">
                    <name>logStep[Verifyied Feed:3 Pub Ad Call plat Custm_Parameter Expected value presented]</name>
                    <title>Verifyied Feed:3 Pub Ad Call plat Custm_Parameter Expected value presented</title>
                    <attachments/>
                    <steps/>
                </step>
                <step start="1589050934269" stop="1589050934269" status="passed">
                    <name>logStep[Verifyied Feed:4 Pub Ad Call plat Custm_Parameter Expected value presented]</name>
                    <title>Verifyied Feed:4 Pub Ad Call plat Custm_Parameter Expected value presented</title>
                    <attachments/>
                    <steps/>
                </step>
                <step start="1589050934394" stop="1589050934394" status="passed">
                    <name>logStep[Verifyied Feed:5 Pub Ad Call plat Custm_Parameter Expected value presented]</name>
                    <title>Verifyied Feed:5 Pub Ad Call plat Custm_Parameter Expected value presented</title>
                    <attachments/>
                    <steps/>
                </step>
                <step start="1589050935004" stop="1589050935004" status="passed">
                    <name>logStep[Verifyied Feed:0 Pub Ad Call plat Custm_Parameter Expected value presented]</name>
                    <title>Verifyied Feed:0 Pub Ad Call plat Custm_Parameter Expected value presented</title>
                    <attachments/>
                    <steps/>
                </step>
                <step start="1589050935612" stop="1589050935612" status="passed">
                    <name>logStep[Verifyied Feed:1 Pub Ad Call plat Custm_Parameter Expected value presented]</name>
                    <title>Verifyied Feed:1 Pub Ad Call plat Custm_Parameter Expected value presented</title>
                    <attachments/>
                    <steps/>
                </step>
                <step start="1589050935722" stop="1589050935722" status="passed">
                    <name>logStep[Verifyied Feed:2 Pub Ad Call plat Custm_Parameter Expected value presented]</name>
                    <title>Verifyied Feed:2 Pub Ad Call plat Custm_Parameter Expected value presented</title>
                    <attachments/>
                    <steps/>
                </step>
                <step start="1589050935795" stop="1589050935795" status="passed">
                    <name>logStep[Verifyied Feed:3 Pub Ad Call plat Custm_Parameter Expected value presented]</name>
                    <title>Verifyied Feed:3 Pub Ad Call plat Custm_Parameter Expected value presented</title>
                    <attachments/>
                    <steps/>
                </step>
            </steps>
            <attachments/>
            <labels>
                <label name="testSuite" value="Default suite"/>
                <label name="testGroup" value="Default test"/>
                <label name="testClass" value="twc.Regression.TestCases.regressionTestCases"/>
                <label name="testMethod" value="C658712_Verify_cust_param_plat1"/>
                <label name="host" value="Aswinikumars-MacBook-Pro.local"/>
                <label name="thread" value="1504@Aswinikumars-MacBook-Pro.local.main(1)"/>
            </labels>
        </test-case>
        <test-case start="1589050932768" stop="1589050935831" status="passed">
            <name>C658712_Verify_cust_param_plat1</name>
            <title>Verify custom parameter plat</title>
            <steps>
                <step start="1589050932915" stop="1589050932915" status="passed">
                    <name>logStep[Verifyied Feed:0 Pub Ad Call plat Custm_Parameter Expected value presented]</name>
                    <title>Verifyied Feed:0 Pub Ad Call plat Custm_Parameter Expected value presented</title>
                    <attachments/>
                    <steps/>
                </step>
                <step start="1589050933006" stop="1589050933006" status="passed">
                    <name>logStep[Verifyied Feed:1 Pub Ad Call plat Custm_Parameter Expected value presented]</name>
                    <title>Verifyied Feed:1 Pub Ad Call plat Custm_Parameter Expected value presented</title>
                    <attachments/>
                    <steps/>
                </step>
                <step start="1589050933595" stop="1589050933595" status="passed">
                    <name>logStep[Verifyied Feed:2 Pub Ad Call plat Custm_Parameter Expected value presented]</name>
                    <title>Verifyied Feed:2 Pub Ad Call plat Custm_Parameter Expected value presented</title>
                    <attachments/>
                    <steps/>
                </step>
                <step start="1589050934136" stop="1589050934136" status="passed">
                    <name>logStep[Verifyied Feed:3 Pub Ad Call plat Custm_Parameter Expected value presented]</name>
                    <title>Verifyied Feed:3 Pub Ad Call plat Custm_Parameter Expected value presented</title>
                    <attachments/>
                    <steps/>
                </step>
                <step start="1589050934269" stop="1589050934269" status="passed">
                    <name>logStep[Verifyied Feed:4 Pub Ad Call plat Custm_Parameter Expected value presented]</name>
                    <title>Verifyied Feed:4 Pub Ad Call plat Custm_Parameter Expected value presented</title>
                    <attachments/>
                    <steps/>
                </step>
                <step start="1589050934394" stop="1589050934394" status="passed">
                    <name>logStep[Verifyied Feed:5 Pub Ad Call plat Custm_Parameter Expected value presented]</name>
                    <title>Verifyied Feed:5 Pub Ad Call plat Custm_Parameter Expected value presented</title>
                    <attachments/>
                    <steps/>
                </step>
                <step start="1589050935004" stop="1589050935004" status="passed">
                    <name>logStep[Verifyied Feed:0 Pub Ad Call plat Custm_Parameter Expected value presented]</name>
                    <title>Verifyied Feed:0 Pub Ad Call plat Custm_Parameter Expected value presented</title>
                    <attachments/>
                    <steps/>
                </step>
                <step start="1589050935612" stop="1589050935612" status="passed">
                    <name>logStep[Verifyied Feed:1 Pub Ad Call plat Custm_Parameter Expected value presented]</name>
                    <title>Verifyied Feed:1 Pub Ad Call plat Custm_Parameter Expected value presented</title>
                    <attachments/>
                    <steps/>
                </step>
                <step start="1589050935722" stop="1589050935722" status="passed">
                    <name>logStep[Verifyied Feed:2 Pub Ad Call plat Custm_Parameter Expected value presented]</name>
                    <title>Verifyied Feed:2 Pub Ad Call plat Custm_Parameter Expected value presented</title>
                    <attachments/>
                    <steps/>
                </step>
                <step start="1589050935795" stop="1589050935795" status="passed">
                    <name>logStep[Verifyied Feed:3 Pub Ad Call plat Custm_Parameter Expected value presented]</name>
                    <title>Verifyied Feed:3 Pub Ad Call plat Custm_Parameter Expected value presented</title>
                    <attachments/>
                    <steps/>
                </step>
            </steps>
            <attachments/>
            <labels>
                <label name="testSuite" value="Default suite"/>
                <label name="testGroup" value="Default test"/>
                <label name="testClass" value="twc.Regression.TestCases.regressionTestCases"/>
                <label name="testMethod" value="C658712_Verify_cust_param_plat1"/>
                <label name="host" value="Aswinikumars-MacBook-Pro.local"/>
                <label name="thread" value="1504@Aswinikumars-MacBook-Pro.local.main(1)"/>
            </labels>
        </test-case>
        <test-case start="1589050935833" stop="1589050937489" status="passed">
            <name>C333227_Verify_cust_param_sg</name>
            <title>Verify custom parameter sg</title>
            <steps/>
            <attachments/>
            <labels>
                <label name="testSuite" value="Default suite"/>
                <label name="testGroup" value="Default test"/>
                <label name="testClass" value="twc.Regression.TestCases.regressionTestCases"/>
                <label name="testMethod" value="C333227_Verify_cust_param_sg"/>
                <label name="host" value="Aswinikumars-MacBook-Pro.local"/>
                <label name="thread" value="1504@Aswinikumars-MacBook-Pro.local.main(1)"/>
            </labels>
        </test-case>
        <test-case start="1589050935833" stop="1589050937489" status="passed">
            <name>C333227_Verify_cust_param_sg</name>
            <title>Verify custom parameter sg</title>
            <steps/>
            <attachments/>
            <labels>
                <label name="testSuite" value="Default suite"/>
                <label name="testGroup" value="Default test"/>
                <label name="testClass" value="twc.Regression.TestCases.regressionTestCases"/>
                <label name="testMethod" value="C333227_Verify_cust_param_sg"/>
                <label name="host" value="Aswinikumars-MacBook-Pro.local"/>
                <label name="thread" value="1504@Aswinikumars-MacBook-Pro.local.main(1)"/>
            </labels>
        </test-case>
        <test-case start="1589050937490" stop="1589050940520" status="passed">
            <name>C333205_Verify_cust_param_tile</name>
            <title>Verify custom parameter tile</title>
            <steps>
                <step start="1589050937637" stop="1589050937637" status="passed">
                    <name>logStep[Verifyied Feed:0 Pub Ad Call tile Custm_Parameter Expected value presented]</name>
                    <title>Verifyied Feed:0 Pub Ad Call tile Custm_Parameter Expected value presented</title>
                    <attachments/>
                    <steps/>
                </step>
                <step start="1589050937746" stop="1589050937746" status="passed">
                    <name>logStep[Verifyied Feed:1 Pub Ad Call tile Custm_Parameter Expected value presented]</name>
                    <title>Verifyied Feed:1 Pub Ad Call tile Custm_Parameter Expected value presented</title>
                    <attachments/>
                    <steps/>
                </step>
                <step start="1589050938265" stop="1589050938265" status="passed">
                    <name>logStep[Verifyied Feed:2 Pub Ad Call tile Custm_Parameter Expected value presented]</name>
                    <title>Verifyied Feed:2 Pub Ad Call tile Custm_Parameter Expected value presented</title>
                    <attachments/>
                    <steps/>
                </step>
                <step start="1589050938805" stop="1589050938805" status="passed">
                    <name>logStep[Verifyied Feed:3 Pub Ad Call tile Custm_Parameter Expected value presented]</name>
                    <title>Verifyied Feed:3 Pub Ad Call tile Custm_Parameter Expected value presented</title>
                    <attachments/>
                    <steps/>
                </step>
                <step start="1589050938939" stop="1589050938939" status="passed">
                    <name>logStep[Verifyied Feed:4 Pub Ad Call tile Custm_Parameter Expected value presented]</name>
                    <title>Verifyied Feed:4 Pub Ad Call tile Custm_Parameter Expected value presented</title>
                    <attachments/>
                    <steps/>
                </step>
                <step start="1589050939057" stop="1589050939057" status="passed">
                    <name>logStep[Verifyied Feed:5 Pub Ad Call tile Custm_Parameter Expected value presented]</name>
                    <title>Verifyied Feed:5 Pub Ad Call tile Custm_Parameter Expected value presented</title>
                    <attachments/>
                    <steps/>
                </step>
                <step start="1589050939654" stop="1589050939654" status="passed">
                    <name>logStep[Verifyied Feed:0 Pub Ad Call tile Custm_Parameter Expected value presented]</name>
                    <title>Verifyied Feed:0 Pub Ad Call tile Custm_Parameter Expected value presented</title>
                    <attachments/>
                    <steps/>
                </step>
                <step start="1589050940297" stop="1589050940297" status="passed">
                    <name>logStep[Verifyied Feed:1 Pub Ad Call tile Custm_Parameter Expected value presented]</name>
                    <title>Verifyied Feed:1 Pub Ad Call tile Custm_Parameter Expected value presented</title>
                    <attachments/>
                    <steps/>
                </step>
                <step start="1589050940406" stop="1589050940406" status="passed">
                    <name>logStep[Verifyied Feed:2 Pub Ad Call tile Custm_Parameter Expected value presented]</name>
                    <title>Verifyied Feed:2 Pub Ad Call tile Custm_Parameter Expected value presented</title>
                    <attachments/>
                    <steps/>
                </step>
                <step start="1589050940482" stop="1589050940482" status="passed">
                    <name>logStep[Verifyied Feed:3 Pub Ad Call tile Custm_Parameter Expected value presented]</name>
                    <title>Verifyied Feed:3 Pub Ad Call tile Custm_Parameter Expected value presented</title>
                    <attachments/>
                    <steps/>
                </step>
            </steps>
            <attachments/>
            <labels>
                <label name="testSuite" value="Default suite"/>
                <label name="testGroup" value="Default test"/>
                <label name="testClass" value="twc.Regression.TestCases.regressionTestCases"/>
                <label name="testMethod" value="C333205_Verify_cust_param_tile"/>
                <label name="host" value="Aswinikumars-MacBook-Pro.local"/>
                <label name="thread" value="1504@Aswinikumars-MacBook-Pro.local.main(1)"/>
            </labels>
        </test-case>
        <test-case start="1589050937490" stop="1589050940520" status="passed">
            <name>C333205_Verify_cust_param_tile</name>
            <title>Verify custom parameter tile</title>
            <steps>
                <step start="1589050937637" stop="1589050937637" status="passed">
                    <name>logStep[Verifyied Feed:0 Pub Ad Call tile Custm_Parameter Expected value presented]</name>
                    <title>Verifyied Feed:0 Pub Ad Call tile Custm_Parameter Expected value presented</title>
                    <attachments/>
                    <steps/>
                </step>
                <step start="1589050937746" stop="1589050937746" status="passed">
                    <name>logStep[Verifyied Feed:1 Pub Ad Call tile Custm_Parameter Expected value presented]</name>
                    <title>Verifyied Feed:1 Pub Ad Call tile Custm_Parameter Expected value presented</title>
                    <attachments/>
                    <steps/>
                </step>
                <step start="1589050938265" stop="1589050938265" status="passed">
                    <name>logStep[Verifyied Feed:2 Pub Ad Call tile Custm_Parameter Expected value presented]</name>
                    <title>Verifyied Feed:2 Pub Ad Call tile Custm_Parameter Expected value presented</title>
                    <attachments/>
                    <steps/>
                </step>
                <step start="1589050938805" stop="1589050938805" status="passed">
                    <name>logStep[Verifyied Feed:3 Pub Ad Call tile Custm_Parameter Expected value presented]</name>
                    <title>Verifyied Feed:3 Pub Ad Call tile Custm_Parameter Expected value presented</title>
                    <attachments/>
                    <steps/>
                </step>
                <step start="1589050938939" stop="1589050938939" status="passed">
                    <name>logStep[Verifyied Feed:4 Pub Ad Call tile Custm_Parameter Expected value presented]</name>
                    <title>Verifyied Feed:4 Pub Ad Call tile Custm_Parameter Expected value presented</title>
                    <attachments/>
                    <steps/>
                </step>
                <step start="1589050939057" stop="1589050939057" status="passed">
                    <name>logStep[Verifyied Feed:5 Pub Ad Call tile Custm_Parameter Expected value presented]</name>
                    <title>Verifyied Feed:5 Pub Ad Call tile Custm_Parameter Expected value presented</title>
                    <attachments/>
                    <steps/>
                </step>
                <step start="1589050939654" stop="1589050939654" status="passed">
                    <name>logStep[Verifyied Feed:0 Pub Ad Call tile Custm_Parameter Expected value presented]</name>
                    <title>Verifyied Feed:0 Pub Ad Call tile Custm_Parameter Expected value presented</title>
                    <attachments/>
                    <steps/>
                </step>
                <step start="1589050940297" stop="1589050940297" status="passed">
                    <name>logStep[Verifyied Feed:1 Pub Ad Call tile Custm_Parameter Expected value presented]</name>
                    <title>Verifyied Feed:1 Pub Ad Call tile Custm_Parameter Expected value presented</title>
                    <attachments/>
                    <steps/>
                </step>
                <step start="1589050940406" stop="1589050940406" status="passed">
                    <name>logStep[Verifyied Feed:2 Pub Ad Call tile Custm_Parameter Expected value presented]</name>
                    <title>Verifyied Feed:2 Pub Ad Call tile Custm_Parameter Expected value presented</title>
                    <attachments/>
                    <steps/>
                </step>
                <step start="1589050940482" stop="1589050940482" status="passed">
                    <name>logStep[Verifyied Feed:3 Pub Ad Call tile Custm_Parameter Expected value presented]</name>
                    <title>Verifyied Feed:3 Pub Ad Call tile Custm_Parameter Expected value presented</title>
                    <attachments/>
                    <steps/>
                </step>
            </steps>
            <attachments/>
            <labels>
                <label name="testSuite" value="Default suite"/>
                <label name="testGroup" value="Default test"/>
                <label name="testClass" value="twc.Regression.TestCases.regressionTestCases"/>
                <label name="testMethod" value="C333205_Verify_cust_param_tile"/>
                <label name="host" value="Aswinikumars-MacBook-Pro.local"/>
                <label name="thread" value="1504@Aswinikumars-MacBook-Pro.local.main(1)"/>
            </labels>
        </test-case>
        <test-case start="1589050940521" stop="1589050944666" status="passed">
            <name>C333239_Verify_cust_param_tmpc</name>
            <title>Verify custom parameter tmpc</title>
            <steps>
                <step start="1589050940674" stop="1589050940674" status="passed">
                    <name>logStep[Verifyied Feed:0 Pub Ad Call tmpc Custm_Parameter Expected value presented]</name>
                    <title>Verifyied Feed:0 Pub Ad Call tmpc Custm_Parameter Expected value presented</title>
                    <attachments/>
                    <steps/>
                </step>
                <step start="1589050940876" stop="1589050940876" status="passed">
                    <name>logStep[Verifyied Feed:1 Pub Ad Call tmpc Custm_Parameter Expected value presented]</name>
                    <title>Verifyied Feed:1 Pub Ad Call tmpc Custm_Parameter Expected value presented</title>
                    <attachments/>
                    <steps/>
                </step>
                <step start="1589050941501" stop="1589050941501" status="passed">
                    <name>logStep[Verifyied Feed:2 Pub Ad Call tmpc Custm_Parameter Expected value presented]</name>
                    <title>Verifyied Feed:2 Pub Ad Call tmpc Custm_Parameter Expected value presented</title>
                    <attachments/>
                    <steps/>
                </step>
                <step start="1589050942163" stop="1589050942163" status="passed">
                    <name>logStep[Verifyied Feed:3 Pub Ad Call tmpc Custm_Parameter Expected value presented]</name>
                    <title>Verifyied Feed:3 Pub Ad Call tmpc Custm_Parameter Expected value presented</title>
                    <attachments/>
                    <steps/>
                </step>
                <step start="1589050942421" stop="1589050942421" status="passed">
                    <name>logStep[Verifyied Feed:4 Pub Ad Call tmpc Custm_Parameter Expected value presented]</name>
                    <title>Verifyied Feed:4 Pub Ad Call tmpc Custm_Parameter Expected value presented</title>
                    <attachments/>
                    <steps/>
                </step>
                <step start="1589050942693" stop="1589050942693" status="passed">
                    <name>logStep[Verifyied Feed:5 Pub Ad Call tmpc Custm_Parameter Expected value presented]</name>
                    <title>Verifyied Feed:5 Pub Ad Call tmpc Custm_Parameter Expected value presented</title>
                    <attachments/>
                    <steps/>
                </step>
                <step start="1589050943381" stop="1589050943381" status="passed">
                    <name>logStep[Verifyied Feed:0 Pub Ad Call tmpc Custm_Parameter Expected value presented]</name>
                    <title>Verifyied Feed:0 Pub Ad Call tmpc Custm_Parameter Expected value presented</title>
                    <attachments/>
                    <steps/>
                </step>
                <step start="1589050944091" stop="1589050944091" status="passed">
                    <name>logStep[Verifyied Feed:1 Pub Ad Call tmpc Custm_Parameter Expected value presented]</name>
                    <title>Verifyied Feed:1 Pub Ad Call tmpc Custm_Parameter Expected value presented</title>
                    <attachments/>
                    <steps/>
                </step>
                <step start="1589050944324" stop="1589050944324" status="passed">
                    <name>logStep[Verifyied Feed:2 Pub Ad Call tmpc Custm_Parameter Expected value presented]</name>
                    <title>Verifyied Feed:2 Pub Ad Call tmpc Custm_Parameter Expected value presented</title>
                    <attachments/>
                    <steps/>
                </step>
                <step start="1589050944520" stop="1589050944520" status="passed">
                    <name>logStep[Verifyied Feed:3 Pub Ad Call tmpc Custm_Parameter Expected value presented]</name>
                    <title>Verifyied Feed:3 Pub Ad Call tmpc Custm_Parameter Expected value presented</title>
                    <attachments/>
                    <steps/>
                </step>
            </steps>
            <attachments/>
            <labels>
                <label name="testSuite" value="Default suite"/>
                <label name="testGroup" value="Default test"/>
                <label name="testClass" value="twc.Regression.TestCases.regressionTestCases"/>
                <label name="testMethod" value="C333239_Verify_cust_param_tmpc"/>
                <label name="host" value="Aswinikumars-MacBook-Pro.local"/>
                <label name="thread" value="1504@Aswinikumars-MacBook-Pro.local.main(1)"/>
            </labels>
        </test-case>
        <test-case start="1589050940521" stop="1589050944666" status="passed">
            <name>C333239_Verify_cust_param_tmpc</name>
            <title>Verify custom parameter tmpc</title>
            <steps>
                <step start="1589050940674" stop="1589050940674" status="passed">
                    <name>logStep[Verifyied Feed:0 Pub Ad Call tmpc Custm_Parameter Expected value presented]</name>
                    <title>Verifyied Feed:0 Pub Ad Call tmpc Custm_Parameter Expected value presented</title>
                    <attachments/>
                    <steps/>
                </step>
                <step start="1589050940876" stop="1589050940876" status="passed">
                    <name>logStep[Verifyied Feed:1 Pub Ad Call tmpc Custm_Parameter Expected value presented]</name>
                    <title>Verifyied Feed:1 Pub Ad Call tmpc Custm_Parameter Expected value presented</title>
                    <attachments/>
                    <steps/>
                </step>
                <step start="1589050941501" stop="1589050941501" status="passed">
                    <name>logStep[Verifyied Feed:2 Pub Ad Call tmpc Custm_Parameter Expected value presented]</name>
                    <title>Verifyied Feed:2 Pub Ad Call tmpc Custm_Parameter Expected value presented</title>
                    <attachments/>
                    <steps/>
                </step>
                <step start="1589050942163" stop="1589050942163" status="passed">
                    <name>logStep[Verifyied Feed:3 Pub Ad Call tmpc Custm_Parameter Expected value presented]</name>
                    <title>Verifyied Feed:3 Pub Ad Call tmpc Custm_Parameter Expected value presented</title>
                    <attachments/>
                    <steps/>
                </step>
                <step start="1589050942421" stop="1589050942421" status="passed">
                    <name>logStep[Verifyied Feed:4 Pub Ad Call tmpc Custm_Parameter Expected value presented]</name>
                    <title>Verifyied Feed:4 Pub Ad Call tmpc Custm_Parameter Expected value presented</title>
                    <attachments/>
                    <steps/>
                </step>
                <step start="1589050942693" stop="1589050942693" status="passed">
                    <name>logStep[Verifyied Feed:5 Pub Ad Call tmpc Custm_Parameter Expected value presented]</name>
                    <title>Verifyied Feed:5 Pub Ad Call tmpc Custm_Parameter Expected value presented</title>
                    <attachments/>
                    <steps/>
                </step>
                <step start="1589050943381" stop="1589050943381" status="passed">
                    <name>logStep[Verifyied Feed:0 Pub Ad Call tmpc Custm_Parameter Expected value presented]</name>
                    <title>Verifyied Feed:0 Pub Ad Call tmpc Custm_Parameter Expected value presented</title>
                    <attachments/>
                    <steps/>
                </step>
                <step start="1589050944091" stop="1589050944091" status="passed">
                    <name>logStep[Verifyied Feed:1 Pub Ad Call tmpc Custm_Parameter Expected value presented]</name>
                    <title>Verifyied Feed:1 Pub Ad Call tmpc Custm_Parameter Expected value presented</title>
                    <attachments/>
                    <steps/>
                </step>
                <step start="1589050944324" stop="1589050944324" status="passed">
                    <name>logStep[Verifyied Feed:2 Pub Ad Call tmpc Custm_Parameter Expected value presented]</name>
                    <title>Verifyied Feed:2 Pub Ad Call tmpc Custm_Parameter Expected value presented</title>
                    <attachments/>
                    <steps/>
                </step>
                <step start="1589050944520" stop="1589050944520" status="passed">
                    <name>logStep[Verifyied Feed:3 Pub Ad Call tmpc Custm_Parameter Expected value presented]</name>
                    <title>Verifyied Feed:3 Pub Ad Call tmpc Custm_Parameter Expected value presented</title>
                    <attachments/>
                    <steps/>
                </step>
            </steps>
            <attachments/>
            <labels>
                <label name="testSuite" value="Default suite"/>
                <label name="testGroup" value="Default test"/>
                <label name="testClass" value="twc.Regression.TestCases.regressionTestCases"/>
                <label name="testMethod" value="C333239_Verify_cust_param_tmpc"/>
                <label name="host" value="Aswinikumars-MacBook-Pro.local"/>
                <label name="thread" value="1504@Aswinikumars-MacBook-Pro.local.main(1)"/>
            </labels>
        </test-case>
        <test-case start="1589050944672" stop="1589050947878" status="broken">
            <name>C333217_Verify_cust_param_tmpr</name>
            <title>Verify custom parameter tmpr</title>
            <failure>
                <message>Test was interrupted</message>
            </failure>
            <labels>
                <label name="testSuite" value="Default suite"/>
                <label name="testGroup" value="Default test"/>
                <label name="testClass" value="twc.Regression.TestCases.regressionTestCases"/>
                <label name="testMethod" value="C333217_Verify_cust_param_tmpr"/>
                <label name="host" value="Aswinikumars-MacBook-Pro.local"/>
                <label name="thread" value="1504@Aswinikumars-MacBook-Pro.local.main(1)"/>
            </labels>
        </test-case>
        <test-case start="1589050944672" stop="1589050947878" status="broken">
            <name>C333217_Verify_cust_param_tmpr</name>
            <title>Verify custom parameter tmpr</title>
            <failure>
                <message>Test was interrupted</message>
            </failure>
            <labels>
                <label name="testSuite" value="Default suite"/>
                <label name="testGroup" value="Default test"/>
                <label name="testClass" value="twc.Regression.TestCases.regressionTestCases"/>
                <label name="testMethod" value="C333217_Verify_cust_param_tmpr"/>
                <label name="host" value="Aswinikumars-MacBook-Pro.local"/>
                <label name="thread" value="1504@Aswinikumars-MacBook-Pro.local.main(1)"/>
            </labels>
        </test-case>
        <test-case start="1589050885697" stop="1589050947878" status="broken">
            <name>Default suite : Default test</name>
            <title>Default suite : Default test</title>
            <failure>
                <message>Test suite was interrupted, some test cases may be lost</message>
            </failure>
        </test-case>
    </test-cases>
    <labels>
        <label name="framework" value="TestNG"/>
        <label name="language" value="JAVA"/>
    </labels>
</ns2:test-suite>
