<?xml version="1.0" encoding="UTF-8" standalone="yes"?>
<ns2:test-suite start="1588968316491" stop="1588968388437" version="1.5.4" xmlns:ns2="urn:model.allure.qatools.yandex.ru">
    <name>Suite : Test</name>
    <title>Suite : Test</title>
    <test-cases>
        <test-case start="1588968317001" stop="1588968322667" status="passed">
            <name>C333216_Verify_cust_param_cnd</name>
            <title>Verify custom parameter cnd</title>
            <steps>
                <step start="1588968317363" stop="1588968317364" status="passed">
                    <name>logStep[Verifyied Feed:iu=%2F7646%2Fapp_android_us%2Fdb_display%2Fhome_screen%2Fhourly Pub Ad Call cnd Custm_Parameter E...]</name>
                    <title>Verifyied Feed:iu=%2F7646%2Fapp_android_us%2Fdb_display%2Fhome_screen%2Fhourly Pub Ad Call cnd Custm_Parameter Expected ...</title>
                    <attachments/>
                    <steps/>
                </step>
                <step start="1588968317863" stop="1588968317863" status="passed">
                    <name>logStep[Verifyied Feed:iu=%2F7646%2Fapp_android_us%2Fdb_display%2Fhome_screen%2Fmarquee Pub Ad Call cnd Custm_Parameter ...]</name>
                    <title>Verifyied Feed:iu=%2F7646%2Fapp_android_us%2Fdb_display%2Fhome_screen%2Fmarquee Pub Ad Call cnd Custm_Parameter Expected...</title>
                    <attachments/>
                    <steps/>
                </step>
                <step start="1588968318712" stop="1588968318712" status="passed">
                    <name>logStep[Verifyied Feed:iu=%2F7646%2Fapp_android_us%2Fdb_display%2Fcard%2Fradar Pub Ad Call cnd Custm_Parameter Expected ...]</name>
                    <title>Verifyied Feed:iu=%2F7646%2Fapp_android_us%2Fdb_display%2Fcard%2Fradar Pub Ad Call cnd Custm_Parameter Expected value pr...</title>
                    <attachments/>
                    <steps/>
                </step>
                <step start="1588968319603" stop="1588968319603" status="passed">
                    <name>logStep[Verifyied Feed:iu=%2F7646%2Fapp_android_us%2Fdb_display%2Fcard%2Flifestyle Pub Ad Call cnd Custm_Parameter Expec...]</name>
                    <title>Verifyied Feed:iu=%2F7646%2Fapp_android_us%2Fdb_display%2Fcard%2Flifestyle Pub Ad Call cnd Custm_Parameter Expected valu...</title>
                    <attachments/>
                    <steps/>
                </step>
                <step start="1588968319937" stop="1588968319937" status="passed">
                    <name>logStep[Verifyied Feed:iu=%2F7646%2Fapp_android_us%2Fdb_display%2Fcard%2Fseason Pub Ad Call cnd Custm_Parameter Expected...]</name>
                    <title>Verifyied Feed:iu=%2F7646%2Fapp_android_us%2Fdb_display%2Fcard%2Fseason Pub Ad Call cnd Custm_Parameter Expected value p...</title>
                    <attachments/>
                    <steps/>
                </step>
                <step start="1588968320364" stop="1588968320364" status="passed">
                    <name>logStep[Verifyied Feed:iu=%2F7646%2Fapp_android_us%2Fdb_display%2Fcard%2Faq Pub Ad Call cnd Custm_Parameter Expected val...]</name>
                    <title>Verifyied Feed:iu=%2F7646%2Fapp_android_us%2Fdb_display%2Fcard%2Faq Pub Ad Call cnd Custm_Parameter Expected value prese...</title>
                    <attachments/>
                    <steps/>
                </step>
                <step start="1588968321219" stop="1588968321219" status="passed">
                    <name>logStep[Verifyied Feed:iu=%2F7646%2Fapp_android_us%2Fdb_display%2Fdetails%2Fmaps Pub Ad Call cnd Custm_Parameter Expecte...]</name>
                    <title>Verifyied Feed:iu=%2F7646%2Fapp_android_us%2Fdb_display%2Fdetails%2Fmaps Pub Ad Call cnd Custm_Parameter Expected value ...</title>
                    <attachments/>
                    <steps/>
                </step>
                <step start="1588968322021" stop="1588968322021" status="passed">
                    <name>logStep[Verifyied Feed:iu=%2F7646%2Fapp_android_us%2Fdb_display%2Fdetails%2Ftoday Pub Ad Call cnd Custm_Parameter Expect...]</name>
                    <title>Verifyied Feed:iu=%2F7646%2Fapp_android_us%2Fdb_display%2Fdetails%2Ftoday Pub Ad Call cnd Custm_Parameter Expected value...</title>
                    <attachments/>
                    <steps/>
                </step>
                <step start="1588968322252" stop="1588968322252" status="passed">
                    <name>logStep[Verifyied Feed:iu=%2F7646%2Fapp_android_us%2Fdb_display%2Fdetails%2Fhourly Pub Ad Call cnd Custm_Parameter Expec...]</name>
                    <title>Verifyied Feed:iu=%2F7646%2Fapp_android_us%2Fdb_display%2Fdetails%2Fhourly Pub Ad Call cnd Custm_Parameter Expected valu...</title>
                    <attachments/>
                    <steps/>
                </step>
                <step start="1588968322504" stop="1588968322504" status="passed">
                    <name>logStep[Verifyied Feed:iu=%2F7646%2Fapp_android_us%2Fdb_display%2Fdetails%2F10day Pub Ad Call cnd Custm_Parameter Expect...]</name>
                    <title>Verifyied Feed:iu=%2F7646%2Fapp_android_us%2Fdb_display%2Fdetails%2F10day Pub Ad Call cnd Custm_Parameter Expected value...</title>
                    <attachments/>
                    <steps/>
                </step>
            </steps>
            <attachments/>
            <labels>
                <label name="testSuite" value="Suite"/>
                <label name="testGroup" value="Test"/>
                <label name="testClass" value="twc.Regression.TestCases.regressionTestCases"/>
                <label name="testMethod" value="C333216_Verify_cust_param_cnd"/>
                <label name="host" value="Aswinikumars-MacBook-Pro.local"/>
                <label name="thread" value="14430@Aswinikumars-MacBook-Pro.local.main(1)"/>
            </labels>
        </test-case>
        <test-case start="1588968322671" stop="1588968325861" status="passed">
            <name>C333202_Verify_cust_param_zip</name>
            <title>Verify custom parameter zip</title>
            <steps>
                <step start="1588968322873" stop="1588968322873" status="passed">
                    <name>logStep[Verifyied Feed:0 Pub Ad Call zip Custm_Parameter Expected value presented]</name>
                    <title>Verifyied Feed:0 Pub Ad Call zip Custm_Parameter Expected value presented</title>
                    <attachments/>
                    <steps/>
                </step>
                <step start="1588968322966" stop="1588968322966" status="passed">
                    <name>logStep[Verifyied Feed:1 Pub Ad Call zip Custm_Parameter Expected value presented]</name>
                    <title>Verifyied Feed:1 Pub Ad Call zip Custm_Parameter Expected value presented</title>
                    <attachments/>
                    <steps/>
                </step>
                <step start="1588968323615" stop="1588968323615" status="passed">
                    <name>logStep[Verifyied Feed:2 Pub Ad Call zip Custm_Parameter Expected value presented]</name>
                    <title>Verifyied Feed:2 Pub Ad Call zip Custm_Parameter Expected value presented</title>
                    <attachments/>
                    <steps/>
                </step>
                <step start="1588968324181" stop="1588968324181" status="passed">
                    <name>logStep[Verifyied Feed:3 Pub Ad Call zip Custm_Parameter Expected value presented]</name>
                    <title>Verifyied Feed:3 Pub Ad Call zip Custm_Parameter Expected value presented</title>
                    <attachments/>
                    <steps/>
                </step>
                <step start="1588968324299" stop="1588968324299" status="passed">
                    <name>logStep[Verifyied Feed:4 Pub Ad Call zip Custm_Parameter Expected value presented]</name>
                    <title>Verifyied Feed:4 Pub Ad Call zip Custm_Parameter Expected value presented</title>
                    <attachments/>
                    <steps/>
                </step>
                <step start="1588968324410" stop="1588968324410" status="passed">
                    <name>logStep[Verifyied Feed:5 Pub Ad Call zip Custm_Parameter Expected value presented]</name>
                    <title>Verifyied Feed:5 Pub Ad Call zip Custm_Parameter Expected value presented</title>
                    <attachments/>
                    <steps/>
                </step>
                <step start="1588968325098" stop="1588968325098" status="passed">
                    <name>logStep[Verifyied Feed:0 Pub Ad Call zip Custm_Parameter Expected value presented]</name>
                    <title>Verifyied Feed:0 Pub Ad Call zip Custm_Parameter Expected value presented</title>
                    <attachments/>
                    <steps/>
                </step>
                <step start="1588968325704" stop="1588968325704" status="passed">
                    <name>logStep[Verifyied Feed:1 Pub Ad Call zip Custm_Parameter Expected value presented]</name>
                    <title>Verifyied Feed:1 Pub Ad Call zip Custm_Parameter Expected value presented</title>
                    <attachments/>
                    <steps/>
                </step>
                <step start="1588968325789" stop="1588968325789" status="passed">
                    <name>logStep[Verifyied Feed:2 Pub Ad Call zip Custm_Parameter Expected value presented]</name>
                    <title>Verifyied Feed:2 Pub Ad Call zip Custm_Parameter Expected value presented</title>
                    <attachments/>
                    <steps/>
                </step>
                <step start="1588968325840" stop="1588968325840" status="passed">
                    <name>logStep[Verifyied Feed:3 Pub Ad Call zip Custm_Parameter Expected value presented]</name>
                    <title>Verifyied Feed:3 Pub Ad Call zip Custm_Parameter Expected value presented</title>
                    <attachments/>
                    <steps/>
                </step>
            </steps>
            <attachments/>
            <labels>
                <label name="testSuite" value="Suite"/>
                <label name="testGroup" value="Test"/>
                <label name="testClass" value="twc.Regression.TestCases.regressionTestCases"/>
                <label name="testMethod" value="C333202_Verify_cust_param_zip"/>
                <label name="host" value="Aswinikumars-MacBook-Pro.local"/>
                <label name="thread" value="14430@Aswinikumars-MacBook-Pro.local.main(1)"/>
            </labels>
        </test-case>
        <test-case start="1588968325862" stop="1588968326103" status="broken">
            <name>C333203_Verify_cust_param_dma</name>
            <title>Verify custom parameter dma</title>
            <failure>
                <message>StringIndexOutOfBoundsException: String index out of range: -1</message>
                <stack-trace>java.lang.StringIndexOutOfBoundsException: String index out of range: -1
	at java.lang.String.substring(String.java:1927)
	at twc.Regression.CustomParamValidation.CustomParamFunctions.get_dsx_call_value(CustomParamFunctions.java:700)
	at twc.Regression.CustomParamValidation.CustomParamFunctions.validate_dsx_results(CustomParamFunctions.java:285)
	at twc.Regression.TestCases.Custom_Parameters_Verification.parameters_Verification(Custom_Parameters_Verification.java:242)
	at twc.Regression.TestCases.regressionTestCases.C333203_Verify_cust_param_dma(regressionTestCases.java:61)
	at sun.reflect.NativeMethodAccessorImpl.invoke0(Native Method)
	at sun.reflect.NativeMethodAccessorImpl.invoke(NativeMethodAccessorImpl.java:62)
	at sun.reflect.DelegatingMethodAccessorImpl.invoke(DelegatingMethodAccessorImpl.java:43)
	at java.lang.reflect.Method.invoke(Method.java:498)
	at org.testng.internal.MethodInvocationHelper.invokeMethod(MethodInvocationHelper.java:85)
	at org.testng.internal.Invoker.invokeMethod(Invoker.java:659)
	at org.testng.internal.Invoker.invokeTestMethod(Invoker.java:845)
	at org.testng.internal.Invoker.invokeTestMethods(Invoker.java:1153)
	at org.testng.internal.TestMethodWorker.invokeTestMethods(TestMethodWorker.java:125)
	at org.testng.internal.TestMethodWorker.run(TestMethodWorker.java:108)
	at org.testng.TestRunner.privateRun(TestRunner.java:771)
	at org.testng.TestRunner.run(TestRunner.java:621)
	at org.testng.SuiteRunner.runTest(SuiteRunner.java:357)
	at org.testng.SuiteRunner.runSequentially(SuiteRunner.java:352)
	at org.testng.SuiteRunner.privateRun(SuiteRunner.java:310)
	at org.testng.SuiteRunner.run(SuiteRunner.java:259)
	at org.testng.SuiteRunnerWorker.runSuite(SuiteRunnerWorker.java:52)
	at org.testng.SuiteRunnerWorker.run(SuiteRunnerWorker.java:86)
	at org.testng.TestNG.runSuitesSequentially(TestNG.java:1199)
	at org.testng.TestNG.runSuitesLocally(TestNG.java:1124)
	at org.testng.TestNG.run(TestNG.java:1032)
	at org.apache.maven.surefire.testng.TestNGExecutor.run(TestNGExecutor.java:73)
	at org.apache.maven.surefire.testng.TestNGXmlTestSuite.execute(TestNGXmlTestSuite.java:94)
	at org.apache.maven.surefire.Surefire.run(Surefire.java:169)
	at sun.reflect.NativeMethodAccessorImpl.invoke0(Native Method)
	at sun.reflect.NativeMethodAccessorImpl.invoke(NativeMethodAccessorImpl.java:62)
	at sun.reflect.DelegatingMethodAccessorImpl.invoke(DelegatingMethodAccessorImpl.java:43)
	at java.lang.reflect.Method.invoke(Method.java:498)
	at org.apache.maven.surefire.booter.SurefireBooter.runSuitesInProcess(SurefireBooter.java:350)
	at org.apache.maven.surefire.booter.SurefireBooter.main(SurefireBooter.java:1021)
</stack-trace>
            </failure>
            <steps>
                <step start="1588968326010" stop="1588968326010" status="passed">
                    <name>logStep[Verifyied Feed:0 Pub Ad Call dma Custm_Parameter Expected value presented]</name>
                    <title>Verifyied Feed:0 Pub Ad Call dma Custm_Parameter Expected value presented</title>
                </step>
            </steps>
            <attachments/>
            <labels>
                <label name="testSuite" value="Suite"/>
                <label name="testGroup" value="Test"/>
                <label name="testClass" value="twc.Regression.TestCases.regressionTestCases"/>
                <label name="testMethod" value="C333203_Verify_cust_param_dma"/>
                <label name="host" value="Aswinikumars-MacBook-Pro.local"/>
                <label name="thread" value="14430@Aswinikumars-MacBook-Pro.local.main(1)"/>
            </labels>
        </test-case>
        <test-case start="1588968326103" stop="1588968329072" status="passed">
            <name>C333218_Verify_cust_param_pos</name>
            <title>Verify custom parameter pos</title>
            <steps>
                <step start="1588968326256" stop="1588968326256" status="passed">
                    <name>logStep[Verifyied Feed:0 Pub Ad Call pos Custm_Parameter Expected value presented]</name>
                    <title>Verifyied Feed:0 Pub Ad Call pos Custm_Parameter Expected value presented</title>
                    <attachments/>
                    <steps/>
                </step>
                <step start="1588968326389" stop="1588968326389" status="passed">
                    <name>logStep[Verifyied Feed:1 Pub Ad Call pos Custm_Parameter Expected value presented]</name>
                    <title>Verifyied Feed:1 Pub Ad Call pos Custm_Parameter Expected value presented</title>
                    <attachments/>
                    <steps/>
                </step>
                <step start="1588968326940" stop="1588968326940" status="passed">
                    <name>logStep[Verifyied Feed:2 Pub Ad Call pos Custm_Parameter Expected value presented]</name>
                    <title>Verifyied Feed:2 Pub Ad Call pos Custm_Parameter Expected value presented</title>
                    <attachments/>
                    <steps/>
                </step>
                <step start="1588968327485" stop="1588968327485" status="passed">
                    <name>logStep[Verifyied Feed:3 Pub Ad Call pos Custm_Parameter Expected value presented]</name>
                    <title>Verifyied Feed:3 Pub Ad Call pos Custm_Parameter Expected value presented</title>
                    <attachments/>
                    <steps/>
                </step>
                <step start="1588968327606" stop="1588968327606" status="passed">
                    <name>logStep[Verifyied Feed:4 Pub Ad Call pos Custm_Parameter Expected value presented]</name>
                    <title>Verifyied Feed:4 Pub Ad Call pos Custm_Parameter Expected value presented</title>
                    <attachments/>
                    <steps/>
                </step>
                <step start="1588968327726" stop="1588968327726" status="passed">
                    <name>logStep[Verifyied Feed:5 Pub Ad Call pos Custm_Parameter Expected value presented]</name>
                    <title>Verifyied Feed:5 Pub Ad Call pos Custm_Parameter Expected value presented</title>
                    <attachments/>
                    <steps/>
                </step>
                <step start="1588968328334" stop="1588968328334" status="passed">
                    <name>logStep[Verifyied Feed:0 Pub Ad Call pos Custm_Parameter Expected value presented]</name>
                    <title>Verifyied Feed:0 Pub Ad Call pos Custm_Parameter Expected value presented</title>
                    <attachments/>
                    <steps/>
                </step>
                <step start="1588968328909" stop="1588968328909" status="passed">
                    <name>logStep[Verifyied Feed:1 Pub Ad Call pos Custm_Parameter Expected value presented]</name>
                    <title>Verifyied Feed:1 Pub Ad Call pos Custm_Parameter Expected value presented</title>
                    <attachments/>
                    <steps/>
                </step>
                <step start="1588968328995" stop="1588968328995" status="passed">
                    <name>logStep[Verifyied Feed:2 Pub Ad Call pos Custm_Parameter Expected value presented]</name>
                    <title>Verifyied Feed:2 Pub Ad Call pos Custm_Parameter Expected value presented</title>
                    <attachments/>
                    <steps/>
                </step>
                <step start="1588968329049" stop="1588968329049" status="passed">
                    <name>logStep[Verifyied Feed:3 Pub Ad Call pos Custm_Parameter Expected value presented]</name>
                    <title>Verifyied Feed:3 Pub Ad Call pos Custm_Parameter Expected value presented</title>
                    <attachments/>
                    <steps/>
                </step>
            </steps>
            <attachments/>
            <labels>
                <label name="testSuite" value="Suite"/>
                <label name="testGroup" value="Test"/>
                <label name="testClass" value="twc.Regression.TestCases.regressionTestCases"/>
                <label name="testMethod" value="C333218_Verify_cust_param_pos"/>
                <label name="host" value="Aswinikumars-MacBook-Pro.local"/>
                <label name="thread" value="14430@Aswinikumars-MacBook-Pro.local.main(1)"/>
            </labels>
        </test-case>
        <test-case start="1588968329074" stop="1588968333836" status="passed">
            <name>C333208_Verify_cust_param_tmp</name>
            <title>Verify custom parameter tmp</title>
            <steps>
                <step start="1588968329236" stop="1588968329236" status="passed">
                    <name>logStep[Verifyied Feed:0 Pub Ad Call tmp Custm_Parameter Expected value presented]</name>
                    <title>Verifyied Feed:0 Pub Ad Call tmp Custm_Parameter Expected value presented</title>
                    <attachments/>
                    <steps/>
                </step>
                <step start="1588968329487" stop="1588968329487" status="passed">
                    <name>logStep[Verifyied Feed:1 Pub Ad Call tmp Custm_Parameter Expected value presented]</name>
                    <title>Verifyied Feed:1 Pub Ad Call tmp Custm_Parameter Expected value presented</title>
                    <attachments/>
                    <steps/>
                </step>
                <step start="1588968330181" stop="1588968330181" status="passed">
                    <name>logStep[Verifyied Feed:2 Pub Ad Call tmp Custm_Parameter Expected value presented]</name>
                    <title>Verifyied Feed:2 Pub Ad Call tmp Custm_Parameter Expected value presented</title>
                    <attachments/>
                    <steps/>
                </step>
                <step start="1588968330979" stop="1588968330979" status="passed">
                    <name>logStep[Verifyied Feed:3 Pub Ad Call tmp Custm_Parameter Expected value presented]</name>
                    <title>Verifyied Feed:3 Pub Ad Call tmp Custm_Parameter Expected value presented</title>
                    <attachments/>
                    <steps/>
                </step>
                <step start="1588968331271" stop="1588968331271" status="passed">
                    <name>logStep[Verifyied Feed:4 Pub Ad Call tmp Custm_Parameter Expected value presented]</name>
                    <title>Verifyied Feed:4 Pub Ad Call tmp Custm_Parameter Expected value presented</title>
                    <attachments/>
                    <steps/>
                </step>
                <step start="1588968331566" stop="1588968331566" status="passed">
                    <name>logStep[Verifyied Feed:5 Pub Ad Call tmp Custm_Parameter Expected value presented]</name>
                    <title>Verifyied Feed:5 Pub Ad Call tmp Custm_Parameter Expected value presented</title>
                    <attachments/>
                    <steps/>
                </step>
                <step start="1588968332328" stop="1588968332328" status="passed">
                    <name>logStep[Verifyied Feed:0 Pub Ad Call tmp Custm_Parameter Expected value presented]</name>
                    <title>Verifyied Feed:0 Pub Ad Call tmp Custm_Parameter Expected value presented</title>
                    <attachments/>
                    <steps/>
                </step>
                <step start="1588968333112" stop="1588968333112" status="passed">
                    <name>logStep[Verifyied Feed:1 Pub Ad Call tmp Custm_Parameter Expected value presented]</name>
                    <title>Verifyied Feed:1 Pub Ad Call tmp Custm_Parameter Expected value presented</title>
                    <attachments/>
                    <steps/>
                </step>
                <step start="1588968333375" stop="1588968333375" status="passed">
                    <name>logStep[Verifyied Feed:2 Pub Ad Call tmp Custm_Parameter Expected value presented]</name>
                    <title>Verifyied Feed:2 Pub Ad Call tmp Custm_Parameter Expected value presented</title>
                    <attachments/>
                    <steps/>
                </step>
                <step start="1588968333662" stop="1588968333662" status="passed">
                    <name>logStep[Verifyied Feed:3 Pub Ad Call tmp Custm_Parameter Expected value presented]</name>
                    <title>Verifyied Feed:3 Pub Ad Call tmp Custm_Parameter Expected value presented</title>
                    <attachments/>
                    <steps/>
                </step>
            </steps>
            <attachments/>
            <labels>
                <label name="testSuite" value="Suite"/>
                <label name="testGroup" value="Test"/>
                <label name="testClass" value="twc.Regression.TestCases.regressionTestCases"/>
                <label name="testMethod" value="C333208_Verify_cust_param_tmp"/>
                <label name="host" value="Aswinikumars-MacBook-Pro.local"/>
                <label name="thread" value="14430@Aswinikumars-MacBook-Pro.local.main(1)"/>
            </labels>
        </test-case>
        <test-case start="1588968333836" stop="1588968336895" status="passed">
            <name>C658712_Verify_cust_param_plat</name>
            <title>Verify custom parameter plat</title>
            <steps>
                <step start="1588968333980" stop="1588968333980" status="passed">
                    <name>logStep[Verifyied Feed:0 Pub Ad Call plat Custm_Parameter Expected value presented]</name>
                    <title>Verifyied Feed:0 Pub Ad Call plat Custm_Parameter Expected value presented</title>
                    <attachments/>
                    <steps/>
                </step>
                <step start="1588968334076" stop="1588968334076" status="passed">
                    <name>logStep[Verifyied Feed:1 Pub Ad Call plat Custm_Parameter Expected value presented]</name>
                    <title>Verifyied Feed:1 Pub Ad Call plat Custm_Parameter Expected value presented</title>
                    <attachments/>
                    <steps/>
                </step>
                <step start="1588968334616" stop="1588968334616" status="passed">
                    <name>logStep[Verifyied Feed:2 Pub Ad Call plat Custm_Parameter Expected value presented]</name>
                    <title>Verifyied Feed:2 Pub Ad Call plat Custm_Parameter Expected value presented</title>
                    <attachments/>
                    <steps/>
                </step>
                <step start="1588968335187" stop="1588968335187" status="passed">
                    <name>logStep[Verifyied Feed:3 Pub Ad Call plat Custm_Parameter Expected value presented]</name>
                    <title>Verifyied Feed:3 Pub Ad Call plat Custm_Parameter Expected value presented</title>
                    <attachments/>
                    <steps/>
                </step>
                <step start="1588968335322" stop="1588968335322" status="passed">
                    <name>logStep[Verifyied Feed:4 Pub Ad Call plat Custm_Parameter Expected value presented]</name>
                    <title>Verifyied Feed:4 Pub Ad Call plat Custm_Parameter Expected value presented</title>
                    <attachments/>
                    <steps/>
                </step>
                <step start="1588968335443" stop="1588968335443" status="passed">
                    <name>logStep[Verifyied Feed:5 Pub Ad Call plat Custm_Parameter Expected value presented]</name>
                    <title>Verifyied Feed:5 Pub Ad Call plat Custm_Parameter Expected value presented</title>
                    <attachments/>
                    <steps/>
                </step>
                <step start="1588968336106" stop="1588968336106" status="passed">
                    <name>logStep[Verifyied Feed:0 Pub Ad Call plat Custm_Parameter Expected value presented]</name>
                    <title>Verifyied Feed:0 Pub Ad Call plat Custm_Parameter Expected value presented</title>
                    <attachments/>
                    <steps/>
                </step>
                <step start="1588968336707" stop="1588968336707" status="passed">
                    <name>logStep[Verifyied Feed:1 Pub Ad Call plat Custm_Parameter Expected value presented]</name>
                    <title>Verifyied Feed:1 Pub Ad Call plat Custm_Parameter Expected value presented</title>
                    <attachments/>
                    <steps/>
                </step>
                <step start="1588968336806" stop="1588968336806" status="passed">
                    <name>logStep[Verifyied Feed:2 Pub Ad Call plat Custm_Parameter Expected value presented]</name>
                    <title>Verifyied Feed:2 Pub Ad Call plat Custm_Parameter Expected value presented</title>
                    <attachments/>
                    <steps/>
                </step>
                <step start="1588968336872" stop="1588968336872" status="passed">
                    <name>logStep[Verifyied Feed:3 Pub Ad Call plat Custm_Parameter Expected value presented]</name>
                    <title>Verifyied Feed:3 Pub Ad Call plat Custm_Parameter Expected value presented</title>
                    <attachments/>
                    <steps/>
                </step>
            </steps>
            <attachments/>
            <labels>
                <label name="testSuite" value="Suite"/>
                <label name="testGroup" value="Test"/>
                <label name="testClass" value="twc.Regression.TestCases.regressionTestCases"/>
                <label name="testMethod" value="C658712_Verify_cust_param_plat"/>
                <label name="host" value="Aswinikumars-MacBook-Pro.local"/>
                <label name="thread" value="14430@Aswinikumars-MacBook-Pro.local.main(1)"/>
            </labels>
        </test-case>
        <test-case start="1588968336896" stop="1588968337137" status="broken">
            <name>C333212_Verify_cust_param_ct</name>
            <title>Verify custom parameter ct</title>
            <failure>
                <message>StringIndexOutOfBoundsException: String index out of range: -1</message>
                <stack-trace>java.lang.StringIndexOutOfBoundsException: String index out of range: -1
	at java.lang.String.substring(String.java:1927)
	at twc.Regression.CustomParamValidation.CustomParamFunctions.get_dsx_call_value(CustomParamFunctions.java:700)
	at twc.Regression.CustomParamValidation.CustomParamFunctions.validate_dsx_results(CustomParamFunctions.java:285)
	at twc.Regression.TestCases.Custom_Parameters_Verification.parameters_Verification(Custom_Parameters_Verification.java:268)
	at twc.Regression.TestCases.regressionTestCases.C333212_Verify_cust_param_ct(regressionTestCases.java:75)
	at sun.reflect.NativeMethodAccessorImpl.invoke0(Native Method)
	at sun.reflect.NativeMethodAccessorImpl.invoke(NativeMethodAccessorImpl.java:62)
	at sun.reflect.DelegatingMethodAccessorImpl.invoke(DelegatingMethodAccessorImpl.java:43)
	at java.lang.reflect.Method.invoke(Method.java:498)
	at org.testng.internal.MethodInvocationHelper.invokeMethod(MethodInvocationHelper.java:85)
	at org.testng.internal.Invoker.invokeMethod(Invoker.java:659)
	at org.testng.internal.Invoker.invokeTestMethod(Invoker.java:845)
	at org.testng.internal.Invoker.invokeTestMethods(Invoker.java:1153)
	at org.testng.internal.TestMethodWorker.invokeTestMethods(TestMethodWorker.java:125)
	at org.testng.internal.TestMethodWorker.run(TestMethodWorker.java:108)
	at org.testng.TestRunner.privateRun(TestRunner.java:771)
	at org.testng.TestRunner.run(TestRunner.java:621)
	at org.testng.SuiteRunner.runTest(SuiteRunner.java:357)
	at org.testng.SuiteRunner.runSequentially(SuiteRunner.java:352)
	at org.testng.SuiteRunner.privateRun(SuiteRunner.java:310)
	at org.testng.SuiteRunner.run(SuiteRunner.java:259)
	at org.testng.SuiteRunnerWorker.runSuite(SuiteRunnerWorker.java:52)
	at org.testng.SuiteRunnerWorker.run(SuiteRunnerWorker.java:86)
	at org.testng.TestNG.runSuitesSequentially(TestNG.java:1199)
	at org.testng.TestNG.runSuitesLocally(TestNG.java:1124)
	at org.testng.TestNG.run(TestNG.java:1032)
	at org.apache.maven.surefire.testng.TestNGExecutor.run(TestNGExecutor.java:73)
	at org.apache.maven.surefire.testng.TestNGXmlTestSuite.execute(TestNGXmlTestSuite.java:94)
	at org.apache.maven.surefire.Surefire.run(Surefire.java:169)
	at sun.reflect.NativeMethodAccessorImpl.invoke0(Native Method)
	at sun.reflect.NativeMethodAccessorImpl.invoke(NativeMethodAccessorImpl.java:62)
	at sun.reflect.DelegatingMethodAccessorImpl.invoke(DelegatingMethodAccessorImpl.java:43)
	at java.lang.reflect.Method.invoke(Method.java:498)
	at org.apache.maven.surefire.booter.SurefireBooter.runSuitesInProcess(SurefireBooter.java:350)
	at org.apache.maven.surefire.booter.SurefireBooter.main(SurefireBooter.java:1021)
</stack-trace>
            </failure>
            <steps>
                <step start="1588968337054" stop="1588968337054" status="passed">
                    <name>logStep[Verifyied Feed:0 Pub Ad Call ct Custm_Parameter Expected value presented]</name>
                    <title>Verifyied Feed:0 Pub Ad Call ct Custm_Parameter Expected value presented</title>
                </step>
            </steps>
            <attachments/>
            <labels>
                <label name="testSuite" value="Suite"/>
                <label name="testGroup" value="Test"/>
                <label name="testClass" value="twc.Regression.TestCases.regressionTestCases"/>
                <label name="testMethod" value="C333212_Verify_cust_param_ct"/>
                <label name="host" value="Aswinikumars-MacBook-Pro.local"/>
                <label name="thread" value="14430@Aswinikumars-MacBook-Pro.local.main(1)"/>
            </labels>
        </test-case>
        <test-case start="1588968337137" stop="1588968340704" status="passed">
            <name>C333211_Verify_cust_param_locale</name>
            <title>Verify custom parameter locale</title>
            <steps>
                <step start="1588968337288" stop="1588968337289" status="passed">
                    <name>logStep[Verifyied Feed:0 Pub Ad Call locale Custm_Parameter Expected value presented]</name>
                    <title>Verifyied Feed:0 Pub Ad Call locale Custm_Parameter Expected value presented</title>
                    <attachments/>
                    <steps/>
                </step>
                <step start="1588968337484" stop="1588968337484" status="passed">
                    <name>logStep[Verifyied Feed:1 Pub Ad Call locale Custm_Parameter Expected value presented]</name>
                    <title>Verifyied Feed:1 Pub Ad Call locale Custm_Parameter Expected value presented</title>
                    <attachments/>
                    <steps/>
                </step>
                <step start="1588968338119" stop="1588968338119" status="passed">
                    <name>logStep[Verifyied Feed:2 Pub Ad Call locale Custm_Parameter Expected value presented]</name>
                    <title>Verifyied Feed:2 Pub Ad Call locale Custm_Parameter Expected value presented</title>
                    <attachments/>
                    <steps/>
                </step>
                <step start="1588968338746" stop="1588968338746" status="passed">
                    <name>logStep[Verifyied Feed:3 Pub Ad Call locale Custm_Parameter Expected value presented]</name>
                    <title>Verifyied Feed:3 Pub Ad Call locale Custm_Parameter Expected value presented</title>
                    <attachments/>
                    <steps/>
                </step>
                <step start="1588968338919" stop="1588968338919" status="passed">
                    <name>logStep[Verifyied Feed:4 Pub Ad Call locale Custm_Parameter Expected value presented]</name>
                    <title>Verifyied Feed:4 Pub Ad Call locale Custm_Parameter Expected value presented</title>
                    <attachments/>
                    <steps/>
                </step>
                <step start="1588968339082" stop="1588968339082" status="passed">
                    <name>logStep[Verifyied Feed:5 Pub Ad Call locale Custm_Parameter Expected value presented]</name>
                    <title>Verifyied Feed:5 Pub Ad Call locale Custm_Parameter Expected value presented</title>
                    <attachments/>
                    <steps/>
                </step>
                <step start="1588968339729" stop="1588968339729" status="passed">
                    <name>logStep[Verifyied Feed:0 Pub Ad Call locale Custm_Parameter Expected value presented]</name>
                    <title>Verifyied Feed:0 Pub Ad Call locale Custm_Parameter Expected value presented</title>
                    <attachments/>
                    <steps/>
                </step>
                <step start="1588968340390" stop="1588968340390" status="passed">
                    <name>logStep[Verifyied Feed:1 Pub Ad Call locale Custm_Parameter Expected value presented]</name>
                    <title>Verifyied Feed:1 Pub Ad Call locale Custm_Parameter Expected value presented</title>
                    <attachments/>
                    <steps/>
                </step>
                <step start="1588968340532" stop="1588968340532" status="passed">
                    <name>logStep[Verifyied Feed:2 Pub Ad Call locale Custm_Parameter Expected value presented]</name>
                    <title>Verifyied Feed:2 Pub Ad Call locale Custm_Parameter Expected value presented</title>
                    <attachments/>
                    <steps/>
                </step>
                <step start="1588968340641" stop="1588968340641" status="passed">
                    <name>logStep[Verifyied Feed:3 Pub Ad Call locale Custm_Parameter Expected value presented]</name>
                    <title>Verifyied Feed:3 Pub Ad Call locale Custm_Parameter Expected value presented</title>
                    <attachments/>
                    <steps/>
                </step>
            </steps>
            <attachments/>
            <labels>
                <label name="testSuite" value="Suite"/>
                <label name="testGroup" value="Test"/>
                <label name="testClass" value="twc.Regression.TestCases.regressionTestCases"/>
                <label name="testMethod" value="C333211_Verify_cust_param_locale"/>
                <label name="host" value="Aswinikumars-MacBook-Pro.local"/>
                <label name="thread" value="14430@Aswinikumars-MacBook-Pro.local.main(1)"/>
            </labels>
        </test-case>
        <test-case start="1588968340705" stop="1588968344883" status="passed">
            <name>C333221_Verify_cust_param_wind</name>
            <title>Verify custom parameter wind</title>
            <steps>
                <step start="1588968340853" stop="1588968340853" status="passed">
                    <name>logStep[Verifyied Feed:iu=%2F7646%2Fapp_android_us%2Fdb_display%2Fhome_screen%2Fhourly Pub Ad Call wind Custm_Parameter ...]</name>
                    <title>Verifyied Feed:iu=%2F7646%2Fapp_android_us%2Fdb_display%2Fhome_screen%2Fhourly Pub Ad Call wind Custm_Parameter Expected...</title>
                    <attachments/>
                    <steps/>
                </step>
                <step start="1588968341123" stop="1588968341123" status="passed">
                    <name>logStep[Verifyied Feed:iu=%2F7646%2Fapp_android_us%2Fdb_display%2Fhome_screen%2Fmarquee Pub Ad Call wind Custm_Parameter...]</name>
                    <title>Verifyied Feed:iu=%2F7646%2Fapp_android_us%2Fdb_display%2Fhome_screen%2Fmarquee Pub Ad Call wind Custm_Parameter Expecte...</title>
                    <attachments/>
                    <steps/>
                </step>
                <step start="1588968341777" stop="1588968341777" status="passed">
                    <name>logStep[Verifyied Feed:iu=%2F7646%2Fapp_android_us%2Fdb_display%2Fcard%2Fradar Pub Ad Call wind Custm_Parameter Expected...]</name>
                    <title>Verifyied Feed:iu=%2F7646%2Fapp_android_us%2Fdb_display%2Fcard%2Fradar Pub Ad Call wind Custm_Parameter Expected value p...</title>
                    <attachments/>
                    <steps/>
                </step>
                <step start="1588968342522" stop="1588968342522" status="passed">
                    <name>logStep[Verifyied Feed:iu=%2F7646%2Fapp_android_us%2Fdb_display%2Fcard%2Flifestyle Pub Ad Call wind Custm_Parameter Expe...]</name>
                    <title>Verifyied Feed:iu=%2F7646%2Fapp_android_us%2Fdb_display%2Fcard%2Flifestyle Pub Ad Call wind Custm_Parameter Expected val...</title>
                    <attachments/>
                    <steps/>
                </step>
                <step start="1588968342761" stop="1588968342761" status="passed">
                    <name>logStep[Verifyied Feed:iu=%2F7646%2Fapp_android_us%2Fdb_display%2Fcard%2Fseason Pub Ad Call wind Custm_Parameter Expecte...]</name>
                    <title>Verifyied Feed:iu=%2F7646%2Fapp_android_us%2Fdb_display%2Fcard%2Fseason Pub Ad Call wind Custm_Parameter Expected value ...</title>
                    <attachments/>
                    <steps/>
                </step>
                <step start="1588968342990" stop="1588968342990" status="passed">
                    <name>logStep[Verifyied Feed:iu=%2F7646%2Fapp_android_us%2Fdb_display%2Fcard%2Faq Pub Ad Call wind Custm_Parameter Expected va...]</name>
                    <title>Verifyied Feed:iu=%2F7646%2Fapp_android_us%2Fdb_display%2Fcard%2Faq Pub Ad Call wind Custm_Parameter Expected value pres...</title>
                    <attachments/>
                    <steps/>
                </step>
                <step start="1588968343705" stop="1588968343705" status="passed">
                    <name>logStep[Verifyied Feed:iu=%2F7646%2Fapp_android_us%2Fdb_display%2Fdetails%2Fmaps Pub Ad Call wind Custm_Parameter Expect...]</name>
                    <title>Verifyied Feed:iu=%2F7646%2Fapp_android_us%2Fdb_display%2Fdetails%2Fmaps Pub Ad Call wind Custm_Parameter Expected value...</title>
                    <attachments/>
                    <steps/>
                </step>
                <step start="1588968344366" stop="1588968344366" status="passed">
                    <name>logStep[Verifyied Feed:iu=%2F7646%2Fapp_android_us%2Fdb_display%2Fdetails%2Ftoday Pub Ad Call wind Custm_Parameter Expec...]</name>
                    <title>Verifyied Feed:iu=%2F7646%2Fapp_android_us%2Fdb_display%2Fdetails%2Ftoday Pub Ad Call wind Custm_Parameter Expected valu...</title>
                    <attachments/>
                    <steps/>
                </step>
                <step start="1588968344566" stop="1588968344566" status="passed">
                    <name>logStep[Verifyied Feed:iu=%2F7646%2Fapp_android_us%2Fdb_display%2Fdetails%2Fhourly Pub Ad Call wind Custm_Parameter Expe...]</name>
                    <title>Verifyied Feed:iu=%2F7646%2Fapp_android_us%2Fdb_display%2Fdetails%2Fhourly Pub Ad Call wind Custm_Parameter Expected val...</title>
                    <attachments/>
                    <steps/>
                </step>
                <step start="1588968344748" stop="1588968344748" status="passed">
                    <name>logStep[Verifyied Feed:iu=%2F7646%2Fapp_android_us%2Fdb_display%2Fdetails%2F10day Pub Ad Call wind Custm_Parameter Expec...]</name>
                    <title>Verifyied Feed:iu=%2F7646%2Fapp_android_us%2Fdb_display%2Fdetails%2F10day Pub Ad Call wind Custm_Parameter Expected valu...</title>
                    <attachments/>
                    <steps/>
                </step>
            </steps>
            <attachments/>
            <labels>
                <label name="testSuite" value="Suite"/>
                <label name="testGroup" value="Test"/>
                <label name="testClass" value="twc.Regression.TestCases.regressionTestCases"/>
                <label name="testMethod" value="C333221_Verify_cust_param_wind"/>
                <label name="host" value="Aswinikumars-MacBook-Pro.local"/>
                <label name="thread" value="14430@Aswinikumars-MacBook-Pro.local.main(1)"/>
            </labels>
        </test-case>
        <test-case start="1588968344884" stop="1588968345134" status="broken">
            <name>C333214_Verify_cust_param_hlzip</name>
            <title>Verify custom parameter hlzip</title>
            <failure>
                <message>StringIndexOutOfBoundsException: String index out of range: -1</message>
                <stack-trace>java.lang.StringIndexOutOfBoundsException: String index out of range: -1
	at java.lang.String.substring(String.java:1927)
	at twc.Regression.CustomParamValidation.CustomParamFunctions.get_wfxtg_call_value(CustomParamFunctions.java:743)
	at twc.Regression.CustomParamValidation.CustomParamFunctions.validate_wfxtg_results(CustomParamFunctions.java:386)
	at twc.Regression.TestCases.Custom_Parameters_Verification.parameters_Verification(Custom_Parameters_Verification.java:368)
	at twc.Regression.TestCases.regressionTestCases.C333214_Verify_cust_param_hlzip(regressionTestCases.java:96)
	at sun.reflect.NativeMethodAccessorImpl.invoke0(Native Method)
	at sun.reflect.NativeMethodAccessorImpl.invoke(NativeMethodAccessorImpl.java:62)
	at sun.reflect.DelegatingMethodAccessorImpl.invoke(DelegatingMethodAccessorImpl.java:43)
	at java.lang.reflect.Method.invoke(Method.java:498)
	at org.testng.internal.MethodInvocationHelper.invokeMethod(MethodInvocationHelper.java:85)
	at org.testng.internal.Invoker.invokeMethod(Invoker.java:659)
	at org.testng.internal.Invoker.invokeTestMethod(Invoker.java:845)
	at org.testng.internal.Invoker.invokeTestMethods(Invoker.java:1153)
	at org.testng.internal.TestMethodWorker.invokeTestMethods(TestMethodWorker.java:125)
	at org.testng.internal.TestMethodWorker.run(TestMethodWorker.java:108)
	at org.testng.TestRunner.privateRun(TestRunner.java:771)
	at org.testng.TestRunner.run(TestRunner.java:621)
	at org.testng.SuiteRunner.runTest(SuiteRunner.java:357)
	at org.testng.SuiteRunner.runSequentially(SuiteRunner.java:352)
	at org.testng.SuiteRunner.privateRun(SuiteRunner.java:310)
	at org.testng.SuiteRunner.run(SuiteRunner.java:259)
	at org.testng.SuiteRunnerWorker.runSuite(SuiteRunnerWorker.java:52)
	at org.testng.SuiteRunnerWorker.run(SuiteRunnerWorker.java:86)
	at org.testng.TestNG.runSuitesSequentially(TestNG.java:1199)
	at org.testng.TestNG.runSuitesLocally(TestNG.java:1124)
	at org.testng.TestNG.run(TestNG.java:1032)
	at org.apache.maven.surefire.testng.TestNGExecutor.run(TestNGExecutor.java:73)
	at org.apache.maven.surefire.testng.TestNGXmlTestSuite.execute(TestNGXmlTestSuite.java:94)
	at org.apache.maven.surefire.Surefire.run(Surefire.java:169)
	at sun.reflect.NativeMethodAccessorImpl.invoke0(Native Method)
	at sun.reflect.NativeMethodAccessorImpl.invoke(NativeMethodAccessorImpl.java:62)
	at sun.reflect.DelegatingMethodAccessorImpl.invoke(DelegatingMethodAccessorImpl.java:43)
	at java.lang.reflect.Method.invoke(Method.java:498)
	at org.apache.maven.surefire.booter.SurefireBooter.runSuitesInProcess(SurefireBooter.java:350)
	at org.apache.maven.surefire.booter.SurefireBooter.main(SurefireBooter.java:1021)
</stack-trace>
            </failure>
            <steps>
                <step start="1588968345036" stop="1588968345036" status="passed">
                    <name>logStep[Verifyied Feed:0 Pub Ad Call hlzip Custm_Parameter Expected value presented]</name>
                    <title>Verifyied Feed:0 Pub Ad Call hlzip Custm_Parameter Expected value presented</title>
                </step>
            </steps>
            <attachments/>
            <labels>
                <label name="testSuite" value="Suite"/>
                <label name="testGroup" value="Test"/>
                <label name="testClass" value="twc.Regression.TestCases.regressionTestCases"/>
                <label name="testMethod" value="C333214_Verify_cust_param_hlzip"/>
                <label name="host" value="Aswinikumars-MacBook-Pro.local"/>
                <label name="thread" value="14430@Aswinikumars-MacBook-Pro.local.main(1)"/>
            </labels>
        </test-case>
        <test-case start="1588968345134" stop="1588968349311" status="passed">
            <name>C333207_Verify_cust_param_hmid</name>
            <title>Verify custom parameter hmid</title>
            <steps>
                <step start="1588968345285" stop="1588968345285" status="passed">
                    <name>logStep[Verifyied Feed:0 Pub Ad Call hmid Custm_Parameter Expected value presented]</name>
                    <title>Verifyied Feed:0 Pub Ad Call hmid Custm_Parameter Expected value presented</title>
                    <attachments/>
                    <steps/>
                </step>
                <step start="1588968345487" stop="1588968345487" status="passed">
                    <name>logStep[Verifyied Feed:1 Pub Ad Call hmid Custm_Parameter Expected value presented]</name>
                    <title>Verifyied Feed:1 Pub Ad Call hmid Custm_Parameter Expected value presented</title>
                    <attachments/>
                    <steps/>
                </step>
                <step start="1588968346157" stop="1588968346157" status="passed">
                    <name>logStep[Verifyied Feed:2 Pub Ad Call hmid Custm_Parameter Expected value presented]</name>
                    <title>Verifyied Feed:2 Pub Ad Call hmid Custm_Parameter Expected value presented</title>
                    <attachments/>
                    <steps/>
                </step>
                <step start="1588968346827" stop="1588968346827" status="passed">
                    <name>logStep[Verifyied Feed:3 Pub Ad Call hmid Custm_Parameter Expected value presented]</name>
                    <title>Verifyied Feed:3 Pub Ad Call hmid Custm_Parameter Expected value presented</title>
                    <attachments/>
                    <steps/>
                </step>
                <step start="1588968347069" stop="1588968347069" status="passed">
                    <name>logStep[Verifyied Feed:4 Pub Ad Call hmid Custm_Parameter Expected value presented]</name>
                    <title>Verifyied Feed:4 Pub Ad Call hmid Custm_Parameter Expected value presented</title>
                    <attachments/>
                    <steps/>
                </step>
                <step start="1588968347293" stop="1588968347293" status="passed">
                    <name>logStep[Verifyied Feed:5 Pub Ad Call hmid Custm_Parameter Expected value presented]</name>
                    <title>Verifyied Feed:5 Pub Ad Call hmid Custm_Parameter Expected value presented</title>
                    <attachments/>
                    <steps/>
                </step>
                <step start="1588968348023" stop="1588968348023" status="passed">
                    <name>logStep[Verifyied Feed:0 Pub Ad Call hmid Custm_Parameter Expected value presented]</name>
                    <title>Verifyied Feed:0 Pub Ad Call hmid Custm_Parameter Expected value presented</title>
                    <attachments/>
                    <steps/>
                </step>
                <step start="1588968348754" stop="1588968348754" status="passed">
                    <name>logStep[Verifyied Feed:1 Pub Ad Call hmid Custm_Parameter Expected value presented]</name>
                    <title>Verifyied Feed:1 Pub Ad Call hmid Custm_Parameter Expected value presented</title>
                    <attachments/>
                    <steps/>
                </step>
                <step start="1588968349001" stop="1588968349001" status="passed">
                    <name>logStep[Verifyied Feed:2 Pub Ad Call hmid Custm_Parameter Expected value presented]</name>
                    <title>Verifyied Feed:2 Pub Ad Call hmid Custm_Parameter Expected value presented</title>
                    <attachments/>
                    <steps/>
                </step>
                <step start="1588968349179" stop="1588968349179" status="passed">
                    <name>logStep[Verifyied Feed:3 Pub Ad Call hmid Custm_Parameter Expected value presented]</name>
                    <title>Verifyied Feed:3 Pub Ad Call hmid Custm_Parameter Expected value presented</title>
                    <attachments/>
                    <steps/>
                </step>
            </steps>
            <attachments/>
            <labels>
                <label name="testSuite" value="Suite"/>
                <label name="testGroup" value="Test"/>
                <label name="testClass" value="twc.Regression.TestCases.regressionTestCases"/>
                <label name="testMethod" value="C333207_Verify_cust_param_hmid"/>
                <label name="host" value="Aswinikumars-MacBook-Pro.local"/>
                <label name="thread" value="14430@Aswinikumars-MacBook-Pro.local.main(1)"/>
            </labels>
        </test-case>
        <test-case start="1588968349311" stop="1588968349535" status="broken">
            <name>C333226_Verify_cust_param_st</name>
            <title>Verify custom parameter st</title>
            <failure>
                <message>StringIndexOutOfBoundsException: String index out of range: -1</message>
                <stack-trace>java.lang.StringIndexOutOfBoundsException: String index out of range: -1
	at java.lang.String.substring(String.java:1927)
	at twc.Regression.CustomParamValidation.CustomParamFunctions.get_dsx_call_value(CustomParamFunctions.java:700)
	at twc.Regression.CustomParamValidation.CustomParamFunctions.validate_dsx_results(CustomParamFunctions.java:285)
	at twc.Regression.TestCases.Custom_Parameters_Verification.parameters_Verification(Custom_Parameters_Verification.java:277)
	at twc.Regression.TestCases.regressionTestCases.C333226_Verify_cust_param_st(regressionTestCases.java:110)
	at sun.reflect.NativeMethodAccessorImpl.invoke0(Native Method)
	at sun.reflect.NativeMethodAccessorImpl.invoke(NativeMethodAccessorImpl.java:62)
	at sun.reflect.DelegatingMethodAccessorImpl.invoke(DelegatingMethodAccessorImpl.java:43)
	at java.lang.reflect.Method.invoke(Method.java:498)
	at org.testng.internal.MethodInvocationHelper.invokeMethod(MethodInvocationHelper.java:85)
	at org.testng.internal.Invoker.invokeMethod(Invoker.java:659)
	at org.testng.internal.Invoker.invokeTestMethod(Invoker.java:845)
	at org.testng.internal.Invoker.invokeTestMethods(Invoker.java:1153)
	at org.testng.internal.TestMethodWorker.invokeTestMethods(TestMethodWorker.java:125)
	at org.testng.internal.TestMethodWorker.run(TestMethodWorker.java:108)
	at org.testng.TestRunner.privateRun(TestRunner.java:771)
	at org.testng.TestRunner.run(TestRunner.java:621)
	at org.testng.SuiteRunner.runTest(SuiteRunner.java:357)
	at org.testng.SuiteRunner.runSequentially(SuiteRunner.java:352)
	at org.testng.SuiteRunner.privateRun(SuiteRunner.java:310)
	at org.testng.SuiteRunner.run(SuiteRunner.java:259)
	at org.testng.SuiteRunnerWorker.runSuite(SuiteRunnerWorker.java:52)
	at org.testng.SuiteRunnerWorker.run(SuiteRunnerWorker.java:86)
	at org.testng.TestNG.runSuitesSequentially(TestNG.java:1199)
	at org.testng.TestNG.runSuitesLocally(TestNG.java:1124)
	at org.testng.TestNG.run(TestNG.java:1032)
	at org.apache.maven.surefire.testng.TestNGExecutor.run(TestNGExecutor.java:73)
	at org.apache.maven.surefire.testng.TestNGXmlTestSuite.execute(TestNGXmlTestSuite.java:94)
	at org.apache.maven.surefire.Surefire.run(Surefire.java:169)
	at sun.reflect.NativeMethodAccessorImpl.invoke0(Native Method)
	at sun.reflect.NativeMethodAccessorImpl.invoke(NativeMethodAccessorImpl.java:62)
	at sun.reflect.DelegatingMethodAccessorImpl.invoke(DelegatingMethodAccessorImpl.java:43)
	at java.lang.reflect.Method.invoke(Method.java:498)
	at org.apache.maven.surefire.booter.SurefireBooter.runSuitesInProcess(SurefireBooter.java:350)
	at org.apache.maven.surefire.booter.SurefireBooter.main(SurefireBooter.java:1021)
</stack-trace>
            </failure>
            <steps>
                <step start="1588968349458" stop="1588968349458" status="passed">
                    <name>logStep[Verifyied Feed:0 Pub Ad Call st Custm_Parameter Expected value presented]</name>
                    <title>Verifyied Feed:0 Pub Ad Call st Custm_Parameter Expected value presented</title>
                </step>
            </steps>
            <attachments/>
            <labels>
                <label name="testSuite" value="Suite"/>
                <label name="testGroup" value="Test"/>
                <label name="testClass" value="twc.Regression.TestCases.regressionTestCases"/>
                <label name="testMethod" value="C333226_Verify_cust_param_st"/>
                <label name="host" value="Aswinikumars-MacBook-Pro.local"/>
                <label name="thread" value="14430@Aswinikumars-MacBook-Pro.local.main(1)"/>
            </labels>
        </test-case>
        <test-case start="1588968349536" stop="1588968352650" status="passed">
            <name>C333229_Verify_cust_param_faud</name>
            <title>Verify custom parameter faud</title>
            <steps>
                <step start="1588968349764" stop="1588968349764" status="passed">
                    <name>logStep[Verifyied Feed:0 Pub Ad Call faud Custm_Parameter Expected value presented]</name>
                    <title>Verifyied Feed:0 Pub Ad Call faud Custm_Parameter Expected value presented</title>
                    <attachments/>
                    <steps/>
                </step>
                <step start="1588968349856" stop="1588968349856" status="passed">
                    <name>logStep[Verifyied Feed:1 Pub Ad Call faud Custm_Parameter Expected value presented]</name>
                    <title>Verifyied Feed:1 Pub Ad Call faud Custm_Parameter Expected value presented</title>
                    <attachments/>
                    <steps/>
                </step>
                <step start="1588968350385" stop="1588968350385" status="passed">
                    <name>logStep[Verifyied Feed:2 Pub Ad Call faud Custm_Parameter Expected value presented]</name>
                    <title>Verifyied Feed:2 Pub Ad Call faud Custm_Parameter Expected value presented</title>
                    <attachments/>
                    <steps/>
                </step>
                <step start="1588968350937" stop="1588968350937" status="passed">
                    <name>logStep[Verifyied Feed:3 Pub Ad Call faud Custm_Parameter Expected value presented]</name>
                    <title>Verifyied Feed:3 Pub Ad Call faud Custm_Parameter Expected value presented</title>
                    <attachments/>
                    <steps/>
                </step>
                <step start="1588968351063" stop="1588968351063" status="passed">
                    <name>logStep[Verifyied Feed:4 Pub Ad Call faud Custm_Parameter Expected value presented]</name>
                    <title>Verifyied Feed:4 Pub Ad Call faud Custm_Parameter Expected value presented</title>
                    <attachments/>
                    <steps/>
                </step>
                <step start="1588968351180" stop="1588968351180" status="passed">
                    <name>logStep[Verifyied Feed:5 Pub Ad Call faud Custm_Parameter Expected value presented]</name>
                    <title>Verifyied Feed:5 Pub Ad Call faud Custm_Parameter Expected value presented</title>
                    <attachments/>
                    <steps/>
                </step>
                <step start="1588968351851" stop="1588968351851" status="passed">
                    <name>logStep[Verifyied Feed:0 Pub Ad Call faud Custm_Parameter Expected value presented]</name>
                    <title>Verifyied Feed:0 Pub Ad Call faud Custm_Parameter Expected value presented</title>
                    <attachments/>
                    <steps/>
                </step>
                <step start="1588968352465" stop="1588968352465" status="passed">
                    <name>logStep[Verifyied Feed:1 Pub Ad Call faud Custm_Parameter Expected value presented]</name>
                    <title>Verifyied Feed:1 Pub Ad Call faud Custm_Parameter Expected value presented</title>
                    <attachments/>
                    <steps/>
                </step>
                <step start="1588968352565" stop="1588968352565" status="passed">
                    <name>logStep[Verifyied Feed:2 Pub Ad Call faud Custm_Parameter Expected value presented]</name>
                    <title>Verifyied Feed:2 Pub Ad Call faud Custm_Parameter Expected value presented</title>
                    <attachments/>
                    <steps/>
                </step>
                <step start="1588968352630" stop="1588968352630" status="passed">
                    <name>logStep[Verifyied Feed:3 Pub Ad Call faud Custm_Parameter Expected value presented]</name>
                    <title>Verifyied Feed:3 Pub Ad Call faud Custm_Parameter Expected value presented</title>
                    <attachments/>
                    <steps/>
                </step>
            </steps>
            <attachments/>
            <labels>
                <label name="testSuite" value="Suite"/>
                <label name="testGroup" value="Test"/>
                <label name="testClass" value="twc.Regression.TestCases.regressionTestCases"/>
                <label name="testMethod" value="C333229_Verify_cust_param_faud"/>
                <label name="host" value="Aswinikumars-MacBook-Pro.local"/>
                <label name="thread" value="14430@Aswinikumars-MacBook-Pro.local.main(1)"/>
            </labels>
        </test-case>
        <test-case start="1588968352652" stop="1588968355660" status="passed">
            <name>C333230_Verify_cust_param_fgeo</name>
            <title>Verify custom parameter fgeo</title>
            <steps>
                <step start="1588968352811" stop="1588968352811" status="passed">
                    <name>logStep[Verifyied Feed:0 Pub Ad Call fgeo Custm_Parameter Expected value presented]</name>
                    <title>Verifyied Feed:0 Pub Ad Call fgeo Custm_Parameter Expected value presented</title>
                    <attachments/>
                    <steps/>
                </step>
                <step start="1588968352908" stop="1588968352908" status="passed">
                    <name>logStep[Verifyied Feed:1 Pub Ad Call fgeo Custm_Parameter Expected value presented]</name>
                    <title>Verifyied Feed:1 Pub Ad Call fgeo Custm_Parameter Expected value presented</title>
                    <attachments/>
                    <steps/>
                </step>
                <step start="1588968353460" stop="1588968353460" status="passed">
                    <name>logStep[Verifyied Feed:2 Pub Ad Call fgeo Custm_Parameter Expected value presented]</name>
                    <title>Verifyied Feed:2 Pub Ad Call fgeo Custm_Parameter Expected value presented</title>
                    <attachments/>
                    <steps/>
                </step>
                <step start="1588968354018" stop="1588968354018" status="passed">
                    <name>logStep[Verifyied Feed:3 Pub Ad Call fgeo Custm_Parameter Expected value presented]</name>
                    <title>Verifyied Feed:3 Pub Ad Call fgeo Custm_Parameter Expected value presented</title>
                    <attachments/>
                    <steps/>
                </step>
                <step start="1588968354149" stop="1588968354149" status="passed">
                    <name>logStep[Verifyied Feed:4 Pub Ad Call fgeo Custm_Parameter Expected value presented]</name>
                    <title>Verifyied Feed:4 Pub Ad Call fgeo Custm_Parameter Expected value presented</title>
                    <attachments/>
                    <steps/>
                </step>
                <step start="1588968354285" stop="1588968354285" status="passed">
                    <name>logStep[Verifyied Feed:5 Pub Ad Call fgeo Custm_Parameter Expected value presented]</name>
                    <title>Verifyied Feed:5 Pub Ad Call fgeo Custm_Parameter Expected value presented</title>
                    <attachments/>
                    <steps/>
                </step>
                <step start="1588968354886" stop="1588968354886" status="passed">
                    <name>logStep[Verifyied Feed:0 Pub Ad Call fgeo Custm_Parameter Expected value presented]</name>
                    <title>Verifyied Feed:0 Pub Ad Call fgeo Custm_Parameter Expected value presented</title>
                    <attachments/>
                    <steps/>
                </step>
                <step start="1588968355477" stop="1588968355477" status="passed">
                    <name>logStep[Verifyied Feed:1 Pub Ad Call fgeo Custm_Parameter Expected value presented]</name>
                    <title>Verifyied Feed:1 Pub Ad Call fgeo Custm_Parameter Expected value presented</title>
                    <attachments/>
                    <steps/>
                </step>
                <step start="1588968355573" stop="1588968355573" status="passed">
                    <name>logStep[Verifyied Feed:2 Pub Ad Call fgeo Custm_Parameter Expected value presented]</name>
                    <title>Verifyied Feed:2 Pub Ad Call fgeo Custm_Parameter Expected value presented</title>
                    <attachments/>
                    <steps/>
                </step>
                <step start="1588968355640" stop="1588968355640" status="passed">
                    <name>logStep[Verifyied Feed:3 Pub Ad Call fgeo Custm_Parameter Expected value presented]</name>
                    <title>Verifyied Feed:3 Pub Ad Call fgeo Custm_Parameter Expected value presented</title>
                    <attachments/>
                    <steps/>
                </step>
            </steps>
            <attachments/>
            <labels>
                <label name="testSuite" value="Suite"/>
                <label name="testGroup" value="Test"/>
                <label name="testClass" value="twc.Regression.TestCases.regressionTestCases"/>
                <label name="testMethod" value="C333230_Verify_cust_param_fgeo"/>
                <label name="host" value="Aswinikumars-MacBook-Pro.local"/>
                <label name="thread" value="14430@Aswinikumars-MacBook-Pro.local.main(1)"/>
            </labels>
        </test-case>
        <test-case start="1588968355660" stop="1588968359944" status="passed">
            <name>C333233_Verify_cust_param_filtmpc</name>
            <title>Verify custom parameter fltmpc</title>
            <steps>
                <step start="1588968355824" stop="1588968355824" status="passed">
                    <name>logStep[Verifyied Feed:0 Pub Ad Call fltmpc Custm_Parameter Expected value presented]</name>
                    <title>Verifyied Feed:0 Pub Ad Call fltmpc Custm_Parameter Expected value presented</title>
                    <attachments/>
                    <steps/>
                </step>
                <step start="1588968356030" stop="1588968356030" status="passed">
                    <name>logStep[Verifyied Feed:1 Pub Ad Call fltmpc Custm_Parameter Expected value presented]</name>
                    <title>Verifyied Feed:1 Pub Ad Call fltmpc Custm_Parameter Expected value presented</title>
                    <attachments/>
                    <steps/>
                </step>
                <step start="1588968356701" stop="1588968356701" status="passed">
                    <name>logStep[Verifyied Feed:2 Pub Ad Call fltmpc Custm_Parameter Expected value presented]</name>
                    <title>Verifyied Feed:2 Pub Ad Call fltmpc Custm_Parameter Expected value presented</title>
                    <attachments/>
                    <steps/>
                </step>
                <step start="1588968357378" stop="1588968357378" status="passed">
                    <name>logStep[Verifyied Feed:3 Pub Ad Call fltmpc Custm_Parameter Expected value presented]</name>
                    <title>Verifyied Feed:3 Pub Ad Call fltmpc Custm_Parameter Expected value presented</title>
                    <attachments/>
                    <steps/>
                </step>
                <step start="1588968357632" stop="1588968357632" status="passed">
                    <name>logStep[Verifyied Feed:4 Pub Ad Call fltmpc Custm_Parameter Expected value presented]</name>
                    <title>Verifyied Feed:4 Pub Ad Call fltmpc Custm_Parameter Expected value presented</title>
                    <attachments/>
                    <steps/>
                </step>
                <step start="1588968357876" stop="1588968357876" status="passed">
                    <name>logStep[Verifyied Feed:5 Pub Ad Call fltmpc Custm_Parameter Expected value presented]</name>
                    <title>Verifyied Feed:5 Pub Ad Call fltmpc Custm_Parameter Expected value presented</title>
                    <attachments/>
                    <steps/>
                </step>
                <step start="1588968358603" stop="1588968358603" status="passed">
                    <name>logStep[Verifyied Feed:0 Pub Ad Call fltmpc Custm_Parameter Expected value presented]</name>
                    <title>Verifyied Feed:0 Pub Ad Call fltmpc Custm_Parameter Expected value presented</title>
                    <attachments/>
                    <steps/>
                </step>
                <step start="1588968359382" stop="1588968359382" status="passed">
                    <name>logStep[Verifyied Feed:1 Pub Ad Call fltmpc Custm_Parameter Expected value presented]</name>
                    <title>Verifyied Feed:1 Pub Ad Call fltmpc Custm_Parameter Expected value presented</title>
                    <attachments/>
                    <steps/>
                </step>
                <step start="1588968359602" stop="1588968359602" status="passed">
                    <name>logStep[Verifyied Feed:2 Pub Ad Call fltmpc Custm_Parameter Expected value presented]</name>
                    <title>Verifyied Feed:2 Pub Ad Call fltmpc Custm_Parameter Expected value presented</title>
                    <attachments/>
                    <steps/>
                </step>
                <step start="1588968359795" stop="1588968359795" status="passed">
                    <name>logStep[Verifyied Feed:3 Pub Ad Call fltmpc Custm_Parameter Expected value presented]</name>
                    <title>Verifyied Feed:3 Pub Ad Call fltmpc Custm_Parameter Expected value presented</title>
                    <attachments/>
                    <steps/>
                </step>
            </steps>
            <attachments/>
            <labels>
                <label name="testSuite" value="Suite"/>
                <label name="testGroup" value="Test"/>
                <label name="testClass" value="twc.Regression.TestCases.regressionTestCases"/>
                <label name="testMethod" value="C333233_Verify_cust_param_filtmpc"/>
                <label name="host" value="Aswinikumars-MacBook-Pro.local"/>
                <label name="thread" value="14430@Aswinikumars-MacBook-Pro.local.main(1)"/>
            </labels>
        </test-case>
        <test-case start="1588968359946" stop="1588968363170" status="passed">
            <name>C333215_Verify_cust_param_ftl</name>
            <title>Verify custom parameter ftl</title>
            <steps>
                <step start="1588968360094" stop="1588968360094" status="passed">
                    <name>logStep[Verifyied Feed:0 Pub Ad Call ftl Custm_Parameter Expected value presented]</name>
                    <title>Verifyied Feed:0 Pub Ad Call ftl Custm_Parameter Expected value presented</title>
                    <attachments/>
                    <steps/>
                </step>
                <step start="1588968360195" stop="1588968360195" status="passed">
                    <name>logStep[Verifyied Feed:1 Pub Ad Call ftl Custm_Parameter Expected value presented]</name>
                    <title>Verifyied Feed:1 Pub Ad Call ftl Custm_Parameter Expected value presented</title>
                    <attachments/>
                    <steps/>
                </step>
                <step start="1588968360748" stop="1588968360748" status="passed">
                    <name>logStep[Verifyied Feed:2 Pub Ad Call ftl Custm_Parameter Expected value presented]</name>
                    <title>Verifyied Feed:2 Pub Ad Call ftl Custm_Parameter Expected value presented</title>
                    <attachments/>
                    <steps/>
                </step>
                <step start="1588968361398" stop="1588968361398" status="passed">
                    <name>logStep[Verifyied Feed:3 Pub Ad Call ftl Custm_Parameter Expected value presented]</name>
                    <title>Verifyied Feed:3 Pub Ad Call ftl Custm_Parameter Expected value presented</title>
                    <attachments/>
                    <steps/>
                </step>
                <step start="1588968361547" stop="1588968361547" status="passed">
                    <name>logStep[Verifyied Feed:4 Pub Ad Call ftl Custm_Parameter Expected value presented]</name>
                    <title>Verifyied Feed:4 Pub Ad Call ftl Custm_Parameter Expected value presented</title>
                    <attachments/>
                    <steps/>
                </step>
                <step start="1588968361680" stop="1588968361680" status="passed">
                    <name>logStep[Verifyied Feed:5 Pub Ad Call ftl Custm_Parameter Expected value presented]</name>
                    <title>Verifyied Feed:5 Pub Ad Call ftl Custm_Parameter Expected value presented</title>
                    <attachments/>
                    <steps/>
                </step>
                <step start="1588968362286" stop="1588968362286" status="passed">
                    <name>logStep[Verifyied Feed:0 Pub Ad Call ftl Custm_Parameter Expected value presented]</name>
                    <title>Verifyied Feed:0 Pub Ad Call ftl Custm_Parameter Expected value presented</title>
                    <attachments/>
                    <steps/>
                </step>
                <step start="1588968362923" stop="1588968362923" status="passed">
                    <name>logStep[Verifyied Feed:1 Pub Ad Call ftl Custm_Parameter Expected value presented]</name>
                    <title>Verifyied Feed:1 Pub Ad Call ftl Custm_Parameter Expected value presented</title>
                    <attachments/>
                    <steps/>
                </step>
                <step start="1588968363043" stop="1588968363043" status="passed">
                    <name>logStep[Verifyied Feed:2 Pub Ad Call ftl Custm_Parameter Expected value presented]</name>
                    <title>Verifyied Feed:2 Pub Ad Call ftl Custm_Parameter Expected value presented</title>
                    <attachments/>
                    <steps/>
                </step>
                <step start="1588968363129" stop="1588968363129" status="passed">
                    <name>logStep[Verifyied Feed:3 Pub Ad Call ftl Custm_Parameter Expected value presented]</name>
                    <title>Verifyied Feed:3 Pub Ad Call ftl Custm_Parameter Expected value presented</title>
                    <attachments/>
                    <steps/>
                </step>
            </steps>
            <attachments/>
            <labels>
                <label name="testSuite" value="Suite"/>
                <label name="testGroup" value="Test"/>
                <label name="testClass" value="twc.Regression.TestCases.regressionTestCases"/>
                <label name="testMethod" value="C333215_Verify_cust_param_ftl"/>
                <label name="host" value="Aswinikumars-MacBook-Pro.local"/>
                <label name="thread" value="14430@Aswinikumars-MacBook-Pro.local.main(1)"/>
            </labels>
        </test-case>
        <test-case start="1588968363171" stop="1588968366309" status="passed">
            <name>C658711_Verify_cust_param_lang</name>
            <title>Verify custom parameter lang</title>
            <steps>
                <step start="1588968363329" stop="1588968363329" status="passed">
                    <name>logStep[Verifyied Feed:0 Pub Ad Call lang Custm_Parameter Expected value presented]</name>
                    <title>Verifyied Feed:0 Pub Ad Call lang Custm_Parameter Expected value presented</title>
                    <attachments/>
                    <steps/>
                </step>
                <step start="1588968363429" stop="1588968363429" status="passed">
                    <name>logStep[Verifyied Feed:1 Pub Ad Call lang Custm_Parameter Expected value presented]</name>
                    <title>Verifyied Feed:1 Pub Ad Call lang Custm_Parameter Expected value presented</title>
                    <attachments/>
                    <steps/>
                </step>
                <step start="1588968363972" stop="1588968363972" status="passed">
                    <name>logStep[Verifyied Feed:2 Pub Ad Call lang Custm_Parameter Expected value presented]</name>
                    <title>Verifyied Feed:2 Pub Ad Call lang Custm_Parameter Expected value presented</title>
                    <attachments/>
                    <steps/>
                </step>
                <step start="1588968364556" stop="1588968364556" status="passed">
                    <name>logStep[Verifyied Feed:3 Pub Ad Call lang Custm_Parameter Expected value presented]</name>
                    <title>Verifyied Feed:3 Pub Ad Call lang Custm_Parameter Expected value presented</title>
                    <attachments/>
                    <steps/>
                </step>
                <step start="1588968364701" stop="1588968364701" status="passed">
                    <name>logStep[Verifyied Feed:4 Pub Ad Call lang Custm_Parameter Expected value presented]</name>
                    <title>Verifyied Feed:4 Pub Ad Call lang Custm_Parameter Expected value presented</title>
                    <attachments/>
                    <steps/>
                </step>
                <step start="1588968364835" stop="1588968364835" status="passed">
                    <name>logStep[Verifyied Feed:5 Pub Ad Call lang Custm_Parameter Expected value presented]</name>
                    <title>Verifyied Feed:5 Pub Ad Call lang Custm_Parameter Expected value presented</title>
                    <attachments/>
                    <steps/>
                </step>
                <step start="1588968365432" stop="1588968365432" status="passed">
                    <name>logStep[Verifyied Feed:0 Pub Ad Call lang Custm_Parameter Expected value presented]</name>
                    <title>Verifyied Feed:0 Pub Ad Call lang Custm_Parameter Expected value presented</title>
                    <attachments/>
                    <steps/>
                </step>
                <step start="1588968366063" stop="1588968366064" status="passed">
                    <name>logStep[Verifyied Feed:1 Pub Ad Call lang Custm_Parameter Expected value presented]</name>
                    <title>Verifyied Feed:1 Pub Ad Call lang Custm_Parameter Expected value presented</title>
                    <attachments/>
                    <steps/>
                </step>
                <step start="1588968366185" stop="1588968366185" status="passed">
                    <name>logStep[Verifyied Feed:2 Pub Ad Call lang Custm_Parameter Expected value presented]</name>
                    <title>Verifyied Feed:2 Pub Ad Call lang Custm_Parameter Expected value presented</title>
                    <attachments/>
                    <steps/>
                </step>
                <step start="1588968366270" stop="1588968366270" status="passed">
                    <name>logStep[Verifyied Feed:3 Pub Ad Call lang Custm_Parameter Expected value presented]</name>
                    <title>Verifyied Feed:3 Pub Ad Call lang Custm_Parameter Expected value presented</title>
                    <attachments/>
                    <steps/>
                </step>
            </steps>
            <attachments/>
            <labels>
                <label name="testSuite" value="Suite"/>
                <label name="testGroup" value="Test"/>
                <label name="testClass" value="twc.Regression.TestCases.regressionTestCases"/>
                <label name="testMethod" value="C658711_Verify_cust_param_lang"/>
                <label name="host" value="Aswinikumars-MacBook-Pro.local"/>
                <label name="thread" value="14430@Aswinikumars-MacBook-Pro.local.main(1)"/>
            </labels>
        </test-case>
        <test-case start="1588968366310" stop="1588968369618" status="passed">
            <name>C658712_Verify_cust_param_plat1</name>
            <title>Verify custom parameter plat</title>
            <steps>
                <step start="1588968366461" stop="1588968366461" status="passed">
                    <name>logStep[Verifyied Feed:0 Pub Ad Call plat Custm_Parameter Expected value presented]</name>
                    <title>Verifyied Feed:0 Pub Ad Call plat Custm_Parameter Expected value presented</title>
                    <attachments/>
                    <steps/>
                </step>
                <step start="1588968366563" stop="1588968366563" status="passed">
                    <name>logStep[Verifyied Feed:1 Pub Ad Call plat Custm_Parameter Expected value presented]</name>
                    <title>Verifyied Feed:1 Pub Ad Call plat Custm_Parameter Expected value presented</title>
                    <attachments/>
                    <steps/>
                </step>
                <step start="1588968367199" stop="1588968367199" status="passed">
                    <name>logStep[Verifyied Feed:2 Pub Ad Call plat Custm_Parameter Expected value presented]</name>
                    <title>Verifyied Feed:2 Pub Ad Call plat Custm_Parameter Expected value presented</title>
                    <attachments/>
                    <steps/>
                </step>
                <step start="1588968367840" stop="1588968367840" status="passed">
                    <name>logStep[Verifyied Feed:3 Pub Ad Call plat Custm_Parameter Expected value presented]</name>
                    <title>Verifyied Feed:3 Pub Ad Call plat Custm_Parameter Expected value presented</title>
                    <attachments/>
                    <steps/>
                </step>
                <step start="1588968367993" stop="1588968367993" status="passed">
                    <name>logStep[Verifyied Feed:4 Pub Ad Call plat Custm_Parameter Expected value presented]</name>
                    <title>Verifyied Feed:4 Pub Ad Call plat Custm_Parameter Expected value presented</title>
                    <attachments/>
                    <steps/>
                </step>
                <step start="1588968368134" stop="1588968368134" status="passed">
                    <name>logStep[Verifyied Feed:5 Pub Ad Call plat Custm_Parameter Expected value presented]</name>
                    <title>Verifyied Feed:5 Pub Ad Call plat Custm_Parameter Expected value presented</title>
                    <attachments/>
                    <steps/>
                </step>
                <step start="1588968368786" stop="1588968368786" status="passed">
                    <name>logStep[Verifyied Feed:0 Pub Ad Call plat Custm_Parameter Expected value presented]</name>
                    <title>Verifyied Feed:0 Pub Ad Call plat Custm_Parameter Expected value presented</title>
                    <attachments/>
                    <steps/>
                </step>
                <step start="1588968369388" stop="1588968369388" status="passed">
                    <name>logStep[Verifyied Feed:1 Pub Ad Call plat Custm_Parameter Expected value presented]</name>
                    <title>Verifyied Feed:1 Pub Ad Call plat Custm_Parameter Expected value presented</title>
                    <attachments/>
                    <steps/>
                </step>
                <step start="1588968369504" stop="1588968369504" status="passed">
                    <name>logStep[Verifyied Feed:2 Pub Ad Call plat Custm_Parameter Expected value presented]</name>
                    <title>Verifyied Feed:2 Pub Ad Call plat Custm_Parameter Expected value presented</title>
                    <attachments/>
                    <steps/>
                </step>
                <step start="1588968369582" stop="1588968369582" status="passed">
                    <name>logStep[Verifyied Feed:3 Pub Ad Call plat Custm_Parameter Expected value presented]</name>
                    <title>Verifyied Feed:3 Pub Ad Call plat Custm_Parameter Expected value presented</title>
                    <attachments/>
                    <steps/>
                </step>
            </steps>
            <attachments/>
            <labels>
                <label name="testSuite" value="Suite"/>
                <label name="testGroup" value="Test"/>
                <label name="testClass" value="twc.Regression.TestCases.regressionTestCases"/>
                <label name="testMethod" value="C658712_Verify_cust_param_plat1"/>
                <label name="host" value="Aswinikumars-MacBook-Pro.local"/>
                <label name="thread" value="14430@Aswinikumars-MacBook-Pro.local.main(1)"/>
            </labels>
        </test-case>
        <test-case start="1588968369619" stop="1588968371248" status="passed">
            <name>C333227_Verify_cust_param_sg</name>
            <title>Verify custom parameter sg</title>
            <steps/>
            <attachments/>
            <labels>
                <label name="testSuite" value="Suite"/>
                <label name="testGroup" value="Test"/>
                <label name="testClass" value="twc.Regression.TestCases.regressionTestCases"/>
                <label name="testMethod" value="C333227_Verify_cust_param_sg"/>
                <label name="host" value="Aswinikumars-MacBook-Pro.local"/>
                <label name="thread" value="14430@Aswinikumars-MacBook-Pro.local.main(1)"/>
            </labels>
        </test-case>
        <test-case start="1588968371249" stop="1588968374572" status="passed">
            <name>C333205_Verify_cust_param_tile</name>
            <title>Verify custom parameter tile</title>
            <steps>
                <step start="1588968371400" stop="1588968371400" status="passed">
                    <name>logStep[Verifyied Feed:0 Pub Ad Call tile Custm_Parameter Expected value presented]</name>
                    <title>Verifyied Feed:0 Pub Ad Call tile Custm_Parameter Expected value presented</title>
                    <attachments/>
                    <steps/>
                </step>
                <step start="1588968371499" stop="1588968371499" status="passed">
                    <name>logStep[Verifyied Feed:1 Pub Ad Call tile Custm_Parameter Expected value presented]</name>
                    <title>Verifyied Feed:1 Pub Ad Call tile Custm_Parameter Expected value presented</title>
                    <attachments/>
                    <steps/>
                </step>
                <step start="1588968372182" stop="1588968372182" status="passed">
                    <name>logStep[Verifyied Feed:2 Pub Ad Call tile Custm_Parameter Expected value presented]</name>
                    <title>Verifyied Feed:2 Pub Ad Call tile Custm_Parameter Expected value presented</title>
                    <attachments/>
                    <steps/>
                </step>
                <step start="1588968372750" stop="1588968372750" status="passed">
                    <name>logStep[Verifyied Feed:3 Pub Ad Call tile Custm_Parameter Expected value presented]</name>
                    <title>Verifyied Feed:3 Pub Ad Call tile Custm_Parameter Expected value presented</title>
                    <attachments/>
                    <steps/>
                </step>
                <step start="1588968372902" stop="1588968372902" status="passed">
                    <name>logStep[Verifyied Feed:4 Pub Ad Call tile Custm_Parameter Expected value presented]</name>
                    <title>Verifyied Feed:4 Pub Ad Call tile Custm_Parameter Expected value presented</title>
                    <attachments/>
                    <steps/>
                </step>
                <step start="1588968373047" stop="1588968373047" status="passed">
                    <name>logStep[Verifyied Feed:5 Pub Ad Call tile Custm_Parameter Expected value presented]</name>
                    <title>Verifyied Feed:5 Pub Ad Call tile Custm_Parameter Expected value presented</title>
                    <attachments/>
                    <steps/>
                </step>
                <step start="1588968373716" stop="1588968373716" status="passed">
                    <name>logStep[Verifyied Feed:0 Pub Ad Call tile Custm_Parameter Expected value presented]</name>
                    <title>Verifyied Feed:0 Pub Ad Call tile Custm_Parameter Expected value presented</title>
                    <attachments/>
                    <steps/>
                </step>
                <step start="1588968374333" stop="1588968374333" status="passed">
                    <name>logStep[Verifyied Feed:1 Pub Ad Call tile Custm_Parameter Expected value presented]</name>
                    <title>Verifyied Feed:1 Pub Ad Call tile Custm_Parameter Expected value presented</title>
                    <attachments/>
                    <steps/>
                </step>
                <step start="1588968374450" stop="1588968374450" status="passed">
                    <name>logStep[Verifyied Feed:2 Pub Ad Call tile Custm_Parameter Expected value presented]</name>
                    <title>Verifyied Feed:2 Pub Ad Call tile Custm_Parameter Expected value presented</title>
                    <attachments/>
                    <steps/>
                </step>
                <step start="1588968374533" stop="1588968374533" status="passed">
                    <name>logStep[Verifyied Feed:3 Pub Ad Call tile Custm_Parameter Expected value presented]</name>
                    <title>Verifyied Feed:3 Pub Ad Call tile Custm_Parameter Expected value presented</title>
                    <attachments/>
                    <steps/>
                </step>
            </steps>
            <attachments/>
            <labels>
                <label name="testSuite" value="Suite"/>
                <label name="testGroup" value="Test"/>
                <label name="testClass" value="twc.Regression.TestCases.regressionTestCases"/>
                <label name="testMethod" value="C333205_Verify_cust_param_tile"/>
                <label name="host" value="Aswinikumars-MacBook-Pro.local"/>
                <label name="thread" value="14430@Aswinikumars-MacBook-Pro.local.main(1)"/>
            </labels>
        </test-case>
        <test-case start="1588968374574" stop="1588968378702" status="passed">
            <name>C333239_Verify_cust_param_tmpc</name>
            <title>Verify custom parameter tmpc</title>
            <steps>
                <step start="1588968374726" stop="1588968374726" status="passed">
                    <name>logStep[Verifyied Feed:0 Pub Ad Call tmpc Custm_Parameter Expected value presented]</name>
                    <title>Verifyied Feed:0 Pub Ad Call tmpc Custm_Parameter Expected value presented</title>
                    <attachments/>
                    <steps/>
                </step>
                <step start="1588968374945" stop="1588968374945" status="passed">
                    <name>logStep[Verifyied Feed:1 Pub Ad Call tmpc Custm_Parameter Expected value presented]</name>
                    <title>Verifyied Feed:1 Pub Ad Call tmpc Custm_Parameter Expected value presented</title>
                    <attachments/>
                    <steps/>
                </step>
                <step start="1588968375583" stop="1588968375583" status="passed">
                    <name>logStep[Verifyied Feed:2 Pub Ad Call tmpc Custm_Parameter Expected value presented]</name>
                    <title>Verifyied Feed:2 Pub Ad Call tmpc Custm_Parameter Expected value presented</title>
                    <attachments/>
                    <steps/>
                </step>
                <step start="1588968376228" stop="1588968376228" status="passed">
                    <name>logStep[Verifyied Feed:3 Pub Ad Call tmpc Custm_Parameter Expected value presented]</name>
                    <title>Verifyied Feed:3 Pub Ad Call tmpc Custm_Parameter Expected value presented</title>
                    <attachments/>
                    <steps/>
                </step>
                <step start="1588968376463" stop="1588968376463" status="passed">
                    <name>logStep[Verifyied Feed:4 Pub Ad Call tmpc Custm_Parameter Expected value presented]</name>
                    <title>Verifyied Feed:4 Pub Ad Call tmpc Custm_Parameter Expected value presented</title>
                    <attachments/>
                    <steps/>
                </step>
                <step start="1588968376708" stop="1588968376708" status="passed">
                    <name>logStep[Verifyied Feed:5 Pub Ad Call tmpc Custm_Parameter Expected value presented]</name>
                    <title>Verifyied Feed:5 Pub Ad Call tmpc Custm_Parameter Expected value presented</title>
                    <attachments/>
                    <steps/>
                </step>
                <step start="1588968377426" stop="1588968377426" status="passed">
                    <name>logStep[Verifyied Feed:0 Pub Ad Call tmpc Custm_Parameter Expected value presented]</name>
                    <title>Verifyied Feed:0 Pub Ad Call tmpc Custm_Parameter Expected value presented</title>
                    <attachments/>
                    <steps/>
                </step>
                <step start="1588968378136" stop="1588968378136" status="passed">
                    <name>logStep[Verifyied Feed:1 Pub Ad Call tmpc Custm_Parameter Expected value presented]</name>
                    <title>Verifyied Feed:1 Pub Ad Call tmpc Custm_Parameter Expected value presented</title>
                    <attachments/>
                    <steps/>
                </step>
                <step start="1588968378361" stop="1588968378361" status="passed">
                    <name>logStep[Verifyied Feed:2 Pub Ad Call tmpc Custm_Parameter Expected value presented]</name>
                    <title>Verifyied Feed:2 Pub Ad Call tmpc Custm_Parameter Expected value presented</title>
                    <attachments/>
                    <steps/>
                </step>
                <step start="1588968378554" stop="1588968378554" status="passed">
                    <name>logStep[Verifyied Feed:3 Pub Ad Call tmpc Custm_Parameter Expected value presented]</name>
                    <title>Verifyied Feed:3 Pub Ad Call tmpc Custm_Parameter Expected value presented</title>
                    <attachments/>
                    <steps/>
                </step>
            </steps>
            <attachments/>
            <labels>
                <label name="testSuite" value="Suite"/>
                <label name="testGroup" value="Test"/>
                <label name="testClass" value="twc.Regression.TestCases.regressionTestCases"/>
                <label name="testMethod" value="C333239_Verify_cust_param_tmpc"/>
                <label name="host" value="Aswinikumars-MacBook-Pro.local"/>
                <label name="thread" value="14430@Aswinikumars-MacBook-Pro.local.main(1)"/>
            </labels>
        </test-case>
        <test-case start="1588968378703" stop="1588968383118" status="passed">
            <name>C333217_Verify_cust_param_tmpr</name>
            <title>Verify custom parameter tmpr</title>
            <steps>
                <step start="1588968378849" stop="1588968378849" status="passed">
                    <name>logStep[Verifyied Feed:0 Pub Ad Call tmpr Custm_Parameter Expected value presented]</name>
                    <title>Verifyied Feed:0 Pub Ad Call tmpr Custm_Parameter Expected value presented</title>
                    <attachments/>
                    <steps/>
                </step>
                <step start="1588968379068" stop="1588968379068" status="passed">
                    <name>logStep[Verifyied Feed:1 Pub Ad Call tmpr Custm_Parameter Expected value presented]</name>
                    <title>Verifyied Feed:1 Pub Ad Call tmpr Custm_Parameter Expected value presented</title>
                    <attachments/>
                    <steps/>
                </step>
                <step start="1588968379747" stop="1588968379747" status="passed">
                    <name>logStep[Verifyied Feed:2 Pub Ad Call tmpr Custm_Parameter Expected value presented]</name>
                    <title>Verifyied Feed:2 Pub Ad Call tmpr Custm_Parameter Expected value presented</title>
                    <attachments/>
                    <steps/>
                </step>
                <step start="1588968380486" stop="1588968380486" status="passed">
                    <name>logStep[Verifyied Feed:3 Pub Ad Call tmpr Custm_Parameter Expected value presented]</name>
                    <title>Verifyied Feed:3 Pub Ad Call tmpr Custm_Parameter Expected value presented</title>
                    <attachments/>
                    <steps/>
                </step>
                <step start="1588968380756" stop="1588968380756" status="passed">
                    <name>logStep[Verifyied Feed:4 Pub Ad Call tmpr Custm_Parameter Expected value presented]</name>
                    <title>Verifyied Feed:4 Pub Ad Call tmpr Custm_Parameter Expected value presented</title>
                    <attachments/>
                    <steps/>
                </step>
                <step start="1588968381027" stop="1588968381027" status="passed">
                    <name>logStep[Verifyied Feed:5 Pub Ad Call tmpr Custm_Parameter Expected value presented]</name>
                    <title>Verifyied Feed:5 Pub Ad Call tmpr Custm_Parameter Expected value presented</title>
                    <attachments/>
                    <steps/>
                </step>
                <step start="1588968381772" stop="1588968381772" status="passed">
                    <name>logStep[Verifyied Feed:0 Pub Ad Call tmpr Custm_Parameter Expected value presented]</name>
                    <title>Verifyied Feed:0 Pub Ad Call tmpr Custm_Parameter Expected value presented</title>
                    <attachments/>
                    <steps/>
                </step>
                <step start="1588968382510" stop="1588968382510" status="passed">
                    <name>logStep[Verifyied Feed:1 Pub Ad Call tmpr Custm_Parameter Expected value presented]</name>
                    <title>Verifyied Feed:1 Pub Ad Call tmpr Custm_Parameter Expected value presented</title>
                    <attachments/>
                    <steps/>
                </step>
                <step start="1588968382743" stop="1588968382743" status="passed">
                    <name>logStep[Verifyied Feed:2 Pub Ad Call tmpr Custm_Parameter Expected value presented]</name>
                    <title>Verifyied Feed:2 Pub Ad Call tmpr Custm_Parameter Expected value presented</title>
                    <attachments/>
                    <steps/>
                </step>
                <step start="1588968382949" stop="1588968382949" status="passed">
                    <name>logStep[Verifyied Feed:3 Pub Ad Call tmpr Custm_Parameter Expected value presented]</name>
                    <title>Verifyied Feed:3 Pub Ad Call tmpr Custm_Parameter Expected value presented</title>
                    <attachments/>
                    <steps/>
                </step>
            </steps>
            <attachments/>
            <labels>
                <label name="testSuite" value="Suite"/>
                <label name="testGroup" value="Test"/>
                <label name="testClass" value="twc.Regression.TestCases.regressionTestCases"/>
                <label name="testMethod" value="C333217_Verify_cust_param_tmpr"/>
                <label name="host" value="Aswinikumars-MacBook-Pro.local"/>
                <label name="thread" value="14430@Aswinikumars-MacBook-Pro.local.main(1)"/>
            </labels>
        </test-case>
        <test-case start="1588968383120" stop="1588968387416" status="passed">
            <name>C333224_Verify_cust_param_uv</name>
            <title>Verify custom parameter uv</title>
            <steps>
                <step start="1588968383285" stop="1588968383285" status="passed">
                    <name>logStep[Verifyied Feed:0 Pub Ad Call uv Custm_Parameter Expected value presented]</name>
                    <title>Verifyied Feed:0 Pub Ad Call uv Custm_Parameter Expected value presented</title>
                    <attachments/>
                    <steps/>
                </step>
                <step start="1588968383501" stop="1588968383501" status="passed">
                    <name>logStep[Verifyied Feed:1 Pub Ad Call uv Custm_Parameter Expected value presented]</name>
                    <title>Verifyied Feed:1 Pub Ad Call uv Custm_Parameter Expected value presented</title>
                    <attachments/>
                    <steps/>
                </step>
                <step start="1588968384178" stop="1588968384178" status="passed">
                    <name>logStep[Verifyied Feed:2 Pub Ad Call uv Custm_Parameter Expected value presented]</name>
                    <title>Verifyied Feed:2 Pub Ad Call uv Custm_Parameter Expected value presented</title>
                    <attachments/>
                    <steps/>
                </step>
                <step start="1588968384836" stop="1588968384836" status="passed">
                    <name>logStep[Verifyied Feed:3 Pub Ad Call uv Custm_Parameter Expected value presented]</name>
                    <title>Verifyied Feed:3 Pub Ad Call uv Custm_Parameter Expected value presented</title>
                    <attachments/>
                    <steps/>
                </step>
                <step start="1588968385108" stop="1588968385108" status="passed">
                    <name>logStep[Verifyied Feed:4 Pub Ad Call uv Custm_Parameter Expected value presented]</name>
                    <title>Verifyied Feed:4 Pub Ad Call uv Custm_Parameter Expected value presented</title>
                    <attachments/>
                    <steps/>
                </step>
                <step start="1588968385347" stop="1588968385347" status="passed">
                    <name>logStep[Verifyied Feed:5 Pub Ad Call uv Custm_Parameter Expected value presented]</name>
                    <title>Verifyied Feed:5 Pub Ad Call uv Custm_Parameter Expected value presented</title>
                    <attachments/>
                    <steps/>
                </step>
                <step start="1588968386129" stop="1588968386129" status="passed">
                    <name>logStep[Verifyied Feed:0 Pub Ad Call uv Custm_Parameter Expected value presented]</name>
                    <title>Verifyied Feed:0 Pub Ad Call uv Custm_Parameter Expected value presented</title>
                    <attachments/>
                    <steps/>
                </step>
                <step start="1588968386843" stop="1588968386843" status="passed">
                    <name>logStep[Verifyied Feed:1 Pub Ad Call uv Custm_Parameter Expected value presented]</name>
                    <title>Verifyied Feed:1 Pub Ad Call uv Custm_Parameter Expected value presented</title>
                    <attachments/>
                    <steps/>
                </step>
                <step start="1588968387067" stop="1588968387067" status="passed">
                    <name>logStep[Verifyied Feed:2 Pub Ad Call uv Custm_Parameter Expected value presented]</name>
                    <title>Verifyied Feed:2 Pub Ad Call uv Custm_Parameter Expected value presented</title>
                    <attachments/>
                    <steps/>
                </step>
                <step start="1588968387272" stop="1588968387272" status="passed">
                    <name>logStep[Verifyied Feed:3 Pub Ad Call uv Custm_Parameter Expected value presented]</name>
                    <title>Verifyied Feed:3 Pub Ad Call uv Custm_Parameter Expected value presented</title>
                    <attachments/>
                    <steps/>
                </step>
            </steps>
            <attachments/>
            <labels>
                <label name="testSuite" value="Suite"/>
                <label name="testGroup" value="Test"/>
                <label name="testClass" value="twc.Regression.TestCases.regressionTestCases"/>
                <label name="testMethod" value="C333224_Verify_cust_param_uv"/>
                <label name="host" value="Aswinikumars-MacBook-Pro.local"/>
                <label name="thread" value="14430@Aswinikumars-MacBook-Pro.local.main(1)"/>
            </labels>
        </test-case>
        <test-case start="1588968387417" stop="1588968387661" status="broken">
            <name>C333228_Verify_cust_param_wfxtg</name>
            <title>Verify custom parameter wfxtg</title>
            <failure>
                <message>StringIndexOutOfBoundsException: String index out of range: -1</message>
                <stack-trace>java.lang.StringIndexOutOfBoundsException: String index out of range: -1
	at java.lang.String.substring(String.java:1927)
	at twc.Regression.CustomParamValidation.CustomParamFunctions.get_wfxtg_call_value(CustomParamFunctions.java:743)
	at twc.Regression.CustomParamValidation.CustomParamFunctions.validate_wfxtg_results(CustomParamFunctions.java:386)
	at twc.Regression.TestCases.Custom_Parameters_Verification.parameters_Verification(Custom_Parameters_Verification.java:295)
	at twc.Regression.TestCases.regressionTestCases.C333228_Verify_cust_param_wfxtg(regressionTestCases.java:194)
	at sun.reflect.NativeMethodAccessorImpl.invoke0(Native Method)
	at sun.reflect.NativeMethodAccessorImpl.invoke(NativeMethodAccessorImpl.java:62)
	at sun.reflect.DelegatingMethodAccessorImpl.invoke(DelegatingMethodAccessorImpl.java:43)
	at java.lang.reflect.Method.invoke(Method.java:498)
	at org.testng.internal.MethodInvocationHelper.invokeMethod(MethodInvocationHelper.java:85)
	at org.testng.internal.Invoker.invokeMethod(Invoker.java:659)
	at org.testng.internal.Invoker.invokeTestMethod(Invoker.java:845)
	at org.testng.internal.Invoker.invokeTestMethods(Invoker.java:1153)
	at org.testng.internal.TestMethodWorker.invokeTestMethods(TestMethodWorker.java:125)
	at org.testng.internal.TestMethodWorker.run(TestMethodWorker.java:108)
	at org.testng.TestRunner.privateRun(TestRunner.java:771)
	at org.testng.TestRunner.run(TestRunner.java:621)
	at org.testng.SuiteRunner.runTest(SuiteRunner.java:357)
	at org.testng.SuiteRunner.runSequentially(SuiteRunner.java:352)
	at org.testng.SuiteRunner.privateRun(SuiteRunner.java:310)
	at org.testng.SuiteRunner.run(SuiteRunner.java:259)
	at org.testng.SuiteRunnerWorker.runSuite(SuiteRunnerWorker.java:52)
	at org.testng.SuiteRunnerWorker.run(SuiteRunnerWorker.java:86)
	at org.testng.TestNG.runSuitesSequentially(TestNG.java:1199)
	at org.testng.TestNG.runSuitesLocally(TestNG.java:1124)
	at org.testng.TestNG.run(TestNG.java:1032)
	at org.apache.maven.surefire.testng.TestNGExecutor.run(TestNGExecutor.java:73)
	at org.apache.maven.surefire.testng.TestNGXmlTestSuite.execute(TestNGXmlTestSuite.java:94)
	at org.apache.maven.surefire.Surefire.run(Surefire.java:169)
	at sun.reflect.NativeMethodAccessorImpl.invoke0(Native Method)
	at sun.reflect.NativeMethodAccessorImpl.invoke(NativeMethodAccessorImpl.java:62)
	at sun.reflect.DelegatingMethodAccessorImpl.invoke(DelegatingMethodAccessorImpl.java:43)
	at java.lang.reflect.Method.invoke(Method.java:498)
	at org.apache.maven.surefire.booter.SurefireBooter.runSuitesInProcess(SurefireBooter.java:350)
	at org.apache.maven.surefire.booter.SurefireBooter.main(SurefireBooter.java:1021)
</stack-trace>
            </failure>
            <steps>
                <step start="1588968387561" stop="1588968387561" status="passed">
                    <name>logStep[Verifyied Feed:0 Pub Ad Call wfxtg Custm_Parameter Expected value presented]</name>
                    <title>Verifyied Feed:0 Pub Ad Call wfxtg Custm_Parameter Expected value presented</title>
                </step>
            </steps>
            <attachments/>
            <labels>
                <label name="testSuite" value="Suite"/>
                <label name="testGroup" value="Test"/>
                <label name="testClass" value="twc.Regression.TestCases.regressionTestCases"/>
                <label name="testMethod" value="C333228_Verify_cust_param_wfxtg"/>
                <label name="host" value="Aswinikumars-MacBook-Pro.local"/>
                <label name="thread" value="14430@Aswinikumars-MacBook-Pro.local.main(1)"/>
            </labels>
        </test-case>
        <test-case start="1588968387662" stop="1588968387910" status="broken">
            <name>C333240_Verify_cust_param_zcs</name>
            <title>Verify custom parameter zcs</title>
            <failure>
                <message>StringIndexOutOfBoundsException: String index out of range: -1</message>
                <stack-trace>java.lang.StringIndexOutOfBoundsException: String index out of range: -1
	at java.lang.String.substring(String.java:1927)
	at twc.Regression.CustomParamValidation.CustomParamFunctions.get_wfxtg_call_value(CustomParamFunctions.java:743)
	at twc.Regression.CustomParamValidation.CustomParamFunctions.validate_wfxtg_results(CustomParamFunctions.java:386)
	at twc.Regression.TestCases.Custom_Parameters_Verification.parameters_Verification(Custom_Parameters_Verification.java:305)
	at twc.Regression.TestCases.regressionTestCases.C333240_Verify_cust_param_zcs(regressionTestCases.java:201)
	at sun.reflect.NativeMethodAccessorImpl.invoke0(Native Method)
	at sun.reflect.NativeMethodAccessorImpl.invoke(NativeMethodAccessorImpl.java:62)
	at sun.reflect.DelegatingMethodAccessorImpl.invoke(DelegatingMethodAccessorImpl.java:43)
	at java.lang.reflect.Method.invoke(Method.java:498)
	at org.testng.internal.MethodInvocationHelper.invokeMethod(MethodInvocationHelper.java:85)
	at org.testng.internal.Invoker.invokeMethod(Invoker.java:659)
	at org.testng.internal.Invoker.invokeTestMethod(Invoker.java:845)
	at org.testng.internal.Invoker.invokeTestMethods(Invoker.java:1153)
	at org.testng.internal.TestMethodWorker.invokeTestMethods(TestMethodWorker.java:125)
	at org.testng.internal.TestMethodWorker.run(TestMethodWorker.java:108)
	at org.testng.TestRunner.privateRun(TestRunner.java:771)
	at org.testng.TestRunner.run(TestRunner.java:621)
	at org.testng.SuiteRunner.runTest(SuiteRunner.java:357)
	at org.testng.SuiteRunner.runSequentially(SuiteRunner.java:352)
	at org.testng.SuiteRunner.privateRun(SuiteRunner.java:310)
	at org.testng.SuiteRunner.run(SuiteRunner.java:259)
	at org.testng.SuiteRunnerWorker.runSuite(SuiteRunnerWorker.java:52)
	at org.testng.SuiteRunnerWorker.run(SuiteRunnerWorker.java:86)
	at org.testng.TestNG.runSuitesSequentially(TestNG.java:1199)
	at org.testng.TestNG.runSuitesLocally(TestNG.java:1124)
	at org.testng.TestNG.run(TestNG.java:1032)
	at org.apache.maven.surefire.testng.TestNGExecutor.run(TestNGExecutor.java:73)
	at org.apache.maven.surefire.testng.TestNGXmlTestSuite.execute(TestNGXmlTestSuite.java:94)
	at org.apache.maven.surefire.Surefire.run(Surefire.java:169)
	at sun.reflect.NativeMethodAccessorImpl.invoke0(Native Method)
	at sun.reflect.NativeMethodAccessorImpl.invoke(NativeMethodAccessorImpl.java:62)
	at sun.reflect.DelegatingMethodAccessorImpl.invoke(DelegatingMethodAccessorImpl.java:43)
	at java.lang.reflect.Method.invoke(Method.java:498)
	at org.apache.maven.surefire.booter.SurefireBooter.runSuitesInProcess(SurefireBooter.java:350)
	at org.apache.maven.surefire.booter.SurefireBooter.main(SurefireBooter.java:1021)
</stack-trace>
            </failure>
            <steps>
                <step start="1588968387812" stop="1588968387812" status="passed">
                    <name>logStep[Verifyied Feed:0 Pub Ad Call zcs Custm_Parameter Expected value presented]</name>
                    <title>Verifyied Feed:0 Pub Ad Call zcs Custm_Parameter Expected value presented</title>
                </step>
            </steps>
            <attachments/>
            <labels>
                <label name="testSuite" value="Suite"/>
                <label name="testGroup" value="Test"/>
                <label name="testClass" value="twc.Regression.TestCases.regressionTestCases"/>
                <label name="testMethod" value="C333240_Verify_cust_param_zcs"/>
                <label name="host" value="Aswinikumars-MacBook-Pro.local"/>
                <label name="thread" value="14430@Aswinikumars-MacBook-Pro.local.main(1)"/>
            </labels>
        </test-case>
        <test-case start="1588968387911" stop="1588968388159" status="broken">
            <name>C333241_Verify_cust_param_nzcs</name>
            <title>Verify custom parameter nzcs</title>
            <failure>
                <message>StringIndexOutOfBoundsException: String index out of range: -1</message>
                <stack-trace>java.lang.StringIndexOutOfBoundsException: String index out of range: -1
	at java.lang.String.substring(String.java:1927)
	at twc.Regression.CustomParamValidation.CustomParamFunctions.get_wfxtg_call_value(CustomParamFunctions.java:743)
	at twc.Regression.CustomParamValidation.CustomParamFunctions.validate_wfxtg_results(CustomParamFunctions.java:386)
	at twc.Regression.TestCases.Custom_Parameters_Verification.parameters_Verification(Custom_Parameters_Verification.java:323)
	at twc.Regression.TestCases.regressionTestCases.C333241_Verify_cust_param_nzcs(regressionTestCases.java:208)
	at sun.reflect.NativeMethodAccessorImpl.invoke0(Native Method)
	at sun.reflect.NativeMethodAccessorImpl.invoke(NativeMethodAccessorImpl.java:62)
	at sun.reflect.DelegatingMethodAccessorImpl.invoke(DelegatingMethodAccessorImpl.java:43)
	at java.lang.reflect.Method.invoke(Method.java:498)
	at org.testng.internal.MethodInvocationHelper.invokeMethod(MethodInvocationHelper.java:85)
	at org.testng.internal.Invoker.invokeMethod(Invoker.java:659)
	at org.testng.internal.Invoker.invokeTestMethod(Invoker.java:845)
	at org.testng.internal.Invoker.invokeTestMethods(Invoker.java:1153)
	at org.testng.internal.TestMethodWorker.invokeTestMethods(TestMethodWorker.java:125)
	at org.testng.internal.TestMethodWorker.run(TestMethodWorker.java:108)
	at org.testng.TestRunner.privateRun(TestRunner.java:771)
	at org.testng.TestRunner.run(TestRunner.java:621)
	at org.testng.SuiteRunner.runTest(SuiteRunner.java:357)
	at org.testng.SuiteRunner.runSequentially(SuiteRunner.java:352)
	at org.testng.SuiteRunner.privateRun(SuiteRunner.java:310)
	at org.testng.SuiteRunner.run(SuiteRunner.java:259)
	at org.testng.SuiteRunnerWorker.runSuite(SuiteRunnerWorker.java:52)
	at org.testng.SuiteRunnerWorker.run(SuiteRunnerWorker.java:86)
	at org.testng.TestNG.runSuitesSequentially(TestNG.java:1199)
	at org.testng.TestNG.runSuitesLocally(TestNG.java:1124)
	at org.testng.TestNG.run(TestNG.java:1032)
	at org.apache.maven.surefire.testng.TestNGExecutor.run(TestNGExecutor.java:73)
	at org.apache.maven.surefire.testng.TestNGXmlTestSuite.execute(TestNGXmlTestSuite.java:94)
	at org.apache.maven.surefire.Surefire.run(Surefire.java:169)
	at sun.reflect.NativeMethodAccessorImpl.invoke0(Native Method)
	at sun.reflect.NativeMethodAccessorImpl.invoke(NativeMethodAccessorImpl.java:62)
	at sun.reflect.DelegatingMethodAccessorImpl.invoke(DelegatingMethodAccessorImpl.java:43)
	at java.lang.reflect.Method.invoke(Method.java:498)
	at org.apache.maven.surefire.booter.SurefireBooter.runSuitesInProcess(SurefireBooter.java:350)
	at org.apache.maven.surefire.booter.SurefireBooter.main(SurefireBooter.java:1021)
</stack-trace>
            </failure>
            <steps>
                <step start="1588968388059" stop="1588968388059" status="passed">
                    <name>logStep[Verifyied Feed:0 Pub Ad Call nzcs Custm_Parameter Expected value presented]</name>
                    <title>Verifyied Feed:0 Pub Ad Call nzcs Custm_Parameter Expected value presented</title>
                </step>
            </steps>
            <attachments/>
            <labels>
                <label name="testSuite" value="Suite"/>
                <label name="testGroup" value="Test"/>
                <label name="testClass" value="twc.Regression.TestCases.regressionTestCases"/>
                <label name="testMethod" value="C333241_Verify_cust_param_nzcs"/>
                <label name="host" value="Aswinikumars-MacBook-Pro.local"/>
                <label name="thread" value="14430@Aswinikumars-MacBook-Pro.local.main(1)"/>
            </labels>
        </test-case>
        <test-case start="1588968388160" stop="1588968388407" status="broken">
            <name>C333242_Verify_cust_param_hzcs</name>
            <title>Verify custom parameter hzcs</title>
            <failure>
                <message>StringIndexOutOfBoundsException: String index out of range: -1</message>
                <stack-trace>java.lang.StringIndexOutOfBoundsException: String index out of range: -1
	at java.lang.String.substring(String.java:1927)
	at twc.Regression.CustomParamValidation.CustomParamFunctions.get_wfxtg_call_value(CustomParamFunctions.java:743)
	at twc.Regression.CustomParamValidation.CustomParamFunctions.validate_wfxtg_results(CustomParamFunctions.java:386)
	at twc.Regression.TestCases.Custom_Parameters_Verification.parameters_Verification(Custom_Parameters_Verification.java:314)
	at twc.Regression.TestCases.regressionTestCases.C333242_Verify_cust_param_hzcs(regressionTestCases.java:215)
	at sun.reflect.NativeMethodAccessorImpl.invoke0(Native Method)
	at sun.reflect.NativeMethodAccessorImpl.invoke(NativeMethodAccessorImpl.java:62)
	at sun.reflect.DelegatingMethodAccessorImpl.invoke(DelegatingMethodAccessorImpl.java:43)
	at java.lang.reflect.Method.invoke(Method.java:498)
	at org.testng.internal.MethodInvocationHelper.invokeMethod(MethodInvocationHelper.java:85)
	at org.testng.internal.Invoker.invokeMethod(Invoker.java:659)
	at org.testng.internal.Invoker.invokeTestMethod(Invoker.java:845)
	at org.testng.internal.Invoker.invokeTestMethods(Invoker.java:1153)
	at org.testng.internal.TestMethodWorker.invokeTestMethods(TestMethodWorker.java:125)
	at org.testng.internal.TestMethodWorker.run(TestMethodWorker.java:108)
	at org.testng.TestRunner.privateRun(TestRunner.java:771)
	at org.testng.TestRunner.run(TestRunner.java:621)
	at org.testng.SuiteRunner.runTest(SuiteRunner.java:357)
	at org.testng.SuiteRunner.runSequentially(SuiteRunner.java:352)
	at org.testng.SuiteRunner.privateRun(SuiteRunner.java:310)
	at org.testng.SuiteRunner.run(SuiteRunner.java:259)
	at org.testng.SuiteRunnerWorker.runSuite(SuiteRunnerWorker.java:52)
	at org.testng.SuiteRunnerWorker.run(SuiteRunnerWorker.java:86)
	at org.testng.TestNG.runSuitesSequentially(TestNG.java:1199)
	at org.testng.TestNG.runSuitesLocally(TestNG.java:1124)
	at org.testng.TestNG.run(TestNG.java:1032)
	at org.apache.maven.surefire.testng.TestNGExecutor.run(TestNGExecutor.java:73)
	at org.apache.maven.surefire.testng.TestNGXmlTestSuite.execute(TestNGXmlTestSuite.java:94)
	at org.apache.maven.surefire.Surefire.run(Surefire.java:169)
	at sun.reflect.NativeMethodAccessorImpl.invoke0(Native Method)
	at sun.reflect.NativeMethodAccessorImpl.invoke(NativeMethodAccessorImpl.java:62)
	at sun.reflect.DelegatingMethodAccessorImpl.invoke(DelegatingMethodAccessorImpl.java:43)
	at java.lang.reflect.Method.invoke(Method.java:498)
	at org.apache.maven.surefire.booter.SurefireBooter.runSuitesInProcess(SurefireBooter.java:350)
	at org.apache.maven.surefire.booter.SurefireBooter.main(SurefireBooter.java:1021)
</stack-trace>
            </failure>
            <steps>
                <step start="1588968388307" stop="1588968388307" status="passed">
                    <name>logStep[Verifyied Feed:0 Pub Ad Call hzcs Custm_Parameter Expected value presented]</name>
                    <title>Verifyied Feed:0 Pub Ad Call hzcs Custm_Parameter Expected value presented</title>
                </step>
            </steps>
            <attachments/>
            <labels>
                <label name="testSuite" value="Suite"/>
                <label name="testGroup" value="Test"/>
                <label name="testClass" value="twc.Regression.TestCases.regressionTestCases"/>
                <label name="testMethod" value="C333242_Verify_cust_param_hzcs"/>
                <label name="host" value="Aswinikumars-MacBook-Pro.local"/>
                <label name="thread" value="14430@Aswinikumars-MacBook-Pro.local.main(1)"/>
            </labels>
        </test-case>
        <test-case start="1588968388410" stop="1588968388410" status="failed">
            <name>After_Test</name>
            <description>@AfterTest</description>
            <failure>
                <message>AssertionError: The following asserts failed:
expected [true] but found [false], expected [true] but found [false], expected [true] but found [false], expected [true] but found [false], expected [true] but found [false], expected [true] but found [false], expected [true] but found [false], expected [true] but found [false], expected [true] but found [false], expected [true] but found [false], expected [true] but found [false], expected [true] but found [false], expected [true] but found [false], expected [true] but found [false], expected [true] but found [false], expected [true] but found [false], expected [true] but found [false], expected [true] but found [false], expected [true] but found [false], expected [true] but found [false], expected [true] but found [false], expected [true] but found [false], expected [true] but found [false], expected [true] but found [false], expected [true] but found [false], expected [true] but found [false], expected [true] but found [false], expected [true] but found [false], expected [true] but found [false], expected [true] but found [false]</message>
                <stack-trace>java.lang.AssertionError: The following asserts failed:
expected [true] but found [false], expected [true] but found [false], expected [true] but found [false], expected [true] but found [false], expected [true] but found [false], expected [true] but found [false], expected [true] but found [false], expected [true] but found [false], expected [true] but found [false], expected [true] but found [false], expected [true] but found [false], expected [true] but found [false], expected [true] but found [false], expected [true] but found [false], expected [true] but found [false], expected [true] but found [false], expected [true] but found [false], expected [true] but found [false], expected [true] but found [false], expected [true] but found [false], expected [true] but found [false], expected [true] but found [false], expected [true] but found [false], expected [true] but found [false], expected [true] but found [false], expected [true] but found [false], expected [true] but found [false], expected [true] but found [false], expected [true] but found [false], expected [true] but found [false]
	at org.testng.asserts.SoftAssert.assertAll(SoftAssert.java:38)
	at twc.Regression.TestCases.regressionTestCases.After_Test(regressionTestCases.java:542)
	at sun.reflect.NativeMethodAccessorImpl.invoke0(Native Method)
	at sun.reflect.NativeMethodAccessorImpl.invoke(NativeMethodAccessorImpl.java:62)
	at sun.reflect.DelegatingMethodAccessorImpl.invoke(DelegatingMethodAccessorImpl.java:43)
	at java.lang.reflect.Method.invoke(Method.java:498)
	at org.testng.internal.MethodInvocationHelper.invokeMethod(MethodInvocationHelper.java:85)
	at org.testng.internal.Invoker.invokeConfigurationMethod(Invoker.java:517)
	at org.testng.internal.Invoker.invokeConfigurations(Invoker.java:213)
	at org.testng.internal.Invoker.invokeConfigurations(Invoker.java:140)
	at org.testng.TestRunner.afterRun(TestRunner.java:1019)
	at org.testng.TestRunner.run(TestRunner.java:625)
	at org.testng.SuiteRunner.runTest(SuiteRunner.java:357)
	at org.testng.SuiteRunner.runSequentially(SuiteRunner.java:352)
	at org.testng.SuiteRunner.privateRun(SuiteRunner.java:310)
	at org.testng.SuiteRunner.run(SuiteRunner.java:259)
	at org.testng.SuiteRunnerWorker.runSuite(SuiteRunnerWorker.java:52)
	at org.testng.SuiteRunnerWorker.run(SuiteRunnerWorker.java:86)
	at org.testng.TestNG.runSuitesSequentially(TestNG.java:1199)
	at org.testng.TestNG.runSuitesLocally(TestNG.java:1124)
	at org.testng.TestNG.run(TestNG.java:1032)
	at org.apache.maven.surefire.testng.TestNGExecutor.run(TestNGExecutor.java:73)
	at org.apache.maven.surefire.testng.TestNGXmlTestSuite.execute(TestNGXmlTestSuite.java:94)
	at org.apache.maven.surefire.Surefire.run(Surefire.java:169)
	at sun.reflect.NativeMethodAccessorImpl.invoke0(Native Method)
	at sun.reflect.NativeMethodAccessorImpl.invoke(NativeMethodAccessorImpl.java:62)
	at sun.reflect.DelegatingMethodAccessorImpl.invoke(DelegatingMethodAccessorImpl.java:43)
	at java.lang.reflect.Method.invoke(Method.java:498)
	at org.apache.maven.surefire.booter.SurefireBooter.runSuitesInProcess(SurefireBooter.java:350)
	at org.apache.maven.surefire.booter.SurefireBooter.main(SurefireBooter.java:1021)
</stack-trace>
            </failure>
            <steps/>
            <attachments/>
            <labels>
                <label name="host" value="Aswinikumars-MacBook-Pro.local"/>
                <label name="thread" value="14430@Aswinikumars-MacBook-Pro.local.main(1)"/>
            </labels>
        </test-case>
    </test-cases>
    <labels>
        <label name="framework" value="TestNG"/>
        <label name="language" value="JAVA"/>
    </labels>
</ns2:test-suite>
