<?xml version="1.0" encoding="UTF-8" standalone="yes"?>
<ns2:test-suite start="1589220926983" stop="1589221727669" version="1.5.4" xmlns:ns2="urn:model.allure.qatools.yandex.ru">
    <name>Default suite : Default test</name>
    <title>Default suite : Default test</title>
    <test-cases>
        <test-case start="1589221385227" stop="1589221718479" status="failed">
            <name>C333216_Verify_cust_param_cnd</name>
            <title>Verify custom parameter cnd</title>
            <failure>
                <message>AssertionError: cnd Value not matched</message>
                <stack-trace>java.lang.AssertionError: cnd Value not matched
	at org.testng.Assert.fail(Assert.java:94)
	at twc.Regression.TestCases.Custom_Parameters_Verification.parameters_Verification(Custom_Parameters_Verification.java:191)
	at twc.Regression.TestCases.regressionTestCases.C333216_Verify_cust_param_cnd(regressionTestCases.java:29)
	at sun.reflect.NativeMethodAccessorImpl.invoke0(Native Method)
	at sun.reflect.NativeMethodAccessorImpl.invoke(NativeMethodAccessorImpl.java:62)
	at sun.reflect.DelegatingMethodAccessorImpl.invoke(DelegatingMethodAccessorImpl.java:43)
	at java.lang.reflect.Method.invoke(Method.java:498)
	at org.testng.internal.MethodInvocationHelper.invokeMethod(MethodInvocationHelper.java:85)
	at org.testng.internal.Invoker.invokeMethod(Invoker.java:659)
	at org.testng.internal.Invoker.invokeTestMethod(Invoker.java:845)
	at org.testng.internal.Invoker.invokeTestMethods(Invoker.java:1153)
	at org.testng.internal.TestMethodWorker.invokeTestMethods(TestMethodWorker.java:125)
	at org.testng.internal.TestMethodWorker.run(TestMethodWorker.java:108)
	at org.testng.TestRunner.privateRun(TestRunner.java:771)
	at org.testng.TestRunner.run(TestRunner.java:621)
	at org.testng.SuiteRunner.runTest(SuiteRunner.java:357)
	at org.testng.SuiteRunner.runSequentially(SuiteRunner.java:352)
	at org.testng.SuiteRunner.privateRun(SuiteRunner.java:310)
	at org.testng.SuiteRunner.run(SuiteRunner.java:259)
	at org.testng.SuiteRunnerWorker.runSuite(SuiteRunnerWorker.java:52)
	at org.testng.SuiteRunnerWorker.run(SuiteRunnerWorker.java:86)
	at org.testng.TestNG.runSuitesSequentially(TestNG.java:1199)
	at org.testng.TestNG.runSuitesLocally(TestNG.java:1124)
	at org.testng.TestNG.run(TestNG.java:1032)
	at org.testng.remote.AbstractRemoteTestNG.run(AbstractRemoteTestNG.java:115)
	at org.testng.remote.RemoteTestNG.initAndRun(RemoteTestNG.java:251)
	at org.testng.remote.RemoteTestNG.main(RemoteTestNG.java:77)
</stack-trace>
            </failure>
            <steps>
                <step start="1589221126688" stop="1589221126689" status="passed">
                    <name>logStep[clicking video element]</name>
                    <title>clicking video element</title>
                </step>
                <step start="1589221428857" stop="1589221428857" status="passed">
                    <name>logStep[Verifyied Feed:iu=%2F7646%2Fapp_android_us%2Fdb_display%2Fhome_screen%2Fhourly Pub Ad Call cnd Custm_Parameter E...]</name>
                    <title>Verifyied Feed:iu=%2F7646%2Fapp_android_us%2Fdb_display%2Fhome_screen%2Fhourly Pub Ad Call cnd Custm_Parameter Expected ...</title>
                </step>
                <step start="1589221683159" stop="1589221683160" status="passed">
                    <name>logStep[Verifyied Feed:iu=%2F7646%2Fapp_android_us%2Fdb_display%2Fhome_screen%2Fmarquee Pub Ad Call cnd Custm_Parameter ...]</name>
                    <title>Verifyied Feed:iu=%2F7646%2Fapp_android_us%2Fdb_display%2Fhome_screen%2Fmarquee Pub Ad Call cnd Custm_Parameter Expected...</title>
                </step>
                <step start="1589221715245" stop="1589221715245" status="passed">
                    <name>logStep[Verifyied Feed:iu=%2F7646%2Fapp_android_us%2Fdb_display%2Fcard%2Faq Pub Ad Call cnd Custm_Parameter Expected val...]</name>
                    <title>Verifyied Feed:iu=%2F7646%2Fapp_android_us%2Fdb_display%2Fcard%2Faq Pub Ad Call cnd Custm_Parameter Expected value prese...</title>
                </step>
                <step start="1589221716327" stop="1589221716327" status="passed">
                    <name>logStep[Verifyied Feed:iu=%2F7646%2Fapp_android_us%2Fdb_display%2Fdetails%2Fmaps Pub Ad Call cnd Custm_Parameter Expecte...]</name>
                    <title>Verifyied Feed:iu=%2F7646%2Fapp_android_us%2Fdb_display%2Fdetails%2Fmaps Pub Ad Call cnd Custm_Parameter Expected value ...</title>
                </step>
                <step start="1589221717798" stop="1589221717798" status="passed">
                    <name>logStep[Verifyied Feed:iu=%2F7646%2Fapp_android_us%2Fdb_display%2Fdetails%2Ftoday Pub Ad Call cnd Custm_Parameter Expect...]</name>
                    <title>Verifyied Feed:iu=%2F7646%2Fapp_android_us%2Fdb_display%2Fdetails%2Ftoday Pub Ad Call cnd Custm_Parameter Expected value...</title>
                </step>
                <step start="1589221718295" stop="1589221718295" status="passed">
                    <name>logStep[Verifyied Feed:iu=%2F7646%2Fapp_android_us%2Fdb_display%2Fdetails%2F10day Pub Ad Call cnd Custm_Parameter Expect...]</name>
                    <title>Verifyied Feed:iu=%2F7646%2Fapp_android_us%2Fdb_display%2Fdetails%2F10day Pub Ad Call cnd Custm_Parameter Expected value...</title>
                </step>
                <step start="1589221718466" stop="1589221718466" status="passed">
                    <name>logStep[cnd should not be empty]</name>
                    <title>cnd should not be empty</title>
                </step>
                <step start="1589221718466" stop="1589221718466" status="passed">
                    <name>logStep[cnd can be nl]</name>
                    <title>cnd can be nl</title>
                </step>
            </steps>
            <attachments/>
            <labels>
                <label name="testSuite" value="Default suite"/>
                <label name="testGroup" value="Default test"/>
                <label name="testClass" value="twc.Regression.TestCases.regressionTestCases"/>
                <label name="testMethod" value="C333216_Verify_cust_param_cnd"/>
                <label name="host" value="Aswinikumars-MacBook-Pro.local"/>
                <label name="thread" value="11928@Aswinikumars-MacBook-Pro.local.main(1)"/>
            </labels>
        </test-case>
        <test-case start="1589221385227" stop="1589221718479" status="failed">
            <name>C333216_Verify_cust_param_cnd</name>
            <title>Verify custom parameter cnd</title>
            <failure>
                <message>AssertionError: cnd Value not matched</message>
                <stack-trace>java.lang.AssertionError: cnd Value not matched
	at org.testng.Assert.fail(Assert.java:94)
	at twc.Regression.TestCases.Custom_Parameters_Verification.parameters_Verification(Custom_Parameters_Verification.java:191)
	at twc.Regression.TestCases.regressionTestCases.C333216_Verify_cust_param_cnd(regressionTestCases.java:29)
	at sun.reflect.NativeMethodAccessorImpl.invoke0(Native Method)
	at sun.reflect.NativeMethodAccessorImpl.invoke(NativeMethodAccessorImpl.java:62)
	at sun.reflect.DelegatingMethodAccessorImpl.invoke(DelegatingMethodAccessorImpl.java:43)
	at java.lang.reflect.Method.invoke(Method.java:498)
	at org.testng.internal.MethodInvocationHelper.invokeMethod(MethodInvocationHelper.java:85)
	at org.testng.internal.Invoker.invokeMethod(Invoker.java:659)
	at org.testng.internal.Invoker.invokeTestMethod(Invoker.java:845)
	at org.testng.internal.Invoker.invokeTestMethods(Invoker.java:1153)
	at org.testng.internal.TestMethodWorker.invokeTestMethods(TestMethodWorker.java:125)
	at org.testng.internal.TestMethodWorker.run(TestMethodWorker.java:108)
	at org.testng.TestRunner.privateRun(TestRunner.java:771)
	at org.testng.TestRunner.run(TestRunner.java:621)
	at org.testng.SuiteRunner.runTest(SuiteRunner.java:357)
	at org.testng.SuiteRunner.runSequentially(SuiteRunner.java:352)
	at org.testng.SuiteRunner.privateRun(SuiteRunner.java:310)
	at org.testng.SuiteRunner.run(SuiteRunner.java:259)
	at org.testng.SuiteRunnerWorker.runSuite(SuiteRunnerWorker.java:52)
	at org.testng.SuiteRunnerWorker.run(SuiteRunnerWorker.java:86)
	at org.testng.TestNG.runSuitesSequentially(TestNG.java:1199)
	at org.testng.TestNG.runSuitesLocally(TestNG.java:1124)
	at org.testng.TestNG.run(TestNG.java:1032)
	at org.testng.remote.AbstractRemoteTestNG.run(AbstractRemoteTestNG.java:115)
	at org.testng.remote.RemoteTestNG.initAndRun(RemoteTestNG.java:251)
	at org.testng.remote.RemoteTestNG.main(RemoteTestNG.java:77)
</stack-trace>
            </failure>
            <steps>
                <step start="1589221126688" stop="1589221126689" status="passed">
                    <name>logStep[clicking video element]</name>
                    <title>clicking video element</title>
                </step>
                <step start="1589221428857" stop="1589221428857" status="passed">
                    <name>logStep[Verifyied Feed:iu=%2F7646%2Fapp_android_us%2Fdb_display%2Fhome_screen%2Fhourly Pub Ad Call cnd Custm_Parameter E...]</name>
                    <title>Verifyied Feed:iu=%2F7646%2Fapp_android_us%2Fdb_display%2Fhome_screen%2Fhourly Pub Ad Call cnd Custm_Parameter Expected ...</title>
                </step>
                <step start="1589221683159" stop="1589221683160" status="passed">
                    <name>logStep[Verifyied Feed:iu=%2F7646%2Fapp_android_us%2Fdb_display%2Fhome_screen%2Fmarquee Pub Ad Call cnd Custm_Parameter ...]</name>
                    <title>Verifyied Feed:iu=%2F7646%2Fapp_android_us%2Fdb_display%2Fhome_screen%2Fmarquee Pub Ad Call cnd Custm_Parameter Expected...</title>
                </step>
                <step start="1589221715245" stop="1589221715245" status="passed">
                    <name>logStep[Verifyied Feed:iu=%2F7646%2Fapp_android_us%2Fdb_display%2Fcard%2Faq Pub Ad Call cnd Custm_Parameter Expected val...]</name>
                    <title>Verifyied Feed:iu=%2F7646%2Fapp_android_us%2Fdb_display%2Fcard%2Faq Pub Ad Call cnd Custm_Parameter Expected value prese...</title>
                </step>
                <step start="1589221716327" stop="1589221716327" status="passed">
                    <name>logStep[Verifyied Feed:iu=%2F7646%2Fapp_android_us%2Fdb_display%2Fdetails%2Fmaps Pub Ad Call cnd Custm_Parameter Expecte...]</name>
                    <title>Verifyied Feed:iu=%2F7646%2Fapp_android_us%2Fdb_display%2Fdetails%2Fmaps Pub Ad Call cnd Custm_Parameter Expected value ...</title>
                </step>
                <step start="1589221717798" stop="1589221717798" status="passed">
                    <name>logStep[Verifyied Feed:iu=%2F7646%2Fapp_android_us%2Fdb_display%2Fdetails%2Ftoday Pub Ad Call cnd Custm_Parameter Expect...]</name>
                    <title>Verifyied Feed:iu=%2F7646%2Fapp_android_us%2Fdb_display%2Fdetails%2Ftoday Pub Ad Call cnd Custm_Parameter Expected value...</title>
                </step>
                <step start="1589221718295" stop="1589221718295" status="passed">
                    <name>logStep[Verifyied Feed:iu=%2F7646%2Fapp_android_us%2Fdb_display%2Fdetails%2F10day Pub Ad Call cnd Custm_Parameter Expect...]</name>
                    <title>Verifyied Feed:iu=%2F7646%2Fapp_android_us%2Fdb_display%2Fdetails%2F10day Pub Ad Call cnd Custm_Parameter Expected value...</title>
                </step>
                <step start="1589221718466" stop="1589221718466" status="passed">
                    <name>logStep[cnd should not be empty]</name>
                    <title>cnd should not be empty</title>
                </step>
                <step start="1589221718466" stop="1589221718466" status="passed">
                    <name>logStep[cnd can be nl]</name>
                    <title>cnd can be nl</title>
                </step>
            </steps>
            <attachments/>
            <labels>
                <label name="testSuite" value="Default suite"/>
                <label name="testGroup" value="Default test"/>
                <label name="testClass" value="twc.Regression.TestCases.regressionTestCases"/>
                <label name="testMethod" value="C333216_Verify_cust_param_cnd"/>
                <label name="host" value="Aswinikumars-MacBook-Pro.local"/>
                <label name="thread" value="11928@Aswinikumars-MacBook-Pro.local.main(1)"/>
            </labels>
        </test-case>
        <test-case start="1589221718627" stop="1589221721883" status="passed">
            <name>C333202_Verify_cust_param_zip</name>
            <title>Verify custom parameter zip from  turbo api</title>
            <steps>
                <step start="1589221719127" stop="1589221719127" status="passed">
                    <name>logStep[Verifyied Feed:0 Pub Ad Call zip Custm_Parameter Expected value presented]</name>
                    <title>Verifyied Feed:0 Pub Ad Call zip Custm_Parameter Expected value presented</title>
                    <attachments/>
                    <steps/>
                </step>
                <step start="1589221719470" stop="1589221719470" status="passed">
                    <name>logStep[Verifyied Feed:1 Pub Ad Call zip Custm_Parameter Expected value presented]</name>
                    <title>Verifyied Feed:1 Pub Ad Call zip Custm_Parameter Expected value presented</title>
                    <attachments/>
                    <steps/>
                </step>
                <step start="1589221719932" stop="1589221719932" status="passed">
                    <name>logStep[Verifyied Feed:5 Pub Ad Call zip Custm_Parameter Expected value presented]</name>
                    <title>Verifyied Feed:5 Pub Ad Call zip Custm_Parameter Expected value presented</title>
                    <attachments/>
                    <steps/>
                </step>
                <step start="1589221720796" stop="1589221720796" status="passed">
                    <name>logStep[Verifyied Feed:0 Pub Ad Call zip Custm_Parameter Expected value presented]</name>
                    <title>Verifyied Feed:0 Pub Ad Call zip Custm_Parameter Expected value presented</title>
                    <attachments/>
                    <steps/>
                </step>
                <step start="1589221721528" stop="1589221721528" status="passed">
                    <name>logStep[Verifyied Feed:1 Pub Ad Call zip Custm_Parameter Expected value presented]</name>
                    <title>Verifyied Feed:1 Pub Ad Call zip Custm_Parameter Expected value presented</title>
                    <attachments/>
                    <steps/>
                </step>
                <step start="1589221721783" stop="1589221721783" status="passed">
                    <name>logStep[Verifyied Feed:3 Pub Ad Call zip Custm_Parameter Expected value presented]</name>
                    <title>Verifyied Feed:3 Pub Ad Call zip Custm_Parameter Expected value presented</title>
                    <attachments/>
                    <steps/>
                </step>
            </steps>
            <attachments/>
            <labels>
                <label name="testSuite" value="Default suite"/>
                <label name="testGroup" value="Default test"/>
                <label name="testClass" value="twc.Regression.TestCases.regressionTestCases"/>
                <label name="testMethod" value="C333202_Verify_cust_param_zip"/>
                <label name="host" value="Aswinikumars-MacBook-Pro.local"/>
                <label name="thread" value="11928@Aswinikumars-MacBook-Pro.local.main(1)"/>
            </labels>
        </test-case>
        <test-case start="1589221718627" stop="1589221721883" status="passed">
            <name>C333202_Verify_cust_param_zip</name>
            <title>Verify custom parameter zip from  turbo api</title>
            <steps>
                <step start="1589221719127" stop="1589221719127" status="passed">
                    <name>logStep[Verifyied Feed:0 Pub Ad Call zip Custm_Parameter Expected value presented]</name>
                    <title>Verifyied Feed:0 Pub Ad Call zip Custm_Parameter Expected value presented</title>
                    <attachments/>
                    <steps/>
                </step>
                <step start="1589221719470" stop="1589221719470" status="passed">
                    <name>logStep[Verifyied Feed:1 Pub Ad Call zip Custm_Parameter Expected value presented]</name>
                    <title>Verifyied Feed:1 Pub Ad Call zip Custm_Parameter Expected value presented</title>
                    <attachments/>
                    <steps/>
                </step>
                <step start="1589221719932" stop="1589221719932" status="passed">
                    <name>logStep[Verifyied Feed:5 Pub Ad Call zip Custm_Parameter Expected value presented]</name>
                    <title>Verifyied Feed:5 Pub Ad Call zip Custm_Parameter Expected value presented</title>
                    <attachments/>
                    <steps/>
                </step>
                <step start="1589221720796" stop="1589221720796" status="passed">
                    <name>logStep[Verifyied Feed:0 Pub Ad Call zip Custm_Parameter Expected value presented]</name>
                    <title>Verifyied Feed:0 Pub Ad Call zip Custm_Parameter Expected value presented</title>
                    <attachments/>
                    <steps/>
                </step>
                <step start="1589221721528" stop="1589221721528" status="passed">
                    <name>logStep[Verifyied Feed:1 Pub Ad Call zip Custm_Parameter Expected value presented]</name>
                    <title>Verifyied Feed:1 Pub Ad Call zip Custm_Parameter Expected value presented</title>
                    <attachments/>
                    <steps/>
                </step>
                <step start="1589221721783" stop="1589221721783" status="passed">
                    <name>logStep[Verifyied Feed:3 Pub Ad Call zip Custm_Parameter Expected value presented]</name>
                    <title>Verifyied Feed:3 Pub Ad Call zip Custm_Parameter Expected value presented</title>
                    <attachments/>
                    <steps/>
                </step>
            </steps>
            <attachments/>
            <labels>
                <label name="testSuite" value="Default suite"/>
                <label name="testGroup" value="Default test"/>
                <label name="testClass" value="twc.Regression.TestCases.regressionTestCases"/>
                <label name="testMethod" value="C333202_Verify_cust_param_zip"/>
                <label name="host" value="Aswinikumars-MacBook-Pro.local"/>
                <label name="thread" value="11928@Aswinikumars-MacBook-Pro.local.main(1)"/>
            </labels>
        </test-case>
        <test-case start="1589221721889" stop="1589221724740" status="failed">
            <name>C333213_Verify_cust_param_adid</name>
            <title>Verify custom parameter adid</title>
            <failure>
                <message>AssertionError: adid Value not matched</message>
                <stack-trace>java.lang.AssertionError: adid Value not matched
	at org.testng.Assert.fail(Assert.java:94)
	at twc.Regression.TestCases.Custom_Parameters_Verification.parameters_Verification(Custom_Parameters_Verification.java:510)
	at twc.Regression.TestCases.regressionTestCases.C333213_Verify_cust_param_adid(regressionTestCases.java:48)
	at sun.reflect.NativeMethodAccessorImpl.invoke0(Native Method)
	at sun.reflect.NativeMethodAccessorImpl.invoke(NativeMethodAccessorImpl.java:62)
	at sun.reflect.DelegatingMethodAccessorImpl.invoke(DelegatingMethodAccessorImpl.java:43)
	at java.lang.reflect.Method.invoke(Method.java:498)
	at org.testng.internal.MethodInvocationHelper.invokeMethod(MethodInvocationHelper.java:85)
	at org.testng.internal.Invoker.invokeMethod(Invoker.java:659)
	at org.testng.internal.Invoker.invokeTestMethod(Invoker.java:845)
	at org.testng.internal.Invoker.invokeTestMethods(Invoker.java:1153)
	at org.testng.internal.TestMethodWorker.invokeTestMethods(TestMethodWorker.java:125)
	at org.testng.internal.TestMethodWorker.run(TestMethodWorker.java:108)
	at org.testng.TestRunner.privateRun(TestRunner.java:771)
	at org.testng.TestRunner.run(TestRunner.java:621)
	at org.testng.SuiteRunner.runTest(SuiteRunner.java:357)
	at org.testng.SuiteRunner.runSequentially(SuiteRunner.java:352)
	at org.testng.SuiteRunner.privateRun(SuiteRunner.java:310)
	at org.testng.SuiteRunner.run(SuiteRunner.java:259)
	at org.testng.SuiteRunnerWorker.runSuite(SuiteRunnerWorker.java:52)
	at org.testng.SuiteRunnerWorker.run(SuiteRunnerWorker.java:86)
	at org.testng.TestNG.runSuitesSequentially(TestNG.java:1199)
	at org.testng.TestNG.runSuitesLocally(TestNG.java:1124)
	at org.testng.TestNG.run(TestNG.java:1032)
	at org.testng.remote.AbstractRemoteTestNG.run(AbstractRemoteTestNG.java:115)
	at org.testng.remote.RemoteTestNG.initAndRun(RemoteTestNG.java:251)
	at org.testng.remote.RemoteTestNG.main(RemoteTestNG.java:77)
</stack-trace>
            </failure>
            <steps>
                <step start="1589221722304" stop="1589221722304" status="passed">
                    <name>logStep[Verifyied Feed:0 Pub Ad Call adid Custm_Parameter Expected value presented]</name>
                    <title>Verifyied Feed:0 Pub Ad Call adid Custm_Parameter Expected value presented</title>
                </step>
                <step start="1589221722639" stop="1589221722639" status="passed">
                    <name>logStep[Verifyied Feed:1 Pub Ad Call adid Custm_Parameter Expected value presented]</name>
                    <title>Verifyied Feed:1 Pub Ad Call adid Custm_Parameter Expected value presented</title>
                </step>
                <step start="1589221723056" stop="1589221723056" status="passed">
                    <name>logStep[Verifyied Feed:5 Pub Ad Call adid Custm_Parameter Expected value presented]</name>
                    <title>Verifyied Feed:5 Pub Ad Call adid Custm_Parameter Expected value presented</title>
                </step>
                <step start="1589221723833" stop="1589221723833" status="passed">
                    <name>logStep[Verifyied Feed:0 Pub Ad Call adid Custm_Parameter Expected value presented]</name>
                    <title>Verifyied Feed:0 Pub Ad Call adid Custm_Parameter Expected value presented</title>
                </step>
                <step start="1589221724511" stop="1589221724511" status="passed">
                    <name>logStep[Verifyied Feed:1 Pub Ad Call adid Custm_Parameter Expected value presented]</name>
                    <title>Verifyied Feed:1 Pub Ad Call adid Custm_Parameter Expected value presented</title>
                </step>
                <step start="1589221724716" stop="1589221724716" status="passed">
                    <name>logStep[Verifyied Feed:3 Pub Ad Call adid Custm_Parameter Expected value presented]</name>
                    <title>Verifyied Feed:3 Pub Ad Call adid Custm_Parameter Expected value presented</title>
                </step>
                <step start="1589221724737" stop="1589221724737" status="passed">
                    <name>logStep[adid should not be null]</name>
                    <title>adid should not be null</title>
                </step>
                <step start="1589221724737" stop="1589221724737" status="passed">
                    <name>logStep[adid should not be empty]</name>
                    <title>adid should not be empty</title>
                </step>
            </steps>
            <attachments/>
            <labels>
                <label name="testSuite" value="Default suite"/>
                <label name="testGroup" value="Default test"/>
                <label name="testClass" value="twc.Regression.TestCases.regressionTestCases"/>
                <label name="testMethod" value="C333213_Verify_cust_param_adid"/>
                <label name="host" value="Aswinikumars-MacBook-Pro.local"/>
                <label name="thread" value="11928@Aswinikumars-MacBook-Pro.local.main(1)"/>
            </labels>
        </test-case>
        <test-case start="1589221721889" stop="1589221724740" status="failed">
            <name>C333213_Verify_cust_param_adid</name>
            <title>Verify custom parameter adid</title>
            <failure>
                <message>AssertionError: adid Value not matched</message>
                <stack-trace>java.lang.AssertionError: adid Value not matched
	at org.testng.Assert.fail(Assert.java:94)
	at twc.Regression.TestCases.Custom_Parameters_Verification.parameters_Verification(Custom_Parameters_Verification.java:510)
	at twc.Regression.TestCases.regressionTestCases.C333213_Verify_cust_param_adid(regressionTestCases.java:48)
	at sun.reflect.NativeMethodAccessorImpl.invoke0(Native Method)
	at sun.reflect.NativeMethodAccessorImpl.invoke(NativeMethodAccessorImpl.java:62)
	at sun.reflect.DelegatingMethodAccessorImpl.invoke(DelegatingMethodAccessorImpl.java:43)
	at java.lang.reflect.Method.invoke(Method.java:498)
	at org.testng.internal.MethodInvocationHelper.invokeMethod(MethodInvocationHelper.java:85)
	at org.testng.internal.Invoker.invokeMethod(Invoker.java:659)
	at org.testng.internal.Invoker.invokeTestMethod(Invoker.java:845)
	at org.testng.internal.Invoker.invokeTestMethods(Invoker.java:1153)
	at org.testng.internal.TestMethodWorker.invokeTestMethods(TestMethodWorker.java:125)
	at org.testng.internal.TestMethodWorker.run(TestMethodWorker.java:108)
	at org.testng.TestRunner.privateRun(TestRunner.java:771)
	at org.testng.TestRunner.run(TestRunner.java:621)
	at org.testng.SuiteRunner.runTest(SuiteRunner.java:357)
	at org.testng.SuiteRunner.runSequentially(SuiteRunner.java:352)
	at org.testng.SuiteRunner.privateRun(SuiteRunner.java:310)
	at org.testng.SuiteRunner.run(SuiteRunner.java:259)
	at org.testng.SuiteRunnerWorker.runSuite(SuiteRunnerWorker.java:52)
	at org.testng.SuiteRunnerWorker.run(SuiteRunnerWorker.java:86)
	at org.testng.TestNG.runSuitesSequentially(TestNG.java:1199)
	at org.testng.TestNG.runSuitesLocally(TestNG.java:1124)
	at org.testng.TestNG.run(TestNG.java:1032)
	at org.testng.remote.AbstractRemoteTestNG.run(AbstractRemoteTestNG.java:115)
	at org.testng.remote.RemoteTestNG.initAndRun(RemoteTestNG.java:251)
	at org.testng.remote.RemoteTestNG.main(RemoteTestNG.java:77)
</stack-trace>
            </failure>
            <steps>
                <step start="1589221722304" stop="1589221722304" status="passed">
                    <name>logStep[Verifyied Feed:0 Pub Ad Call adid Custm_Parameter Expected value presented]</name>
                    <title>Verifyied Feed:0 Pub Ad Call adid Custm_Parameter Expected value presented</title>
                </step>
                <step start="1589221722639" stop="1589221722639" status="passed">
                    <name>logStep[Verifyied Feed:1 Pub Ad Call adid Custm_Parameter Expected value presented]</name>
                    <title>Verifyied Feed:1 Pub Ad Call adid Custm_Parameter Expected value presented</title>
                </step>
                <step start="1589221723056" stop="1589221723056" status="passed">
                    <name>logStep[Verifyied Feed:5 Pub Ad Call adid Custm_Parameter Expected value presented]</name>
                    <title>Verifyied Feed:5 Pub Ad Call adid Custm_Parameter Expected value presented</title>
                </step>
                <step start="1589221723833" stop="1589221723833" status="passed">
                    <name>logStep[Verifyied Feed:0 Pub Ad Call adid Custm_Parameter Expected value presented]</name>
                    <title>Verifyied Feed:0 Pub Ad Call adid Custm_Parameter Expected value presented</title>
                </step>
                <step start="1589221724511" stop="1589221724511" status="passed">
                    <name>logStep[Verifyied Feed:1 Pub Ad Call adid Custm_Parameter Expected value presented]</name>
                    <title>Verifyied Feed:1 Pub Ad Call adid Custm_Parameter Expected value presented</title>
                </step>
                <step start="1589221724716" stop="1589221724716" status="passed">
                    <name>logStep[Verifyied Feed:3 Pub Ad Call adid Custm_Parameter Expected value presented]</name>
                    <title>Verifyied Feed:3 Pub Ad Call adid Custm_Parameter Expected value presented</title>
                </step>
                <step start="1589221724737" stop="1589221724737" status="passed">
                    <name>logStep[adid should not be null]</name>
                    <title>adid should not be null</title>
                </step>
                <step start="1589221724737" stop="1589221724737" status="passed">
                    <name>logStep[adid should not be empty]</name>
                    <title>adid should not be empty</title>
                </step>
            </steps>
            <attachments/>
            <labels>
                <label name="testSuite" value="Default suite"/>
                <label name="testGroup" value="Default test"/>
                <label name="testClass" value="twc.Regression.TestCases.regressionTestCases"/>
                <label name="testMethod" value="C333213_Verify_cust_param_adid"/>
                <label name="host" value="Aswinikumars-MacBook-Pro.local"/>
                <label name="thread" value="11928@Aswinikumars-MacBook-Pro.local.main(1)"/>
            </labels>
        </test-case>
        <test-case start="1589221724744" stop="1589221727647" status="passed">
            <name>C658712_Verify_cust_param_plat</name>
            <title>Verify custom parameter plat</title>
            <steps>
                <step start="1589221725161" stop="1589221725161" status="passed">
                    <name>logStep[Verifyied Feed:0 Pub Ad Call plat Custm_Parameter Expected value presented]</name>
                    <title>Verifyied Feed:0 Pub Ad Call plat Custm_Parameter Expected value presented</title>
                    <attachments/>
                    <steps/>
                </step>
                <step start="1589221725490" stop="1589221725490" status="passed">
                    <name>logStep[Verifyied Feed:1 Pub Ad Call plat Custm_Parameter Expected value presented]</name>
                    <title>Verifyied Feed:1 Pub Ad Call plat Custm_Parameter Expected value presented</title>
                    <attachments/>
                    <steps/>
                </step>
                <step start="1589221725865" stop="1589221725865" status="passed">
                    <name>logStep[Verifyied Feed:5 Pub Ad Call plat Custm_Parameter Expected value presented]</name>
                    <title>Verifyied Feed:5 Pub Ad Call plat Custm_Parameter Expected value presented</title>
                    <attachments/>
                    <steps/>
                </step>
                <step start="1589221726646" stop="1589221726646" status="passed">
                    <name>logStep[Verifyied Feed:0 Pub Ad Call plat Custm_Parameter Expected value presented]</name>
                    <title>Verifyied Feed:0 Pub Ad Call plat Custm_Parameter Expected value presented</title>
                    <attachments/>
                    <steps/>
                </step>
                <step start="1589221727321" stop="1589221727321" status="passed">
                    <name>logStep[Verifyied Feed:1 Pub Ad Call plat Custm_Parameter Expected value presented]</name>
                    <title>Verifyied Feed:1 Pub Ad Call plat Custm_Parameter Expected value presented</title>
                    <attachments/>
                    <steps/>
                </step>
                <step start="1589221727619" stop="1589221727619" status="passed">
                    <name>logStep[Verifyied Feed:3 Pub Ad Call plat Custm_Parameter Expected value presented]</name>
                    <title>Verifyied Feed:3 Pub Ad Call plat Custm_Parameter Expected value presented</title>
                    <attachments/>
                    <steps/>
                </step>
            </steps>
            <attachments/>
            <labels>
                <label name="testSuite" value="Default suite"/>
                <label name="testGroup" value="Default test"/>
                <label name="testClass" value="twc.Regression.TestCases.regressionTestCases"/>
                <label name="testMethod" value="C658712_Verify_cust_param_plat"/>
                <label name="host" value="Aswinikumars-MacBook-Pro.local"/>
                <label name="thread" value="11928@Aswinikumars-MacBook-Pro.local.main(1)"/>
            </labels>
        </test-case>
        <test-case start="1589221724744" stop="1589221727647" status="passed">
            <name>C658712_Verify_cust_param_plat</name>
            <title>Verify custom parameter plat</title>
            <steps>
                <step start="1589221725161" stop="1589221725161" status="passed">
                    <name>logStep[Verifyied Feed:0 Pub Ad Call plat Custm_Parameter Expected value presented]</name>
                    <title>Verifyied Feed:0 Pub Ad Call plat Custm_Parameter Expected value presented</title>
                    <attachments/>
                    <steps/>
                </step>
                <step start="1589221725490" stop="1589221725490" status="passed">
                    <name>logStep[Verifyied Feed:1 Pub Ad Call plat Custm_Parameter Expected value presented]</name>
                    <title>Verifyied Feed:1 Pub Ad Call plat Custm_Parameter Expected value presented</title>
                    <attachments/>
                    <steps/>
                </step>
                <step start="1589221725865" stop="1589221725865" status="passed">
                    <name>logStep[Verifyied Feed:5 Pub Ad Call plat Custm_Parameter Expected value presented]</name>
                    <title>Verifyied Feed:5 Pub Ad Call plat Custm_Parameter Expected value presented</title>
                    <attachments/>
                    <steps/>
                </step>
                <step start="1589221726646" stop="1589221726646" status="passed">
                    <name>logStep[Verifyied Feed:0 Pub Ad Call plat Custm_Parameter Expected value presented]</name>
                    <title>Verifyied Feed:0 Pub Ad Call plat Custm_Parameter Expected value presented</title>
                    <attachments/>
                    <steps/>
                </step>
                <step start="1589221727321" stop="1589221727321" status="passed">
                    <name>logStep[Verifyied Feed:1 Pub Ad Call plat Custm_Parameter Expected value presented]</name>
                    <title>Verifyied Feed:1 Pub Ad Call plat Custm_Parameter Expected value presented</title>
                    <attachments/>
                    <steps/>
                </step>
                <step start="1589221727619" stop="1589221727619" status="passed">
                    <name>logStep[Verifyied Feed:3 Pub Ad Call plat Custm_Parameter Expected value presented]</name>
                    <title>Verifyied Feed:3 Pub Ad Call plat Custm_Parameter Expected value presented</title>
                    <attachments/>
                    <steps/>
                </step>
            </steps>
            <attachments/>
            <labels>
                <label name="testSuite" value="Default suite"/>
                <label name="testGroup" value="Default test"/>
                <label name="testClass" value="twc.Regression.TestCases.regressionTestCases"/>
                <label name="testMethod" value="C658712_Verify_cust_param_plat"/>
                <label name="host" value="Aswinikumars-MacBook-Pro.local"/>
                <label name="thread" value="11928@Aswinikumars-MacBook-Pro.local.main(1)"/>
            </labels>
        </test-case>
    </test-cases>
    <labels>
        <label name="framework" value="TestNG"/>
        <label name="language" value="JAVA"/>
    </labels>
</ns2:test-suite>
