<?xml version="1.0" encoding="UTF-8" standalone="yes"?>
<ns2:test-suite start="1589051760040" stop="1589051834318" version="1.5.4" xmlns:ns2="urn:model.allure.qatools.yandex.ru">
    <name>Default suite : Default test</name>
    <title>Default suite : Default test</title>
    <test-cases>
        <test-case start="1589051760251" stop="1589051766378" status="passed">
            <name>C333216_Verify_cust_param_cnd</name>
            <title>Verify custom parameter cnd</title>
            <steps>
                <step start="1589051760700" stop="1589051760702" status="passed">
                    <name>logStep[Verifyied Feed:iu=%2F7646%2Fapp_android_us%2Fdb_display%2Fhome_screen%2Fhourly Pub Ad Call cnd Custm_Parameter E...]</name>
                    <title>Verifyied Feed:iu=%2F7646%2Fapp_android_us%2Fdb_display%2Fhome_screen%2Fhourly Pub Ad Call cnd Custm_Parameter Expected ...</title>
                    <attachments/>
                    <steps/>
                </step>
                <step start="1589051761160" stop="1589051761160" status="passed">
                    <name>logStep[Verifyied Feed:iu=%2F7646%2Fapp_android_us%2Fdb_display%2Fhome_screen%2Fmarquee Pub Ad Call cnd Custm_Parameter ...]</name>
                    <title>Verifyied Feed:iu=%2F7646%2Fapp_android_us%2Fdb_display%2Fhome_screen%2Fmarquee Pub Ad Call cnd Custm_Parameter Expected...</title>
                    <attachments/>
                    <steps/>
                </step>
                <step start="1589051762169" stop="1589051762169" status="passed">
                    <name>logStep[Verifyied Feed:iu=%2F7646%2Fapp_android_us%2Fdb_display%2Fcard%2Fradar Pub Ad Call cnd Custm_Parameter Expected ...]</name>
                    <title>Verifyied Feed:iu=%2F7646%2Fapp_android_us%2Fdb_display%2Fcard%2Fradar Pub Ad Call cnd Custm_Parameter Expected value pr...</title>
                    <attachments/>
                    <steps/>
                </step>
                <step start="1589051762942" stop="1589051762942" status="passed">
                    <name>logStep[Verifyied Feed:iu=%2F7646%2Fapp_android_us%2Fdb_display%2Fcard%2Flifestyle Pub Ad Call cnd Custm_Parameter Expec...]</name>
                    <title>Verifyied Feed:iu=%2F7646%2Fapp_android_us%2Fdb_display%2Fcard%2Flifestyle Pub Ad Call cnd Custm_Parameter Expected valu...</title>
                    <attachments/>
                    <steps/>
                </step>
                <step start="1589051763320" stop="1589051763320" status="passed">
                    <name>logStep[Verifyied Feed:iu=%2F7646%2Fapp_android_us%2Fdb_display%2Fcard%2Fseason Pub Ad Call cnd Custm_Parameter Expected...]</name>
                    <title>Verifyied Feed:iu=%2F7646%2Fapp_android_us%2Fdb_display%2Fcard%2Fseason Pub Ad Call cnd Custm_Parameter Expected value p...</title>
                    <attachments/>
                    <steps/>
                </step>
                <step start="1589051763631" stop="1589051763631" status="passed">
                    <name>logStep[Verifyied Feed:iu=%2F7646%2Fapp_android_us%2Fdb_display%2Fcard%2Faq Pub Ad Call cnd Custm_Parameter Expected val...]</name>
                    <title>Verifyied Feed:iu=%2F7646%2Fapp_android_us%2Fdb_display%2Fcard%2Faq Pub Ad Call cnd Custm_Parameter Expected value prese...</title>
                    <attachments/>
                    <steps/>
                </step>
                <step start="1589051764614" stop="1589051764614" status="passed">
                    <name>logStep[Verifyied Feed:iu=%2F7646%2Fapp_android_us%2Fdb_display%2Fdetails%2Fmaps Pub Ad Call cnd Custm_Parameter Expecte...]</name>
                    <title>Verifyied Feed:iu=%2F7646%2Fapp_android_us%2Fdb_display%2Fdetails%2Fmaps Pub Ad Call cnd Custm_Parameter Expected value ...</title>
                    <attachments/>
                    <steps/>
                </step>
                <step start="1589051765516" stop="1589051765516" status="passed">
                    <name>logStep[Verifyied Feed:iu=%2F7646%2Fapp_android_us%2Fdb_display%2Fdetails%2Ftoday Pub Ad Call cnd Custm_Parameter Expect...]</name>
                    <title>Verifyied Feed:iu=%2F7646%2Fapp_android_us%2Fdb_display%2Fdetails%2Ftoday Pub Ad Call cnd Custm_Parameter Expected value...</title>
                    <attachments/>
                    <steps/>
                </step>
                <step start="1589051765820" stop="1589051765820" status="passed">
                    <name>logStep[Verifyied Feed:iu=%2F7646%2Fapp_android_us%2Fdb_display%2Fdetails%2Fhourly Pub Ad Call cnd Custm_Parameter Expec...]</name>
                    <title>Verifyied Feed:iu=%2F7646%2Fapp_android_us%2Fdb_display%2Fdetails%2Fhourly Pub Ad Call cnd Custm_Parameter Expected valu...</title>
                    <attachments/>
                    <steps/>
                </step>
                <step start="1589051766211" stop="1589051766211" status="passed">
                    <name>logStep[Verifyied Feed:iu=%2F7646%2Fapp_android_us%2Fdb_display%2Fdetails%2F10day Pub Ad Call cnd Custm_Parameter Expect...]</name>
                    <title>Verifyied Feed:iu=%2F7646%2Fapp_android_us%2Fdb_display%2Fdetails%2F10day Pub Ad Call cnd Custm_Parameter Expected value...</title>
                    <attachments/>
                    <steps/>
                </step>
            </steps>
            <attachments/>
            <labels>
                <label name="testSuite" value="Default suite"/>
                <label name="testGroup" value="Default test"/>
                <label name="testClass" value="twc.Regression.TestCases.regressionTestCases"/>
                <label name="testMethod" value="C333216_Verify_cust_param_cnd"/>
                <label name="host" value="Aswinikumars-MacBook-Pro.local"/>
                <label name="thread" value="1544@Aswinikumars-MacBook-Pro.local.main(1)"/>
            </labels>
        </test-case>
        <test-case start="1589051760251" stop="1589051766378" status="passed">
            <name>C333216_Verify_cust_param_cnd</name>
            <title>Verify custom parameter cnd</title>
            <steps>
                <step start="1589051760700" stop="1589051760702" status="passed">
                    <name>logStep[Verifyied Feed:iu=%2F7646%2Fapp_android_us%2Fdb_display%2Fhome_screen%2Fhourly Pub Ad Call cnd Custm_Parameter E...]</name>
                    <title>Verifyied Feed:iu=%2F7646%2Fapp_android_us%2Fdb_display%2Fhome_screen%2Fhourly Pub Ad Call cnd Custm_Parameter Expected ...</title>
                    <attachments/>
                    <steps/>
                </step>
                <step start="1589051761160" stop="1589051761160" status="passed">
                    <name>logStep[Verifyied Feed:iu=%2F7646%2Fapp_android_us%2Fdb_display%2Fhome_screen%2Fmarquee Pub Ad Call cnd Custm_Parameter ...]</name>
                    <title>Verifyied Feed:iu=%2F7646%2Fapp_android_us%2Fdb_display%2Fhome_screen%2Fmarquee Pub Ad Call cnd Custm_Parameter Expected...</title>
                    <attachments/>
                    <steps/>
                </step>
                <step start="1589051762169" stop="1589051762169" status="passed">
                    <name>logStep[Verifyied Feed:iu=%2F7646%2Fapp_android_us%2Fdb_display%2Fcard%2Fradar Pub Ad Call cnd Custm_Parameter Expected ...]</name>
                    <title>Verifyied Feed:iu=%2F7646%2Fapp_android_us%2Fdb_display%2Fcard%2Fradar Pub Ad Call cnd Custm_Parameter Expected value pr...</title>
                    <attachments/>
                    <steps/>
                </step>
                <step start="1589051762942" stop="1589051762942" status="passed">
                    <name>logStep[Verifyied Feed:iu=%2F7646%2Fapp_android_us%2Fdb_display%2Fcard%2Flifestyle Pub Ad Call cnd Custm_Parameter Expec...]</name>
                    <title>Verifyied Feed:iu=%2F7646%2Fapp_android_us%2Fdb_display%2Fcard%2Flifestyle Pub Ad Call cnd Custm_Parameter Expected valu...</title>
                    <attachments/>
                    <steps/>
                </step>
                <step start="1589051763320" stop="1589051763320" status="passed">
                    <name>logStep[Verifyied Feed:iu=%2F7646%2Fapp_android_us%2Fdb_display%2Fcard%2Fseason Pub Ad Call cnd Custm_Parameter Expected...]</name>
                    <title>Verifyied Feed:iu=%2F7646%2Fapp_android_us%2Fdb_display%2Fcard%2Fseason Pub Ad Call cnd Custm_Parameter Expected value p...</title>
                    <attachments/>
                    <steps/>
                </step>
                <step start="1589051763631" stop="1589051763631" status="passed">
                    <name>logStep[Verifyied Feed:iu=%2F7646%2Fapp_android_us%2Fdb_display%2Fcard%2Faq Pub Ad Call cnd Custm_Parameter Expected val...]</name>
                    <title>Verifyied Feed:iu=%2F7646%2Fapp_android_us%2Fdb_display%2Fcard%2Faq Pub Ad Call cnd Custm_Parameter Expected value prese...</title>
                    <attachments/>
                    <steps/>
                </step>
                <step start="1589051764614" stop="1589051764614" status="passed">
                    <name>logStep[Verifyied Feed:iu=%2F7646%2Fapp_android_us%2Fdb_display%2Fdetails%2Fmaps Pub Ad Call cnd Custm_Parameter Expecte...]</name>
                    <title>Verifyied Feed:iu=%2F7646%2Fapp_android_us%2Fdb_display%2Fdetails%2Fmaps Pub Ad Call cnd Custm_Parameter Expected value ...</title>
                    <attachments/>
                    <steps/>
                </step>
                <step start="1589051765516" stop="1589051765516" status="passed">
                    <name>logStep[Verifyied Feed:iu=%2F7646%2Fapp_android_us%2Fdb_display%2Fdetails%2Ftoday Pub Ad Call cnd Custm_Parameter Expect...]</name>
                    <title>Verifyied Feed:iu=%2F7646%2Fapp_android_us%2Fdb_display%2Fdetails%2Ftoday Pub Ad Call cnd Custm_Parameter Expected value...</title>
                    <attachments/>
                    <steps/>
                </step>
                <step start="1589051765820" stop="1589051765820" status="passed">
                    <name>logStep[Verifyied Feed:iu=%2F7646%2Fapp_android_us%2Fdb_display%2Fdetails%2Fhourly Pub Ad Call cnd Custm_Parameter Expec...]</name>
                    <title>Verifyied Feed:iu=%2F7646%2Fapp_android_us%2Fdb_display%2Fdetails%2Fhourly Pub Ad Call cnd Custm_Parameter Expected valu...</title>
                    <attachments/>
                    <steps/>
                </step>
                <step start="1589051766211" stop="1589051766211" status="passed">
                    <name>logStep[Verifyied Feed:iu=%2F7646%2Fapp_android_us%2Fdb_display%2Fdetails%2F10day Pub Ad Call cnd Custm_Parameter Expect...]</name>
                    <title>Verifyied Feed:iu=%2F7646%2Fapp_android_us%2Fdb_display%2Fdetails%2F10day Pub Ad Call cnd Custm_Parameter Expected value...</title>
                    <attachments/>
                    <steps/>
                </step>
            </steps>
            <attachments/>
            <labels>
                <label name="testSuite" value="Default suite"/>
                <label name="testGroup" value="Default test"/>
                <label name="testClass" value="twc.Regression.TestCases.regressionTestCases"/>
                <label name="testMethod" value="C333216_Verify_cust_param_cnd"/>
                <label name="host" value="Aswinikumars-MacBook-Pro.local"/>
                <label name="thread" value="1544@Aswinikumars-MacBook-Pro.local.main(1)"/>
            </labels>
        </test-case>
        <test-case start="1589051766385" stop="1589051769823" status="passed">
            <name>C333202_Verify_cust_param_zip</name>
            <title>Verify custom parameter zip</title>
            <steps>
                <step start="1589051766565" stop="1589051766565" status="passed">
                    <name>logStep[Verifyied Feed:0 Pub Ad Call zip Custm_Parameter Expected value presented]</name>
                    <title>Verifyied Feed:0 Pub Ad Call zip Custm_Parameter Expected value presented</title>
                    <attachments/>
                    <steps/>
                </step>
                <step start="1589051766678" stop="1589051766678" status="passed">
                    <name>logStep[Verifyied Feed:1 Pub Ad Call zip Custm_Parameter Expected value presented]</name>
                    <title>Verifyied Feed:1 Pub Ad Call zip Custm_Parameter Expected value presented</title>
                    <attachments/>
                    <steps/>
                </step>
                <step start="1589051767418" stop="1589051767418" status="passed">
                    <name>logStep[Verifyied Feed:2 Pub Ad Call zip Custm_Parameter Expected value presented]</name>
                    <title>Verifyied Feed:2 Pub Ad Call zip Custm_Parameter Expected value presented</title>
                    <attachments/>
                    <steps/>
                </step>
                <step start="1589051768010" stop="1589051768010" status="passed">
                    <name>logStep[Verifyied Feed:3 Pub Ad Call zip Custm_Parameter Expected value presented]</name>
                    <title>Verifyied Feed:3 Pub Ad Call zip Custm_Parameter Expected value presented</title>
                    <attachments/>
                    <steps/>
                </step>
                <step start="1589051768138" stop="1589051768138" status="passed">
                    <name>logStep[Verifyied Feed:4 Pub Ad Call zip Custm_Parameter Expected value presented]</name>
                    <title>Verifyied Feed:4 Pub Ad Call zip Custm_Parameter Expected value presented</title>
                    <attachments/>
                    <steps/>
                </step>
                <step start="1589051768268" stop="1589051768268" status="passed">
                    <name>logStep[Verifyied Feed:5 Pub Ad Call zip Custm_Parameter Expected value presented]</name>
                    <title>Verifyied Feed:5 Pub Ad Call zip Custm_Parameter Expected value presented</title>
                    <attachments/>
                    <steps/>
                </step>
                <step start="1589051769015" stop="1589051769015" status="passed">
                    <name>logStep[Verifyied Feed:0 Pub Ad Call zip Custm_Parameter Expected value presented]</name>
                    <title>Verifyied Feed:0 Pub Ad Call zip Custm_Parameter Expected value presented</title>
                    <attachments/>
                    <steps/>
                </step>
                <step start="1589051769655" stop="1589051769655" status="passed">
                    <name>logStep[Verifyied Feed:1 Pub Ad Call zip Custm_Parameter Expected value presented]</name>
                    <title>Verifyied Feed:1 Pub Ad Call zip Custm_Parameter Expected value presented</title>
                    <attachments/>
                    <steps/>
                </step>
                <step start="1589051769748" stop="1589051769748" status="passed">
                    <name>logStep[Verifyied Feed:2 Pub Ad Call zip Custm_Parameter Expected value presented]</name>
                    <title>Verifyied Feed:2 Pub Ad Call zip Custm_Parameter Expected value presented</title>
                    <attachments/>
                    <steps/>
                </step>
                <step start="1589051769801" stop="1589051769801" status="passed">
                    <name>logStep[Verifyied Feed:3 Pub Ad Call zip Custm_Parameter Expected value presented]</name>
                    <title>Verifyied Feed:3 Pub Ad Call zip Custm_Parameter Expected value presented</title>
                    <attachments/>
                    <steps/>
                </step>
            </steps>
            <attachments/>
            <labels>
                <label name="testSuite" value="Default suite"/>
                <label name="testGroup" value="Default test"/>
                <label name="testClass" value="twc.Regression.TestCases.regressionTestCases"/>
                <label name="testMethod" value="C333202_Verify_cust_param_zip"/>
                <label name="host" value="Aswinikumars-MacBook-Pro.local"/>
                <label name="thread" value="1544@Aswinikumars-MacBook-Pro.local.main(1)"/>
            </labels>
        </test-case>
        <test-case start="1589051766385" stop="1589051769823" status="passed">
            <name>C333202_Verify_cust_param_zip</name>
            <title>Verify custom parameter zip</title>
            <steps>
                <step start="1589051766565" stop="1589051766565" status="passed">
                    <name>logStep[Verifyied Feed:0 Pub Ad Call zip Custm_Parameter Expected value presented]</name>
                    <title>Verifyied Feed:0 Pub Ad Call zip Custm_Parameter Expected value presented</title>
                    <attachments/>
                    <steps/>
                </step>
                <step start="1589051766678" stop="1589051766678" status="passed">
                    <name>logStep[Verifyied Feed:1 Pub Ad Call zip Custm_Parameter Expected value presented]</name>
                    <title>Verifyied Feed:1 Pub Ad Call zip Custm_Parameter Expected value presented</title>
                    <attachments/>
                    <steps/>
                </step>
                <step start="1589051767418" stop="1589051767418" status="passed">
                    <name>logStep[Verifyied Feed:2 Pub Ad Call zip Custm_Parameter Expected value presented]</name>
                    <title>Verifyied Feed:2 Pub Ad Call zip Custm_Parameter Expected value presented</title>
                    <attachments/>
                    <steps/>
                </step>
                <step start="1589051768010" stop="1589051768010" status="passed">
                    <name>logStep[Verifyied Feed:3 Pub Ad Call zip Custm_Parameter Expected value presented]</name>
                    <title>Verifyied Feed:3 Pub Ad Call zip Custm_Parameter Expected value presented</title>
                    <attachments/>
                    <steps/>
                </step>
                <step start="1589051768138" stop="1589051768138" status="passed">
                    <name>logStep[Verifyied Feed:4 Pub Ad Call zip Custm_Parameter Expected value presented]</name>
                    <title>Verifyied Feed:4 Pub Ad Call zip Custm_Parameter Expected value presented</title>
                    <attachments/>
                    <steps/>
                </step>
                <step start="1589051768268" stop="1589051768268" status="passed">
                    <name>logStep[Verifyied Feed:5 Pub Ad Call zip Custm_Parameter Expected value presented]</name>
                    <title>Verifyied Feed:5 Pub Ad Call zip Custm_Parameter Expected value presented</title>
                    <attachments/>
                    <steps/>
                </step>
                <step start="1589051769015" stop="1589051769015" status="passed">
                    <name>logStep[Verifyied Feed:0 Pub Ad Call zip Custm_Parameter Expected value presented]</name>
                    <title>Verifyied Feed:0 Pub Ad Call zip Custm_Parameter Expected value presented</title>
                    <attachments/>
                    <steps/>
                </step>
                <step start="1589051769655" stop="1589051769655" status="passed">
                    <name>logStep[Verifyied Feed:1 Pub Ad Call zip Custm_Parameter Expected value presented]</name>
                    <title>Verifyied Feed:1 Pub Ad Call zip Custm_Parameter Expected value presented</title>
                    <attachments/>
                    <steps/>
                </step>
                <step start="1589051769748" stop="1589051769748" status="passed">
                    <name>logStep[Verifyied Feed:2 Pub Ad Call zip Custm_Parameter Expected value presented]</name>
                    <title>Verifyied Feed:2 Pub Ad Call zip Custm_Parameter Expected value presented</title>
                    <attachments/>
                    <steps/>
                </step>
                <step start="1589051769801" stop="1589051769801" status="passed">
                    <name>logStep[Verifyied Feed:3 Pub Ad Call zip Custm_Parameter Expected value presented]</name>
                    <title>Verifyied Feed:3 Pub Ad Call zip Custm_Parameter Expected value presented</title>
                    <attachments/>
                    <steps/>
                </step>
            </steps>
            <attachments/>
            <labels>
                <label name="testSuite" value="Default suite"/>
                <label name="testGroup" value="Default test"/>
                <label name="testClass" value="twc.Regression.TestCases.regressionTestCases"/>
                <label name="testMethod" value="C333202_Verify_cust_param_zip"/>
                <label name="host" value="Aswinikumars-MacBook-Pro.local"/>
                <label name="thread" value="1544@Aswinikumars-MacBook-Pro.local.main(1)"/>
            </labels>
        </test-case>
        <test-case start="1589051769827" stop="1589051770054" status="broken">
            <name>C333203_Verify_cust_param_dma</name>
            <title>Verify custom parameter dma</title>
            <failure>
                <message>StringIndexOutOfBoundsException: String index out of range: -1</message>
                <stack-trace>java.lang.StringIndexOutOfBoundsException: String index out of range: -1
	at java.lang.String.substring(String.java:1927)
	at twc.Regression.CustomParamValidation.CustomParamFunctions.get_dsx_call_value(CustomParamFunctions.java:704)
	at twc.Regression.CustomParamValidation.CustomParamFunctions.validate_dsx_results(CustomParamFunctions.java:289)
	at twc.Regression.TestCases.Custom_Parameters_Verification.parameters_Verification(Custom_Parameters_Verification.java:242)
	at twc.Regression.TestCases.regressionTestCases.C333203_Verify_cust_param_dma(regressionTestCases.java:61)
	at sun.reflect.NativeMethodAccessorImpl.invoke0(Native Method)
	at sun.reflect.NativeMethodAccessorImpl.invoke(NativeMethodAccessorImpl.java:62)
	at sun.reflect.DelegatingMethodAccessorImpl.invoke(DelegatingMethodAccessorImpl.java:43)
	at java.lang.reflect.Method.invoke(Method.java:498)
	at org.testng.internal.MethodInvocationHelper.invokeMethod(MethodInvocationHelper.java:85)
	at org.testng.internal.Invoker.invokeMethod(Invoker.java:659)
	at org.testng.internal.Invoker.invokeTestMethod(Invoker.java:845)
	at org.testng.internal.Invoker.invokeTestMethods(Invoker.java:1153)
	at org.testng.internal.TestMethodWorker.invokeTestMethods(TestMethodWorker.java:125)
	at org.testng.internal.TestMethodWorker.run(TestMethodWorker.java:108)
	at org.testng.TestRunner.privateRun(TestRunner.java:771)
	at org.testng.TestRunner.run(TestRunner.java:621)
	at org.testng.SuiteRunner.runTest(SuiteRunner.java:357)
	at org.testng.SuiteRunner.runSequentially(SuiteRunner.java:352)
	at org.testng.SuiteRunner.privateRun(SuiteRunner.java:310)
	at org.testng.SuiteRunner.run(SuiteRunner.java:259)
	at org.testng.SuiteRunnerWorker.runSuite(SuiteRunnerWorker.java:52)
	at org.testng.SuiteRunnerWorker.run(SuiteRunnerWorker.java:86)
	at org.testng.TestNG.runSuitesSequentially(TestNG.java:1199)
	at org.testng.TestNG.runSuitesLocally(TestNG.java:1124)
	at org.testng.TestNG.run(TestNG.java:1032)
	at org.testng.remote.AbstractRemoteTestNG.run(AbstractRemoteTestNG.java:115)
	at org.testng.remote.RemoteTestNG.initAndRun(RemoteTestNG.java:251)
	at org.testng.remote.RemoteTestNG.main(RemoteTestNG.java:77)
</stack-trace>
            </failure>
            <steps>
                <step start="1589051769973" stop="1589051769973" status="passed">
                    <name>logStep[Verifyied Feed:0 Pub Ad Call dma Custm_Parameter Expected value presented]</name>
                    <title>Verifyied Feed:0 Pub Ad Call dma Custm_Parameter Expected value presented</title>
                </step>
            </steps>
            <attachments/>
            <labels>
                <label name="testSuite" value="Default suite"/>
                <label name="testGroup" value="Default test"/>
                <label name="testClass" value="twc.Regression.TestCases.regressionTestCases"/>
                <label name="testMethod" value="C333203_Verify_cust_param_dma"/>
                <label name="host" value="Aswinikumars-MacBook-Pro.local"/>
                <label name="thread" value="1544@Aswinikumars-MacBook-Pro.local.main(1)"/>
            </labels>
        </test-case>
        <test-case start="1589051769827" stop="1589051770054" status="broken">
            <name>C333203_Verify_cust_param_dma</name>
            <title>Verify custom parameter dma</title>
            <failure>
                <message>StringIndexOutOfBoundsException: String index out of range: -1</message>
                <stack-trace>java.lang.StringIndexOutOfBoundsException: String index out of range: -1
	at java.lang.String.substring(String.java:1927)
	at twc.Regression.CustomParamValidation.CustomParamFunctions.get_dsx_call_value(CustomParamFunctions.java:704)
	at twc.Regression.CustomParamValidation.CustomParamFunctions.validate_dsx_results(CustomParamFunctions.java:289)
	at twc.Regression.TestCases.Custom_Parameters_Verification.parameters_Verification(Custom_Parameters_Verification.java:242)
	at twc.Regression.TestCases.regressionTestCases.C333203_Verify_cust_param_dma(regressionTestCases.java:61)
	at sun.reflect.NativeMethodAccessorImpl.invoke0(Native Method)
	at sun.reflect.NativeMethodAccessorImpl.invoke(NativeMethodAccessorImpl.java:62)
	at sun.reflect.DelegatingMethodAccessorImpl.invoke(DelegatingMethodAccessorImpl.java:43)
	at java.lang.reflect.Method.invoke(Method.java:498)
	at org.testng.internal.MethodInvocationHelper.invokeMethod(MethodInvocationHelper.java:85)
	at org.testng.internal.Invoker.invokeMethod(Invoker.java:659)
	at org.testng.internal.Invoker.invokeTestMethod(Invoker.java:845)
	at org.testng.internal.Invoker.invokeTestMethods(Invoker.java:1153)
	at org.testng.internal.TestMethodWorker.invokeTestMethods(TestMethodWorker.java:125)
	at org.testng.internal.TestMethodWorker.run(TestMethodWorker.java:108)
	at org.testng.TestRunner.privateRun(TestRunner.java:771)
	at org.testng.TestRunner.run(TestRunner.java:621)
	at org.testng.SuiteRunner.runTest(SuiteRunner.java:357)
	at org.testng.SuiteRunner.runSequentially(SuiteRunner.java:352)
	at org.testng.SuiteRunner.privateRun(SuiteRunner.java:310)
	at org.testng.SuiteRunner.run(SuiteRunner.java:259)
	at org.testng.SuiteRunnerWorker.runSuite(SuiteRunnerWorker.java:52)
	at org.testng.SuiteRunnerWorker.run(SuiteRunnerWorker.java:86)
	at org.testng.TestNG.runSuitesSequentially(TestNG.java:1199)
	at org.testng.TestNG.runSuitesLocally(TestNG.java:1124)
	at org.testng.TestNG.run(TestNG.java:1032)
	at org.testng.remote.AbstractRemoteTestNG.run(AbstractRemoteTestNG.java:115)
	at org.testng.remote.RemoteTestNG.initAndRun(RemoteTestNG.java:251)
	at org.testng.remote.RemoteTestNG.main(RemoteTestNG.java:77)
</stack-trace>
            </failure>
            <steps>
                <step start="1589051769973" stop="1589051769973" status="passed">
                    <name>logStep[Verifyied Feed:0 Pub Ad Call dma Custm_Parameter Expected value presented]</name>
                    <title>Verifyied Feed:0 Pub Ad Call dma Custm_Parameter Expected value presented</title>
                </step>
            </steps>
            <attachments/>
            <labels>
                <label name="testSuite" value="Default suite"/>
                <label name="testGroup" value="Default test"/>
                <label name="testClass" value="twc.Regression.TestCases.regressionTestCases"/>
                <label name="testMethod" value="C333203_Verify_cust_param_dma"/>
                <label name="host" value="Aswinikumars-MacBook-Pro.local"/>
                <label name="thread" value="1544@Aswinikumars-MacBook-Pro.local.main(1)"/>
            </labels>
        </test-case>
        <test-case start="1589051770057" stop="1589051773409" status="passed">
            <name>C333218_Verify_cust_param_pos</name>
            <title>Verify custom parameter pos</title>
            <steps>
                <step start="1589051770204" stop="1589051770204" status="passed">
                    <name>logStep[Verifyied Feed:0 Pub Ad Call pos Custm_Parameter Expected value presented]</name>
                    <title>Verifyied Feed:0 Pub Ad Call pos Custm_Parameter Expected value presented</title>
                    <attachments/>
                    <steps/>
                </step>
                <step start="1589051770311" stop="1589051770311" status="passed">
                    <name>logStep[Verifyied Feed:1 Pub Ad Call pos Custm_Parameter Expected value presented]</name>
                    <title>Verifyied Feed:1 Pub Ad Call pos Custm_Parameter Expected value presented</title>
                    <attachments/>
                    <steps/>
                </step>
                <step start="1589051770894" stop="1589051770894" status="passed">
                    <name>logStep[Verifyied Feed:2 Pub Ad Call pos Custm_Parameter Expected value presented]</name>
                    <title>Verifyied Feed:2 Pub Ad Call pos Custm_Parameter Expected value presented</title>
                    <attachments/>
                    <steps/>
                </step>
                <step start="1589051771479" stop="1589051771479" status="passed">
                    <name>logStep[Verifyied Feed:3 Pub Ad Call pos Custm_Parameter Expected value presented]</name>
                    <title>Verifyied Feed:3 Pub Ad Call pos Custm_Parameter Expected value presented</title>
                    <attachments/>
                    <steps/>
                </step>
                <step start="1589051771623" stop="1589051771623" status="passed">
                    <name>logStep[Verifyied Feed:4 Pub Ad Call pos Custm_Parameter Expected value presented]</name>
                    <title>Verifyied Feed:4 Pub Ad Call pos Custm_Parameter Expected value presented</title>
                    <attachments/>
                    <steps/>
                </step>
                <step start="1589051771754" stop="1589051771754" status="passed">
                    <name>logStep[Verifyied Feed:5 Pub Ad Call pos Custm_Parameter Expected value presented]</name>
                    <title>Verifyied Feed:5 Pub Ad Call pos Custm_Parameter Expected value presented</title>
                    <attachments/>
                    <steps/>
                </step>
                <step start="1589051772415" stop="1589051772415" status="passed">
                    <name>logStep[Verifyied Feed:0 Pub Ad Call pos Custm_Parameter Expected value presented]</name>
                    <title>Verifyied Feed:0 Pub Ad Call pos Custm_Parameter Expected value presented</title>
                    <attachments/>
                    <steps/>
                </step>
                <step start="1589051773177" stop="1589051773177" status="passed">
                    <name>logStep[Verifyied Feed:1 Pub Ad Call pos Custm_Parameter Expected value presented]</name>
                    <title>Verifyied Feed:1 Pub Ad Call pos Custm_Parameter Expected value presented</title>
                    <attachments/>
                    <steps/>
                </step>
                <step start="1589051773302" stop="1589051773302" status="passed">
                    <name>logStep[Verifyied Feed:2 Pub Ad Call pos Custm_Parameter Expected value presented]</name>
                    <title>Verifyied Feed:2 Pub Ad Call pos Custm_Parameter Expected value presented</title>
                    <attachments/>
                    <steps/>
                </step>
                <step start="1589051773381" stop="1589051773381" status="passed">
                    <name>logStep[Verifyied Feed:3 Pub Ad Call pos Custm_Parameter Expected value presented]</name>
                    <title>Verifyied Feed:3 Pub Ad Call pos Custm_Parameter Expected value presented</title>
                    <attachments/>
                    <steps/>
                </step>
            </steps>
            <attachments/>
            <labels>
                <label name="testSuite" value="Default suite"/>
                <label name="testGroup" value="Default test"/>
                <label name="testClass" value="twc.Regression.TestCases.regressionTestCases"/>
                <label name="testMethod" value="C333218_Verify_cust_param_pos"/>
                <label name="host" value="Aswinikumars-MacBook-Pro.local"/>
                <label name="thread" value="1544@Aswinikumars-MacBook-Pro.local.main(1)"/>
            </labels>
        </test-case>
        <test-case start="1589051770057" stop="1589051773409" status="passed">
            <name>C333218_Verify_cust_param_pos</name>
            <title>Verify custom parameter pos</title>
            <steps>
                <step start="1589051770204" stop="1589051770204" status="passed">
                    <name>logStep[Verifyied Feed:0 Pub Ad Call pos Custm_Parameter Expected value presented]</name>
                    <title>Verifyied Feed:0 Pub Ad Call pos Custm_Parameter Expected value presented</title>
                    <attachments/>
                    <steps/>
                </step>
                <step start="1589051770311" stop="1589051770311" status="passed">
                    <name>logStep[Verifyied Feed:1 Pub Ad Call pos Custm_Parameter Expected value presented]</name>
                    <title>Verifyied Feed:1 Pub Ad Call pos Custm_Parameter Expected value presented</title>
                    <attachments/>
                    <steps/>
                </step>
                <step start="1589051770894" stop="1589051770894" status="passed">
                    <name>logStep[Verifyied Feed:2 Pub Ad Call pos Custm_Parameter Expected value presented]</name>
                    <title>Verifyied Feed:2 Pub Ad Call pos Custm_Parameter Expected value presented</title>
                    <attachments/>
                    <steps/>
                </step>
                <step start="1589051771479" stop="1589051771479" status="passed">
                    <name>logStep[Verifyied Feed:3 Pub Ad Call pos Custm_Parameter Expected value presented]</name>
                    <title>Verifyied Feed:3 Pub Ad Call pos Custm_Parameter Expected value presented</title>
                    <attachments/>
                    <steps/>
                </step>
                <step start="1589051771623" stop="1589051771623" status="passed">
                    <name>logStep[Verifyied Feed:4 Pub Ad Call pos Custm_Parameter Expected value presented]</name>
                    <title>Verifyied Feed:4 Pub Ad Call pos Custm_Parameter Expected value presented</title>
                    <attachments/>
                    <steps/>
                </step>
                <step start="1589051771754" stop="1589051771754" status="passed">
                    <name>logStep[Verifyied Feed:5 Pub Ad Call pos Custm_Parameter Expected value presented]</name>
                    <title>Verifyied Feed:5 Pub Ad Call pos Custm_Parameter Expected value presented</title>
                    <attachments/>
                    <steps/>
                </step>
                <step start="1589051772415" stop="1589051772415" status="passed">
                    <name>logStep[Verifyied Feed:0 Pub Ad Call pos Custm_Parameter Expected value presented]</name>
                    <title>Verifyied Feed:0 Pub Ad Call pos Custm_Parameter Expected value presented</title>
                    <attachments/>
                    <steps/>
                </step>
                <step start="1589051773177" stop="1589051773177" status="passed">
                    <name>logStep[Verifyied Feed:1 Pub Ad Call pos Custm_Parameter Expected value presented]</name>
                    <title>Verifyied Feed:1 Pub Ad Call pos Custm_Parameter Expected value presented</title>
                    <attachments/>
                    <steps/>
                </step>
                <step start="1589051773302" stop="1589051773302" status="passed">
                    <name>logStep[Verifyied Feed:2 Pub Ad Call pos Custm_Parameter Expected value presented]</name>
                    <title>Verifyied Feed:2 Pub Ad Call pos Custm_Parameter Expected value presented</title>
                    <attachments/>
                    <steps/>
                </step>
                <step start="1589051773381" stop="1589051773381" status="passed">
                    <name>logStep[Verifyied Feed:3 Pub Ad Call pos Custm_Parameter Expected value presented]</name>
                    <title>Verifyied Feed:3 Pub Ad Call pos Custm_Parameter Expected value presented</title>
                    <attachments/>
                    <steps/>
                </step>
            </steps>
            <attachments/>
            <labels>
                <label name="testSuite" value="Default suite"/>
                <label name="testGroup" value="Default test"/>
                <label name="testClass" value="twc.Regression.TestCases.regressionTestCases"/>
                <label name="testMethod" value="C333218_Verify_cust_param_pos"/>
                <label name="host" value="Aswinikumars-MacBook-Pro.local"/>
                <label name="thread" value="1544@Aswinikumars-MacBook-Pro.local.main(1)"/>
            </labels>
        </test-case>
        <test-case start="1589051773413" stop="1589051778603" status="passed">
            <name>C333208_Verify_cust_param_tmp</name>
            <title>Verify custom parameter tmp</title>
            <steps>
                <step start="1589051773585" stop="1589051773585" status="passed">
                    <name>logStep[Verifyied Feed:0 Pub Ad Call tmp Custm_Parameter Expected value presented]</name>
                    <title>Verifyied Feed:0 Pub Ad Call tmp Custm_Parameter Expected value presented</title>
                    <attachments/>
                    <steps/>
                </step>
                <step start="1589051773881" stop="1589051773881" status="passed">
                    <name>logStep[Verifyied Feed:1 Pub Ad Call tmp Custm_Parameter Expected value presented]</name>
                    <title>Verifyied Feed:1 Pub Ad Call tmp Custm_Parameter Expected value presented</title>
                    <attachments/>
                    <steps/>
                </step>
                <step start="1589051774747" stop="1589051774747" status="passed">
                    <name>logStep[Verifyied Feed:2 Pub Ad Call tmp Custm_Parameter Expected value presented]</name>
                    <title>Verifyied Feed:2 Pub Ad Call tmp Custm_Parameter Expected value presented</title>
                    <attachments/>
                    <steps/>
                </step>
                <step start="1589051775579" stop="1589051775579" status="passed">
                    <name>logStep[Verifyied Feed:3 Pub Ad Call tmp Custm_Parameter Expected value presented]</name>
                    <title>Verifyied Feed:3 Pub Ad Call tmp Custm_Parameter Expected value presented</title>
                    <attachments/>
                    <steps/>
                </step>
                <step start="1589051775893" stop="1589051775893" status="passed">
                    <name>logStep[Verifyied Feed:4 Pub Ad Call tmp Custm_Parameter Expected value presented]</name>
                    <title>Verifyied Feed:4 Pub Ad Call tmp Custm_Parameter Expected value presented</title>
                    <attachments/>
                    <steps/>
                </step>
                <step start="1589051776185" stop="1589051776185" status="passed">
                    <name>logStep[Verifyied Feed:5 Pub Ad Call tmp Custm_Parameter Expected value presented]</name>
                    <title>Verifyied Feed:5 Pub Ad Call tmp Custm_Parameter Expected value presented</title>
                    <attachments/>
                    <steps/>
                </step>
                <step start="1589051777018" stop="1589051777018" status="passed">
                    <name>logStep[Verifyied Feed:0 Pub Ad Call tmp Custm_Parameter Expected value presented]</name>
                    <title>Verifyied Feed:0 Pub Ad Call tmp Custm_Parameter Expected value presented</title>
                    <attachments/>
                    <steps/>
                </step>
                <step start="1589051777860" stop="1589051777860" status="passed">
                    <name>logStep[Verifyied Feed:1 Pub Ad Call tmp Custm_Parameter Expected value presented]</name>
                    <title>Verifyied Feed:1 Pub Ad Call tmp Custm_Parameter Expected value presented</title>
                    <attachments/>
                    <steps/>
                </step>
                <step start="1589051778144" stop="1589051778144" status="passed">
                    <name>logStep[Verifyied Feed:2 Pub Ad Call tmp Custm_Parameter Expected value presented]</name>
                    <title>Verifyied Feed:2 Pub Ad Call tmp Custm_Parameter Expected value presented</title>
                    <attachments/>
                    <steps/>
                </step>
                <step start="1589051778413" stop="1589051778413" status="passed">
                    <name>logStep[Verifyied Feed:3 Pub Ad Call tmp Custm_Parameter Expected value presented]</name>
                    <title>Verifyied Feed:3 Pub Ad Call tmp Custm_Parameter Expected value presented</title>
                    <attachments/>
                    <steps/>
                </step>
            </steps>
            <attachments/>
            <labels>
                <label name="testSuite" value="Default suite"/>
                <label name="testGroup" value="Default test"/>
                <label name="testClass" value="twc.Regression.TestCases.regressionTestCases"/>
                <label name="testMethod" value="C333208_Verify_cust_param_tmp"/>
                <label name="host" value="Aswinikumars-MacBook-Pro.local"/>
                <label name="thread" value="1544@Aswinikumars-MacBook-Pro.local.main(1)"/>
            </labels>
        </test-case>
        <test-case start="1589051773413" stop="1589051778603" status="passed">
            <name>C333208_Verify_cust_param_tmp</name>
            <title>Verify custom parameter tmp</title>
            <steps>
                <step start="1589051773585" stop="1589051773585" status="passed">
                    <name>logStep[Verifyied Feed:0 Pub Ad Call tmp Custm_Parameter Expected value presented]</name>
                    <title>Verifyied Feed:0 Pub Ad Call tmp Custm_Parameter Expected value presented</title>
                    <attachments/>
                    <steps/>
                </step>
                <step start="1589051773881" stop="1589051773881" status="passed">
                    <name>logStep[Verifyied Feed:1 Pub Ad Call tmp Custm_Parameter Expected value presented]</name>
                    <title>Verifyied Feed:1 Pub Ad Call tmp Custm_Parameter Expected value presented</title>
                    <attachments/>
                    <steps/>
                </step>
                <step start="1589051774747" stop="1589051774747" status="passed">
                    <name>logStep[Verifyied Feed:2 Pub Ad Call tmp Custm_Parameter Expected value presented]</name>
                    <title>Verifyied Feed:2 Pub Ad Call tmp Custm_Parameter Expected value presented</title>
                    <attachments/>
                    <steps/>
                </step>
                <step start="1589051775579" stop="1589051775579" status="passed">
                    <name>logStep[Verifyied Feed:3 Pub Ad Call tmp Custm_Parameter Expected value presented]</name>
                    <title>Verifyied Feed:3 Pub Ad Call tmp Custm_Parameter Expected value presented</title>
                    <attachments/>
                    <steps/>
                </step>
                <step start="1589051775893" stop="1589051775893" status="passed">
                    <name>logStep[Verifyied Feed:4 Pub Ad Call tmp Custm_Parameter Expected value presented]</name>
                    <title>Verifyied Feed:4 Pub Ad Call tmp Custm_Parameter Expected value presented</title>
                    <attachments/>
                    <steps/>
                </step>
                <step start="1589051776185" stop="1589051776185" status="passed">
                    <name>logStep[Verifyied Feed:5 Pub Ad Call tmp Custm_Parameter Expected value presented]</name>
                    <title>Verifyied Feed:5 Pub Ad Call tmp Custm_Parameter Expected value presented</title>
                    <attachments/>
                    <steps/>
                </step>
                <step start="1589051777018" stop="1589051777018" status="passed">
                    <name>logStep[Verifyied Feed:0 Pub Ad Call tmp Custm_Parameter Expected value presented]</name>
                    <title>Verifyied Feed:0 Pub Ad Call tmp Custm_Parameter Expected value presented</title>
                    <attachments/>
                    <steps/>
                </step>
                <step start="1589051777860" stop="1589051777860" status="passed">
                    <name>logStep[Verifyied Feed:1 Pub Ad Call tmp Custm_Parameter Expected value presented]</name>
                    <title>Verifyied Feed:1 Pub Ad Call tmp Custm_Parameter Expected value presented</title>
                    <attachments/>
                    <steps/>
                </step>
                <step start="1589051778144" stop="1589051778144" status="passed">
                    <name>logStep[Verifyied Feed:2 Pub Ad Call tmp Custm_Parameter Expected value presented]</name>
                    <title>Verifyied Feed:2 Pub Ad Call tmp Custm_Parameter Expected value presented</title>
                    <attachments/>
                    <steps/>
                </step>
                <step start="1589051778413" stop="1589051778413" status="passed">
                    <name>logStep[Verifyied Feed:3 Pub Ad Call tmp Custm_Parameter Expected value presented]</name>
                    <title>Verifyied Feed:3 Pub Ad Call tmp Custm_Parameter Expected value presented</title>
                    <attachments/>
                    <steps/>
                </step>
            </steps>
            <attachments/>
            <labels>
                <label name="testSuite" value="Default suite"/>
                <label name="testGroup" value="Default test"/>
                <label name="testClass" value="twc.Regression.TestCases.regressionTestCases"/>
                <label name="testMethod" value="C333208_Verify_cust_param_tmp"/>
                <label name="host" value="Aswinikumars-MacBook-Pro.local"/>
                <label name="thread" value="1544@Aswinikumars-MacBook-Pro.local.main(1)"/>
            </labels>
        </test-case>
        <test-case start="1589051778607" stop="1589051782306" status="passed">
            <name>C658712_Verify_cust_param_plat</name>
            <title>Verify custom parameter plat</title>
            <steps>
                <step start="1589051778767" stop="1589051778767" status="passed">
                    <name>logStep[Verifyied Feed:0 Pub Ad Call plat Custm_Parameter Expected value presented]</name>
                    <title>Verifyied Feed:0 Pub Ad Call plat Custm_Parameter Expected value presented</title>
                    <attachments/>
                    <steps/>
                </step>
                <step start="1589051778883" stop="1589051778883" status="passed">
                    <name>logStep[Verifyied Feed:1 Pub Ad Call plat Custm_Parameter Expected value presented]</name>
                    <title>Verifyied Feed:1 Pub Ad Call plat Custm_Parameter Expected value presented</title>
                    <attachments/>
                    <steps/>
                </step>
                <step start="1589051779556" stop="1589051779556" status="passed">
                    <name>logStep[Verifyied Feed:2 Pub Ad Call plat Custm_Parameter Expected value presented]</name>
                    <title>Verifyied Feed:2 Pub Ad Call plat Custm_Parameter Expected value presented</title>
                    <attachments/>
                    <steps/>
                </step>
                <step start="1589051780344" stop="1589051780344" status="passed">
                    <name>logStep[Verifyied Feed:3 Pub Ad Call plat Custm_Parameter Expected value presented]</name>
                    <title>Verifyied Feed:3 Pub Ad Call plat Custm_Parameter Expected value presented</title>
                    <attachments/>
                    <steps/>
                </step>
                <step start="1589051780508" stop="1589051780508" status="passed">
                    <name>logStep[Verifyied Feed:4 Pub Ad Call plat Custm_Parameter Expected value presented]</name>
                    <title>Verifyied Feed:4 Pub Ad Call plat Custm_Parameter Expected value presented</title>
                    <attachments/>
                    <steps/>
                </step>
                <step start="1589051780664" stop="1589051780664" status="passed">
                    <name>logStep[Verifyied Feed:5 Pub Ad Call plat Custm_Parameter Expected value presented]</name>
                    <title>Verifyied Feed:5 Pub Ad Call plat Custm_Parameter Expected value presented</title>
                    <attachments/>
                    <steps/>
                </step>
                <step start="1589051781402" stop="1589051781402" status="passed">
                    <name>logStep[Verifyied Feed:0 Pub Ad Call plat Custm_Parameter Expected value presented]</name>
                    <title>Verifyied Feed:0 Pub Ad Call plat Custm_Parameter Expected value presented</title>
                    <attachments/>
                    <steps/>
                </step>
                <step start="1589051782118" stop="1589051782118" status="passed">
                    <name>logStep[Verifyied Feed:1 Pub Ad Call plat Custm_Parameter Expected value presented]</name>
                    <title>Verifyied Feed:1 Pub Ad Call plat Custm_Parameter Expected value presented</title>
                    <attachments/>
                    <steps/>
                </step>
                <step start="1589051782218" stop="1589051782218" status="passed">
                    <name>logStep[Verifyied Feed:2 Pub Ad Call plat Custm_Parameter Expected value presented]</name>
                    <title>Verifyied Feed:2 Pub Ad Call plat Custm_Parameter Expected value presented</title>
                    <attachments/>
                    <steps/>
                </step>
                <step start="1589051782284" stop="1589051782284" status="passed">
                    <name>logStep[Verifyied Feed:3 Pub Ad Call plat Custm_Parameter Expected value presented]</name>
                    <title>Verifyied Feed:3 Pub Ad Call plat Custm_Parameter Expected value presented</title>
                    <attachments/>
                    <steps/>
                </step>
            </steps>
            <attachments/>
            <labels>
                <label name="testSuite" value="Default suite"/>
                <label name="testGroup" value="Default test"/>
                <label name="testClass" value="twc.Regression.TestCases.regressionTestCases"/>
                <label name="testMethod" value="C658712_Verify_cust_param_plat"/>
                <label name="host" value="Aswinikumars-MacBook-Pro.local"/>
                <label name="thread" value="1544@Aswinikumars-MacBook-Pro.local.main(1)"/>
            </labels>
        </test-case>
        <test-case start="1589051778607" stop="1589051782306" status="passed">
            <name>C658712_Verify_cust_param_plat</name>
            <title>Verify custom parameter plat</title>
            <steps>
                <step start="1589051778767" stop="1589051778767" status="passed">
                    <name>logStep[Verifyied Feed:0 Pub Ad Call plat Custm_Parameter Expected value presented]</name>
                    <title>Verifyied Feed:0 Pub Ad Call plat Custm_Parameter Expected value presented</title>
                    <attachments/>
                    <steps/>
                </step>
                <step start="1589051778883" stop="1589051778883" status="passed">
                    <name>logStep[Verifyied Feed:1 Pub Ad Call plat Custm_Parameter Expected value presented]</name>
                    <title>Verifyied Feed:1 Pub Ad Call plat Custm_Parameter Expected value presented</title>
                    <attachments/>
                    <steps/>
                </step>
                <step start="1589051779556" stop="1589051779556" status="passed">
                    <name>logStep[Verifyied Feed:2 Pub Ad Call plat Custm_Parameter Expected value presented]</name>
                    <title>Verifyied Feed:2 Pub Ad Call plat Custm_Parameter Expected value presented</title>
                    <attachments/>
                    <steps/>
                </step>
                <step start="1589051780344" stop="1589051780344" status="passed">
                    <name>logStep[Verifyied Feed:3 Pub Ad Call plat Custm_Parameter Expected value presented]</name>
                    <title>Verifyied Feed:3 Pub Ad Call plat Custm_Parameter Expected value presented</title>
                    <attachments/>
                    <steps/>
                </step>
                <step start="1589051780508" stop="1589051780508" status="passed">
                    <name>logStep[Verifyied Feed:4 Pub Ad Call plat Custm_Parameter Expected value presented]</name>
                    <title>Verifyied Feed:4 Pub Ad Call plat Custm_Parameter Expected value presented</title>
                    <attachments/>
                    <steps/>
                </step>
                <step start="1589051780664" stop="1589051780664" status="passed">
                    <name>logStep[Verifyied Feed:5 Pub Ad Call plat Custm_Parameter Expected value presented]</name>
                    <title>Verifyied Feed:5 Pub Ad Call plat Custm_Parameter Expected value presented</title>
                    <attachments/>
                    <steps/>
                </step>
                <step start="1589051781402" stop="1589051781402" status="passed">
                    <name>logStep[Verifyied Feed:0 Pub Ad Call plat Custm_Parameter Expected value presented]</name>
                    <title>Verifyied Feed:0 Pub Ad Call plat Custm_Parameter Expected value presented</title>
                    <attachments/>
                    <steps/>
                </step>
                <step start="1589051782118" stop="1589051782118" status="passed">
                    <name>logStep[Verifyied Feed:1 Pub Ad Call plat Custm_Parameter Expected value presented]</name>
                    <title>Verifyied Feed:1 Pub Ad Call plat Custm_Parameter Expected value presented</title>
                    <attachments/>
                    <steps/>
                </step>
                <step start="1589051782218" stop="1589051782218" status="passed">
                    <name>logStep[Verifyied Feed:2 Pub Ad Call plat Custm_Parameter Expected value presented]</name>
                    <title>Verifyied Feed:2 Pub Ad Call plat Custm_Parameter Expected value presented</title>
                    <attachments/>
                    <steps/>
                </step>
                <step start="1589051782284" stop="1589051782284" status="passed">
                    <name>logStep[Verifyied Feed:3 Pub Ad Call plat Custm_Parameter Expected value presented]</name>
                    <title>Verifyied Feed:3 Pub Ad Call plat Custm_Parameter Expected value presented</title>
                    <attachments/>
                    <steps/>
                </step>
            </steps>
            <attachments/>
            <labels>
                <label name="testSuite" value="Default suite"/>
                <label name="testGroup" value="Default test"/>
                <label name="testClass" value="twc.Regression.TestCases.regressionTestCases"/>
                <label name="testMethod" value="C658712_Verify_cust_param_plat"/>
                <label name="host" value="Aswinikumars-MacBook-Pro.local"/>
                <label name="thread" value="1544@Aswinikumars-MacBook-Pro.local.main(1)"/>
            </labels>
        </test-case>
        <test-case start="1589051782309" stop="1589051782529" status="broken">
            <name>C333212_Verify_cust_param_ct</name>
            <title>Verify custom parameter ct</title>
            <failure>
                <message>StringIndexOutOfBoundsException: String index out of range: -1</message>
                <stack-trace>java.lang.StringIndexOutOfBoundsException: String index out of range: -1
	at java.lang.String.substring(String.java:1927)
	at twc.Regression.CustomParamValidation.CustomParamFunctions.get_dsx_call_value(CustomParamFunctions.java:704)
	at twc.Regression.CustomParamValidation.CustomParamFunctions.validate_dsx_results(CustomParamFunctions.java:289)
	at twc.Regression.TestCases.Custom_Parameters_Verification.parameters_Verification(Custom_Parameters_Verification.java:268)
	at twc.Regression.TestCases.regressionTestCases.C333212_Verify_cust_param_ct(regressionTestCases.java:75)
	at sun.reflect.NativeMethodAccessorImpl.invoke0(Native Method)
	at sun.reflect.NativeMethodAccessorImpl.invoke(NativeMethodAccessorImpl.java:62)
	at sun.reflect.DelegatingMethodAccessorImpl.invoke(DelegatingMethodAccessorImpl.java:43)
	at java.lang.reflect.Method.invoke(Method.java:498)
	at org.testng.internal.MethodInvocationHelper.invokeMethod(MethodInvocationHelper.java:85)
	at org.testng.internal.Invoker.invokeMethod(Invoker.java:659)
	at org.testng.internal.Invoker.invokeTestMethod(Invoker.java:845)
	at org.testng.internal.Invoker.invokeTestMethods(Invoker.java:1153)
	at org.testng.internal.TestMethodWorker.invokeTestMethods(TestMethodWorker.java:125)
	at org.testng.internal.TestMethodWorker.run(TestMethodWorker.java:108)
	at org.testng.TestRunner.privateRun(TestRunner.java:771)
	at org.testng.TestRunner.run(TestRunner.java:621)
	at org.testng.SuiteRunner.runTest(SuiteRunner.java:357)
	at org.testng.SuiteRunner.runSequentially(SuiteRunner.java:352)
	at org.testng.SuiteRunner.privateRun(SuiteRunner.java:310)
	at org.testng.SuiteRunner.run(SuiteRunner.java:259)
	at org.testng.SuiteRunnerWorker.runSuite(SuiteRunnerWorker.java:52)
	at org.testng.SuiteRunnerWorker.run(SuiteRunnerWorker.java:86)
	at org.testng.TestNG.runSuitesSequentially(TestNG.java:1199)
	at org.testng.TestNG.runSuitesLocally(TestNG.java:1124)
	at org.testng.TestNG.run(TestNG.java:1032)
	at org.testng.remote.AbstractRemoteTestNG.run(AbstractRemoteTestNG.java:115)
	at org.testng.remote.RemoteTestNG.initAndRun(RemoteTestNG.java:251)
	at org.testng.remote.RemoteTestNG.main(RemoteTestNG.java:77)
</stack-trace>
            </failure>
            <steps>
                <step start="1589051782455" stop="1589051782455" status="passed">
                    <name>logStep[Verifyied Feed:0 Pub Ad Call ct Custm_Parameter Expected value presented]</name>
                    <title>Verifyied Feed:0 Pub Ad Call ct Custm_Parameter Expected value presented</title>
                </step>
            </steps>
            <attachments/>
            <labels>
                <label name="testSuite" value="Default suite"/>
                <label name="testGroup" value="Default test"/>
                <label name="testClass" value="twc.Regression.TestCases.regressionTestCases"/>
                <label name="testMethod" value="C333212_Verify_cust_param_ct"/>
                <label name="host" value="Aswinikumars-MacBook-Pro.local"/>
                <label name="thread" value="1544@Aswinikumars-MacBook-Pro.local.main(1)"/>
            </labels>
        </test-case>
        <test-case start="1589051782309" stop="1589051782529" status="broken">
            <name>C333212_Verify_cust_param_ct</name>
            <title>Verify custom parameter ct</title>
            <failure>
                <message>StringIndexOutOfBoundsException: String index out of range: -1</message>
                <stack-trace>java.lang.StringIndexOutOfBoundsException: String index out of range: -1
	at java.lang.String.substring(String.java:1927)
	at twc.Regression.CustomParamValidation.CustomParamFunctions.get_dsx_call_value(CustomParamFunctions.java:704)
	at twc.Regression.CustomParamValidation.CustomParamFunctions.validate_dsx_results(CustomParamFunctions.java:289)
	at twc.Regression.TestCases.Custom_Parameters_Verification.parameters_Verification(Custom_Parameters_Verification.java:268)
	at twc.Regression.TestCases.regressionTestCases.C333212_Verify_cust_param_ct(regressionTestCases.java:75)
	at sun.reflect.NativeMethodAccessorImpl.invoke0(Native Method)
	at sun.reflect.NativeMethodAccessorImpl.invoke(NativeMethodAccessorImpl.java:62)
	at sun.reflect.DelegatingMethodAccessorImpl.invoke(DelegatingMethodAccessorImpl.java:43)
	at java.lang.reflect.Method.invoke(Method.java:498)
	at org.testng.internal.MethodInvocationHelper.invokeMethod(MethodInvocationHelper.java:85)
	at org.testng.internal.Invoker.invokeMethod(Invoker.java:659)
	at org.testng.internal.Invoker.invokeTestMethod(Invoker.java:845)
	at org.testng.internal.Invoker.invokeTestMethods(Invoker.java:1153)
	at org.testng.internal.TestMethodWorker.invokeTestMethods(TestMethodWorker.java:125)
	at org.testng.internal.TestMethodWorker.run(TestMethodWorker.java:108)
	at org.testng.TestRunner.privateRun(TestRunner.java:771)
	at org.testng.TestRunner.run(TestRunner.java:621)
	at org.testng.SuiteRunner.runTest(SuiteRunner.java:357)
	at org.testng.SuiteRunner.runSequentially(SuiteRunner.java:352)
	at org.testng.SuiteRunner.privateRun(SuiteRunner.java:310)
	at org.testng.SuiteRunner.run(SuiteRunner.java:259)
	at org.testng.SuiteRunnerWorker.runSuite(SuiteRunnerWorker.java:52)
	at org.testng.SuiteRunnerWorker.run(SuiteRunnerWorker.java:86)
	at org.testng.TestNG.runSuitesSequentially(TestNG.java:1199)
	at org.testng.TestNG.runSuitesLocally(TestNG.java:1124)
	at org.testng.TestNG.run(TestNG.java:1032)
	at org.testng.remote.AbstractRemoteTestNG.run(AbstractRemoteTestNG.java:115)
	at org.testng.remote.RemoteTestNG.initAndRun(RemoteTestNG.java:251)
	at org.testng.remote.RemoteTestNG.main(RemoteTestNG.java:77)
</stack-trace>
            </failure>
            <steps>
                <step start="1589051782455" stop="1589051782455" status="passed">
                    <name>logStep[Verifyied Feed:0 Pub Ad Call ct Custm_Parameter Expected value presented]</name>
                    <title>Verifyied Feed:0 Pub Ad Call ct Custm_Parameter Expected value presented</title>
                </step>
            </steps>
            <attachments/>
            <labels>
                <label name="testSuite" value="Default suite"/>
                <label name="testGroup" value="Default test"/>
                <label name="testClass" value="twc.Regression.TestCases.regressionTestCases"/>
                <label name="testMethod" value="C333212_Verify_cust_param_ct"/>
                <label name="host" value="Aswinikumars-MacBook-Pro.local"/>
                <label name="thread" value="1544@Aswinikumars-MacBook-Pro.local.main(1)"/>
            </labels>
        </test-case>
        <test-case start="1589051782531" stop="1589051786135" status="passed">
            <name>C333211_Verify_cust_param_locale</name>
            <title>Verify custom parameter locale</title>
            <steps>
                <step start="1589051782666" stop="1589051782666" status="passed">
                    <name>logStep[Verifyied Feed:0 Pub Ad Call locale Custm_Parameter Expected value presented]</name>
                    <title>Verifyied Feed:0 Pub Ad Call locale Custm_Parameter Expected value presented</title>
                    <attachments/>
                    <steps/>
                </step>
                <step start="1589051782806" stop="1589051782806" status="passed">
                    <name>logStep[Verifyied Feed:1 Pub Ad Call locale Custm_Parameter Expected value presented]</name>
                    <title>Verifyied Feed:1 Pub Ad Call locale Custm_Parameter Expected value presented</title>
                    <attachments/>
                    <steps/>
                </step>
                <step start="1589051783431" stop="1589051783431" status="passed">
                    <name>logStep[Verifyied Feed:2 Pub Ad Call locale Custm_Parameter Expected value presented]</name>
                    <title>Verifyied Feed:2 Pub Ad Call locale Custm_Parameter Expected value presented</title>
                    <attachments/>
                    <steps/>
                </step>
                <step start="1589051784070" stop="1589051784070" status="passed">
                    <name>logStep[Verifyied Feed:3 Pub Ad Call locale Custm_Parameter Expected value presented]</name>
                    <title>Verifyied Feed:3 Pub Ad Call locale Custm_Parameter Expected value presented</title>
                    <attachments/>
                    <steps/>
                </step>
                <step start="1589051784245" stop="1589051784245" status="passed">
                    <name>logStep[Verifyied Feed:4 Pub Ad Call locale Custm_Parameter Expected value presented]</name>
                    <title>Verifyied Feed:4 Pub Ad Call locale Custm_Parameter Expected value presented</title>
                    <attachments/>
                    <steps/>
                </step>
                <step start="1589051784408" stop="1589051784408" status="passed">
                    <name>logStep[Verifyied Feed:5 Pub Ad Call locale Custm_Parameter Expected value presented]</name>
                    <title>Verifyied Feed:5 Pub Ad Call locale Custm_Parameter Expected value presented</title>
                    <attachments/>
                    <steps/>
                </step>
                <step start="1589051785088" stop="1589051785088" status="passed">
                    <name>logStep[Verifyied Feed:0 Pub Ad Call locale Custm_Parameter Expected value presented]</name>
                    <title>Verifyied Feed:0 Pub Ad Call locale Custm_Parameter Expected value presented</title>
                    <attachments/>
                    <steps/>
                </step>
                <step start="1589051785843" stop="1589051785843" status="passed">
                    <name>logStep[Verifyied Feed:1 Pub Ad Call locale Custm_Parameter Expected value presented]</name>
                    <title>Verifyied Feed:1 Pub Ad Call locale Custm_Parameter Expected value presented</title>
                    <attachments/>
                    <steps/>
                </step>
                <step start="1589051785979" stop="1589051785979" status="passed">
                    <name>logStep[Verifyied Feed:2 Pub Ad Call locale Custm_Parameter Expected value presented]</name>
                    <title>Verifyied Feed:2 Pub Ad Call locale Custm_Parameter Expected value presented</title>
                    <attachments/>
                    <steps/>
                </step>
                <step start="1589051786078" stop="1589051786078" status="passed">
                    <name>logStep[Verifyied Feed:3 Pub Ad Call locale Custm_Parameter Expected value presented]</name>
                    <title>Verifyied Feed:3 Pub Ad Call locale Custm_Parameter Expected value presented</title>
                    <attachments/>
                    <steps/>
                </step>
            </steps>
            <attachments/>
            <labels>
                <label name="testSuite" value="Default suite"/>
                <label name="testGroup" value="Default test"/>
                <label name="testClass" value="twc.Regression.TestCases.regressionTestCases"/>
                <label name="testMethod" value="C333211_Verify_cust_param_locale"/>
                <label name="host" value="Aswinikumars-MacBook-Pro.local"/>
                <label name="thread" value="1544@Aswinikumars-MacBook-Pro.local.main(1)"/>
            </labels>
        </test-case>
        <test-case start="1589051782531" stop="1589051786135" status="passed">
            <name>C333211_Verify_cust_param_locale</name>
            <title>Verify custom parameter locale</title>
            <steps>
                <step start="1589051782666" stop="1589051782666" status="passed">
                    <name>logStep[Verifyied Feed:0 Pub Ad Call locale Custm_Parameter Expected value presented]</name>
                    <title>Verifyied Feed:0 Pub Ad Call locale Custm_Parameter Expected value presented</title>
                    <attachments/>
                    <steps/>
                </step>
                <step start="1589051782806" stop="1589051782806" status="passed">
                    <name>logStep[Verifyied Feed:1 Pub Ad Call locale Custm_Parameter Expected value presented]</name>
                    <title>Verifyied Feed:1 Pub Ad Call locale Custm_Parameter Expected value presented</title>
                    <attachments/>
                    <steps/>
                </step>
                <step start="1589051783431" stop="1589051783431" status="passed">
                    <name>logStep[Verifyied Feed:2 Pub Ad Call locale Custm_Parameter Expected value presented]</name>
                    <title>Verifyied Feed:2 Pub Ad Call locale Custm_Parameter Expected value presented</title>
                    <attachments/>
                    <steps/>
                </step>
                <step start="1589051784070" stop="1589051784070" status="passed">
                    <name>logStep[Verifyied Feed:3 Pub Ad Call locale Custm_Parameter Expected value presented]</name>
                    <title>Verifyied Feed:3 Pub Ad Call locale Custm_Parameter Expected value presented</title>
                    <attachments/>
                    <steps/>
                </step>
                <step start="1589051784245" stop="1589051784245" status="passed">
                    <name>logStep[Verifyied Feed:4 Pub Ad Call locale Custm_Parameter Expected value presented]</name>
                    <title>Verifyied Feed:4 Pub Ad Call locale Custm_Parameter Expected value presented</title>
                    <attachments/>
                    <steps/>
                </step>
                <step start="1589051784408" stop="1589051784408" status="passed">
                    <name>logStep[Verifyied Feed:5 Pub Ad Call locale Custm_Parameter Expected value presented]</name>
                    <title>Verifyied Feed:5 Pub Ad Call locale Custm_Parameter Expected value presented</title>
                    <attachments/>
                    <steps/>
                </step>
                <step start="1589051785088" stop="1589051785088" status="passed">
                    <name>logStep[Verifyied Feed:0 Pub Ad Call locale Custm_Parameter Expected value presented]</name>
                    <title>Verifyied Feed:0 Pub Ad Call locale Custm_Parameter Expected value presented</title>
                    <attachments/>
                    <steps/>
                </step>
                <step start="1589051785843" stop="1589051785843" status="passed">
                    <name>logStep[Verifyied Feed:1 Pub Ad Call locale Custm_Parameter Expected value presented]</name>
                    <title>Verifyied Feed:1 Pub Ad Call locale Custm_Parameter Expected value presented</title>
                    <attachments/>
                    <steps/>
                </step>
                <step start="1589051785979" stop="1589051785979" status="passed">
                    <name>logStep[Verifyied Feed:2 Pub Ad Call locale Custm_Parameter Expected value presented]</name>
                    <title>Verifyied Feed:2 Pub Ad Call locale Custm_Parameter Expected value presented</title>
                    <attachments/>
                    <steps/>
                </step>
                <step start="1589051786078" stop="1589051786078" status="passed">
                    <name>logStep[Verifyied Feed:3 Pub Ad Call locale Custm_Parameter Expected value presented]</name>
                    <title>Verifyied Feed:3 Pub Ad Call locale Custm_Parameter Expected value presented</title>
                    <attachments/>
                    <steps/>
                </step>
            </steps>
            <attachments/>
            <labels>
                <label name="testSuite" value="Default suite"/>
                <label name="testGroup" value="Default test"/>
                <label name="testClass" value="twc.Regression.TestCases.regressionTestCases"/>
                <label name="testMethod" value="C333211_Verify_cust_param_locale"/>
                <label name="host" value="Aswinikumars-MacBook-Pro.local"/>
                <label name="thread" value="1544@Aswinikumars-MacBook-Pro.local.main(1)"/>
            </labels>
        </test-case>
        <test-case start="1589051786138" stop="1589051790612" status="passed">
            <name>C333221_Verify_cust_param_wind</name>
            <title>Verify custom parameter wind</title>
            <steps>
                <step start="1589051786285" stop="1589051786285" status="passed">
                    <name>logStep[Verifyied Feed:iu=%2F7646%2Fapp_android_us%2Fdb_display%2Fhome_screen%2Fhourly Pub Ad Call wind Custm_Parameter ...]</name>
                    <title>Verifyied Feed:iu=%2F7646%2Fapp_android_us%2Fdb_display%2Fhome_screen%2Fhourly Pub Ad Call wind Custm_Parameter Expected...</title>
                    <attachments/>
                    <steps/>
                </step>
                <step start="1589051786488" stop="1589051786488" status="passed">
                    <name>logStep[Verifyied Feed:iu=%2F7646%2Fapp_android_us%2Fdb_display%2Fhome_screen%2Fmarquee Pub Ad Call wind Custm_Parameter...]</name>
                    <title>Verifyied Feed:iu=%2F7646%2Fapp_android_us%2Fdb_display%2Fhome_screen%2Fmarquee Pub Ad Call wind Custm_Parameter Expecte...</title>
                    <attachments/>
                    <steps/>
                </step>
                <step start="1589051787158" stop="1589051787158" status="passed">
                    <name>logStep[Verifyied Feed:iu=%2F7646%2Fapp_android_us%2Fdb_display%2Fcard%2Fradar Pub Ad Call wind Custm_Parameter Expected...]</name>
                    <title>Verifyied Feed:iu=%2F7646%2Fapp_android_us%2Fdb_display%2Fcard%2Fradar Pub Ad Call wind Custm_Parameter Expected value p...</title>
                    <attachments/>
                    <steps/>
                </step>
                <step start="1589051787917" stop="1589051787917" status="passed">
                    <name>logStep[Verifyied Feed:iu=%2F7646%2Fapp_android_us%2Fdb_display%2Fcard%2Flifestyle Pub Ad Call wind Custm_Parameter Expe...]</name>
                    <title>Verifyied Feed:iu=%2F7646%2Fapp_android_us%2Fdb_display%2Fcard%2Flifestyle Pub Ad Call wind Custm_Parameter Expected val...</title>
                    <attachments/>
                    <steps/>
                </step>
                <step start="1589051788208" stop="1589051788208" status="passed">
                    <name>logStep[Verifyied Feed:iu=%2F7646%2Fapp_android_us%2Fdb_display%2Fcard%2Fseason Pub Ad Call wind Custm_Parameter Expecte...]</name>
                    <title>Verifyied Feed:iu=%2F7646%2Fapp_android_us%2Fdb_display%2Fcard%2Fseason Pub Ad Call wind Custm_Parameter Expected value ...</title>
                    <attachments/>
                    <steps/>
                </step>
                <step start="1589051788463" stop="1589051788463" status="passed">
                    <name>logStep[Verifyied Feed:iu=%2F7646%2Fapp_android_us%2Fdb_display%2Fcard%2Faq Pub Ad Call wind Custm_Parameter Expected va...]</name>
                    <title>Verifyied Feed:iu=%2F7646%2Fapp_android_us%2Fdb_display%2Fcard%2Faq Pub Ad Call wind Custm_Parameter Expected value pres...</title>
                    <attachments/>
                    <steps/>
                </step>
                <step start="1589051789237" stop="1589051789237" status="passed">
                    <name>logStep[Verifyied Feed:iu=%2F7646%2Fapp_android_us%2Fdb_display%2Fdetails%2Fmaps Pub Ad Call wind Custm_Parameter Expect...]</name>
                    <title>Verifyied Feed:iu=%2F7646%2Fapp_android_us%2Fdb_display%2Fdetails%2Fmaps Pub Ad Call wind Custm_Parameter Expected value...</title>
                    <attachments/>
                    <steps/>
                </step>
                <step start="1589051790001" stop="1589051790001" status="passed">
                    <name>logStep[Verifyied Feed:iu=%2F7646%2Fapp_android_us%2Fdb_display%2Fdetails%2Ftoday Pub Ad Call wind Custm_Parameter Expec...]</name>
                    <title>Verifyied Feed:iu=%2F7646%2Fapp_android_us%2Fdb_display%2Fdetails%2Ftoday Pub Ad Call wind Custm_Parameter Expected valu...</title>
                    <attachments/>
                    <steps/>
                </step>
                <step start="1589051790312" stop="1589051790312" status="passed">
                    <name>logStep[Verifyied Feed:iu=%2F7646%2Fapp_android_us%2Fdb_display%2Fdetails%2Fhourly Pub Ad Call wind Custm_Parameter Expe...]</name>
                    <title>Verifyied Feed:iu=%2F7646%2Fapp_android_us%2Fdb_display%2Fdetails%2Fhourly Pub Ad Call wind Custm_Parameter Expected val...</title>
                    <attachments/>
                    <steps/>
                </step>
                <step start="1589051790486" stop="1589051790486" status="passed">
                    <name>logStep[Verifyied Feed:iu=%2F7646%2Fapp_android_us%2Fdb_display%2Fdetails%2F10day Pub Ad Call wind Custm_Parameter Expec...]</name>
                    <title>Verifyied Feed:iu=%2F7646%2Fapp_android_us%2Fdb_display%2Fdetails%2F10day Pub Ad Call wind Custm_Parameter Expected valu...</title>
                    <attachments/>
                    <steps/>
                </step>
            </steps>
            <attachments/>
            <labels>
                <label name="testSuite" value="Default suite"/>
                <label name="testGroup" value="Default test"/>
                <label name="testClass" value="twc.Regression.TestCases.regressionTestCases"/>
                <label name="testMethod" value="C333221_Verify_cust_param_wind"/>
                <label name="host" value="Aswinikumars-MacBook-Pro.local"/>
                <label name="thread" value="1544@Aswinikumars-MacBook-Pro.local.main(1)"/>
            </labels>
        </test-case>
        <test-case start="1589051786138" stop="1589051790612" status="passed">
            <name>C333221_Verify_cust_param_wind</name>
            <title>Verify custom parameter wind</title>
            <steps>
                <step start="1589051786285" stop="1589051786285" status="passed">
                    <name>logStep[Verifyied Feed:iu=%2F7646%2Fapp_android_us%2Fdb_display%2Fhome_screen%2Fhourly Pub Ad Call wind Custm_Parameter ...]</name>
                    <title>Verifyied Feed:iu=%2F7646%2Fapp_android_us%2Fdb_display%2Fhome_screen%2Fhourly Pub Ad Call wind Custm_Parameter Expected...</title>
                    <attachments/>
                    <steps/>
                </step>
                <step start="1589051786488" stop="1589051786488" status="passed">
                    <name>logStep[Verifyied Feed:iu=%2F7646%2Fapp_android_us%2Fdb_display%2Fhome_screen%2Fmarquee Pub Ad Call wind Custm_Parameter...]</name>
                    <title>Verifyied Feed:iu=%2F7646%2Fapp_android_us%2Fdb_display%2Fhome_screen%2Fmarquee Pub Ad Call wind Custm_Parameter Expecte...</title>
                    <attachments/>
                    <steps/>
                </step>
                <step start="1589051787158" stop="1589051787158" status="passed">
                    <name>logStep[Verifyied Feed:iu=%2F7646%2Fapp_android_us%2Fdb_display%2Fcard%2Fradar Pub Ad Call wind Custm_Parameter Expected...]</name>
                    <title>Verifyied Feed:iu=%2F7646%2Fapp_android_us%2Fdb_display%2Fcard%2Fradar Pub Ad Call wind Custm_Parameter Expected value p...</title>
                    <attachments/>
                    <steps/>
                </step>
                <step start="1589051787917" stop="1589051787917" status="passed">
                    <name>logStep[Verifyied Feed:iu=%2F7646%2Fapp_android_us%2Fdb_display%2Fcard%2Flifestyle Pub Ad Call wind Custm_Parameter Expe...]</name>
                    <title>Verifyied Feed:iu=%2F7646%2Fapp_android_us%2Fdb_display%2Fcard%2Flifestyle Pub Ad Call wind Custm_Parameter Expected val...</title>
                    <attachments/>
                    <steps/>
                </step>
                <step start="1589051788208" stop="1589051788208" status="passed">
                    <name>logStep[Verifyied Feed:iu=%2F7646%2Fapp_android_us%2Fdb_display%2Fcard%2Fseason Pub Ad Call wind Custm_Parameter Expecte...]</name>
                    <title>Verifyied Feed:iu=%2F7646%2Fapp_android_us%2Fdb_display%2Fcard%2Fseason Pub Ad Call wind Custm_Parameter Expected value ...</title>
                    <attachments/>
                    <steps/>
                </step>
                <step start="1589051788463" stop="1589051788463" status="passed">
                    <name>logStep[Verifyied Feed:iu=%2F7646%2Fapp_android_us%2Fdb_display%2Fcard%2Faq Pub Ad Call wind Custm_Parameter Expected va...]</name>
                    <title>Verifyied Feed:iu=%2F7646%2Fapp_android_us%2Fdb_display%2Fcard%2Faq Pub Ad Call wind Custm_Parameter Expected value pres...</title>
                    <attachments/>
                    <steps/>
                </step>
                <step start="1589051789237" stop="1589051789237" status="passed">
                    <name>logStep[Verifyied Feed:iu=%2F7646%2Fapp_android_us%2Fdb_display%2Fdetails%2Fmaps Pub Ad Call wind Custm_Parameter Expect...]</name>
                    <title>Verifyied Feed:iu=%2F7646%2Fapp_android_us%2Fdb_display%2Fdetails%2Fmaps Pub Ad Call wind Custm_Parameter Expected value...</title>
                    <attachments/>
                    <steps/>
                </step>
                <step start="1589051790001" stop="1589051790001" status="passed">
                    <name>logStep[Verifyied Feed:iu=%2F7646%2Fapp_android_us%2Fdb_display%2Fdetails%2Ftoday Pub Ad Call wind Custm_Parameter Expec...]</name>
                    <title>Verifyied Feed:iu=%2F7646%2Fapp_android_us%2Fdb_display%2Fdetails%2Ftoday Pub Ad Call wind Custm_Parameter Expected valu...</title>
                    <attachments/>
                    <steps/>
                </step>
                <step start="1589051790312" stop="1589051790312" status="passed">
                    <name>logStep[Verifyied Feed:iu=%2F7646%2Fapp_android_us%2Fdb_display%2Fdetails%2Fhourly Pub Ad Call wind Custm_Parameter Expe...]</name>
                    <title>Verifyied Feed:iu=%2F7646%2Fapp_android_us%2Fdb_display%2Fdetails%2Fhourly Pub Ad Call wind Custm_Parameter Expected val...</title>
                    <attachments/>
                    <steps/>
                </step>
                <step start="1589051790486" stop="1589051790486" status="passed">
                    <name>logStep[Verifyied Feed:iu=%2F7646%2Fapp_android_us%2Fdb_display%2Fdetails%2F10day Pub Ad Call wind Custm_Parameter Expec...]</name>
                    <title>Verifyied Feed:iu=%2F7646%2Fapp_android_us%2Fdb_display%2Fdetails%2F10day Pub Ad Call wind Custm_Parameter Expected valu...</title>
                    <attachments/>
                    <steps/>
                </step>
            </steps>
            <attachments/>
            <labels>
                <label name="testSuite" value="Default suite"/>
                <label name="testGroup" value="Default test"/>
                <label name="testClass" value="twc.Regression.TestCases.regressionTestCases"/>
                <label name="testMethod" value="C333221_Verify_cust_param_wind"/>
                <label name="host" value="Aswinikumars-MacBook-Pro.local"/>
                <label name="thread" value="1544@Aswinikumars-MacBook-Pro.local.main(1)"/>
            </labels>
        </test-case>
        <test-case start="1589051790614" stop="1589051790852" status="broken">
            <name>C333214_Verify_cust_param_hlzip</name>
            <title>Verify custom parameter hlzip</title>
            <failure>
                <message>StringIndexOutOfBoundsException: String index out of range: -1</message>
                <stack-trace>java.lang.StringIndexOutOfBoundsException: String index out of range: -1
	at java.lang.String.substring(String.java:1927)
	at twc.Regression.CustomParamValidation.CustomParamFunctions.get_wfxtg_call_value(CustomParamFunctions.java:747)
	at twc.Regression.CustomParamValidation.CustomParamFunctions.validate_wfxtg_results(CustomParamFunctions.java:390)
	at twc.Regression.TestCases.Custom_Parameters_Verification.parameters_Verification(Custom_Parameters_Verification.java:368)
	at twc.Regression.TestCases.regressionTestCases.C333214_Verify_cust_param_hlzip(regressionTestCases.java:96)
	at sun.reflect.NativeMethodAccessorImpl.invoke0(Native Method)
	at sun.reflect.NativeMethodAccessorImpl.invoke(NativeMethodAccessorImpl.java:62)
	at sun.reflect.DelegatingMethodAccessorImpl.invoke(DelegatingMethodAccessorImpl.java:43)
	at java.lang.reflect.Method.invoke(Method.java:498)
	at org.testng.internal.MethodInvocationHelper.invokeMethod(MethodInvocationHelper.java:85)
	at org.testng.internal.Invoker.invokeMethod(Invoker.java:659)
	at org.testng.internal.Invoker.invokeTestMethod(Invoker.java:845)
	at org.testng.internal.Invoker.invokeTestMethods(Invoker.java:1153)
	at org.testng.internal.TestMethodWorker.invokeTestMethods(TestMethodWorker.java:125)
	at org.testng.internal.TestMethodWorker.run(TestMethodWorker.java:108)
	at org.testng.TestRunner.privateRun(TestRunner.java:771)
	at org.testng.TestRunner.run(TestRunner.java:621)
	at org.testng.SuiteRunner.runTest(SuiteRunner.java:357)
	at org.testng.SuiteRunner.runSequentially(SuiteRunner.java:352)
	at org.testng.SuiteRunner.privateRun(SuiteRunner.java:310)
	at org.testng.SuiteRunner.run(SuiteRunner.java:259)
	at org.testng.SuiteRunnerWorker.runSuite(SuiteRunnerWorker.java:52)
	at org.testng.SuiteRunnerWorker.run(SuiteRunnerWorker.java:86)
	at org.testng.TestNG.runSuitesSequentially(TestNG.java:1199)
	at org.testng.TestNG.runSuitesLocally(TestNG.java:1124)
	at org.testng.TestNG.run(TestNG.java:1032)
	at org.testng.remote.AbstractRemoteTestNG.run(AbstractRemoteTestNG.java:115)
	at org.testng.remote.RemoteTestNG.initAndRun(RemoteTestNG.java:251)
	at org.testng.remote.RemoteTestNG.main(RemoteTestNG.java:77)
</stack-trace>
            </failure>
            <steps>
                <step start="1589051790757" stop="1589051790757" status="passed">
                    <name>logStep[Verifyied Feed:0 Pub Ad Call hlzip Custm_Parameter Expected value presented]</name>
                    <title>Verifyied Feed:0 Pub Ad Call hlzip Custm_Parameter Expected value presented</title>
                </step>
            </steps>
            <attachments/>
            <labels>
                <label name="testSuite" value="Default suite"/>
                <label name="testGroup" value="Default test"/>
                <label name="testClass" value="twc.Regression.TestCases.regressionTestCases"/>
                <label name="testMethod" value="C333214_Verify_cust_param_hlzip"/>
                <label name="host" value="Aswinikumars-MacBook-Pro.local"/>
                <label name="thread" value="1544@Aswinikumars-MacBook-Pro.local.main(1)"/>
            </labels>
        </test-case>
        <test-case start="1589051790614" stop="1589051790852" status="broken">
            <name>C333214_Verify_cust_param_hlzip</name>
            <title>Verify custom parameter hlzip</title>
            <failure>
                <message>StringIndexOutOfBoundsException: String index out of range: -1</message>
                <stack-trace>java.lang.StringIndexOutOfBoundsException: String index out of range: -1
	at java.lang.String.substring(String.java:1927)
	at twc.Regression.CustomParamValidation.CustomParamFunctions.get_wfxtg_call_value(CustomParamFunctions.java:747)
	at twc.Regression.CustomParamValidation.CustomParamFunctions.validate_wfxtg_results(CustomParamFunctions.java:390)
	at twc.Regression.TestCases.Custom_Parameters_Verification.parameters_Verification(Custom_Parameters_Verification.java:368)
	at twc.Regression.TestCases.regressionTestCases.C333214_Verify_cust_param_hlzip(regressionTestCases.java:96)
	at sun.reflect.NativeMethodAccessorImpl.invoke0(Native Method)
	at sun.reflect.NativeMethodAccessorImpl.invoke(NativeMethodAccessorImpl.java:62)
	at sun.reflect.DelegatingMethodAccessorImpl.invoke(DelegatingMethodAccessorImpl.java:43)
	at java.lang.reflect.Method.invoke(Method.java:498)
	at org.testng.internal.MethodInvocationHelper.invokeMethod(MethodInvocationHelper.java:85)
	at org.testng.internal.Invoker.invokeMethod(Invoker.java:659)
	at org.testng.internal.Invoker.invokeTestMethod(Invoker.java:845)
	at org.testng.internal.Invoker.invokeTestMethods(Invoker.java:1153)
	at org.testng.internal.TestMethodWorker.invokeTestMethods(TestMethodWorker.java:125)
	at org.testng.internal.TestMethodWorker.run(TestMethodWorker.java:108)
	at org.testng.TestRunner.privateRun(TestRunner.java:771)
	at org.testng.TestRunner.run(TestRunner.java:621)
	at org.testng.SuiteRunner.runTest(SuiteRunner.java:357)
	at org.testng.SuiteRunner.runSequentially(SuiteRunner.java:352)
	at org.testng.SuiteRunner.privateRun(SuiteRunner.java:310)
	at org.testng.SuiteRunner.run(SuiteRunner.java:259)
	at org.testng.SuiteRunnerWorker.runSuite(SuiteRunnerWorker.java:52)
	at org.testng.SuiteRunnerWorker.run(SuiteRunnerWorker.java:86)
	at org.testng.TestNG.runSuitesSequentially(TestNG.java:1199)
	at org.testng.TestNG.runSuitesLocally(TestNG.java:1124)
	at org.testng.TestNG.run(TestNG.java:1032)
	at org.testng.remote.AbstractRemoteTestNG.run(AbstractRemoteTestNG.java:115)
	at org.testng.remote.RemoteTestNG.initAndRun(RemoteTestNG.java:251)
	at org.testng.remote.RemoteTestNG.main(RemoteTestNG.java:77)
</stack-trace>
            </failure>
            <steps>
                <step start="1589051790757" stop="1589051790757" status="passed">
                    <name>logStep[Verifyied Feed:0 Pub Ad Call hlzip Custm_Parameter Expected value presented]</name>
                    <title>Verifyied Feed:0 Pub Ad Call hlzip Custm_Parameter Expected value presented</title>
                </step>
            </steps>
            <attachments/>
            <labels>
                <label name="testSuite" value="Default suite"/>
                <label name="testGroup" value="Default test"/>
                <label name="testClass" value="twc.Regression.TestCases.regressionTestCases"/>
                <label name="testMethod" value="C333214_Verify_cust_param_hlzip"/>
                <label name="host" value="Aswinikumars-MacBook-Pro.local"/>
                <label name="thread" value="1544@Aswinikumars-MacBook-Pro.local.main(1)"/>
            </labels>
        </test-case>
        <test-case start="1589051790854" stop="1589051795446" status="passed">
            <name>C333207_Verify_cust_param_hmid</name>
            <title>Verify custom parameter hmid</title>
            <steps>
                <step start="1589051791007" stop="1589051791007" status="passed">
                    <name>logStep[Verifyied Feed:0 Pub Ad Call hmid Custm_Parameter Expected value presented]</name>
                    <title>Verifyied Feed:0 Pub Ad Call hmid Custm_Parameter Expected value presented</title>
                    <attachments/>
                    <steps/>
                </step>
                <step start="1589051791218" stop="1589051791218" status="passed">
                    <name>logStep[Verifyied Feed:1 Pub Ad Call hmid Custm_Parameter Expected value presented]</name>
                    <title>Verifyied Feed:1 Pub Ad Call hmid Custm_Parameter Expected value presented</title>
                    <attachments/>
                    <steps/>
                </step>
                <step start="1589051791904" stop="1589051791904" status="passed">
                    <name>logStep[Verifyied Feed:2 Pub Ad Call hmid Custm_Parameter Expected value presented]</name>
                    <title>Verifyied Feed:2 Pub Ad Call hmid Custm_Parameter Expected value presented</title>
                    <attachments/>
                    <steps/>
                </step>
                <step start="1589051792719" stop="1589051792719" status="passed">
                    <name>logStep[Verifyied Feed:3 Pub Ad Call hmid Custm_Parameter Expected value presented]</name>
                    <title>Verifyied Feed:3 Pub Ad Call hmid Custm_Parameter Expected value presented</title>
                    <attachments/>
                    <steps/>
                </step>
                <step start="1589051792986" stop="1589051792986" status="passed">
                    <name>logStep[Verifyied Feed:4 Pub Ad Call hmid Custm_Parameter Expected value presented]</name>
                    <title>Verifyied Feed:4 Pub Ad Call hmid Custm_Parameter Expected value presented</title>
                    <attachments/>
                    <steps/>
                </step>
                <step start="1589051793266" stop="1589051793266" status="passed">
                    <name>logStep[Verifyied Feed:5 Pub Ad Call hmid Custm_Parameter Expected value presented]</name>
                    <title>Verifyied Feed:5 Pub Ad Call hmid Custm_Parameter Expected value presented</title>
                    <attachments/>
                    <steps/>
                </step>
                <step start="1589051794022" stop="1589051794022" status="passed">
                    <name>logStep[Verifyied Feed:0 Pub Ad Call hmid Custm_Parameter Expected value presented]</name>
                    <title>Verifyied Feed:0 Pub Ad Call hmid Custm_Parameter Expected value presented</title>
                    <attachments/>
                    <steps/>
                </step>
                <step start="1589051794781" stop="1589051794781" status="passed">
                    <name>logStep[Verifyied Feed:1 Pub Ad Call hmid Custm_Parameter Expected value presented]</name>
                    <title>Verifyied Feed:1 Pub Ad Call hmid Custm_Parameter Expected value presented</title>
                    <attachments/>
                    <steps/>
                </step>
                <step start="1589051795005" stop="1589051795005" status="passed">
                    <name>logStep[Verifyied Feed:2 Pub Ad Call hmid Custm_Parameter Expected value presented]</name>
                    <title>Verifyied Feed:2 Pub Ad Call hmid Custm_Parameter Expected value presented</title>
                    <attachments/>
                    <steps/>
                </step>
                <step start="1589051795188" stop="1589051795188" status="passed">
                    <name>logStep[Verifyied Feed:3 Pub Ad Call hmid Custm_Parameter Expected value presented]</name>
                    <title>Verifyied Feed:3 Pub Ad Call hmid Custm_Parameter Expected value presented</title>
                    <attachments/>
                    <steps/>
                </step>
            </steps>
            <attachments/>
            <labels>
                <label name="testSuite" value="Default suite"/>
                <label name="testGroup" value="Default test"/>
                <label name="testClass" value="twc.Regression.TestCases.regressionTestCases"/>
                <label name="testMethod" value="C333207_Verify_cust_param_hmid"/>
                <label name="host" value="Aswinikumars-MacBook-Pro.local"/>
                <label name="thread" value="1544@Aswinikumars-MacBook-Pro.local.main(1)"/>
            </labels>
        </test-case>
        <test-case start="1589051790854" stop="1589051795446" status="passed">
            <name>C333207_Verify_cust_param_hmid</name>
            <title>Verify custom parameter hmid</title>
            <steps>
                <step start="1589051791007" stop="1589051791007" status="passed">
                    <name>logStep[Verifyied Feed:0 Pub Ad Call hmid Custm_Parameter Expected value presented]</name>
                    <title>Verifyied Feed:0 Pub Ad Call hmid Custm_Parameter Expected value presented</title>
                    <attachments/>
                    <steps/>
                </step>
                <step start="1589051791218" stop="1589051791218" status="passed">
                    <name>logStep[Verifyied Feed:1 Pub Ad Call hmid Custm_Parameter Expected value presented]</name>
                    <title>Verifyied Feed:1 Pub Ad Call hmid Custm_Parameter Expected value presented</title>
                    <attachments/>
                    <steps/>
                </step>
                <step start="1589051791904" stop="1589051791904" status="passed">
                    <name>logStep[Verifyied Feed:2 Pub Ad Call hmid Custm_Parameter Expected value presented]</name>
                    <title>Verifyied Feed:2 Pub Ad Call hmid Custm_Parameter Expected value presented</title>
                    <attachments/>
                    <steps/>
                </step>
                <step start="1589051792719" stop="1589051792719" status="passed">
                    <name>logStep[Verifyied Feed:3 Pub Ad Call hmid Custm_Parameter Expected value presented]</name>
                    <title>Verifyied Feed:3 Pub Ad Call hmid Custm_Parameter Expected value presented</title>
                    <attachments/>
                    <steps/>
                </step>
                <step start="1589051792986" stop="1589051792986" status="passed">
                    <name>logStep[Verifyied Feed:4 Pub Ad Call hmid Custm_Parameter Expected value presented]</name>
                    <title>Verifyied Feed:4 Pub Ad Call hmid Custm_Parameter Expected value presented</title>
                    <attachments/>
                    <steps/>
                </step>
                <step start="1589051793266" stop="1589051793266" status="passed">
                    <name>logStep[Verifyied Feed:5 Pub Ad Call hmid Custm_Parameter Expected value presented]</name>
                    <title>Verifyied Feed:5 Pub Ad Call hmid Custm_Parameter Expected value presented</title>
                    <attachments/>
                    <steps/>
                </step>
                <step start="1589051794022" stop="1589051794022" status="passed">
                    <name>logStep[Verifyied Feed:0 Pub Ad Call hmid Custm_Parameter Expected value presented]</name>
                    <title>Verifyied Feed:0 Pub Ad Call hmid Custm_Parameter Expected value presented</title>
                    <attachments/>
                    <steps/>
                </step>
                <step start="1589051794781" stop="1589051794781" status="passed">
                    <name>logStep[Verifyied Feed:1 Pub Ad Call hmid Custm_Parameter Expected value presented]</name>
                    <title>Verifyied Feed:1 Pub Ad Call hmid Custm_Parameter Expected value presented</title>
                    <attachments/>
                    <steps/>
                </step>
                <step start="1589051795005" stop="1589051795005" status="passed">
                    <name>logStep[Verifyied Feed:2 Pub Ad Call hmid Custm_Parameter Expected value presented]</name>
                    <title>Verifyied Feed:2 Pub Ad Call hmid Custm_Parameter Expected value presented</title>
                    <attachments/>
                    <steps/>
                </step>
                <step start="1589051795188" stop="1589051795188" status="passed">
                    <name>logStep[Verifyied Feed:3 Pub Ad Call hmid Custm_Parameter Expected value presented]</name>
                    <title>Verifyied Feed:3 Pub Ad Call hmid Custm_Parameter Expected value presented</title>
                    <attachments/>
                    <steps/>
                </step>
            </steps>
            <attachments/>
            <labels>
                <label name="testSuite" value="Default suite"/>
                <label name="testGroup" value="Default test"/>
                <label name="testClass" value="twc.Regression.TestCases.regressionTestCases"/>
                <label name="testMethod" value="C333207_Verify_cust_param_hmid"/>
                <label name="host" value="Aswinikumars-MacBook-Pro.local"/>
                <label name="thread" value="1544@Aswinikumars-MacBook-Pro.local.main(1)"/>
            </labels>
        </test-case>
        <test-case start="1589051795449" stop="1589051795661" status="broken">
            <name>C333226_Verify_cust_param_st</name>
            <title>Verify custom parameter st</title>
            <failure>
                <message>StringIndexOutOfBoundsException: String index out of range: -1</message>
                <stack-trace>java.lang.StringIndexOutOfBoundsException: String index out of range: -1
	at java.lang.String.substring(String.java:1927)
	at twc.Regression.CustomParamValidation.CustomParamFunctions.get_dsx_call_value(CustomParamFunctions.java:704)
	at twc.Regression.CustomParamValidation.CustomParamFunctions.validate_dsx_results(CustomParamFunctions.java:289)
	at twc.Regression.TestCases.Custom_Parameters_Verification.parameters_Verification(Custom_Parameters_Verification.java:277)
	at twc.Regression.TestCases.regressionTestCases.C333226_Verify_cust_param_st(regressionTestCases.java:110)
	at sun.reflect.NativeMethodAccessorImpl.invoke0(Native Method)
	at sun.reflect.NativeMethodAccessorImpl.invoke(NativeMethodAccessorImpl.java:62)
	at sun.reflect.DelegatingMethodAccessorImpl.invoke(DelegatingMethodAccessorImpl.java:43)
	at java.lang.reflect.Method.invoke(Method.java:498)
	at org.testng.internal.MethodInvocationHelper.invokeMethod(MethodInvocationHelper.java:85)
	at org.testng.internal.Invoker.invokeMethod(Invoker.java:659)
	at org.testng.internal.Invoker.invokeTestMethod(Invoker.java:845)
	at org.testng.internal.Invoker.invokeTestMethods(Invoker.java:1153)
	at org.testng.internal.TestMethodWorker.invokeTestMethods(TestMethodWorker.java:125)
	at org.testng.internal.TestMethodWorker.run(TestMethodWorker.java:108)
	at org.testng.TestRunner.privateRun(TestRunner.java:771)
	at org.testng.TestRunner.run(TestRunner.java:621)
	at org.testng.SuiteRunner.runTest(SuiteRunner.java:357)
	at org.testng.SuiteRunner.runSequentially(SuiteRunner.java:352)
	at org.testng.SuiteRunner.privateRun(SuiteRunner.java:310)
	at org.testng.SuiteRunner.run(SuiteRunner.java:259)
	at org.testng.SuiteRunnerWorker.runSuite(SuiteRunnerWorker.java:52)
	at org.testng.SuiteRunnerWorker.run(SuiteRunnerWorker.java:86)
	at org.testng.TestNG.runSuitesSequentially(TestNG.java:1199)
	at org.testng.TestNG.runSuitesLocally(TestNG.java:1124)
	at org.testng.TestNG.run(TestNG.java:1032)
	at org.testng.remote.AbstractRemoteTestNG.run(AbstractRemoteTestNG.java:115)
	at org.testng.remote.RemoteTestNG.initAndRun(RemoteTestNG.java:251)
	at org.testng.remote.RemoteTestNG.main(RemoteTestNG.java:77)
</stack-trace>
            </failure>
            <steps>
                <step start="1589051795594" stop="1589051795594" status="passed">
                    <name>logStep[Verifyied Feed:0 Pub Ad Call st Custm_Parameter Expected value presented]</name>
                    <title>Verifyied Feed:0 Pub Ad Call st Custm_Parameter Expected value presented</title>
                </step>
            </steps>
            <attachments/>
            <labels>
                <label name="testSuite" value="Default suite"/>
                <label name="testGroup" value="Default test"/>
                <label name="testClass" value="twc.Regression.TestCases.regressionTestCases"/>
                <label name="testMethod" value="C333226_Verify_cust_param_st"/>
                <label name="host" value="Aswinikumars-MacBook-Pro.local"/>
                <label name="thread" value="1544@Aswinikumars-MacBook-Pro.local.main(1)"/>
            </labels>
        </test-case>
        <test-case start="1589051795449" stop="1589051795661" status="broken">
            <name>C333226_Verify_cust_param_st</name>
            <title>Verify custom parameter st</title>
            <failure>
                <message>StringIndexOutOfBoundsException: String index out of range: -1</message>
                <stack-trace>java.lang.StringIndexOutOfBoundsException: String index out of range: -1
	at java.lang.String.substring(String.java:1927)
	at twc.Regression.CustomParamValidation.CustomParamFunctions.get_dsx_call_value(CustomParamFunctions.java:704)
	at twc.Regression.CustomParamValidation.CustomParamFunctions.validate_dsx_results(CustomParamFunctions.java:289)
	at twc.Regression.TestCases.Custom_Parameters_Verification.parameters_Verification(Custom_Parameters_Verification.java:277)
	at twc.Regression.TestCases.regressionTestCases.C333226_Verify_cust_param_st(regressionTestCases.java:110)
	at sun.reflect.NativeMethodAccessorImpl.invoke0(Native Method)
	at sun.reflect.NativeMethodAccessorImpl.invoke(NativeMethodAccessorImpl.java:62)
	at sun.reflect.DelegatingMethodAccessorImpl.invoke(DelegatingMethodAccessorImpl.java:43)
	at java.lang.reflect.Method.invoke(Method.java:498)
	at org.testng.internal.MethodInvocationHelper.invokeMethod(MethodInvocationHelper.java:85)
	at org.testng.internal.Invoker.invokeMethod(Invoker.java:659)
	at org.testng.internal.Invoker.invokeTestMethod(Invoker.java:845)
	at org.testng.internal.Invoker.invokeTestMethods(Invoker.java:1153)
	at org.testng.internal.TestMethodWorker.invokeTestMethods(TestMethodWorker.java:125)
	at org.testng.internal.TestMethodWorker.run(TestMethodWorker.java:108)
	at org.testng.TestRunner.privateRun(TestRunner.java:771)
	at org.testng.TestRunner.run(TestRunner.java:621)
	at org.testng.SuiteRunner.runTest(SuiteRunner.java:357)
	at org.testng.SuiteRunner.runSequentially(SuiteRunner.java:352)
	at org.testng.SuiteRunner.privateRun(SuiteRunner.java:310)
	at org.testng.SuiteRunner.run(SuiteRunner.java:259)
	at org.testng.SuiteRunnerWorker.runSuite(SuiteRunnerWorker.java:52)
	at org.testng.SuiteRunnerWorker.run(SuiteRunnerWorker.java:86)
	at org.testng.TestNG.runSuitesSequentially(TestNG.java:1199)
	at org.testng.TestNG.runSuitesLocally(TestNG.java:1124)
	at org.testng.TestNG.run(TestNG.java:1032)
	at org.testng.remote.AbstractRemoteTestNG.run(AbstractRemoteTestNG.java:115)
	at org.testng.remote.RemoteTestNG.initAndRun(RemoteTestNG.java:251)
	at org.testng.remote.RemoteTestNG.main(RemoteTestNG.java:77)
</stack-trace>
            </failure>
            <steps>
                <step start="1589051795594" stop="1589051795594" status="passed">
                    <name>logStep[Verifyied Feed:0 Pub Ad Call st Custm_Parameter Expected value presented]</name>
                    <title>Verifyied Feed:0 Pub Ad Call st Custm_Parameter Expected value presented</title>
                </step>
            </steps>
            <attachments/>
            <labels>
                <label name="testSuite" value="Default suite"/>
                <label name="testGroup" value="Default test"/>
                <label name="testClass" value="twc.Regression.TestCases.regressionTestCases"/>
                <label name="testMethod" value="C333226_Verify_cust_param_st"/>
                <label name="host" value="Aswinikumars-MacBook-Pro.local"/>
                <label name="thread" value="1544@Aswinikumars-MacBook-Pro.local.main(1)"/>
            </labels>
        </test-case>
        <test-case start="1589051795662" stop="1589051799155" status="passed">
            <name>C333229_Verify_cust_param_faud</name>
            <title>Verify custom parameter faud</title>
            <steps>
                <step start="1589051795797" stop="1589051795797" status="passed">
                    <name>logStep[Verifyied Feed:0 Pub Ad Call faud Custm_Parameter Expected value presented]</name>
                    <title>Verifyied Feed:0 Pub Ad Call faud Custm_Parameter Expected value presented</title>
                    <attachments/>
                    <steps/>
                </step>
                <step start="1589051795899" stop="1589051795899" status="passed">
                    <name>logStep[Verifyied Feed:1 Pub Ad Call faud Custm_Parameter Expected value presented]</name>
                    <title>Verifyied Feed:1 Pub Ad Call faud Custm_Parameter Expected value presented</title>
                    <attachments/>
                    <steps/>
                </step>
                <step start="1589051796529" stop="1589051796529" status="passed">
                    <name>logStep[Verifyied Feed:2 Pub Ad Call faud Custm_Parameter Expected value presented]</name>
                    <title>Verifyied Feed:2 Pub Ad Call faud Custm_Parameter Expected value presented</title>
                    <attachments/>
                    <steps/>
                </step>
                <step start="1589051797251" stop="1589051797251" status="passed">
                    <name>logStep[Verifyied Feed:3 Pub Ad Call faud Custm_Parameter Expected value presented]</name>
                    <title>Verifyied Feed:3 Pub Ad Call faud Custm_Parameter Expected value presented</title>
                    <attachments/>
                    <steps/>
                </step>
                <step start="1589051797398" stop="1589051797398" status="passed">
                    <name>logStep[Verifyied Feed:4 Pub Ad Call faud Custm_Parameter Expected value presented]</name>
                    <title>Verifyied Feed:4 Pub Ad Call faud Custm_Parameter Expected value presented</title>
                    <attachments/>
                    <steps/>
                </step>
                <step start="1589051797542" stop="1589051797542" status="passed">
                    <name>logStep[Verifyied Feed:5 Pub Ad Call faud Custm_Parameter Expected value presented]</name>
                    <title>Verifyied Feed:5 Pub Ad Call faud Custm_Parameter Expected value presented</title>
                    <attachments/>
                    <steps/>
                </step>
                <step start="1589051798215" stop="1589051798215" status="passed">
                    <name>logStep[Verifyied Feed:0 Pub Ad Call faud Custm_Parameter Expected value presented]</name>
                    <title>Verifyied Feed:0 Pub Ad Call faud Custm_Parameter Expected value presented</title>
                    <attachments/>
                    <steps/>
                </step>
                <step start="1589051798959" stop="1589051798959" status="passed">
                    <name>logStep[Verifyied Feed:1 Pub Ad Call faud Custm_Parameter Expected value presented]</name>
                    <title>Verifyied Feed:1 Pub Ad Call faud Custm_Parameter Expected value presented</title>
                    <attachments/>
                    <steps/>
                </step>
                <step start="1589051799066" stop="1589051799066" status="passed">
                    <name>logStep[Verifyied Feed:2 Pub Ad Call faud Custm_Parameter Expected value presented]</name>
                    <title>Verifyied Feed:2 Pub Ad Call faud Custm_Parameter Expected value presented</title>
                    <attachments/>
                    <steps/>
                </step>
                <step start="1589051799134" stop="1589051799134" status="passed">
                    <name>logStep[Verifyied Feed:3 Pub Ad Call faud Custm_Parameter Expected value presented]</name>
                    <title>Verifyied Feed:3 Pub Ad Call faud Custm_Parameter Expected value presented</title>
                    <attachments/>
                    <steps/>
                </step>
            </steps>
            <attachments/>
            <labels>
                <label name="testSuite" value="Default suite"/>
                <label name="testGroup" value="Default test"/>
                <label name="testClass" value="twc.Regression.TestCases.regressionTestCases"/>
                <label name="testMethod" value="C333229_Verify_cust_param_faud"/>
                <label name="host" value="Aswinikumars-MacBook-Pro.local"/>
                <label name="thread" value="1544@Aswinikumars-MacBook-Pro.local.main(1)"/>
            </labels>
        </test-case>
        <test-case start="1589051795662" stop="1589051799155" status="passed">
            <name>C333229_Verify_cust_param_faud</name>
            <title>Verify custom parameter faud</title>
            <steps>
                <step start="1589051795797" stop="1589051795797" status="passed">
                    <name>logStep[Verifyied Feed:0 Pub Ad Call faud Custm_Parameter Expected value presented]</name>
                    <title>Verifyied Feed:0 Pub Ad Call faud Custm_Parameter Expected value presented</title>
                    <attachments/>
                    <steps/>
                </step>
                <step start="1589051795899" stop="1589051795899" status="passed">
                    <name>logStep[Verifyied Feed:1 Pub Ad Call faud Custm_Parameter Expected value presented]</name>
                    <title>Verifyied Feed:1 Pub Ad Call faud Custm_Parameter Expected value presented</title>
                    <attachments/>
                    <steps/>
                </step>
                <step start="1589051796529" stop="1589051796529" status="passed">
                    <name>logStep[Verifyied Feed:2 Pub Ad Call faud Custm_Parameter Expected value presented]</name>
                    <title>Verifyied Feed:2 Pub Ad Call faud Custm_Parameter Expected value presented</title>
                    <attachments/>
                    <steps/>
                </step>
                <step start="1589051797251" stop="1589051797251" status="passed">
                    <name>logStep[Verifyied Feed:3 Pub Ad Call faud Custm_Parameter Expected value presented]</name>
                    <title>Verifyied Feed:3 Pub Ad Call faud Custm_Parameter Expected value presented</title>
                    <attachments/>
                    <steps/>
                </step>
                <step start="1589051797398" stop="1589051797398" status="passed">
                    <name>logStep[Verifyied Feed:4 Pub Ad Call faud Custm_Parameter Expected value presented]</name>
                    <title>Verifyied Feed:4 Pub Ad Call faud Custm_Parameter Expected value presented</title>
                    <attachments/>
                    <steps/>
                </step>
                <step start="1589051797542" stop="1589051797542" status="passed">
                    <name>logStep[Verifyied Feed:5 Pub Ad Call faud Custm_Parameter Expected value presented]</name>
                    <title>Verifyied Feed:5 Pub Ad Call faud Custm_Parameter Expected value presented</title>
                    <attachments/>
                    <steps/>
                </step>
                <step start="1589051798215" stop="1589051798215" status="passed">
                    <name>logStep[Verifyied Feed:0 Pub Ad Call faud Custm_Parameter Expected value presented]</name>
                    <title>Verifyied Feed:0 Pub Ad Call faud Custm_Parameter Expected value presented</title>
                    <attachments/>
                    <steps/>
                </step>
                <step start="1589051798959" stop="1589051798959" status="passed">
                    <name>logStep[Verifyied Feed:1 Pub Ad Call faud Custm_Parameter Expected value presented]</name>
                    <title>Verifyied Feed:1 Pub Ad Call faud Custm_Parameter Expected value presented</title>
                    <attachments/>
                    <steps/>
                </step>
                <step start="1589051799066" stop="1589051799066" status="passed">
                    <name>logStep[Verifyied Feed:2 Pub Ad Call faud Custm_Parameter Expected value presented]</name>
                    <title>Verifyied Feed:2 Pub Ad Call faud Custm_Parameter Expected value presented</title>
                    <attachments/>
                    <steps/>
                </step>
                <step start="1589051799134" stop="1589051799134" status="passed">
                    <name>logStep[Verifyied Feed:3 Pub Ad Call faud Custm_Parameter Expected value presented]</name>
                    <title>Verifyied Feed:3 Pub Ad Call faud Custm_Parameter Expected value presented</title>
                    <attachments/>
                    <steps/>
                </step>
            </steps>
            <attachments/>
            <labels>
                <label name="testSuite" value="Default suite"/>
                <label name="testGroup" value="Default test"/>
                <label name="testClass" value="twc.Regression.TestCases.regressionTestCases"/>
                <label name="testMethod" value="C333229_Verify_cust_param_faud"/>
                <label name="host" value="Aswinikumars-MacBook-Pro.local"/>
                <label name="thread" value="1544@Aswinikumars-MacBook-Pro.local.main(1)"/>
            </labels>
        </test-case>
        <test-case start="1589051799159" stop="1589051802496" status="passed">
            <name>C333230_Verify_cust_param_fgeo</name>
            <title>Verify custom parameter fgeo</title>
            <steps>
                <step start="1589051799308" stop="1589051799308" status="passed">
                    <name>logStep[Verifyied Feed:0 Pub Ad Call fgeo Custm_Parameter Expected value presented]</name>
                    <title>Verifyied Feed:0 Pub Ad Call fgeo Custm_Parameter Expected value presented</title>
                    <attachments/>
                    <steps/>
                </step>
                <step start="1589051799415" stop="1589051799415" status="passed">
                    <name>logStep[Verifyied Feed:1 Pub Ad Call fgeo Custm_Parameter Expected value presented]</name>
                    <title>Verifyied Feed:1 Pub Ad Call fgeo Custm_Parameter Expected value presented</title>
                    <attachments/>
                    <steps/>
                </step>
                <step start="1589051800083" stop="1589051800083" status="passed">
                    <name>logStep[Verifyied Feed:2 Pub Ad Call fgeo Custm_Parameter Expected value presented]</name>
                    <title>Verifyied Feed:2 Pub Ad Call fgeo Custm_Parameter Expected value presented</title>
                    <attachments/>
                    <steps/>
                </step>
                <step start="1589051800738" stop="1589051800738" status="passed">
                    <name>logStep[Verifyied Feed:3 Pub Ad Call fgeo Custm_Parameter Expected value presented]</name>
                    <title>Verifyied Feed:3 Pub Ad Call fgeo Custm_Parameter Expected value presented</title>
                    <attachments/>
                    <steps/>
                </step>
                <step start="1589051800878" stop="1589051800878" status="passed">
                    <name>logStep[Verifyied Feed:4 Pub Ad Call fgeo Custm_Parameter Expected value presented]</name>
                    <title>Verifyied Feed:4 Pub Ad Call fgeo Custm_Parameter Expected value presented</title>
                    <attachments/>
                    <steps/>
                </step>
                <step start="1589051801013" stop="1589051801014" status="passed">
                    <name>logStep[Verifyied Feed:5 Pub Ad Call fgeo Custm_Parameter Expected value presented]</name>
                    <title>Verifyied Feed:5 Pub Ad Call fgeo Custm_Parameter Expected value presented</title>
                    <attachments/>
                    <steps/>
                </step>
                <step start="1589051801661" stop="1589051801661" status="passed">
                    <name>logStep[Verifyied Feed:0 Pub Ad Call fgeo Custm_Parameter Expected value presented]</name>
                    <title>Verifyied Feed:0 Pub Ad Call fgeo Custm_Parameter Expected value presented</title>
                    <attachments/>
                    <steps/>
                </step>
                <step start="1589051802312" stop="1589051802312" status="passed">
                    <name>logStep[Verifyied Feed:1 Pub Ad Call fgeo Custm_Parameter Expected value presented]</name>
                    <title>Verifyied Feed:1 Pub Ad Call fgeo Custm_Parameter Expected value presented</title>
                    <attachments/>
                    <steps/>
                </step>
                <step start="1589051802411" stop="1589051802411" status="passed">
                    <name>logStep[Verifyied Feed:2 Pub Ad Call fgeo Custm_Parameter Expected value presented]</name>
                    <title>Verifyied Feed:2 Pub Ad Call fgeo Custm_Parameter Expected value presented</title>
                    <attachments/>
                    <steps/>
                </step>
                <step start="1589051802473" stop="1589051802473" status="passed">
                    <name>logStep[Verifyied Feed:3 Pub Ad Call fgeo Custm_Parameter Expected value presented]</name>
                    <title>Verifyied Feed:3 Pub Ad Call fgeo Custm_Parameter Expected value presented</title>
                    <attachments/>
                    <steps/>
                </step>
            </steps>
            <attachments/>
            <labels>
                <label name="testSuite" value="Default suite"/>
                <label name="testGroup" value="Default test"/>
                <label name="testClass" value="twc.Regression.TestCases.regressionTestCases"/>
                <label name="testMethod" value="C333230_Verify_cust_param_fgeo"/>
                <label name="host" value="Aswinikumars-MacBook-Pro.local"/>
                <label name="thread" value="1544@Aswinikumars-MacBook-Pro.local.main(1)"/>
            </labels>
        </test-case>
        <test-case start="1589051799159" stop="1589051802496" status="passed">
            <name>C333230_Verify_cust_param_fgeo</name>
            <title>Verify custom parameter fgeo</title>
            <steps>
                <step start="1589051799308" stop="1589051799308" status="passed">
                    <name>logStep[Verifyied Feed:0 Pub Ad Call fgeo Custm_Parameter Expected value presented]</name>
                    <title>Verifyied Feed:0 Pub Ad Call fgeo Custm_Parameter Expected value presented</title>
                    <attachments/>
                    <steps/>
                </step>
                <step start="1589051799415" stop="1589051799415" status="passed">
                    <name>logStep[Verifyied Feed:1 Pub Ad Call fgeo Custm_Parameter Expected value presented]</name>
                    <title>Verifyied Feed:1 Pub Ad Call fgeo Custm_Parameter Expected value presented</title>
                    <attachments/>
                    <steps/>
                </step>
                <step start="1589051800083" stop="1589051800083" status="passed">
                    <name>logStep[Verifyied Feed:2 Pub Ad Call fgeo Custm_Parameter Expected value presented]</name>
                    <title>Verifyied Feed:2 Pub Ad Call fgeo Custm_Parameter Expected value presented</title>
                    <attachments/>
                    <steps/>
                </step>
                <step start="1589051800738" stop="1589051800738" status="passed">
                    <name>logStep[Verifyied Feed:3 Pub Ad Call fgeo Custm_Parameter Expected value presented]</name>
                    <title>Verifyied Feed:3 Pub Ad Call fgeo Custm_Parameter Expected value presented</title>
                    <attachments/>
                    <steps/>
                </step>
                <step start="1589051800878" stop="1589051800878" status="passed">
                    <name>logStep[Verifyied Feed:4 Pub Ad Call fgeo Custm_Parameter Expected value presented]</name>
                    <title>Verifyied Feed:4 Pub Ad Call fgeo Custm_Parameter Expected value presented</title>
                    <attachments/>
                    <steps/>
                </step>
                <step start="1589051801013" stop="1589051801014" status="passed">
                    <name>logStep[Verifyied Feed:5 Pub Ad Call fgeo Custm_Parameter Expected value presented]</name>
                    <title>Verifyied Feed:5 Pub Ad Call fgeo Custm_Parameter Expected value presented</title>
                    <attachments/>
                    <steps/>
                </step>
                <step start="1589051801661" stop="1589051801661" status="passed">
                    <name>logStep[Verifyied Feed:0 Pub Ad Call fgeo Custm_Parameter Expected value presented]</name>
                    <title>Verifyied Feed:0 Pub Ad Call fgeo Custm_Parameter Expected value presented</title>
                    <attachments/>
                    <steps/>
                </step>
                <step start="1589051802312" stop="1589051802312" status="passed">
                    <name>logStep[Verifyied Feed:1 Pub Ad Call fgeo Custm_Parameter Expected value presented]</name>
                    <title>Verifyied Feed:1 Pub Ad Call fgeo Custm_Parameter Expected value presented</title>
                    <attachments/>
                    <steps/>
                </step>
                <step start="1589051802411" stop="1589051802411" status="passed">
                    <name>logStep[Verifyied Feed:2 Pub Ad Call fgeo Custm_Parameter Expected value presented]</name>
                    <title>Verifyied Feed:2 Pub Ad Call fgeo Custm_Parameter Expected value presented</title>
                    <attachments/>
                    <steps/>
                </step>
                <step start="1589051802473" stop="1589051802473" status="passed">
                    <name>logStep[Verifyied Feed:3 Pub Ad Call fgeo Custm_Parameter Expected value presented]</name>
                    <title>Verifyied Feed:3 Pub Ad Call fgeo Custm_Parameter Expected value presented</title>
                    <attachments/>
                    <steps/>
                </step>
            </steps>
            <attachments/>
            <labels>
                <label name="testSuite" value="Default suite"/>
                <label name="testGroup" value="Default test"/>
                <label name="testClass" value="twc.Regression.TestCases.regressionTestCases"/>
                <label name="testMethod" value="C333230_Verify_cust_param_fgeo"/>
                <label name="host" value="Aswinikumars-MacBook-Pro.local"/>
                <label name="thread" value="1544@Aswinikumars-MacBook-Pro.local.main(1)"/>
            </labels>
        </test-case>
        <test-case start="1589051802499" stop="1589051806971" status="passed">
            <name>C333233_Verify_cust_param_filtmpc</name>
            <title>Verify custom parameter fltmpc</title>
            <steps>
                <step start="1589051802665" stop="1589051802665" status="passed">
                    <name>logStep[Verifyied Feed:0 Pub Ad Call fltmpc Custm_Parameter Expected value presented]</name>
                    <title>Verifyied Feed:0 Pub Ad Call fltmpc Custm_Parameter Expected value presented</title>
                    <attachments/>
                    <steps/>
                </step>
                <step start="1589051802881" stop="1589051802881" status="passed">
                    <name>logStep[Verifyied Feed:1 Pub Ad Call fltmpc Custm_Parameter Expected value presented]</name>
                    <title>Verifyied Feed:1 Pub Ad Call fltmpc Custm_Parameter Expected value presented</title>
                    <attachments/>
                    <steps/>
                </step>
                <step start="1589051803636" stop="1589051803636" status="passed">
                    <name>logStep[Verifyied Feed:2 Pub Ad Call fltmpc Custm_Parameter Expected value presented]</name>
                    <title>Verifyied Feed:2 Pub Ad Call fltmpc Custm_Parameter Expected value presented</title>
                    <attachments/>
                    <steps/>
                </step>
                <step start="1589051804409" stop="1589051804409" status="passed">
                    <name>logStep[Verifyied Feed:3 Pub Ad Call fltmpc Custm_Parameter Expected value presented]</name>
                    <title>Verifyied Feed:3 Pub Ad Call fltmpc Custm_Parameter Expected value presented</title>
                    <attachments/>
                    <steps/>
                </step>
                <step start="1589051804658" stop="1589051804658" status="passed">
                    <name>logStep[Verifyied Feed:4 Pub Ad Call fltmpc Custm_Parameter Expected value presented]</name>
                    <title>Verifyied Feed:4 Pub Ad Call fltmpc Custm_Parameter Expected value presented</title>
                    <attachments/>
                    <steps/>
                </step>
                <step start="1589051804899" stop="1589051804899" status="passed">
                    <name>logStep[Verifyied Feed:5 Pub Ad Call fltmpc Custm_Parameter Expected value presented]</name>
                    <title>Verifyied Feed:5 Pub Ad Call fltmpc Custm_Parameter Expected value presented</title>
                    <attachments/>
                    <steps/>
                </step>
                <step start="1589051805680" stop="1589051805680" status="passed">
                    <name>logStep[Verifyied Feed:0 Pub Ad Call fltmpc Custm_Parameter Expected value presented]</name>
                    <title>Verifyied Feed:0 Pub Ad Call fltmpc Custm_Parameter Expected value presented</title>
                    <attachments/>
                    <steps/>
                </step>
                <step start="1589051806428" stop="1589051806428" status="passed">
                    <name>logStep[Verifyied Feed:1 Pub Ad Call fltmpc Custm_Parameter Expected value presented]</name>
                    <title>Verifyied Feed:1 Pub Ad Call fltmpc Custm_Parameter Expected value presented</title>
                    <attachments/>
                    <steps/>
                </step>
                <step start="1589051806644" stop="1589051806644" status="passed">
                    <name>logStep[Verifyied Feed:2 Pub Ad Call fltmpc Custm_Parameter Expected value presented]</name>
                    <title>Verifyied Feed:2 Pub Ad Call fltmpc Custm_Parameter Expected value presented</title>
                    <attachments/>
                    <steps/>
                </step>
                <step start="1589051806833" stop="1589051806833" status="passed">
                    <name>logStep[Verifyied Feed:3 Pub Ad Call fltmpc Custm_Parameter Expected value presented]</name>
                    <title>Verifyied Feed:3 Pub Ad Call fltmpc Custm_Parameter Expected value presented</title>
                    <attachments/>
                    <steps/>
                </step>
            </steps>
            <attachments/>
            <labels>
                <label name="testSuite" value="Default suite"/>
                <label name="testGroup" value="Default test"/>
                <label name="testClass" value="twc.Regression.TestCases.regressionTestCases"/>
                <label name="testMethod" value="C333233_Verify_cust_param_filtmpc"/>
                <label name="host" value="Aswinikumars-MacBook-Pro.local"/>
                <label name="thread" value="1544@Aswinikumars-MacBook-Pro.local.main(1)"/>
            </labels>
        </test-case>
        <test-case start="1589051802499" stop="1589051806971" status="passed">
            <name>C333233_Verify_cust_param_filtmpc</name>
            <title>Verify custom parameter fltmpc</title>
            <steps>
                <step start="1589051802665" stop="1589051802665" status="passed">
                    <name>logStep[Verifyied Feed:0 Pub Ad Call fltmpc Custm_Parameter Expected value presented]</name>
                    <title>Verifyied Feed:0 Pub Ad Call fltmpc Custm_Parameter Expected value presented</title>
                    <attachments/>
                    <steps/>
                </step>
                <step start="1589051802881" stop="1589051802881" status="passed">
                    <name>logStep[Verifyied Feed:1 Pub Ad Call fltmpc Custm_Parameter Expected value presented]</name>
                    <title>Verifyied Feed:1 Pub Ad Call fltmpc Custm_Parameter Expected value presented</title>
                    <attachments/>
                    <steps/>
                </step>
                <step start="1589051803636" stop="1589051803636" status="passed">
                    <name>logStep[Verifyied Feed:2 Pub Ad Call fltmpc Custm_Parameter Expected value presented]</name>
                    <title>Verifyied Feed:2 Pub Ad Call fltmpc Custm_Parameter Expected value presented</title>
                    <attachments/>
                    <steps/>
                </step>
                <step start="1589051804409" stop="1589051804409" status="passed">
                    <name>logStep[Verifyied Feed:3 Pub Ad Call fltmpc Custm_Parameter Expected value presented]</name>
                    <title>Verifyied Feed:3 Pub Ad Call fltmpc Custm_Parameter Expected value presented</title>
                    <attachments/>
                    <steps/>
                </step>
                <step start="1589051804658" stop="1589051804658" status="passed">
                    <name>logStep[Verifyied Feed:4 Pub Ad Call fltmpc Custm_Parameter Expected value presented]</name>
                    <title>Verifyied Feed:4 Pub Ad Call fltmpc Custm_Parameter Expected value presented</title>
                    <attachments/>
                    <steps/>
                </step>
                <step start="1589051804899" stop="1589051804899" status="passed">
                    <name>logStep[Verifyied Feed:5 Pub Ad Call fltmpc Custm_Parameter Expected value presented]</name>
                    <title>Verifyied Feed:5 Pub Ad Call fltmpc Custm_Parameter Expected value presented</title>
                    <attachments/>
                    <steps/>
                </step>
                <step start="1589051805680" stop="1589051805680" status="passed">
                    <name>logStep[Verifyied Feed:0 Pub Ad Call fltmpc Custm_Parameter Expected value presented]</name>
                    <title>Verifyied Feed:0 Pub Ad Call fltmpc Custm_Parameter Expected value presented</title>
                    <attachments/>
                    <steps/>
                </step>
                <step start="1589051806428" stop="1589051806428" status="passed">
                    <name>logStep[Verifyied Feed:1 Pub Ad Call fltmpc Custm_Parameter Expected value presented]</name>
                    <title>Verifyied Feed:1 Pub Ad Call fltmpc Custm_Parameter Expected value presented</title>
                    <attachments/>
                    <steps/>
                </step>
                <step start="1589051806644" stop="1589051806644" status="passed">
                    <name>logStep[Verifyied Feed:2 Pub Ad Call fltmpc Custm_Parameter Expected value presented]</name>
                    <title>Verifyied Feed:2 Pub Ad Call fltmpc Custm_Parameter Expected value presented</title>
                    <attachments/>
                    <steps/>
                </step>
                <step start="1589051806833" stop="1589051806833" status="passed">
                    <name>logStep[Verifyied Feed:3 Pub Ad Call fltmpc Custm_Parameter Expected value presented]</name>
                    <title>Verifyied Feed:3 Pub Ad Call fltmpc Custm_Parameter Expected value presented</title>
                    <attachments/>
                    <steps/>
                </step>
            </steps>
            <attachments/>
            <labels>
                <label name="testSuite" value="Default suite"/>
                <label name="testGroup" value="Default test"/>
                <label name="testClass" value="twc.Regression.TestCases.regressionTestCases"/>
                <label name="testMethod" value="C333233_Verify_cust_param_filtmpc"/>
                <label name="host" value="Aswinikumars-MacBook-Pro.local"/>
                <label name="thread" value="1544@Aswinikumars-MacBook-Pro.local.main(1)"/>
            </labels>
        </test-case>
        <test-case start="1589051806972" stop="1589051807162" status="broken">
            <name>C333215_Verify_cust_param_ftl</name>
            <title>Verify custom parameter ftl</title>
            <failure>
                <message>NullPointerException: null</message>
                <stack-trace>java.lang.NullPointerException
	at twc.Regression.TestCases.Custom_Parameters_Verification.parameters_Verification(Custom_Parameters_Verification.java:410)
	at twc.Regression.TestCases.regressionTestCases.C333215_Verify_cust_param_ftl(regressionTestCases.java:137)
	at sun.reflect.NativeMethodAccessorImpl.invoke0(Native Method)
	at sun.reflect.NativeMethodAccessorImpl.invoke(NativeMethodAccessorImpl.java:62)
	at sun.reflect.DelegatingMethodAccessorImpl.invoke(DelegatingMethodAccessorImpl.java:43)
	at java.lang.reflect.Method.invoke(Method.java:498)
	at org.testng.internal.MethodInvocationHelper.invokeMethod(MethodInvocationHelper.java:85)
	at org.testng.internal.Invoker.invokeMethod(Invoker.java:659)
	at org.testng.internal.Invoker.invokeTestMethod(Invoker.java:845)
	at org.testng.internal.Invoker.invokeTestMethods(Invoker.java:1153)
	at org.testng.internal.TestMethodWorker.invokeTestMethods(TestMethodWorker.java:125)
	at org.testng.internal.TestMethodWorker.run(TestMethodWorker.java:108)
	at org.testng.TestRunner.privateRun(TestRunner.java:771)
	at org.testng.TestRunner.run(TestRunner.java:621)
	at org.testng.SuiteRunner.runTest(SuiteRunner.java:357)
	at org.testng.SuiteRunner.runSequentially(SuiteRunner.java:352)
	at org.testng.SuiteRunner.privateRun(SuiteRunner.java:310)
	at org.testng.SuiteRunner.run(SuiteRunner.java:259)
	at org.testng.SuiteRunnerWorker.runSuite(SuiteRunnerWorker.java:52)
	at org.testng.SuiteRunnerWorker.run(SuiteRunnerWorker.java:86)
	at org.testng.TestNG.runSuitesSequentially(TestNG.java:1199)
	at org.testng.TestNG.runSuitesLocally(TestNG.java:1124)
	at org.testng.TestNG.run(TestNG.java:1032)
	at org.testng.remote.AbstractRemoteTestNG.run(AbstractRemoteTestNG.java:115)
	at org.testng.remote.RemoteTestNG.initAndRun(RemoteTestNG.java:251)
	at org.testng.remote.RemoteTestNG.main(RemoteTestNG.java:77)
</stack-trace>
            </failure>
            <steps>
                <step start="1589051807112" stop="1589051807112" status="passed">
                    <name>logStep[Verifyied Feed:0 Pub Ad Call ftl Custm_Parameter Expected value presented]</name>
                    <title>Verifyied Feed:0 Pub Ad Call ftl Custm_Parameter Expected value presented</title>
                </step>
            </steps>
            <attachments/>
            <labels>
                <label name="testSuite" value="Default suite"/>
                <label name="testGroup" value="Default test"/>
                <label name="testClass" value="twc.Regression.TestCases.regressionTestCases"/>
                <label name="testMethod" value="C333215_Verify_cust_param_ftl"/>
                <label name="host" value="Aswinikumars-MacBook-Pro.local"/>
                <label name="thread" value="1544@Aswinikumars-MacBook-Pro.local.main(1)"/>
            </labels>
        </test-case>
        <test-case start="1589051806972" stop="1589051807162" status="broken">
            <name>C333215_Verify_cust_param_ftl</name>
            <title>Verify custom parameter ftl</title>
            <failure>
                <message>NullPointerException: null</message>
                <stack-trace>java.lang.NullPointerException
	at twc.Regression.TestCases.Custom_Parameters_Verification.parameters_Verification(Custom_Parameters_Verification.java:410)
	at twc.Regression.TestCases.regressionTestCases.C333215_Verify_cust_param_ftl(regressionTestCases.java:137)
	at sun.reflect.NativeMethodAccessorImpl.invoke0(Native Method)
	at sun.reflect.NativeMethodAccessorImpl.invoke(NativeMethodAccessorImpl.java:62)
	at sun.reflect.DelegatingMethodAccessorImpl.invoke(DelegatingMethodAccessorImpl.java:43)
	at java.lang.reflect.Method.invoke(Method.java:498)
	at org.testng.internal.MethodInvocationHelper.invokeMethod(MethodInvocationHelper.java:85)
	at org.testng.internal.Invoker.invokeMethod(Invoker.java:659)
	at org.testng.internal.Invoker.invokeTestMethod(Invoker.java:845)
	at org.testng.internal.Invoker.invokeTestMethods(Invoker.java:1153)
	at org.testng.internal.TestMethodWorker.invokeTestMethods(TestMethodWorker.java:125)
	at org.testng.internal.TestMethodWorker.run(TestMethodWorker.java:108)
	at org.testng.TestRunner.privateRun(TestRunner.java:771)
	at org.testng.TestRunner.run(TestRunner.java:621)
	at org.testng.SuiteRunner.runTest(SuiteRunner.java:357)
	at org.testng.SuiteRunner.runSequentially(SuiteRunner.java:352)
	at org.testng.SuiteRunner.privateRun(SuiteRunner.java:310)
	at org.testng.SuiteRunner.run(SuiteRunner.java:259)
	at org.testng.SuiteRunnerWorker.runSuite(SuiteRunnerWorker.java:52)
	at org.testng.SuiteRunnerWorker.run(SuiteRunnerWorker.java:86)
	at org.testng.TestNG.runSuitesSequentially(TestNG.java:1199)
	at org.testng.TestNG.runSuitesLocally(TestNG.java:1124)
	at org.testng.TestNG.run(TestNG.java:1032)
	at org.testng.remote.AbstractRemoteTestNG.run(AbstractRemoteTestNG.java:115)
	at org.testng.remote.RemoteTestNG.initAndRun(RemoteTestNG.java:251)
	at org.testng.remote.RemoteTestNG.main(RemoteTestNG.java:77)
</stack-trace>
            </failure>
            <steps>
                <step start="1589051807112" stop="1589051807112" status="passed">
                    <name>logStep[Verifyied Feed:0 Pub Ad Call ftl Custm_Parameter Expected value presented]</name>
                    <title>Verifyied Feed:0 Pub Ad Call ftl Custm_Parameter Expected value presented</title>
                </step>
            </steps>
            <attachments/>
            <labels>
                <label name="testSuite" value="Default suite"/>
                <label name="testGroup" value="Default test"/>
                <label name="testClass" value="twc.Regression.TestCases.regressionTestCases"/>
                <label name="testMethod" value="C333215_Verify_cust_param_ftl"/>
                <label name="host" value="Aswinikumars-MacBook-Pro.local"/>
                <label name="thread" value="1544@Aswinikumars-MacBook-Pro.local.main(1)"/>
            </labels>
        </test-case>
        <test-case start="1589051807164" stop="1589051810460" status="passed">
            <name>C658711_Verify_cust_param_lang</name>
            <title>Verify custom parameter lang</title>
            <steps>
                <step start="1589051807298" stop="1589051807298" status="passed">
                    <name>logStep[Verifyied Feed:0 Pub Ad Call lang Custm_Parameter Expected value presented]</name>
                    <title>Verifyied Feed:0 Pub Ad Call lang Custm_Parameter Expected value presented</title>
                    <attachments/>
                    <steps/>
                </step>
                <step start="1589051807404" stop="1589051807404" status="passed">
                    <name>logStep[Verifyied Feed:1 Pub Ad Call lang Custm_Parameter Expected value presented]</name>
                    <title>Verifyied Feed:1 Pub Ad Call lang Custm_Parameter Expected value presented</title>
                    <attachments/>
                    <steps/>
                </step>
                <step start="1589051807987" stop="1589051807987" status="passed">
                    <name>logStep[Verifyied Feed:2 Pub Ad Call lang Custm_Parameter Expected value presented]</name>
                    <title>Verifyied Feed:2 Pub Ad Call lang Custm_Parameter Expected value presented</title>
                    <attachments/>
                    <steps/>
                </step>
                <step start="1589051808597" stop="1589051808597" status="passed">
                    <name>logStep[Verifyied Feed:3 Pub Ad Call lang Custm_Parameter Expected value presented]</name>
                    <title>Verifyied Feed:3 Pub Ad Call lang Custm_Parameter Expected value presented</title>
                    <attachments/>
                    <steps/>
                </step>
                <step start="1589051808734" stop="1589051808734" status="passed">
                    <name>logStep[Verifyied Feed:4 Pub Ad Call lang Custm_Parameter Expected value presented]</name>
                    <title>Verifyied Feed:4 Pub Ad Call lang Custm_Parameter Expected value presented</title>
                    <attachments/>
                    <steps/>
                </step>
                <step start="1589051808873" stop="1589051808873" status="passed">
                    <name>logStep[Verifyied Feed:5 Pub Ad Call lang Custm_Parameter Expected value presented]</name>
                    <title>Verifyied Feed:5 Pub Ad Call lang Custm_Parameter Expected value presented</title>
                    <attachments/>
                    <steps/>
                </step>
                <step start="1589051809535" stop="1589051809535" status="passed">
                    <name>logStep[Verifyied Feed:0 Pub Ad Call lang Custm_Parameter Expected value presented]</name>
                    <title>Verifyied Feed:0 Pub Ad Call lang Custm_Parameter Expected value presented</title>
                    <attachments/>
                    <steps/>
                </step>
                <step start="1589051810201" stop="1589051810201" status="passed">
                    <name>logStep[Verifyied Feed:1 Pub Ad Call lang Custm_Parameter Expected value presented]</name>
                    <title>Verifyied Feed:1 Pub Ad Call lang Custm_Parameter Expected value presented</title>
                    <attachments/>
                    <steps/>
                </step>
                <step start="1589051810331" stop="1589051810331" status="passed">
                    <name>logStep[Verifyied Feed:2 Pub Ad Call lang Custm_Parameter Expected value presented]</name>
                    <title>Verifyied Feed:2 Pub Ad Call lang Custm_Parameter Expected value presented</title>
                    <attachments/>
                    <steps/>
                </step>
                <step start="1589051810420" stop="1589051810420" status="passed">
                    <name>logStep[Verifyied Feed:3 Pub Ad Call lang Custm_Parameter Expected value presented]</name>
                    <title>Verifyied Feed:3 Pub Ad Call lang Custm_Parameter Expected value presented</title>
                    <attachments/>
                    <steps/>
                </step>
            </steps>
            <attachments/>
            <labels>
                <label name="testSuite" value="Default suite"/>
                <label name="testGroup" value="Default test"/>
                <label name="testClass" value="twc.Regression.TestCases.regressionTestCases"/>
                <label name="testMethod" value="C658711_Verify_cust_param_lang"/>
                <label name="host" value="Aswinikumars-MacBook-Pro.local"/>
                <label name="thread" value="1544@Aswinikumars-MacBook-Pro.local.main(1)"/>
            </labels>
        </test-case>
        <test-case start="1589051807164" stop="1589051810460" status="passed">
            <name>C658711_Verify_cust_param_lang</name>
            <title>Verify custom parameter lang</title>
            <steps>
                <step start="1589051807298" stop="1589051807298" status="passed">
                    <name>logStep[Verifyied Feed:0 Pub Ad Call lang Custm_Parameter Expected value presented]</name>
                    <title>Verifyied Feed:0 Pub Ad Call lang Custm_Parameter Expected value presented</title>
                    <attachments/>
                    <steps/>
                </step>
                <step start="1589051807404" stop="1589051807404" status="passed">
                    <name>logStep[Verifyied Feed:1 Pub Ad Call lang Custm_Parameter Expected value presented]</name>
                    <title>Verifyied Feed:1 Pub Ad Call lang Custm_Parameter Expected value presented</title>
                    <attachments/>
                    <steps/>
                </step>
                <step start="1589051807987" stop="1589051807987" status="passed">
                    <name>logStep[Verifyied Feed:2 Pub Ad Call lang Custm_Parameter Expected value presented]</name>
                    <title>Verifyied Feed:2 Pub Ad Call lang Custm_Parameter Expected value presented</title>
                    <attachments/>
                    <steps/>
                </step>
                <step start="1589051808597" stop="1589051808597" status="passed">
                    <name>logStep[Verifyied Feed:3 Pub Ad Call lang Custm_Parameter Expected value presented]</name>
                    <title>Verifyied Feed:3 Pub Ad Call lang Custm_Parameter Expected value presented</title>
                    <attachments/>
                    <steps/>
                </step>
                <step start="1589051808734" stop="1589051808734" status="passed">
                    <name>logStep[Verifyied Feed:4 Pub Ad Call lang Custm_Parameter Expected value presented]</name>
                    <title>Verifyied Feed:4 Pub Ad Call lang Custm_Parameter Expected value presented</title>
                    <attachments/>
                    <steps/>
                </step>
                <step start="1589051808873" stop="1589051808873" status="passed">
                    <name>logStep[Verifyied Feed:5 Pub Ad Call lang Custm_Parameter Expected value presented]</name>
                    <title>Verifyied Feed:5 Pub Ad Call lang Custm_Parameter Expected value presented</title>
                    <attachments/>
                    <steps/>
                </step>
                <step start="1589051809535" stop="1589051809535" status="passed">
                    <name>logStep[Verifyied Feed:0 Pub Ad Call lang Custm_Parameter Expected value presented]</name>
                    <title>Verifyied Feed:0 Pub Ad Call lang Custm_Parameter Expected value presented</title>
                    <attachments/>
                    <steps/>
                </step>
                <step start="1589051810201" stop="1589051810201" status="passed">
                    <name>logStep[Verifyied Feed:1 Pub Ad Call lang Custm_Parameter Expected value presented]</name>
                    <title>Verifyied Feed:1 Pub Ad Call lang Custm_Parameter Expected value presented</title>
                    <attachments/>
                    <steps/>
                </step>
                <step start="1589051810331" stop="1589051810331" status="passed">
                    <name>logStep[Verifyied Feed:2 Pub Ad Call lang Custm_Parameter Expected value presented]</name>
                    <title>Verifyied Feed:2 Pub Ad Call lang Custm_Parameter Expected value presented</title>
                    <attachments/>
                    <steps/>
                </step>
                <step start="1589051810420" stop="1589051810420" status="passed">
                    <name>logStep[Verifyied Feed:3 Pub Ad Call lang Custm_Parameter Expected value presented]</name>
                    <title>Verifyied Feed:3 Pub Ad Call lang Custm_Parameter Expected value presented</title>
                    <attachments/>
                    <steps/>
                </step>
            </steps>
            <attachments/>
            <labels>
                <label name="testSuite" value="Default suite"/>
                <label name="testGroup" value="Default test"/>
                <label name="testClass" value="twc.Regression.TestCases.regressionTestCases"/>
                <label name="testMethod" value="C658711_Verify_cust_param_lang"/>
                <label name="host" value="Aswinikumars-MacBook-Pro.local"/>
                <label name="thread" value="1544@Aswinikumars-MacBook-Pro.local.main(1)"/>
            </labels>
        </test-case>
        <test-case start="1589051810462" stop="1589051813903" status="passed">
            <name>C658712_Verify_cust_param_plat1</name>
            <title>Verify custom parameter plat</title>
            <steps>
                <step start="1589051810610" stop="1589051810610" status="passed">
                    <name>logStep[Verifyied Feed:0 Pub Ad Call plat Custm_Parameter Expected value presented]</name>
                    <title>Verifyied Feed:0 Pub Ad Call plat Custm_Parameter Expected value presented</title>
                    <attachments/>
                    <steps/>
                </step>
                <step start="1589051810716" stop="1589051810716" status="passed">
                    <name>logStep[Verifyied Feed:1 Pub Ad Call plat Custm_Parameter Expected value presented]</name>
                    <title>Verifyied Feed:1 Pub Ad Call plat Custm_Parameter Expected value presented</title>
                    <attachments/>
                    <steps/>
                </step>
                <step start="1589051811289" stop="1589051811289" status="passed">
                    <name>logStep[Verifyied Feed:2 Pub Ad Call plat Custm_Parameter Expected value presented]</name>
                    <title>Verifyied Feed:2 Pub Ad Call plat Custm_Parameter Expected value presented</title>
                    <attachments/>
                    <steps/>
                </step>
                <step start="1589051811886" stop="1589051811886" status="passed">
                    <name>logStep[Verifyied Feed:3 Pub Ad Call plat Custm_Parameter Expected value presented]</name>
                    <title>Verifyied Feed:3 Pub Ad Call plat Custm_Parameter Expected value presented</title>
                    <attachments/>
                    <steps/>
                </step>
                <step start="1589051812037" stop="1589051812037" status="passed">
                    <name>logStep[Verifyied Feed:4 Pub Ad Call plat Custm_Parameter Expected value presented]</name>
                    <title>Verifyied Feed:4 Pub Ad Call plat Custm_Parameter Expected value presented</title>
                    <attachments/>
                    <steps/>
                </step>
                <step start="1589051812178" stop="1589051812178" status="passed">
                    <name>logStep[Verifyied Feed:5 Pub Ad Call plat Custm_Parameter Expected value presented]</name>
                    <title>Verifyied Feed:5 Pub Ad Call plat Custm_Parameter Expected value presented</title>
                    <attachments/>
                    <steps/>
                </step>
                <step start="1589051812922" stop="1589051812922" status="passed">
                    <name>logStep[Verifyied Feed:0 Pub Ad Call plat Custm_Parameter Expected value presented]</name>
                    <title>Verifyied Feed:0 Pub Ad Call plat Custm_Parameter Expected value presented</title>
                    <attachments/>
                    <steps/>
                </step>
                <step start="1589051813654" stop="1589051813654" status="passed">
                    <name>logStep[Verifyied Feed:1 Pub Ad Call plat Custm_Parameter Expected value presented]</name>
                    <title>Verifyied Feed:1 Pub Ad Call plat Custm_Parameter Expected value presented</title>
                    <attachments/>
                    <steps/>
                </step>
                <step start="1589051813781" stop="1589051813781" status="passed">
                    <name>logStep[Verifyied Feed:2 Pub Ad Call plat Custm_Parameter Expected value presented]</name>
                    <title>Verifyied Feed:2 Pub Ad Call plat Custm_Parameter Expected value presented</title>
                    <attachments/>
                    <steps/>
                </step>
                <step start="1589051813864" stop="1589051813864" status="passed">
                    <name>logStep[Verifyied Feed:3 Pub Ad Call plat Custm_Parameter Expected value presented]</name>
                    <title>Verifyied Feed:3 Pub Ad Call plat Custm_Parameter Expected value presented</title>
                    <attachments/>
                    <steps/>
                </step>
            </steps>
            <attachments/>
            <labels>
                <label name="testSuite" value="Default suite"/>
                <label name="testGroup" value="Default test"/>
                <label name="testClass" value="twc.Regression.TestCases.regressionTestCases"/>
                <label name="testMethod" value="C658712_Verify_cust_param_plat1"/>
                <label name="host" value="Aswinikumars-MacBook-Pro.local"/>
                <label name="thread" value="1544@Aswinikumars-MacBook-Pro.local.main(1)"/>
            </labels>
        </test-case>
        <test-case start="1589051810462" stop="1589051813903" status="passed">
            <name>C658712_Verify_cust_param_plat1</name>
            <title>Verify custom parameter plat</title>
            <steps>
                <step start="1589051810610" stop="1589051810610" status="passed">
                    <name>logStep[Verifyied Feed:0 Pub Ad Call plat Custm_Parameter Expected value presented]</name>
                    <title>Verifyied Feed:0 Pub Ad Call plat Custm_Parameter Expected value presented</title>
                    <attachments/>
                    <steps/>
                </step>
                <step start="1589051810716" stop="1589051810716" status="passed">
                    <name>logStep[Verifyied Feed:1 Pub Ad Call plat Custm_Parameter Expected value presented]</name>
                    <title>Verifyied Feed:1 Pub Ad Call plat Custm_Parameter Expected value presented</title>
                    <attachments/>
                    <steps/>
                </step>
                <step start="1589051811289" stop="1589051811289" status="passed">
                    <name>logStep[Verifyied Feed:2 Pub Ad Call plat Custm_Parameter Expected value presented]</name>
                    <title>Verifyied Feed:2 Pub Ad Call plat Custm_Parameter Expected value presented</title>
                    <attachments/>
                    <steps/>
                </step>
                <step start="1589051811886" stop="1589051811886" status="passed">
                    <name>logStep[Verifyied Feed:3 Pub Ad Call plat Custm_Parameter Expected value presented]</name>
                    <title>Verifyied Feed:3 Pub Ad Call plat Custm_Parameter Expected value presented</title>
                    <attachments/>
                    <steps/>
                </step>
                <step start="1589051812037" stop="1589051812037" status="passed">
                    <name>logStep[Verifyied Feed:4 Pub Ad Call plat Custm_Parameter Expected value presented]</name>
                    <title>Verifyied Feed:4 Pub Ad Call plat Custm_Parameter Expected value presented</title>
                    <attachments/>
                    <steps/>
                </step>
                <step start="1589051812178" stop="1589051812178" status="passed">
                    <name>logStep[Verifyied Feed:5 Pub Ad Call plat Custm_Parameter Expected value presented]</name>
                    <title>Verifyied Feed:5 Pub Ad Call plat Custm_Parameter Expected value presented</title>
                    <attachments/>
                    <steps/>
                </step>
                <step start="1589051812922" stop="1589051812922" status="passed">
                    <name>logStep[Verifyied Feed:0 Pub Ad Call plat Custm_Parameter Expected value presented]</name>
                    <title>Verifyied Feed:0 Pub Ad Call plat Custm_Parameter Expected value presented</title>
                    <attachments/>
                    <steps/>
                </step>
                <step start="1589051813654" stop="1589051813654" status="passed">
                    <name>logStep[Verifyied Feed:1 Pub Ad Call plat Custm_Parameter Expected value presented]</name>
                    <title>Verifyied Feed:1 Pub Ad Call plat Custm_Parameter Expected value presented</title>
                    <attachments/>
                    <steps/>
                </step>
                <step start="1589051813781" stop="1589051813781" status="passed">
                    <name>logStep[Verifyied Feed:2 Pub Ad Call plat Custm_Parameter Expected value presented]</name>
                    <title>Verifyied Feed:2 Pub Ad Call plat Custm_Parameter Expected value presented</title>
                    <attachments/>
                    <steps/>
                </step>
                <step start="1589051813864" stop="1589051813864" status="passed">
                    <name>logStep[Verifyied Feed:3 Pub Ad Call plat Custm_Parameter Expected value presented]</name>
                    <title>Verifyied Feed:3 Pub Ad Call plat Custm_Parameter Expected value presented</title>
                    <attachments/>
                    <steps/>
                </step>
            </steps>
            <attachments/>
            <labels>
                <label name="testSuite" value="Default suite"/>
                <label name="testGroup" value="Default test"/>
                <label name="testClass" value="twc.Regression.TestCases.regressionTestCases"/>
                <label name="testMethod" value="C658712_Verify_cust_param_plat1"/>
                <label name="host" value="Aswinikumars-MacBook-Pro.local"/>
                <label name="thread" value="1544@Aswinikumars-MacBook-Pro.local.main(1)"/>
            </labels>
        </test-case>
        <test-case start="1589051813905" stop="1589051815771" status="passed">
            <name>C333227_Verify_cust_param_sg</name>
            <title>Verify custom parameter sg</title>
            <steps/>
            <attachments/>
            <labels>
                <label name="testSuite" value="Default suite"/>
                <label name="testGroup" value="Default test"/>
                <label name="testClass" value="twc.Regression.TestCases.regressionTestCases"/>
                <label name="testMethod" value="C333227_Verify_cust_param_sg"/>
                <label name="host" value="Aswinikumars-MacBook-Pro.local"/>
                <label name="thread" value="1544@Aswinikumars-MacBook-Pro.local.main(1)"/>
            </labels>
        </test-case>
        <test-case start="1589051813905" stop="1589051815771" status="passed">
            <name>C333227_Verify_cust_param_sg</name>
            <title>Verify custom parameter sg</title>
            <steps/>
            <attachments/>
            <labels>
                <label name="testSuite" value="Default suite"/>
                <label name="testGroup" value="Default test"/>
                <label name="testClass" value="twc.Regression.TestCases.regressionTestCases"/>
                <label name="testMethod" value="C333227_Verify_cust_param_sg"/>
                <label name="host" value="Aswinikumars-MacBook-Pro.local"/>
                <label name="thread" value="1544@Aswinikumars-MacBook-Pro.local.main(1)"/>
            </labels>
        </test-case>
        <test-case start="1589051815774" stop="1589051819122" status="passed">
            <name>C333205_Verify_cust_param_tile</name>
            <title>Verify custom parameter tile</title>
            <steps>
                <step start="1589051815934" stop="1589051815934" status="passed">
                    <name>logStep[Verifyied Feed:0 Pub Ad Call tile Custm_Parameter Expected value presented]</name>
                    <title>Verifyied Feed:0 Pub Ad Call tile Custm_Parameter Expected value presented</title>
                    <attachments/>
                    <steps/>
                </step>
                <step start="1589051816040" stop="1589051816040" status="passed">
                    <name>logStep[Verifyied Feed:1 Pub Ad Call tile Custm_Parameter Expected value presented]</name>
                    <title>Verifyied Feed:1 Pub Ad Call tile Custm_Parameter Expected value presented</title>
                    <attachments/>
                    <steps/>
                </step>
                <step start="1589051816607" stop="1589051816607" status="passed">
                    <name>logStep[Verifyied Feed:2 Pub Ad Call tile Custm_Parameter Expected value presented]</name>
                    <title>Verifyied Feed:2 Pub Ad Call tile Custm_Parameter Expected value presented</title>
                    <attachments/>
                    <steps/>
                </step>
                <step start="1589051817219" stop="1589051817219" status="passed">
                    <name>logStep[Verifyied Feed:3 Pub Ad Call tile Custm_Parameter Expected value presented]</name>
                    <title>Verifyied Feed:3 Pub Ad Call tile Custm_Parameter Expected value presented</title>
                    <attachments/>
                    <steps/>
                </step>
                <step start="1589051817368" stop="1589051817368" status="passed">
                    <name>logStep[Verifyied Feed:4 Pub Ad Call tile Custm_Parameter Expected value presented]</name>
                    <title>Verifyied Feed:4 Pub Ad Call tile Custm_Parameter Expected value presented</title>
                    <attachments/>
                    <steps/>
                </step>
                <step start="1589051817508" stop="1589051817508" status="passed">
                    <name>logStep[Verifyied Feed:5 Pub Ad Call tile Custm_Parameter Expected value presented]</name>
                    <title>Verifyied Feed:5 Pub Ad Call tile Custm_Parameter Expected value presented</title>
                    <attachments/>
                    <steps/>
                </step>
                <step start="1589051818145" stop="1589051818145" status="passed">
                    <name>logStep[Verifyied Feed:0 Pub Ad Call tile Custm_Parameter Expected value presented]</name>
                    <title>Verifyied Feed:0 Pub Ad Call tile Custm_Parameter Expected value presented</title>
                    <attachments/>
                    <steps/>
                </step>
                <step start="1589051818908" stop="1589051818908" status="passed">
                    <name>logStep[Verifyied Feed:1 Pub Ad Call tile Custm_Parameter Expected value presented]</name>
                    <title>Verifyied Feed:1 Pub Ad Call tile Custm_Parameter Expected value presented</title>
                    <attachments/>
                    <steps/>
                </step>
                <step start="1589051819015" stop="1589051819015" status="passed">
                    <name>logStep[Verifyied Feed:2 Pub Ad Call tile Custm_Parameter Expected value presented]</name>
                    <title>Verifyied Feed:2 Pub Ad Call tile Custm_Parameter Expected value presented</title>
                    <attachments/>
                    <steps/>
                </step>
                <step start="1589051819090" stop="1589051819090" status="passed">
                    <name>logStep[Verifyied Feed:3 Pub Ad Call tile Custm_Parameter Expected value presented]</name>
                    <title>Verifyied Feed:3 Pub Ad Call tile Custm_Parameter Expected value presented</title>
                    <attachments/>
                    <steps/>
                </step>
            </steps>
            <attachments/>
            <labels>
                <label name="testSuite" value="Default suite"/>
                <label name="testGroup" value="Default test"/>
                <label name="testClass" value="twc.Regression.TestCases.regressionTestCases"/>
                <label name="testMethod" value="C333205_Verify_cust_param_tile"/>
                <label name="host" value="Aswinikumars-MacBook-Pro.local"/>
                <label name="thread" value="1544@Aswinikumars-MacBook-Pro.local.main(1)"/>
            </labels>
        </test-case>
        <test-case start="1589051815774" stop="1589051819122" status="passed">
            <name>C333205_Verify_cust_param_tile</name>
            <title>Verify custom parameter tile</title>
            <steps>
                <step start="1589051815934" stop="1589051815934" status="passed">
                    <name>logStep[Verifyied Feed:0 Pub Ad Call tile Custm_Parameter Expected value presented]</name>
                    <title>Verifyied Feed:0 Pub Ad Call tile Custm_Parameter Expected value presented</title>
                    <attachments/>
                    <steps/>
                </step>
                <step start="1589051816040" stop="1589051816040" status="passed">
                    <name>logStep[Verifyied Feed:1 Pub Ad Call tile Custm_Parameter Expected value presented]</name>
                    <title>Verifyied Feed:1 Pub Ad Call tile Custm_Parameter Expected value presented</title>
                    <attachments/>
                    <steps/>
                </step>
                <step start="1589051816607" stop="1589051816607" status="passed">
                    <name>logStep[Verifyied Feed:2 Pub Ad Call tile Custm_Parameter Expected value presented]</name>
                    <title>Verifyied Feed:2 Pub Ad Call tile Custm_Parameter Expected value presented</title>
                    <attachments/>
                    <steps/>
                </step>
                <step start="1589051817219" stop="1589051817219" status="passed">
                    <name>logStep[Verifyied Feed:3 Pub Ad Call tile Custm_Parameter Expected value presented]</name>
                    <title>Verifyied Feed:3 Pub Ad Call tile Custm_Parameter Expected value presented</title>
                    <attachments/>
                    <steps/>
                </step>
                <step start="1589051817368" stop="1589051817368" status="passed">
                    <name>logStep[Verifyied Feed:4 Pub Ad Call tile Custm_Parameter Expected value presented]</name>
                    <title>Verifyied Feed:4 Pub Ad Call tile Custm_Parameter Expected value presented</title>
                    <attachments/>
                    <steps/>
                </step>
                <step start="1589051817508" stop="1589051817508" status="passed">
                    <name>logStep[Verifyied Feed:5 Pub Ad Call tile Custm_Parameter Expected value presented]</name>
                    <title>Verifyied Feed:5 Pub Ad Call tile Custm_Parameter Expected value presented</title>
                    <attachments/>
                    <steps/>
                </step>
                <step start="1589051818145" stop="1589051818145" status="passed">
                    <name>logStep[Verifyied Feed:0 Pub Ad Call tile Custm_Parameter Expected value presented]</name>
                    <title>Verifyied Feed:0 Pub Ad Call tile Custm_Parameter Expected value presented</title>
                    <attachments/>
                    <steps/>
                </step>
                <step start="1589051818908" stop="1589051818908" status="passed">
                    <name>logStep[Verifyied Feed:1 Pub Ad Call tile Custm_Parameter Expected value presented]</name>
                    <title>Verifyied Feed:1 Pub Ad Call tile Custm_Parameter Expected value presented</title>
                    <attachments/>
                    <steps/>
                </step>
                <step start="1589051819015" stop="1589051819015" status="passed">
                    <name>logStep[Verifyied Feed:2 Pub Ad Call tile Custm_Parameter Expected value presented]</name>
                    <title>Verifyied Feed:2 Pub Ad Call tile Custm_Parameter Expected value presented</title>
                    <attachments/>
                    <steps/>
                </step>
                <step start="1589051819090" stop="1589051819090" status="passed">
                    <name>logStep[Verifyied Feed:3 Pub Ad Call tile Custm_Parameter Expected value presented]</name>
                    <title>Verifyied Feed:3 Pub Ad Call tile Custm_Parameter Expected value presented</title>
                    <attachments/>
                    <steps/>
                </step>
            </steps>
            <attachments/>
            <labels>
                <label name="testSuite" value="Default suite"/>
                <label name="testGroup" value="Default test"/>
                <label name="testClass" value="twc.Regression.TestCases.regressionTestCases"/>
                <label name="testMethod" value="C333205_Verify_cust_param_tile"/>
                <label name="host" value="Aswinikumars-MacBook-Pro.local"/>
                <label name="thread" value="1544@Aswinikumars-MacBook-Pro.local.main(1)"/>
            </labels>
        </test-case>
        <test-case start="1589051819123" stop="1589051823742" status="passed">
            <name>C333239_Verify_cust_param_tmpc</name>
            <title>Verify custom parameter tmpc</title>
            <steps>
                <step start="1589051819273" stop="1589051819273" status="passed">
                    <name>logStep[Verifyied Feed:0 Pub Ad Call tmpc Custm_Parameter Expected value presented]</name>
                    <title>Verifyied Feed:0 Pub Ad Call tmpc Custm_Parameter Expected value presented</title>
                    <attachments/>
                    <steps/>
                </step>
                <step start="1589051819510" stop="1589051819510" status="passed">
                    <name>logStep[Verifyied Feed:1 Pub Ad Call tmpc Custm_Parameter Expected value presented]</name>
                    <title>Verifyied Feed:1 Pub Ad Call tmpc Custm_Parameter Expected value presented</title>
                    <attachments/>
                    <steps/>
                </step>
                <step start="1589051820296" stop="1589051820296" status="passed">
                    <name>logStep[Verifyied Feed:2 Pub Ad Call tmpc Custm_Parameter Expected value presented]</name>
                    <title>Verifyied Feed:2 Pub Ad Call tmpc Custm_Parameter Expected value presented</title>
                    <attachments/>
                    <steps/>
                </step>
                <step start="1589051821059" stop="1589051821059" status="passed">
                    <name>logStep[Verifyied Feed:3 Pub Ad Call tmpc Custm_Parameter Expected value presented]</name>
                    <title>Verifyied Feed:3 Pub Ad Call tmpc Custm_Parameter Expected value presented</title>
                    <attachments/>
                    <steps/>
                </step>
                <step start="1589051821326" stop="1589051821326" status="passed">
                    <name>logStep[Verifyied Feed:4 Pub Ad Call tmpc Custm_Parameter Expected value presented]</name>
                    <title>Verifyied Feed:4 Pub Ad Call tmpc Custm_Parameter Expected value presented</title>
                    <attachments/>
                    <steps/>
                </step>
                <step start="1589051821573" stop="1589051821573" status="passed">
                    <name>logStep[Verifyied Feed:5 Pub Ad Call tmpc Custm_Parameter Expected value presented]</name>
                    <title>Verifyied Feed:5 Pub Ad Call tmpc Custm_Parameter Expected value presented</title>
                    <attachments/>
                    <steps/>
                </step>
                <step start="1589051822356" stop="1589051822356" status="passed">
                    <name>logStep[Verifyied Feed:0 Pub Ad Call tmpc Custm_Parameter Expected value presented]</name>
                    <title>Verifyied Feed:0 Pub Ad Call tmpc Custm_Parameter Expected value presented</title>
                    <attachments/>
                    <steps/>
                </step>
                <step start="1589051823172" stop="1589051823172" status="passed">
                    <name>logStep[Verifyied Feed:1 Pub Ad Call tmpc Custm_Parameter Expected value presented]</name>
                    <title>Verifyied Feed:1 Pub Ad Call tmpc Custm_Parameter Expected value presented</title>
                    <attachments/>
                    <steps/>
                </step>
                <step start="1589051823390" stop="1589051823390" status="passed">
                    <name>logStep[Verifyied Feed:2 Pub Ad Call tmpc Custm_Parameter Expected value presented]</name>
                    <title>Verifyied Feed:2 Pub Ad Call tmpc Custm_Parameter Expected value presented</title>
                    <attachments/>
                    <steps/>
                </step>
                <step start="1589051823593" stop="1589051823593" status="passed">
                    <name>logStep[Verifyied Feed:3 Pub Ad Call tmpc Custm_Parameter Expected value presented]</name>
                    <title>Verifyied Feed:3 Pub Ad Call tmpc Custm_Parameter Expected value presented</title>
                    <attachments/>
                    <steps/>
                </step>
            </steps>
            <attachments/>
            <labels>
                <label name="testSuite" value="Default suite"/>
                <label name="testGroup" value="Default test"/>
                <label name="testClass" value="twc.Regression.TestCases.regressionTestCases"/>
                <label name="testMethod" value="C333239_Verify_cust_param_tmpc"/>
                <label name="host" value="Aswinikumars-MacBook-Pro.local"/>
                <label name="thread" value="1544@Aswinikumars-MacBook-Pro.local.main(1)"/>
            </labels>
        </test-case>
        <test-case start="1589051819123" stop="1589051823742" status="passed">
            <name>C333239_Verify_cust_param_tmpc</name>
            <title>Verify custom parameter tmpc</title>
            <steps>
                <step start="1589051819273" stop="1589051819273" status="passed">
                    <name>logStep[Verifyied Feed:0 Pub Ad Call tmpc Custm_Parameter Expected value presented]</name>
                    <title>Verifyied Feed:0 Pub Ad Call tmpc Custm_Parameter Expected value presented</title>
                    <attachments/>
                    <steps/>
                </step>
                <step start="1589051819510" stop="1589051819510" status="passed">
                    <name>logStep[Verifyied Feed:1 Pub Ad Call tmpc Custm_Parameter Expected value presented]</name>
                    <title>Verifyied Feed:1 Pub Ad Call tmpc Custm_Parameter Expected value presented</title>
                    <attachments/>
                    <steps/>
                </step>
                <step start="1589051820296" stop="1589051820296" status="passed">
                    <name>logStep[Verifyied Feed:2 Pub Ad Call tmpc Custm_Parameter Expected value presented]</name>
                    <title>Verifyied Feed:2 Pub Ad Call tmpc Custm_Parameter Expected value presented</title>
                    <attachments/>
                    <steps/>
                </step>
                <step start="1589051821059" stop="1589051821059" status="passed">
                    <name>logStep[Verifyied Feed:3 Pub Ad Call tmpc Custm_Parameter Expected value presented]</name>
                    <title>Verifyied Feed:3 Pub Ad Call tmpc Custm_Parameter Expected value presented</title>
                    <attachments/>
                    <steps/>
                </step>
                <step start="1589051821326" stop="1589051821326" status="passed">
                    <name>logStep[Verifyied Feed:4 Pub Ad Call tmpc Custm_Parameter Expected value presented]</name>
                    <title>Verifyied Feed:4 Pub Ad Call tmpc Custm_Parameter Expected value presented</title>
                    <attachments/>
                    <steps/>
                </step>
                <step start="1589051821573" stop="1589051821573" status="passed">
                    <name>logStep[Verifyied Feed:5 Pub Ad Call tmpc Custm_Parameter Expected value presented]</name>
                    <title>Verifyied Feed:5 Pub Ad Call tmpc Custm_Parameter Expected value presented</title>
                    <attachments/>
                    <steps/>
                </step>
                <step start="1589051822356" stop="1589051822356" status="passed">
                    <name>logStep[Verifyied Feed:0 Pub Ad Call tmpc Custm_Parameter Expected value presented]</name>
                    <title>Verifyied Feed:0 Pub Ad Call tmpc Custm_Parameter Expected value presented</title>
                    <attachments/>
                    <steps/>
                </step>
                <step start="1589051823172" stop="1589051823172" status="passed">
                    <name>logStep[Verifyied Feed:1 Pub Ad Call tmpc Custm_Parameter Expected value presented]</name>
                    <title>Verifyied Feed:1 Pub Ad Call tmpc Custm_Parameter Expected value presented</title>
                    <attachments/>
                    <steps/>
                </step>
                <step start="1589051823390" stop="1589051823390" status="passed">
                    <name>logStep[Verifyied Feed:2 Pub Ad Call tmpc Custm_Parameter Expected value presented]</name>
                    <title>Verifyied Feed:2 Pub Ad Call tmpc Custm_Parameter Expected value presented</title>
                    <attachments/>
                    <steps/>
                </step>
                <step start="1589051823593" stop="1589051823593" status="passed">
                    <name>logStep[Verifyied Feed:3 Pub Ad Call tmpc Custm_Parameter Expected value presented]</name>
                    <title>Verifyied Feed:3 Pub Ad Call tmpc Custm_Parameter Expected value presented</title>
                    <attachments/>
                    <steps/>
                </step>
            </steps>
            <attachments/>
            <labels>
                <label name="testSuite" value="Default suite"/>
                <label name="testGroup" value="Default test"/>
                <label name="testClass" value="twc.Regression.TestCases.regressionTestCases"/>
                <label name="testMethod" value="C333239_Verify_cust_param_tmpc"/>
                <label name="host" value="Aswinikumars-MacBook-Pro.local"/>
                <label name="thread" value="1544@Aswinikumars-MacBook-Pro.local.main(1)"/>
            </labels>
        </test-case>
        <test-case start="1589051823744" stop="1589051828610" status="passed">
            <name>C333217_Verify_cust_param_tmpr</name>
            <title>Verify custom parameter tmpr</title>
            <steps>
                <step start="1589051823895" stop="1589051823895" status="passed">
                    <name>logStep[Verifyied Feed:0 Pub Ad Call tmpr Custm_Parameter Expected value presented]</name>
                    <title>Verifyied Feed:0 Pub Ad Call tmpr Custm_Parameter Expected value presented</title>
                    <attachments/>
                    <steps/>
                </step>
                <step start="1589051824128" stop="1589051824128" status="passed">
                    <name>logStep[Verifyied Feed:1 Pub Ad Call tmpr Custm_Parameter Expected value presented]</name>
                    <title>Verifyied Feed:1 Pub Ad Call tmpr Custm_Parameter Expected value presented</title>
                    <attachments/>
                    <steps/>
                </step>
                <step start="1589051824981" stop="1589051824981" status="passed">
                    <name>logStep[Verifyied Feed:2 Pub Ad Call tmpr Custm_Parameter Expected value presented]</name>
                    <title>Verifyied Feed:2 Pub Ad Call tmpr Custm_Parameter Expected value presented</title>
                    <attachments/>
                    <steps/>
                </step>
                <step start="1589051825765" stop="1589051825765" status="passed">
                    <name>logStep[Verifyied Feed:3 Pub Ad Call tmpr Custm_Parameter Expected value presented]</name>
                    <title>Verifyied Feed:3 Pub Ad Call tmpr Custm_Parameter Expected value presented</title>
                    <attachments/>
                    <steps/>
                </step>
                <step start="1589051826054" stop="1589051826054" status="passed">
                    <name>logStep[Verifyied Feed:4 Pub Ad Call tmpr Custm_Parameter Expected value presented]</name>
                    <title>Verifyied Feed:4 Pub Ad Call tmpr Custm_Parameter Expected value presented</title>
                    <attachments/>
                    <steps/>
                </step>
                <step start="1589051826325" stop="1589051826326" status="passed">
                    <name>logStep[Verifyied Feed:5 Pub Ad Call tmpr Custm_Parameter Expected value presented]</name>
                    <title>Verifyied Feed:5 Pub Ad Call tmpr Custm_Parameter Expected value presented</title>
                    <attachments/>
                    <steps/>
                </step>
                <step start="1589051827146" stop="1589051827146" status="passed">
                    <name>logStep[Verifyied Feed:0 Pub Ad Call tmpr Custm_Parameter Expected value presented]</name>
                    <title>Verifyied Feed:0 Pub Ad Call tmpr Custm_Parameter Expected value presented</title>
                    <attachments/>
                    <steps/>
                </step>
                <step start="1589051828001" stop="1589051828001" status="passed">
                    <name>logStep[Verifyied Feed:1 Pub Ad Call tmpr Custm_Parameter Expected value presented]</name>
                    <title>Verifyied Feed:1 Pub Ad Call tmpr Custm_Parameter Expected value presented</title>
                    <attachments/>
                    <steps/>
                </step>
                <step start="1589051828243" stop="1589051828243" status="passed">
                    <name>logStep[Verifyied Feed:2 Pub Ad Call tmpr Custm_Parameter Expected value presented]</name>
                    <title>Verifyied Feed:2 Pub Ad Call tmpr Custm_Parameter Expected value presented</title>
                    <attachments/>
                    <steps/>
                </step>
                <step start="1589051828451" stop="1589051828451" status="passed">
                    <name>logStep[Verifyied Feed:3 Pub Ad Call tmpr Custm_Parameter Expected value presented]</name>
                    <title>Verifyied Feed:3 Pub Ad Call tmpr Custm_Parameter Expected value presented</title>
                    <attachments/>
                    <steps/>
                </step>
            </steps>
            <attachments/>
            <labels>
                <label name="testSuite" value="Default suite"/>
                <label name="testGroup" value="Default test"/>
                <label name="testClass" value="twc.Regression.TestCases.regressionTestCases"/>
                <label name="testMethod" value="C333217_Verify_cust_param_tmpr"/>
                <label name="host" value="Aswinikumars-MacBook-Pro.local"/>
                <label name="thread" value="1544@Aswinikumars-MacBook-Pro.local.main(1)"/>
            </labels>
        </test-case>
        <test-case start="1589051823744" stop="1589051828610" status="passed">
            <name>C333217_Verify_cust_param_tmpr</name>
            <title>Verify custom parameter tmpr</title>
            <steps>
                <step start="1589051823895" stop="1589051823895" status="passed">
                    <name>logStep[Verifyied Feed:0 Pub Ad Call tmpr Custm_Parameter Expected value presented]</name>
                    <title>Verifyied Feed:0 Pub Ad Call tmpr Custm_Parameter Expected value presented</title>
                    <attachments/>
                    <steps/>
                </step>
                <step start="1589051824128" stop="1589051824128" status="passed">
                    <name>logStep[Verifyied Feed:1 Pub Ad Call tmpr Custm_Parameter Expected value presented]</name>
                    <title>Verifyied Feed:1 Pub Ad Call tmpr Custm_Parameter Expected value presented</title>
                    <attachments/>
                    <steps/>
                </step>
                <step start="1589051824981" stop="1589051824981" status="passed">
                    <name>logStep[Verifyied Feed:2 Pub Ad Call tmpr Custm_Parameter Expected value presented]</name>
                    <title>Verifyied Feed:2 Pub Ad Call tmpr Custm_Parameter Expected value presented</title>
                    <attachments/>
                    <steps/>
                </step>
                <step start="1589051825765" stop="1589051825765" status="passed">
                    <name>logStep[Verifyied Feed:3 Pub Ad Call tmpr Custm_Parameter Expected value presented]</name>
                    <title>Verifyied Feed:3 Pub Ad Call tmpr Custm_Parameter Expected value presented</title>
                    <attachments/>
                    <steps/>
                </step>
                <step start="1589051826054" stop="1589051826054" status="passed">
                    <name>logStep[Verifyied Feed:4 Pub Ad Call tmpr Custm_Parameter Expected value presented]</name>
                    <title>Verifyied Feed:4 Pub Ad Call tmpr Custm_Parameter Expected value presented</title>
                    <attachments/>
                    <steps/>
                </step>
                <step start="1589051826325" stop="1589051826326" status="passed">
                    <name>logStep[Verifyied Feed:5 Pub Ad Call tmpr Custm_Parameter Expected value presented]</name>
                    <title>Verifyied Feed:5 Pub Ad Call tmpr Custm_Parameter Expected value presented</title>
                    <attachments/>
                    <steps/>
                </step>
                <step start="1589051827146" stop="1589051827146" status="passed">
                    <name>logStep[Verifyied Feed:0 Pub Ad Call tmpr Custm_Parameter Expected value presented]</name>
                    <title>Verifyied Feed:0 Pub Ad Call tmpr Custm_Parameter Expected value presented</title>
                    <attachments/>
                    <steps/>
                </step>
                <step start="1589051828001" stop="1589051828001" status="passed">
                    <name>logStep[Verifyied Feed:1 Pub Ad Call tmpr Custm_Parameter Expected value presented]</name>
                    <title>Verifyied Feed:1 Pub Ad Call tmpr Custm_Parameter Expected value presented</title>
                    <attachments/>
                    <steps/>
                </step>
                <step start="1589051828243" stop="1589051828243" status="passed">
                    <name>logStep[Verifyied Feed:2 Pub Ad Call tmpr Custm_Parameter Expected value presented]</name>
                    <title>Verifyied Feed:2 Pub Ad Call tmpr Custm_Parameter Expected value presented</title>
                    <attachments/>
                    <steps/>
                </step>
                <step start="1589051828451" stop="1589051828451" status="passed">
                    <name>logStep[Verifyied Feed:3 Pub Ad Call tmpr Custm_Parameter Expected value presented]</name>
                    <title>Verifyied Feed:3 Pub Ad Call tmpr Custm_Parameter Expected value presented</title>
                    <attachments/>
                    <steps/>
                </step>
            </steps>
            <attachments/>
            <labels>
                <label name="testSuite" value="Default suite"/>
                <label name="testGroup" value="Default test"/>
                <label name="testClass" value="twc.Regression.TestCases.regressionTestCases"/>
                <label name="testMethod" value="C333217_Verify_cust_param_tmpr"/>
                <label name="host" value="Aswinikumars-MacBook-Pro.local"/>
                <label name="thread" value="1544@Aswinikumars-MacBook-Pro.local.main(1)"/>
            </labels>
        </test-case>
        <test-case start="1589051828612" stop="1589051833263" status="passed">
            <name>C333224_Verify_cust_param_uv</name>
            <title>Verify custom parameter uv</title>
            <steps>
                <step start="1589051828751" stop="1589051828751" status="passed">
                    <name>logStep[Verifyied Feed:0 Pub Ad Call uv Custm_Parameter Expected value presented]</name>
                    <title>Verifyied Feed:0 Pub Ad Call uv Custm_Parameter Expected value presented</title>
                    <attachments/>
                    <steps/>
                </step>
                <step start="1589051828993" stop="1589051828993" status="passed">
                    <name>logStep[Verifyied Feed:1 Pub Ad Call uv Custm_Parameter Expected value presented]</name>
                    <title>Verifyied Feed:1 Pub Ad Call uv Custm_Parameter Expected value presented</title>
                    <attachments/>
                    <steps/>
                </step>
                <step start="1589051829768" stop="1589051829768" status="passed">
                    <name>logStep[Verifyied Feed:2 Pub Ad Call uv Custm_Parameter Expected value presented]</name>
                    <title>Verifyied Feed:2 Pub Ad Call uv Custm_Parameter Expected value presented</title>
                    <attachments/>
                    <steps/>
                </step>
                <step start="1589051830553" stop="1589051830553" status="passed">
                    <name>logStep[Verifyied Feed:3 Pub Ad Call uv Custm_Parameter Expected value presented]</name>
                    <title>Verifyied Feed:3 Pub Ad Call uv Custm_Parameter Expected value presented</title>
                    <attachments/>
                    <steps/>
                </step>
                <step start="1589051830823" stop="1589051830823" status="passed">
                    <name>logStep[Verifyied Feed:4 Pub Ad Call uv Custm_Parameter Expected value presented]</name>
                    <title>Verifyied Feed:4 Pub Ad Call uv Custm_Parameter Expected value presented</title>
                    <attachments/>
                    <steps/>
                </step>
                <step start="1589051831083" stop="1589051831083" status="passed">
                    <name>logStep[Verifyied Feed:5 Pub Ad Call uv Custm_Parameter Expected value presented]</name>
                    <title>Verifyied Feed:5 Pub Ad Call uv Custm_Parameter Expected value presented</title>
                    <attachments/>
                    <steps/>
                </step>
                <step start="1589051831886" stop="1589051831886" status="passed">
                    <name>logStep[Verifyied Feed:0 Pub Ad Call uv Custm_Parameter Expected value presented]</name>
                    <title>Verifyied Feed:0 Pub Ad Call uv Custm_Parameter Expected value presented</title>
                    <attachments/>
                    <steps/>
                </step>
                <step start="1589051832718" stop="1589051832718" status="passed">
                    <name>logStep[Verifyied Feed:1 Pub Ad Call uv Custm_Parameter Expected value presented]</name>
                    <title>Verifyied Feed:1 Pub Ad Call uv Custm_Parameter Expected value presented</title>
                    <attachments/>
                    <steps/>
                </step>
                <step start="1589051832936" stop="1589051832936" status="passed">
                    <name>logStep[Verifyied Feed:2 Pub Ad Call uv Custm_Parameter Expected value presented]</name>
                    <title>Verifyied Feed:2 Pub Ad Call uv Custm_Parameter Expected value presented</title>
                    <attachments/>
                    <steps/>
                </step>
                <step start="1589051833122" stop="1589051833122" status="passed">
                    <name>logStep[Verifyied Feed:3 Pub Ad Call uv Custm_Parameter Expected value presented]</name>
                    <title>Verifyied Feed:3 Pub Ad Call uv Custm_Parameter Expected value presented</title>
                    <attachments/>
                    <steps/>
                </step>
            </steps>
            <attachments/>
            <labels>
                <label name="testSuite" value="Default suite"/>
                <label name="testGroup" value="Default test"/>
                <label name="testClass" value="twc.Regression.TestCases.regressionTestCases"/>
                <label name="testMethod" value="C333224_Verify_cust_param_uv"/>
                <label name="host" value="Aswinikumars-MacBook-Pro.local"/>
                <label name="thread" value="1544@Aswinikumars-MacBook-Pro.local.main(1)"/>
            </labels>
        </test-case>
        <test-case start="1589051828612" stop="1589051833263" status="passed">
            <name>C333224_Verify_cust_param_uv</name>
            <title>Verify custom parameter uv</title>
            <steps>
                <step start="1589051828751" stop="1589051828751" status="passed">
                    <name>logStep[Verifyied Feed:0 Pub Ad Call uv Custm_Parameter Expected value presented]</name>
                    <title>Verifyied Feed:0 Pub Ad Call uv Custm_Parameter Expected value presented</title>
                    <attachments/>
                    <steps/>
                </step>
                <step start="1589051828993" stop="1589051828993" status="passed">
                    <name>logStep[Verifyied Feed:1 Pub Ad Call uv Custm_Parameter Expected value presented]</name>
                    <title>Verifyied Feed:1 Pub Ad Call uv Custm_Parameter Expected value presented</title>
                    <attachments/>
                    <steps/>
                </step>
                <step start="1589051829768" stop="1589051829768" status="passed">
                    <name>logStep[Verifyied Feed:2 Pub Ad Call uv Custm_Parameter Expected value presented]</name>
                    <title>Verifyied Feed:2 Pub Ad Call uv Custm_Parameter Expected value presented</title>
                    <attachments/>
                    <steps/>
                </step>
                <step start="1589051830553" stop="1589051830553" status="passed">
                    <name>logStep[Verifyied Feed:3 Pub Ad Call uv Custm_Parameter Expected value presented]</name>
                    <title>Verifyied Feed:3 Pub Ad Call uv Custm_Parameter Expected value presented</title>
                    <attachments/>
                    <steps/>
                </step>
                <step start="1589051830823" stop="1589051830823" status="passed">
                    <name>logStep[Verifyied Feed:4 Pub Ad Call uv Custm_Parameter Expected value presented]</name>
                    <title>Verifyied Feed:4 Pub Ad Call uv Custm_Parameter Expected value presented</title>
                    <attachments/>
                    <steps/>
                </step>
                <step start="1589051831083" stop="1589051831083" status="passed">
                    <name>logStep[Verifyied Feed:5 Pub Ad Call uv Custm_Parameter Expected value presented]</name>
                    <title>Verifyied Feed:5 Pub Ad Call uv Custm_Parameter Expected value presented</title>
                    <attachments/>
                    <steps/>
                </step>
                <step start="1589051831886" stop="1589051831886" status="passed">
                    <name>logStep[Verifyied Feed:0 Pub Ad Call uv Custm_Parameter Expected value presented]</name>
                    <title>Verifyied Feed:0 Pub Ad Call uv Custm_Parameter Expected value presented</title>
                    <attachments/>
                    <steps/>
                </step>
                <step start="1589051832718" stop="1589051832718" status="passed">
                    <name>logStep[Verifyied Feed:1 Pub Ad Call uv Custm_Parameter Expected value presented]</name>
                    <title>Verifyied Feed:1 Pub Ad Call uv Custm_Parameter Expected value presented</title>
                    <attachments/>
                    <steps/>
                </step>
                <step start="1589051832936" stop="1589051832936" status="passed">
                    <name>logStep[Verifyied Feed:2 Pub Ad Call uv Custm_Parameter Expected value presented]</name>
                    <title>Verifyied Feed:2 Pub Ad Call uv Custm_Parameter Expected value presented</title>
                    <attachments/>
                    <steps/>
                </step>
                <step start="1589051833122" stop="1589051833122" status="passed">
                    <name>logStep[Verifyied Feed:3 Pub Ad Call uv Custm_Parameter Expected value presented]</name>
                    <title>Verifyied Feed:3 Pub Ad Call uv Custm_Parameter Expected value presented</title>
                    <attachments/>
                    <steps/>
                </step>
            </steps>
            <attachments/>
            <labels>
                <label name="testSuite" value="Default suite"/>
                <label name="testGroup" value="Default test"/>
                <label name="testClass" value="twc.Regression.TestCases.regressionTestCases"/>
                <label name="testMethod" value="C333224_Verify_cust_param_uv"/>
                <label name="host" value="Aswinikumars-MacBook-Pro.local"/>
                <label name="thread" value="1544@Aswinikumars-MacBook-Pro.local.main(1)"/>
            </labels>
        </test-case>
        <test-case start="1589051833265" stop="1589051833517" status="broken">
            <name>C333228_Verify_cust_param_wfxtg</name>
            <title>Verify custom parameter wfxtg</title>
            <failure>
                <message>StringIndexOutOfBoundsException: String index out of range: -1</message>
                <stack-trace>java.lang.StringIndexOutOfBoundsException: String index out of range: -1
	at java.lang.String.substring(String.java:1927)
	at twc.Regression.CustomParamValidation.CustomParamFunctions.get_wfxtg_call_value(CustomParamFunctions.java:747)
	at twc.Regression.CustomParamValidation.CustomParamFunctions.validate_wfxtg_results(CustomParamFunctions.java:390)
	at twc.Regression.TestCases.Custom_Parameters_Verification.parameters_Verification(Custom_Parameters_Verification.java:295)
	at twc.Regression.TestCases.regressionTestCases.C333228_Verify_cust_param_wfxtg(regressionTestCases.java:194)
	at sun.reflect.NativeMethodAccessorImpl.invoke0(Native Method)
	at sun.reflect.NativeMethodAccessorImpl.invoke(NativeMethodAccessorImpl.java:62)
	at sun.reflect.DelegatingMethodAccessorImpl.invoke(DelegatingMethodAccessorImpl.java:43)
	at java.lang.reflect.Method.invoke(Method.java:498)
	at org.testng.internal.MethodInvocationHelper.invokeMethod(MethodInvocationHelper.java:85)
	at org.testng.internal.Invoker.invokeMethod(Invoker.java:659)
	at org.testng.internal.Invoker.invokeTestMethod(Invoker.java:845)
	at org.testng.internal.Invoker.invokeTestMethods(Invoker.java:1153)
	at org.testng.internal.TestMethodWorker.invokeTestMethods(TestMethodWorker.java:125)
	at org.testng.internal.TestMethodWorker.run(TestMethodWorker.java:108)
	at org.testng.TestRunner.privateRun(TestRunner.java:771)
	at org.testng.TestRunner.run(TestRunner.java:621)
	at org.testng.SuiteRunner.runTest(SuiteRunner.java:357)
	at org.testng.SuiteRunner.runSequentially(SuiteRunner.java:352)
	at org.testng.SuiteRunner.privateRun(SuiteRunner.java:310)
	at org.testng.SuiteRunner.run(SuiteRunner.java:259)
	at org.testng.SuiteRunnerWorker.runSuite(SuiteRunnerWorker.java:52)
	at org.testng.SuiteRunnerWorker.run(SuiteRunnerWorker.java:86)
	at org.testng.TestNG.runSuitesSequentially(TestNG.java:1199)
	at org.testng.TestNG.runSuitesLocally(TestNG.java:1124)
	at org.testng.TestNG.run(TestNG.java:1032)
	at org.testng.remote.AbstractRemoteTestNG.run(AbstractRemoteTestNG.java:115)
	at org.testng.remote.RemoteTestNG.initAndRun(RemoteTestNG.java:251)
	at org.testng.remote.RemoteTestNG.main(RemoteTestNG.java:77)
</stack-trace>
            </failure>
            <steps>
                <step start="1589051833419" stop="1589051833419" status="passed">
                    <name>logStep[Verifyied Feed:0 Pub Ad Call wfxtg Custm_Parameter Expected value presented]</name>
                    <title>Verifyied Feed:0 Pub Ad Call wfxtg Custm_Parameter Expected value presented</title>
                </step>
            </steps>
            <attachments/>
            <labels>
                <label name="testSuite" value="Default suite"/>
                <label name="testGroup" value="Default test"/>
                <label name="testClass" value="twc.Regression.TestCases.regressionTestCases"/>
                <label name="testMethod" value="C333228_Verify_cust_param_wfxtg"/>
                <label name="host" value="Aswinikumars-MacBook-Pro.local"/>
                <label name="thread" value="1544@Aswinikumars-MacBook-Pro.local.main(1)"/>
            </labels>
        </test-case>
        <test-case start="1589051833265" stop="1589051833517" status="broken">
            <name>C333228_Verify_cust_param_wfxtg</name>
            <title>Verify custom parameter wfxtg</title>
            <failure>
                <message>StringIndexOutOfBoundsException: String index out of range: -1</message>
                <stack-trace>java.lang.StringIndexOutOfBoundsException: String index out of range: -1
	at java.lang.String.substring(String.java:1927)
	at twc.Regression.CustomParamValidation.CustomParamFunctions.get_wfxtg_call_value(CustomParamFunctions.java:747)
	at twc.Regression.CustomParamValidation.CustomParamFunctions.validate_wfxtg_results(CustomParamFunctions.java:390)
	at twc.Regression.TestCases.Custom_Parameters_Verification.parameters_Verification(Custom_Parameters_Verification.java:295)
	at twc.Regression.TestCases.regressionTestCases.C333228_Verify_cust_param_wfxtg(regressionTestCases.java:194)
	at sun.reflect.NativeMethodAccessorImpl.invoke0(Native Method)
	at sun.reflect.NativeMethodAccessorImpl.invoke(NativeMethodAccessorImpl.java:62)
	at sun.reflect.DelegatingMethodAccessorImpl.invoke(DelegatingMethodAccessorImpl.java:43)
	at java.lang.reflect.Method.invoke(Method.java:498)
	at org.testng.internal.MethodInvocationHelper.invokeMethod(MethodInvocationHelper.java:85)
	at org.testng.internal.Invoker.invokeMethod(Invoker.java:659)
	at org.testng.internal.Invoker.invokeTestMethod(Invoker.java:845)
	at org.testng.internal.Invoker.invokeTestMethods(Invoker.java:1153)
	at org.testng.internal.TestMethodWorker.invokeTestMethods(TestMethodWorker.java:125)
	at org.testng.internal.TestMethodWorker.run(TestMethodWorker.java:108)
	at org.testng.TestRunner.privateRun(TestRunner.java:771)
	at org.testng.TestRunner.run(TestRunner.java:621)
	at org.testng.SuiteRunner.runTest(SuiteRunner.java:357)
	at org.testng.SuiteRunner.runSequentially(SuiteRunner.java:352)
	at org.testng.SuiteRunner.privateRun(SuiteRunner.java:310)
	at org.testng.SuiteRunner.run(SuiteRunner.java:259)
	at org.testng.SuiteRunnerWorker.runSuite(SuiteRunnerWorker.java:52)
	at org.testng.SuiteRunnerWorker.run(SuiteRunnerWorker.java:86)
	at org.testng.TestNG.runSuitesSequentially(TestNG.java:1199)
	at org.testng.TestNG.runSuitesLocally(TestNG.java:1124)
	at org.testng.TestNG.run(TestNG.java:1032)
	at org.testng.remote.AbstractRemoteTestNG.run(AbstractRemoteTestNG.java:115)
	at org.testng.remote.RemoteTestNG.initAndRun(RemoteTestNG.java:251)
	at org.testng.remote.RemoteTestNG.main(RemoteTestNG.java:77)
</stack-trace>
            </failure>
            <steps>
                <step start="1589051833419" stop="1589051833419" status="passed">
                    <name>logStep[Verifyied Feed:0 Pub Ad Call wfxtg Custm_Parameter Expected value presented]</name>
                    <title>Verifyied Feed:0 Pub Ad Call wfxtg Custm_Parameter Expected value presented</title>
                </step>
            </steps>
            <attachments/>
            <labels>
                <label name="testSuite" value="Default suite"/>
                <label name="testGroup" value="Default test"/>
                <label name="testClass" value="twc.Regression.TestCases.regressionTestCases"/>
                <label name="testMethod" value="C333228_Verify_cust_param_wfxtg"/>
                <label name="host" value="Aswinikumars-MacBook-Pro.local"/>
                <label name="thread" value="1544@Aswinikumars-MacBook-Pro.local.main(1)"/>
            </labels>
        </test-case>
        <test-case start="1589051833519" stop="1589051833776" status="broken">
            <name>C333240_Verify_cust_param_zcs</name>
            <title>Verify custom parameter zcs</title>
            <failure>
                <message>StringIndexOutOfBoundsException: String index out of range: -1</message>
                <stack-trace>java.lang.StringIndexOutOfBoundsException: String index out of range: -1
	at java.lang.String.substring(String.java:1927)
	at twc.Regression.CustomParamValidation.CustomParamFunctions.get_wfxtg_call_value(CustomParamFunctions.java:747)
	at twc.Regression.CustomParamValidation.CustomParamFunctions.validate_wfxtg_results(CustomParamFunctions.java:390)
	at twc.Regression.TestCases.Custom_Parameters_Verification.parameters_Verification(Custom_Parameters_Verification.java:305)
	at twc.Regression.TestCases.regressionTestCases.C333240_Verify_cust_param_zcs(regressionTestCases.java:201)
	at sun.reflect.NativeMethodAccessorImpl.invoke0(Native Method)
	at sun.reflect.NativeMethodAccessorImpl.invoke(NativeMethodAccessorImpl.java:62)
	at sun.reflect.DelegatingMethodAccessorImpl.invoke(DelegatingMethodAccessorImpl.java:43)
	at java.lang.reflect.Method.invoke(Method.java:498)
	at org.testng.internal.MethodInvocationHelper.invokeMethod(MethodInvocationHelper.java:85)
	at org.testng.internal.Invoker.invokeMethod(Invoker.java:659)
	at org.testng.internal.Invoker.invokeTestMethod(Invoker.java:845)
	at org.testng.internal.Invoker.invokeTestMethods(Invoker.java:1153)
	at org.testng.internal.TestMethodWorker.invokeTestMethods(TestMethodWorker.java:125)
	at org.testng.internal.TestMethodWorker.run(TestMethodWorker.java:108)
	at org.testng.TestRunner.privateRun(TestRunner.java:771)
	at org.testng.TestRunner.run(TestRunner.java:621)
	at org.testng.SuiteRunner.runTest(SuiteRunner.java:357)
	at org.testng.SuiteRunner.runSequentially(SuiteRunner.java:352)
	at org.testng.SuiteRunner.privateRun(SuiteRunner.java:310)
	at org.testng.SuiteRunner.run(SuiteRunner.java:259)
	at org.testng.SuiteRunnerWorker.runSuite(SuiteRunnerWorker.java:52)
	at org.testng.SuiteRunnerWorker.run(SuiteRunnerWorker.java:86)
	at org.testng.TestNG.runSuitesSequentially(TestNG.java:1199)
	at org.testng.TestNG.runSuitesLocally(TestNG.java:1124)
	at org.testng.TestNG.run(TestNG.java:1032)
	at org.testng.remote.AbstractRemoteTestNG.run(AbstractRemoteTestNG.java:115)
	at org.testng.remote.RemoteTestNG.initAndRun(RemoteTestNG.java:251)
	at org.testng.remote.RemoteTestNG.main(RemoteTestNG.java:77)
</stack-trace>
            </failure>
            <steps>
                <step start="1589051833668" stop="1589051833668" status="passed">
                    <name>logStep[Verifyied Feed:0 Pub Ad Call zcs Custm_Parameter Expected value presented]</name>
                    <title>Verifyied Feed:0 Pub Ad Call zcs Custm_Parameter Expected value presented</title>
                </step>
            </steps>
            <attachments/>
            <labels>
                <label name="testSuite" value="Default suite"/>
                <label name="testGroup" value="Default test"/>
                <label name="testClass" value="twc.Regression.TestCases.regressionTestCases"/>
                <label name="testMethod" value="C333240_Verify_cust_param_zcs"/>
                <label name="host" value="Aswinikumars-MacBook-Pro.local"/>
                <label name="thread" value="1544@Aswinikumars-MacBook-Pro.local.main(1)"/>
            </labels>
        </test-case>
        <test-case start="1589051833519" stop="1589051833776" status="broken">
            <name>C333240_Verify_cust_param_zcs</name>
            <title>Verify custom parameter zcs</title>
            <failure>
                <message>StringIndexOutOfBoundsException: String index out of range: -1</message>
                <stack-trace>java.lang.StringIndexOutOfBoundsException: String index out of range: -1
	at java.lang.String.substring(String.java:1927)
	at twc.Regression.CustomParamValidation.CustomParamFunctions.get_wfxtg_call_value(CustomParamFunctions.java:747)
	at twc.Regression.CustomParamValidation.CustomParamFunctions.validate_wfxtg_results(CustomParamFunctions.java:390)
	at twc.Regression.TestCases.Custom_Parameters_Verification.parameters_Verification(Custom_Parameters_Verification.java:305)
	at twc.Regression.TestCases.regressionTestCases.C333240_Verify_cust_param_zcs(regressionTestCases.java:201)
	at sun.reflect.NativeMethodAccessorImpl.invoke0(Native Method)
	at sun.reflect.NativeMethodAccessorImpl.invoke(NativeMethodAccessorImpl.java:62)
	at sun.reflect.DelegatingMethodAccessorImpl.invoke(DelegatingMethodAccessorImpl.java:43)
	at java.lang.reflect.Method.invoke(Method.java:498)
	at org.testng.internal.MethodInvocationHelper.invokeMethod(MethodInvocationHelper.java:85)
	at org.testng.internal.Invoker.invokeMethod(Invoker.java:659)
	at org.testng.internal.Invoker.invokeTestMethod(Invoker.java:845)
	at org.testng.internal.Invoker.invokeTestMethods(Invoker.java:1153)
	at org.testng.internal.TestMethodWorker.invokeTestMethods(TestMethodWorker.java:125)
	at org.testng.internal.TestMethodWorker.run(TestMethodWorker.java:108)
	at org.testng.TestRunner.privateRun(TestRunner.java:771)
	at org.testng.TestRunner.run(TestRunner.java:621)
	at org.testng.SuiteRunner.runTest(SuiteRunner.java:357)
	at org.testng.SuiteRunner.runSequentially(SuiteRunner.java:352)
	at org.testng.SuiteRunner.privateRun(SuiteRunner.java:310)
	at org.testng.SuiteRunner.run(SuiteRunner.java:259)
	at org.testng.SuiteRunnerWorker.runSuite(SuiteRunnerWorker.java:52)
	at org.testng.SuiteRunnerWorker.run(SuiteRunnerWorker.java:86)
	at org.testng.TestNG.runSuitesSequentially(TestNG.java:1199)
	at org.testng.TestNG.runSuitesLocally(TestNG.java:1124)
	at org.testng.TestNG.run(TestNG.java:1032)
	at org.testng.remote.AbstractRemoteTestNG.run(AbstractRemoteTestNG.java:115)
	at org.testng.remote.RemoteTestNG.initAndRun(RemoteTestNG.java:251)
	at org.testng.remote.RemoteTestNG.main(RemoteTestNG.java:77)
</stack-trace>
            </failure>
            <steps>
                <step start="1589051833668" stop="1589051833668" status="passed">
                    <name>logStep[Verifyied Feed:0 Pub Ad Call zcs Custm_Parameter Expected value presented]</name>
                    <title>Verifyied Feed:0 Pub Ad Call zcs Custm_Parameter Expected value presented</title>
                </step>
            </steps>
            <attachments/>
            <labels>
                <label name="testSuite" value="Default suite"/>
                <label name="testGroup" value="Default test"/>
                <label name="testClass" value="twc.Regression.TestCases.regressionTestCases"/>
                <label name="testMethod" value="C333240_Verify_cust_param_zcs"/>
                <label name="host" value="Aswinikumars-MacBook-Pro.local"/>
                <label name="thread" value="1544@Aswinikumars-MacBook-Pro.local.main(1)"/>
            </labels>
        </test-case>
        <test-case start="1589051833777" stop="1589051834025" status="broken">
            <name>C333241_Verify_cust_param_nzcs</name>
            <title>Verify custom parameter nzcs</title>
            <failure>
                <message>StringIndexOutOfBoundsException: String index out of range: -1</message>
                <stack-trace>java.lang.StringIndexOutOfBoundsException: String index out of range: -1
	at java.lang.String.substring(String.java:1927)
	at twc.Regression.CustomParamValidation.CustomParamFunctions.get_wfxtg_call_value(CustomParamFunctions.java:747)
	at twc.Regression.CustomParamValidation.CustomParamFunctions.validate_wfxtg_results(CustomParamFunctions.java:390)
	at twc.Regression.TestCases.Custom_Parameters_Verification.parameters_Verification(Custom_Parameters_Verification.java:323)
	at twc.Regression.TestCases.regressionTestCases.C333241_Verify_cust_param_nzcs(regressionTestCases.java:208)
	at sun.reflect.NativeMethodAccessorImpl.invoke0(Native Method)
	at sun.reflect.NativeMethodAccessorImpl.invoke(NativeMethodAccessorImpl.java:62)
	at sun.reflect.DelegatingMethodAccessorImpl.invoke(DelegatingMethodAccessorImpl.java:43)
	at java.lang.reflect.Method.invoke(Method.java:498)
	at org.testng.internal.MethodInvocationHelper.invokeMethod(MethodInvocationHelper.java:85)
	at org.testng.internal.Invoker.invokeMethod(Invoker.java:659)
	at org.testng.internal.Invoker.invokeTestMethod(Invoker.java:845)
	at org.testng.internal.Invoker.invokeTestMethods(Invoker.java:1153)
	at org.testng.internal.TestMethodWorker.invokeTestMethods(TestMethodWorker.java:125)
	at org.testng.internal.TestMethodWorker.run(TestMethodWorker.java:108)
	at org.testng.TestRunner.privateRun(TestRunner.java:771)
	at org.testng.TestRunner.run(TestRunner.java:621)
	at org.testng.SuiteRunner.runTest(SuiteRunner.java:357)
	at org.testng.SuiteRunner.runSequentially(SuiteRunner.java:352)
	at org.testng.SuiteRunner.privateRun(SuiteRunner.java:310)
	at org.testng.SuiteRunner.run(SuiteRunner.java:259)
	at org.testng.SuiteRunnerWorker.runSuite(SuiteRunnerWorker.java:52)
	at org.testng.SuiteRunnerWorker.run(SuiteRunnerWorker.java:86)
	at org.testng.TestNG.runSuitesSequentially(TestNG.java:1199)
	at org.testng.TestNG.runSuitesLocally(TestNG.java:1124)
	at org.testng.TestNG.run(TestNG.java:1032)
	at org.testng.remote.AbstractRemoteTestNG.run(AbstractRemoteTestNG.java:115)
	at org.testng.remote.RemoteTestNG.initAndRun(RemoteTestNG.java:251)
	at org.testng.remote.RemoteTestNG.main(RemoteTestNG.java:77)
</stack-trace>
            </failure>
            <steps>
                <step start="1589051833926" stop="1589051833926" status="passed">
                    <name>logStep[Verifyied Feed:0 Pub Ad Call nzcs Custm_Parameter Expected value presented]</name>
                    <title>Verifyied Feed:0 Pub Ad Call nzcs Custm_Parameter Expected value presented</title>
                </step>
            </steps>
            <attachments/>
            <labels>
                <label name="testSuite" value="Default suite"/>
                <label name="testGroup" value="Default test"/>
                <label name="testClass" value="twc.Regression.TestCases.regressionTestCases"/>
                <label name="testMethod" value="C333241_Verify_cust_param_nzcs"/>
                <label name="host" value="Aswinikumars-MacBook-Pro.local"/>
                <label name="thread" value="1544@Aswinikumars-MacBook-Pro.local.main(1)"/>
            </labels>
        </test-case>
        <test-case start="1589051833777" stop="1589051834025" status="broken">
            <name>C333241_Verify_cust_param_nzcs</name>
            <title>Verify custom parameter nzcs</title>
            <failure>
                <message>StringIndexOutOfBoundsException: String index out of range: -1</message>
                <stack-trace>java.lang.StringIndexOutOfBoundsException: String index out of range: -1
	at java.lang.String.substring(String.java:1927)
	at twc.Regression.CustomParamValidation.CustomParamFunctions.get_wfxtg_call_value(CustomParamFunctions.java:747)
	at twc.Regression.CustomParamValidation.CustomParamFunctions.validate_wfxtg_results(CustomParamFunctions.java:390)
	at twc.Regression.TestCases.Custom_Parameters_Verification.parameters_Verification(Custom_Parameters_Verification.java:323)
	at twc.Regression.TestCases.regressionTestCases.C333241_Verify_cust_param_nzcs(regressionTestCases.java:208)
	at sun.reflect.NativeMethodAccessorImpl.invoke0(Native Method)
	at sun.reflect.NativeMethodAccessorImpl.invoke(NativeMethodAccessorImpl.java:62)
	at sun.reflect.DelegatingMethodAccessorImpl.invoke(DelegatingMethodAccessorImpl.java:43)
	at java.lang.reflect.Method.invoke(Method.java:498)
	at org.testng.internal.MethodInvocationHelper.invokeMethod(MethodInvocationHelper.java:85)
	at org.testng.internal.Invoker.invokeMethod(Invoker.java:659)
	at org.testng.internal.Invoker.invokeTestMethod(Invoker.java:845)
	at org.testng.internal.Invoker.invokeTestMethods(Invoker.java:1153)
	at org.testng.internal.TestMethodWorker.invokeTestMethods(TestMethodWorker.java:125)
	at org.testng.internal.TestMethodWorker.run(TestMethodWorker.java:108)
	at org.testng.TestRunner.privateRun(TestRunner.java:771)
	at org.testng.TestRunner.run(TestRunner.java:621)
	at org.testng.SuiteRunner.runTest(SuiteRunner.java:357)
	at org.testng.SuiteRunner.runSequentially(SuiteRunner.java:352)
	at org.testng.SuiteRunner.privateRun(SuiteRunner.java:310)
	at org.testng.SuiteRunner.run(SuiteRunner.java:259)
	at org.testng.SuiteRunnerWorker.runSuite(SuiteRunnerWorker.java:52)
	at org.testng.SuiteRunnerWorker.run(SuiteRunnerWorker.java:86)
	at org.testng.TestNG.runSuitesSequentially(TestNG.java:1199)
	at org.testng.TestNG.runSuitesLocally(TestNG.java:1124)
	at org.testng.TestNG.run(TestNG.java:1032)
	at org.testng.remote.AbstractRemoteTestNG.run(AbstractRemoteTestNG.java:115)
	at org.testng.remote.RemoteTestNG.initAndRun(RemoteTestNG.java:251)
	at org.testng.remote.RemoteTestNG.main(RemoteTestNG.java:77)
</stack-trace>
            </failure>
            <steps>
                <step start="1589051833926" stop="1589051833926" status="passed">
                    <name>logStep[Verifyied Feed:0 Pub Ad Call nzcs Custm_Parameter Expected value presented]</name>
                    <title>Verifyied Feed:0 Pub Ad Call nzcs Custm_Parameter Expected value presented</title>
                </step>
            </steps>
            <attachments/>
            <labels>
                <label name="testSuite" value="Default suite"/>
                <label name="testGroup" value="Default test"/>
                <label name="testClass" value="twc.Regression.TestCases.regressionTestCases"/>
                <label name="testMethod" value="C333241_Verify_cust_param_nzcs"/>
                <label name="host" value="Aswinikumars-MacBook-Pro.local"/>
                <label name="thread" value="1544@Aswinikumars-MacBook-Pro.local.main(1)"/>
            </labels>
        </test-case>
        <test-case start="1589051834027" stop="1589051834273" status="broken">
            <name>C333242_Verify_cust_param_hzcs</name>
            <title>Verify custom parameter hzcs</title>
            <failure>
                <message>StringIndexOutOfBoundsException: String index out of range: -1</message>
                <stack-trace>java.lang.StringIndexOutOfBoundsException: String index out of range: -1
	at java.lang.String.substring(String.java:1927)
	at twc.Regression.CustomParamValidation.CustomParamFunctions.get_wfxtg_call_value(CustomParamFunctions.java:747)
	at twc.Regression.CustomParamValidation.CustomParamFunctions.validate_wfxtg_results(CustomParamFunctions.java:390)
	at twc.Regression.TestCases.Custom_Parameters_Verification.parameters_Verification(Custom_Parameters_Verification.java:314)
	at twc.Regression.TestCases.regressionTestCases.C333242_Verify_cust_param_hzcs(regressionTestCases.java:215)
	at sun.reflect.NativeMethodAccessorImpl.invoke0(Native Method)
	at sun.reflect.NativeMethodAccessorImpl.invoke(NativeMethodAccessorImpl.java:62)
	at sun.reflect.DelegatingMethodAccessorImpl.invoke(DelegatingMethodAccessorImpl.java:43)
	at java.lang.reflect.Method.invoke(Method.java:498)
	at org.testng.internal.MethodInvocationHelper.invokeMethod(MethodInvocationHelper.java:85)
	at org.testng.internal.Invoker.invokeMethod(Invoker.java:659)
	at org.testng.internal.Invoker.invokeTestMethod(Invoker.java:845)
	at org.testng.internal.Invoker.invokeTestMethods(Invoker.java:1153)
	at org.testng.internal.TestMethodWorker.invokeTestMethods(TestMethodWorker.java:125)
	at org.testng.internal.TestMethodWorker.run(TestMethodWorker.java:108)
	at org.testng.TestRunner.privateRun(TestRunner.java:771)
	at org.testng.TestRunner.run(TestRunner.java:621)
	at org.testng.SuiteRunner.runTest(SuiteRunner.java:357)
	at org.testng.SuiteRunner.runSequentially(SuiteRunner.java:352)
	at org.testng.SuiteRunner.privateRun(SuiteRunner.java:310)
	at org.testng.SuiteRunner.run(SuiteRunner.java:259)
	at org.testng.SuiteRunnerWorker.runSuite(SuiteRunnerWorker.java:52)
	at org.testng.SuiteRunnerWorker.run(SuiteRunnerWorker.java:86)
	at org.testng.TestNG.runSuitesSequentially(TestNG.java:1199)
	at org.testng.TestNG.runSuitesLocally(TestNG.java:1124)
	at org.testng.TestNG.run(TestNG.java:1032)
	at org.testng.remote.AbstractRemoteTestNG.run(AbstractRemoteTestNG.java:115)
	at org.testng.remote.RemoteTestNG.initAndRun(RemoteTestNG.java:251)
	at org.testng.remote.RemoteTestNG.main(RemoteTestNG.java:77)
</stack-trace>
            </failure>
            <steps>
                <step start="1589051834169" stop="1589051834169" status="passed">
                    <name>logStep[Verifyied Feed:0 Pub Ad Call hzcs Custm_Parameter Expected value presented]</name>
                    <title>Verifyied Feed:0 Pub Ad Call hzcs Custm_Parameter Expected value presented</title>
                </step>
            </steps>
            <attachments/>
            <labels>
                <label name="testSuite" value="Default suite"/>
                <label name="testGroup" value="Default test"/>
                <label name="testClass" value="twc.Regression.TestCases.regressionTestCases"/>
                <label name="testMethod" value="C333242_Verify_cust_param_hzcs"/>
                <label name="host" value="Aswinikumars-MacBook-Pro.local"/>
                <label name="thread" value="1544@Aswinikumars-MacBook-Pro.local.main(1)"/>
            </labels>
        </test-case>
        <test-case start="1589051834027" stop="1589051834273" status="broken">
            <name>C333242_Verify_cust_param_hzcs</name>
            <title>Verify custom parameter hzcs</title>
            <failure>
                <message>StringIndexOutOfBoundsException: String index out of range: -1</message>
                <stack-trace>java.lang.StringIndexOutOfBoundsException: String index out of range: -1
	at java.lang.String.substring(String.java:1927)
	at twc.Regression.CustomParamValidation.CustomParamFunctions.get_wfxtg_call_value(CustomParamFunctions.java:747)
	at twc.Regression.CustomParamValidation.CustomParamFunctions.validate_wfxtg_results(CustomParamFunctions.java:390)
	at twc.Regression.TestCases.Custom_Parameters_Verification.parameters_Verification(Custom_Parameters_Verification.java:314)
	at twc.Regression.TestCases.regressionTestCases.C333242_Verify_cust_param_hzcs(regressionTestCases.java:215)
	at sun.reflect.NativeMethodAccessorImpl.invoke0(Native Method)
	at sun.reflect.NativeMethodAccessorImpl.invoke(NativeMethodAccessorImpl.java:62)
	at sun.reflect.DelegatingMethodAccessorImpl.invoke(DelegatingMethodAccessorImpl.java:43)
	at java.lang.reflect.Method.invoke(Method.java:498)
	at org.testng.internal.MethodInvocationHelper.invokeMethod(MethodInvocationHelper.java:85)
	at org.testng.internal.Invoker.invokeMethod(Invoker.java:659)
	at org.testng.internal.Invoker.invokeTestMethod(Invoker.java:845)
	at org.testng.internal.Invoker.invokeTestMethods(Invoker.java:1153)
	at org.testng.internal.TestMethodWorker.invokeTestMethods(TestMethodWorker.java:125)
	at org.testng.internal.TestMethodWorker.run(TestMethodWorker.java:108)
	at org.testng.TestRunner.privateRun(TestRunner.java:771)
	at org.testng.TestRunner.run(TestRunner.java:621)
	at org.testng.SuiteRunner.runTest(SuiteRunner.java:357)
	at org.testng.SuiteRunner.runSequentially(SuiteRunner.java:352)
	at org.testng.SuiteRunner.privateRun(SuiteRunner.java:310)
	at org.testng.SuiteRunner.run(SuiteRunner.java:259)
	at org.testng.SuiteRunnerWorker.runSuite(SuiteRunnerWorker.java:52)
	at org.testng.SuiteRunnerWorker.run(SuiteRunnerWorker.java:86)
	at org.testng.TestNG.runSuitesSequentially(TestNG.java:1199)
	at org.testng.TestNG.runSuitesLocally(TestNG.java:1124)
	at org.testng.TestNG.run(TestNG.java:1032)
	at org.testng.remote.AbstractRemoteTestNG.run(AbstractRemoteTestNG.java:115)
	at org.testng.remote.RemoteTestNG.initAndRun(RemoteTestNG.java:251)
	at org.testng.remote.RemoteTestNG.main(RemoteTestNG.java:77)
</stack-trace>
            </failure>
            <steps>
                <step start="1589051834169" stop="1589051834169" status="passed">
                    <name>logStep[Verifyied Feed:0 Pub Ad Call hzcs Custm_Parameter Expected value presented]</name>
                    <title>Verifyied Feed:0 Pub Ad Call hzcs Custm_Parameter Expected value presented</title>
                </step>
            </steps>
            <attachments/>
            <labels>
                <label name="testSuite" value="Default suite"/>
                <label name="testGroup" value="Default test"/>
                <label name="testClass" value="twc.Regression.TestCases.regressionTestCases"/>
                <label name="testMethod" value="C333242_Verify_cust_param_hzcs"/>
                <label name="host" value="Aswinikumars-MacBook-Pro.local"/>
                <label name="thread" value="1544@Aswinikumars-MacBook-Pro.local.main(1)"/>
            </labels>
        </test-case>
        <test-case start="1589051834279" stop="1589051834279" status="failed">
            <name>After_Test</name>
            <description>@AfterTest</description>
            <failure>
                <message>AssertionError: The following asserts failed:
expected [true] but found [false], expected [true] but found [false], expected [true] but found [false], expected [true] but found [false], expected [true] but found [false], expected [true] but found [false], expected [true] but found [false], expected [true] but found [false], expected [true] but found [false], expected [true] but found [false], expected [true] but found [false], expected [true] but found [false], expected [true] but found [false], expected [true] but found [false], expected [true] but found [false], expected [true] but found [false], expected [true] but found [false], expected [true] but found [false], expected [true] but found [false], expected [true] but found [false], expected [true] but found [false], expected [true] but found [false], expected [true] but found [false], expected [true] but found [false], expected [true] but found [false], expected [true] but found [false], expected [true] but found [false], expected [true] but found [false], expected [true] but found [false], expected [true] but found [false]</message>
                <stack-trace>java.lang.AssertionError: The following asserts failed:
expected [true] but found [false], expected [true] but found [false], expected [true] but found [false], expected [true] but found [false], expected [true] but found [false], expected [true] but found [false], expected [true] but found [false], expected [true] but found [false], expected [true] but found [false], expected [true] but found [false], expected [true] but found [false], expected [true] but found [false], expected [true] but found [false], expected [true] but found [false], expected [true] but found [false], expected [true] but found [false], expected [true] but found [false], expected [true] but found [false], expected [true] but found [false], expected [true] but found [false], expected [true] but found [false], expected [true] but found [false], expected [true] but found [false], expected [true] but found [false], expected [true] but found [false], expected [true] but found [false], expected [true] but found [false], expected [true] but found [false], expected [true] but found [false], expected [true] but found [false]
	at org.testng.asserts.SoftAssert.assertAll(SoftAssert.java:38)
	at twc.Regression.TestCases.regressionTestCases.After_Test(regressionTestCases.java:542)
	at sun.reflect.NativeMethodAccessorImpl.invoke0(Native Method)
	at sun.reflect.NativeMethodAccessorImpl.invoke(NativeMethodAccessorImpl.java:62)
	at sun.reflect.DelegatingMethodAccessorImpl.invoke(DelegatingMethodAccessorImpl.java:43)
	at java.lang.reflect.Method.invoke(Method.java:498)
	at org.testng.internal.MethodInvocationHelper.invokeMethod(MethodInvocationHelper.java:85)
	at org.testng.internal.Invoker.invokeConfigurationMethod(Invoker.java:517)
	at org.testng.internal.Invoker.invokeConfigurations(Invoker.java:213)
	at org.testng.internal.Invoker.invokeConfigurations(Invoker.java:140)
	at org.testng.TestRunner.afterRun(TestRunner.java:1019)
	at org.testng.TestRunner.run(TestRunner.java:625)
	at org.testng.SuiteRunner.runTest(SuiteRunner.java:357)
	at org.testng.SuiteRunner.runSequentially(SuiteRunner.java:352)
	at org.testng.SuiteRunner.privateRun(SuiteRunner.java:310)
	at org.testng.SuiteRunner.run(SuiteRunner.java:259)
	at org.testng.SuiteRunnerWorker.runSuite(SuiteRunnerWorker.java:52)
	at org.testng.SuiteRunnerWorker.run(SuiteRunnerWorker.java:86)
	at org.testng.TestNG.runSuitesSequentially(TestNG.java:1199)
	at org.testng.TestNG.runSuitesLocally(TestNG.java:1124)
	at org.testng.TestNG.run(TestNG.java:1032)
	at org.testng.remote.AbstractRemoteTestNG.run(AbstractRemoteTestNG.java:115)
	at org.testng.remote.RemoteTestNG.initAndRun(RemoteTestNG.java:251)
	at org.testng.remote.RemoteTestNG.main(RemoteTestNG.java:77)
</stack-trace>
            </failure>
            <steps/>
            <attachments/>
            <labels>
                <label name="host" value="Aswinikumars-MacBook-Pro.local"/>
                <label name="thread" value="1544@Aswinikumars-MacBook-Pro.local.main(1)"/>
            </labels>
        </test-case>
    </test-cases>
    <labels>
        <label name="framework" value="TestNG"/>
        <label name="language" value="JAVA"/>
    </labels>
</ns2:test-suite>
