<?xml version="1.0" encoding="UTF-8" standalone="yes"?>
<ns2:test-suite start="1589055457504" stop="1589055468042" version="1.5.4" xmlns:ns2="urn:model.allure.qatools.yandex.ru">
    <name>Default suite : Default test</name>
    <title>Default suite : Default test</title>
    <test-cases>
        <test-case start="1589055457600" stop="1589055458820" status="failed">
            <name>C333216_Verify_cust_param_cnd</name>
            <title>Verify custom parameter cnd</title>
            <failure>
                <message>AssertionError: cnd Value not matched</message>
                <stack-trace>java.lang.AssertionError: cnd Value not matched
	at org.testng.Assert.fail(Assert.java:94)
	at twc.Regression.TestCases.Custom_Parameters_Verification.parameters_Verification(Custom_Parameters_Verification.java:186)
	at twc.Regression.TestCases.regressionTestCases.C333216_Verify_cust_param_cnd(regressionTestCases.java:28)
	at sun.reflect.NativeMethodAccessorImpl.invoke0(Native Method)
	at sun.reflect.NativeMethodAccessorImpl.invoke(NativeMethodAccessorImpl.java:62)
	at sun.reflect.DelegatingMethodAccessorImpl.invoke(DelegatingMethodAccessorImpl.java:43)
	at java.lang.reflect.Method.invoke(Method.java:498)
	at org.testng.internal.MethodInvocationHelper.invokeMethod(MethodInvocationHelper.java:85)
	at org.testng.internal.Invoker.invokeMethod(Invoker.java:659)
	at org.testng.internal.Invoker.invokeTestMethod(Invoker.java:845)
	at org.testng.internal.Invoker.invokeTestMethods(Invoker.java:1153)
	at org.testng.internal.TestMethodWorker.invokeTestMethods(TestMethodWorker.java:125)
	at org.testng.internal.TestMethodWorker.run(TestMethodWorker.java:108)
	at org.testng.TestRunner.privateRun(TestRunner.java:771)
	at org.testng.TestRunner.run(TestRunner.java:621)
	at org.testng.SuiteRunner.runTest(SuiteRunner.java:357)
	at org.testng.SuiteRunner.runSequentially(SuiteRunner.java:352)
	at org.testng.SuiteRunner.privateRun(SuiteRunner.java:310)
	at org.testng.SuiteRunner.run(SuiteRunner.java:259)
	at org.testng.SuiteRunnerWorker.runSuite(SuiteRunnerWorker.java:52)
	at org.testng.SuiteRunnerWorker.run(SuiteRunnerWorker.java:86)
	at org.testng.TestNG.runSuitesSequentially(TestNG.java:1199)
	at org.testng.TestNG.runSuitesLocally(TestNG.java:1124)
	at org.testng.TestNG.run(TestNG.java:1032)
	at org.testng.remote.AbstractRemoteTestNG.run(AbstractRemoteTestNG.java:115)
	at org.testng.remote.RemoteTestNG.initAndRun(RemoteTestNG.java:251)
	at org.testng.remote.RemoteTestNG.main(RemoteTestNG.java:77)
</stack-trace>
            </failure>
            <steps>
                <step start="1589055458243" stop="1589055458244" status="passed">
                    <name>logStep[Verifyied Feed:iu=%2F7646%2Fapp_android_us%2Fdb_display%2Fhome_screen%2Fhourly Pub Ad Call cnd Custm_Parameter E...]</name>
                    <title>Verifyied Feed:iu=%2F7646%2Fapp_android_us%2Fdb_display%2Fhome_screen%2Fhourly Pub Ad Call cnd Custm_Parameter Expected ...</title>
                </step>
                <step start="1589055458811" stop="1589055458811" status="passed">
                    <name>logStep[cnd should not be empty]</name>
                    <title>cnd should not be empty</title>
                </step>
                <step start="1589055458812" stop="1589055458812" status="passed">
                    <name>logStep[cnd passing nl]</name>
                    <title>cnd passing nl</title>
                </step>
            </steps>
            <attachments/>
            <labels>
                <label name="testSuite" value="Default suite"/>
                <label name="testGroup" value="Default test"/>
                <label name="testClass" value="twc.Regression.TestCases.regressionTestCases"/>
                <label name="testMethod" value="C333216_Verify_cust_param_cnd"/>
                <label name="host" value="Aswinikumars-MacBook-Pro.local"/>
                <label name="thread" value="1945@Aswinikumars-MacBook-Pro.local.main(1)"/>
            </labels>
        </test-case>
        <test-case start="1589055457600" stop="1589055458820" status="failed">
            <name>C333216_Verify_cust_param_cnd</name>
            <title>Verify custom parameter cnd</title>
            <failure>
                <message>AssertionError: cnd Value not matched</message>
                <stack-trace>java.lang.AssertionError: cnd Value not matched
	at org.testng.Assert.fail(Assert.java:94)
	at twc.Regression.TestCases.Custom_Parameters_Verification.parameters_Verification(Custom_Parameters_Verification.java:186)
	at twc.Regression.TestCases.regressionTestCases.C333216_Verify_cust_param_cnd(regressionTestCases.java:28)
	at sun.reflect.NativeMethodAccessorImpl.invoke0(Native Method)
	at sun.reflect.NativeMethodAccessorImpl.invoke(NativeMethodAccessorImpl.java:62)
	at sun.reflect.DelegatingMethodAccessorImpl.invoke(DelegatingMethodAccessorImpl.java:43)
	at java.lang.reflect.Method.invoke(Method.java:498)
	at org.testng.internal.MethodInvocationHelper.invokeMethod(MethodInvocationHelper.java:85)
	at org.testng.internal.Invoker.invokeMethod(Invoker.java:659)
	at org.testng.internal.Invoker.invokeTestMethod(Invoker.java:845)
	at org.testng.internal.Invoker.invokeTestMethods(Invoker.java:1153)
	at org.testng.internal.TestMethodWorker.invokeTestMethods(TestMethodWorker.java:125)
	at org.testng.internal.TestMethodWorker.run(TestMethodWorker.java:108)
	at org.testng.TestRunner.privateRun(TestRunner.java:771)
	at org.testng.TestRunner.run(TestRunner.java:621)
	at org.testng.SuiteRunner.runTest(SuiteRunner.java:357)
	at org.testng.SuiteRunner.runSequentially(SuiteRunner.java:352)
	at org.testng.SuiteRunner.privateRun(SuiteRunner.java:310)
	at org.testng.SuiteRunner.run(SuiteRunner.java:259)
	at org.testng.SuiteRunnerWorker.runSuite(SuiteRunnerWorker.java:52)
	at org.testng.SuiteRunnerWorker.run(SuiteRunnerWorker.java:86)
	at org.testng.TestNG.runSuitesSequentially(TestNG.java:1199)
	at org.testng.TestNG.runSuitesLocally(TestNG.java:1124)
	at org.testng.TestNG.run(TestNG.java:1032)
	at org.testng.remote.AbstractRemoteTestNG.run(AbstractRemoteTestNG.java:115)
	at org.testng.remote.RemoteTestNG.initAndRun(RemoteTestNG.java:251)
	at org.testng.remote.RemoteTestNG.main(RemoteTestNG.java:77)
</stack-trace>
            </failure>
            <steps>
                <step start="1589055458243" stop="1589055458244" status="passed">
                    <name>logStep[Verifyied Feed:iu=%2F7646%2Fapp_android_us%2Fdb_display%2Fhome_screen%2Fhourly Pub Ad Call cnd Custm_Parameter E...]</name>
                    <title>Verifyied Feed:iu=%2F7646%2Fapp_android_us%2Fdb_display%2Fhome_screen%2Fhourly Pub Ad Call cnd Custm_Parameter Expected ...</title>
                </step>
                <step start="1589055458811" stop="1589055458811" status="passed">
                    <name>logStep[cnd should not be empty]</name>
                    <title>cnd should not be empty</title>
                </step>
                <step start="1589055458812" stop="1589055458812" status="passed">
                    <name>logStep[cnd passing nl]</name>
                    <title>cnd passing nl</title>
                </step>
            </steps>
            <attachments/>
            <labels>
                <label name="testSuite" value="Default suite"/>
                <label name="testGroup" value="Default test"/>
                <label name="testClass" value="twc.Regression.TestCases.regressionTestCases"/>
                <label name="testMethod" value="C333216_Verify_cust_param_cnd"/>
                <label name="host" value="Aswinikumars-MacBook-Pro.local"/>
                <label name="thread" value="1945@Aswinikumars-MacBook-Pro.local.main(1)"/>
            </labels>
        </test-case>
        <test-case start="1589055458826" stop="1589055462118" status="passed">
            <name>C333202_Verify_cust_param_zip</name>
            <title>Verify custom parameter zip</title>
            <steps>
                <step start="1589055459098" stop="1589055459098" status="passed">
                    <name>logStep[Verifyied Feed:0 Pub Ad Call zip Custm_Parameter Expected value presented]</name>
                    <title>Verifyied Feed:0 Pub Ad Call zip Custm_Parameter Expected value presented</title>
                    <attachments/>
                    <steps/>
                </step>
                <step start="1589055459246" stop="1589055459247" status="passed">
                    <name>logStep[Verifyied Feed:1 Pub Ad Call zip Custm_Parameter Expected value presented]</name>
                    <title>Verifyied Feed:1 Pub Ad Call zip Custm_Parameter Expected value presented</title>
                    <attachments/>
                    <steps/>
                </step>
                <step start="1589055459909" stop="1589055459909" status="passed">
                    <name>logStep[Verifyied Feed:2 Pub Ad Call zip Custm_Parameter Expected value presented]</name>
                    <title>Verifyied Feed:2 Pub Ad Call zip Custm_Parameter Expected value presented</title>
                    <attachments/>
                    <steps/>
                </step>
                <step start="1589055460547" stop="1589055460547" status="passed">
                    <name>logStep[Verifyied Feed:3 Pub Ad Call zip Custm_Parameter Expected value presented]</name>
                    <title>Verifyied Feed:3 Pub Ad Call zip Custm_Parameter Expected value presented</title>
                    <attachments/>
                    <steps/>
                </step>
                <step start="1589055460665" stop="1589055460665" status="passed">
                    <name>logStep[Verifyied Feed:4 Pub Ad Call zip Custm_Parameter Expected value presented]</name>
                    <title>Verifyied Feed:4 Pub Ad Call zip Custm_Parameter Expected value presented</title>
                    <attachments/>
                    <steps/>
                </step>
                <step start="1589055460788" stop="1589055460788" status="passed">
                    <name>logStep[Verifyied Feed:5 Pub Ad Call zip Custm_Parameter Expected value presented]</name>
                    <title>Verifyied Feed:5 Pub Ad Call zip Custm_Parameter Expected value presented</title>
                    <attachments/>
                    <steps/>
                </step>
                <step start="1589055461383" stop="1589055461383" status="passed">
                    <name>logStep[Verifyied Feed:0 Pub Ad Call zip Custm_Parameter Expected value presented]</name>
                    <title>Verifyied Feed:0 Pub Ad Call zip Custm_Parameter Expected value presented</title>
                    <attachments/>
                    <steps/>
                </step>
                <step start="1589055461917" stop="1589055461917" status="passed">
                    <name>logStep[Verifyied Feed:1 Pub Ad Call zip Custm_Parameter Expected value presented]</name>
                    <title>Verifyied Feed:1 Pub Ad Call zip Custm_Parameter Expected value presented</title>
                    <attachments/>
                    <steps/>
                </step>
                <step start="1589055462022" stop="1589055462022" status="passed">
                    <name>logStep[Verifyied Feed:2 Pub Ad Call zip Custm_Parameter Expected value presented]</name>
                    <title>Verifyied Feed:2 Pub Ad Call zip Custm_Parameter Expected value presented</title>
                    <attachments/>
                    <steps/>
                </step>
                <step start="1589055462089" stop="1589055462089" status="passed">
                    <name>logStep[Verifyied Feed:3 Pub Ad Call zip Custm_Parameter Expected value presented]</name>
                    <title>Verifyied Feed:3 Pub Ad Call zip Custm_Parameter Expected value presented</title>
                    <attachments/>
                    <steps/>
                </step>
            </steps>
            <attachments/>
            <labels>
                <label name="testSuite" value="Default suite"/>
                <label name="testGroup" value="Default test"/>
                <label name="testClass" value="twc.Regression.TestCases.regressionTestCases"/>
                <label name="testMethod" value="C333202_Verify_cust_param_zip"/>
                <label name="host" value="Aswinikumars-MacBook-Pro.local"/>
                <label name="thread" value="1945@Aswinikumars-MacBook-Pro.local.main(1)"/>
            </labels>
        </test-case>
        <test-case start="1589055458826" stop="1589055462118" status="passed">
            <name>C333202_Verify_cust_param_zip</name>
            <title>Verify custom parameter zip</title>
            <steps>
                <step start="1589055459098" stop="1589055459098" status="passed">
                    <name>logStep[Verifyied Feed:0 Pub Ad Call zip Custm_Parameter Expected value presented]</name>
                    <title>Verifyied Feed:0 Pub Ad Call zip Custm_Parameter Expected value presented</title>
                    <attachments/>
                    <steps/>
                </step>
                <step start="1589055459246" stop="1589055459247" status="passed">
                    <name>logStep[Verifyied Feed:1 Pub Ad Call zip Custm_Parameter Expected value presented]</name>
                    <title>Verifyied Feed:1 Pub Ad Call zip Custm_Parameter Expected value presented</title>
                    <attachments/>
                    <steps/>
                </step>
                <step start="1589055459909" stop="1589055459909" status="passed">
                    <name>logStep[Verifyied Feed:2 Pub Ad Call zip Custm_Parameter Expected value presented]</name>
                    <title>Verifyied Feed:2 Pub Ad Call zip Custm_Parameter Expected value presented</title>
                    <attachments/>
                    <steps/>
                </step>
                <step start="1589055460547" stop="1589055460547" status="passed">
                    <name>logStep[Verifyied Feed:3 Pub Ad Call zip Custm_Parameter Expected value presented]</name>
                    <title>Verifyied Feed:3 Pub Ad Call zip Custm_Parameter Expected value presented</title>
                    <attachments/>
                    <steps/>
                </step>
                <step start="1589055460665" stop="1589055460665" status="passed">
                    <name>logStep[Verifyied Feed:4 Pub Ad Call zip Custm_Parameter Expected value presented]</name>
                    <title>Verifyied Feed:4 Pub Ad Call zip Custm_Parameter Expected value presented</title>
                    <attachments/>
                    <steps/>
                </step>
                <step start="1589055460788" stop="1589055460788" status="passed">
                    <name>logStep[Verifyied Feed:5 Pub Ad Call zip Custm_Parameter Expected value presented]</name>
                    <title>Verifyied Feed:5 Pub Ad Call zip Custm_Parameter Expected value presented</title>
                    <attachments/>
                    <steps/>
                </step>
                <step start="1589055461383" stop="1589055461383" status="passed">
                    <name>logStep[Verifyied Feed:0 Pub Ad Call zip Custm_Parameter Expected value presented]</name>
                    <title>Verifyied Feed:0 Pub Ad Call zip Custm_Parameter Expected value presented</title>
                    <attachments/>
                    <steps/>
                </step>
                <step start="1589055461917" stop="1589055461917" status="passed">
                    <name>logStep[Verifyied Feed:1 Pub Ad Call zip Custm_Parameter Expected value presented]</name>
                    <title>Verifyied Feed:1 Pub Ad Call zip Custm_Parameter Expected value presented</title>
                    <attachments/>
                    <steps/>
                </step>
                <step start="1589055462022" stop="1589055462022" status="passed">
                    <name>logStep[Verifyied Feed:2 Pub Ad Call zip Custm_Parameter Expected value presented]</name>
                    <title>Verifyied Feed:2 Pub Ad Call zip Custm_Parameter Expected value presented</title>
                    <attachments/>
                    <steps/>
                </step>
                <step start="1589055462089" stop="1589055462089" status="passed">
                    <name>logStep[Verifyied Feed:3 Pub Ad Call zip Custm_Parameter Expected value presented]</name>
                    <title>Verifyied Feed:3 Pub Ad Call zip Custm_Parameter Expected value presented</title>
                    <attachments/>
                    <steps/>
                </step>
            </steps>
            <attachments/>
            <labels>
                <label name="testSuite" value="Default suite"/>
                <label name="testGroup" value="Default test"/>
                <label name="testClass" value="twc.Regression.TestCases.regressionTestCases"/>
                <label name="testMethod" value="C333202_Verify_cust_param_zip"/>
                <label name="host" value="Aswinikumars-MacBook-Pro.local"/>
                <label name="thread" value="1945@Aswinikumars-MacBook-Pro.local.main(1)"/>
            </labels>
        </test-case>
        <test-case start="1589055462126" stop="1589055465097" status="passed">
            <name>C658712_Verify_cust_param_plat</name>
            <title>Verify custom parameter plat</title>
            <steps>
                <step start="1589055462317" stop="1589055462317" status="passed">
                    <name>logStep[Verifyied Feed:0 Pub Ad Call plat Custm_Parameter Expected value presented]</name>
                    <title>Verifyied Feed:0 Pub Ad Call plat Custm_Parameter Expected value presented</title>
                    <attachments/>
                    <steps/>
                </step>
                <step start="1589055462412" stop="1589055462412" status="passed">
                    <name>logStep[Verifyied Feed:1 Pub Ad Call plat Custm_Parameter Expected value presented]</name>
                    <title>Verifyied Feed:1 Pub Ad Call plat Custm_Parameter Expected value presented</title>
                    <attachments/>
                    <steps/>
                </step>
                <step start="1589055462917" stop="1589055462917" status="passed">
                    <name>logStep[Verifyied Feed:2 Pub Ad Call plat Custm_Parameter Expected value presented]</name>
                    <title>Verifyied Feed:2 Pub Ad Call plat Custm_Parameter Expected value presented</title>
                    <attachments/>
                    <steps/>
                </step>
                <step start="1589055463515" stop="1589055463515" status="passed">
                    <name>logStep[Verifyied Feed:3 Pub Ad Call plat Custm_Parameter Expected value presented]</name>
                    <title>Verifyied Feed:3 Pub Ad Call plat Custm_Parameter Expected value presented</title>
                    <attachments/>
                    <steps/>
                </step>
                <step start="1589055463629" stop="1589055463629" status="passed">
                    <name>logStep[Verifyied Feed:4 Pub Ad Call plat Custm_Parameter Expected value presented]</name>
                    <title>Verifyied Feed:4 Pub Ad Call plat Custm_Parameter Expected value presented</title>
                    <attachments/>
                    <steps/>
                </step>
                <step start="1589055463739" stop="1589055463739" status="passed">
                    <name>logStep[Verifyied Feed:5 Pub Ad Call plat Custm_Parameter Expected value presented]</name>
                    <title>Verifyied Feed:5 Pub Ad Call plat Custm_Parameter Expected value presented</title>
                    <attachments/>
                    <steps/>
                </step>
                <step start="1589055464351" stop="1589055464351" status="passed">
                    <name>logStep[Verifyied Feed:0 Pub Ad Call plat Custm_Parameter Expected value presented]</name>
                    <title>Verifyied Feed:0 Pub Ad Call plat Custm_Parameter Expected value presented</title>
                    <attachments/>
                    <steps/>
                </step>
                <step start="1589055464930" stop="1589055464930" status="passed">
                    <name>logStep[Verifyied Feed:1 Pub Ad Call plat Custm_Parameter Expected value presented]</name>
                    <title>Verifyied Feed:1 Pub Ad Call plat Custm_Parameter Expected value presented</title>
                    <attachments/>
                    <steps/>
                </step>
                <step start="1589055465017" stop="1589055465017" status="passed">
                    <name>logStep[Verifyied Feed:2 Pub Ad Call plat Custm_Parameter Expected value presented]</name>
                    <title>Verifyied Feed:2 Pub Ad Call plat Custm_Parameter Expected value presented</title>
                    <attachments/>
                    <steps/>
                </step>
                <step start="1589055465073" stop="1589055465073" status="passed">
                    <name>logStep[Verifyied Feed:3 Pub Ad Call plat Custm_Parameter Expected value presented]</name>
                    <title>Verifyied Feed:3 Pub Ad Call plat Custm_Parameter Expected value presented</title>
                    <attachments/>
                    <steps/>
                </step>
            </steps>
            <attachments/>
            <labels>
                <label name="testSuite" value="Default suite"/>
                <label name="testGroup" value="Default test"/>
                <label name="testClass" value="twc.Regression.TestCases.regressionTestCases"/>
                <label name="testMethod" value="C658712_Verify_cust_param_plat"/>
                <label name="host" value="Aswinikumars-MacBook-Pro.local"/>
                <label name="thread" value="1945@Aswinikumars-MacBook-Pro.local.main(1)"/>
            </labels>
        </test-case>
        <test-case start="1589055462126" stop="1589055465097" status="passed">
            <name>C658712_Verify_cust_param_plat</name>
            <title>Verify custom parameter plat</title>
            <steps>
                <step start="1589055462317" stop="1589055462317" status="passed">
                    <name>logStep[Verifyied Feed:0 Pub Ad Call plat Custm_Parameter Expected value presented]</name>
                    <title>Verifyied Feed:0 Pub Ad Call plat Custm_Parameter Expected value presented</title>
                    <attachments/>
                    <steps/>
                </step>
                <step start="1589055462412" stop="1589055462412" status="passed">
                    <name>logStep[Verifyied Feed:1 Pub Ad Call plat Custm_Parameter Expected value presented]</name>
                    <title>Verifyied Feed:1 Pub Ad Call plat Custm_Parameter Expected value presented</title>
                    <attachments/>
                    <steps/>
                </step>
                <step start="1589055462917" stop="1589055462917" status="passed">
                    <name>logStep[Verifyied Feed:2 Pub Ad Call plat Custm_Parameter Expected value presented]</name>
                    <title>Verifyied Feed:2 Pub Ad Call plat Custm_Parameter Expected value presented</title>
                    <attachments/>
                    <steps/>
                </step>
                <step start="1589055463515" stop="1589055463515" status="passed">
                    <name>logStep[Verifyied Feed:3 Pub Ad Call plat Custm_Parameter Expected value presented]</name>
                    <title>Verifyied Feed:3 Pub Ad Call plat Custm_Parameter Expected value presented</title>
                    <attachments/>
                    <steps/>
                </step>
                <step start="1589055463629" stop="1589055463629" status="passed">
                    <name>logStep[Verifyied Feed:4 Pub Ad Call plat Custm_Parameter Expected value presented]</name>
                    <title>Verifyied Feed:4 Pub Ad Call plat Custm_Parameter Expected value presented</title>
                    <attachments/>
                    <steps/>
                </step>
                <step start="1589055463739" stop="1589055463739" status="passed">
                    <name>logStep[Verifyied Feed:5 Pub Ad Call plat Custm_Parameter Expected value presented]</name>
                    <title>Verifyied Feed:5 Pub Ad Call plat Custm_Parameter Expected value presented</title>
                    <attachments/>
                    <steps/>
                </step>
                <step start="1589055464351" stop="1589055464351" status="passed">
                    <name>logStep[Verifyied Feed:0 Pub Ad Call plat Custm_Parameter Expected value presented]</name>
                    <title>Verifyied Feed:0 Pub Ad Call plat Custm_Parameter Expected value presented</title>
                    <attachments/>
                    <steps/>
                </step>
                <step start="1589055464930" stop="1589055464930" status="passed">
                    <name>logStep[Verifyied Feed:1 Pub Ad Call plat Custm_Parameter Expected value presented]</name>
                    <title>Verifyied Feed:1 Pub Ad Call plat Custm_Parameter Expected value presented</title>
                    <attachments/>
                    <steps/>
                </step>
                <step start="1589055465017" stop="1589055465017" status="passed">
                    <name>logStep[Verifyied Feed:2 Pub Ad Call plat Custm_Parameter Expected value presented]</name>
                    <title>Verifyied Feed:2 Pub Ad Call plat Custm_Parameter Expected value presented</title>
                    <attachments/>
                    <steps/>
                </step>
                <step start="1589055465073" stop="1589055465073" status="passed">
                    <name>logStep[Verifyied Feed:3 Pub Ad Call plat Custm_Parameter Expected value presented]</name>
                    <title>Verifyied Feed:3 Pub Ad Call plat Custm_Parameter Expected value presented</title>
                    <attachments/>
                    <steps/>
                </step>
            </steps>
            <attachments/>
            <labels>
                <label name="testSuite" value="Default suite"/>
                <label name="testGroup" value="Default test"/>
                <label name="testClass" value="twc.Regression.TestCases.regressionTestCases"/>
                <label name="testMethod" value="C658712_Verify_cust_param_plat"/>
                <label name="host" value="Aswinikumars-MacBook-Pro.local"/>
                <label name="thread" value="1945@Aswinikumars-MacBook-Pro.local.main(1)"/>
            </labels>
        </test-case>
        <test-case start="1589055465101" stop="1589055468019" status="passed">
            <name>C333213_Verify_cust_param_adid</name>
            <title>Verify custom parameter adid</title>
            <steps>
                <step start="1589055465241" stop="1589055465242" status="passed">
                    <name>logStep[Verifyied Feed:0 Pub Ad Call adid Custm_Parameter Expected value presented]</name>
                    <title>Verifyied Feed:0 Pub Ad Call adid Custm_Parameter Expected value presented</title>
                    <attachments/>
                    <steps/>
                </step>
                <step start="1589055465336" stop="1589055465336" status="passed">
                    <name>logStep[Verifyied Feed:1 Pub Ad Call adid Custm_Parameter Expected value presented]</name>
                    <title>Verifyied Feed:1 Pub Ad Call adid Custm_Parameter Expected value presented</title>
                    <attachments/>
                    <steps/>
                </step>
                <step start="1589055465951" stop="1589055465951" status="passed">
                    <name>logStep[Verifyied Feed:2 Pub Ad Call adid Custm_Parameter Expected value presented]</name>
                    <title>Verifyied Feed:2 Pub Ad Call adid Custm_Parameter Expected value presented</title>
                    <attachments/>
                    <steps/>
                </step>
                <step start="1589055466487" stop="1589055466487" status="passed">
                    <name>logStep[Verifyied Feed:3 Pub Ad Call adid Custm_Parameter Expected value presented]</name>
                    <title>Verifyied Feed:3 Pub Ad Call adid Custm_Parameter Expected value presented</title>
                    <attachments/>
                    <steps/>
                </step>
                <step start="1589055466609" stop="1589055466609" status="passed">
                    <name>logStep[Verifyied Feed:4 Pub Ad Call adid Custm_Parameter Expected value presented]</name>
                    <title>Verifyied Feed:4 Pub Ad Call adid Custm_Parameter Expected value presented</title>
                    <attachments/>
                    <steps/>
                </step>
                <step start="1589055466718" stop="1589055466718" status="passed">
                    <name>logStep[Verifyied Feed:5 Pub Ad Call adid Custm_Parameter Expected value presented]</name>
                    <title>Verifyied Feed:5 Pub Ad Call adid Custm_Parameter Expected value presented</title>
                    <attachments/>
                    <steps/>
                </step>
                <step start="1589055467300" stop="1589055467300" status="passed">
                    <name>logStep[Verifyied Feed:0 Pub Ad Call adid Custm_Parameter Expected value presented]</name>
                    <title>Verifyied Feed:0 Pub Ad Call adid Custm_Parameter Expected value presented</title>
                    <attachments/>
                    <steps/>
                </step>
                <step start="1589055467849" stop="1589055467849" status="passed">
                    <name>logStep[Verifyied Feed:1 Pub Ad Call adid Custm_Parameter Expected value presented]</name>
                    <title>Verifyied Feed:1 Pub Ad Call adid Custm_Parameter Expected value presented</title>
                    <attachments/>
                    <steps/>
                </step>
                <step start="1589055467934" stop="1589055467934" status="passed">
                    <name>logStep[Verifyied Feed:2 Pub Ad Call adid Custm_Parameter Expected value presented]</name>
                    <title>Verifyied Feed:2 Pub Ad Call adid Custm_Parameter Expected value presented</title>
                    <attachments/>
                    <steps/>
                </step>
                <step start="1589055467999" stop="1589055467999" status="passed">
                    <name>logStep[Verifyied Feed:3 Pub Ad Call adid Custm_Parameter Expected value presented]</name>
                    <title>Verifyied Feed:3 Pub Ad Call adid Custm_Parameter Expected value presented</title>
                    <attachments/>
                    <steps/>
                </step>
            </steps>
            <attachments/>
            <labels>
                <label name="testSuite" value="Default suite"/>
                <label name="testGroup" value="Default test"/>
                <label name="testClass" value="twc.Regression.TestCases.regressionTestCases"/>
                <label name="testMethod" value="C333213_Verify_cust_param_adid"/>
                <label name="host" value="Aswinikumars-MacBook-Pro.local"/>
                <label name="thread" value="1945@Aswinikumars-MacBook-Pro.local.main(1)"/>
            </labels>
        </test-case>
        <test-case start="1589055465101" stop="1589055468019" status="passed">
            <name>C333213_Verify_cust_param_adid</name>
            <title>Verify custom parameter adid</title>
            <steps>
                <step start="1589055465241" stop="1589055465242" status="passed">
                    <name>logStep[Verifyied Feed:0 Pub Ad Call adid Custm_Parameter Expected value presented]</name>
                    <title>Verifyied Feed:0 Pub Ad Call adid Custm_Parameter Expected value presented</title>
                    <attachments/>
                    <steps/>
                </step>
                <step start="1589055465336" stop="1589055465336" status="passed">
                    <name>logStep[Verifyied Feed:1 Pub Ad Call adid Custm_Parameter Expected value presented]</name>
                    <title>Verifyied Feed:1 Pub Ad Call adid Custm_Parameter Expected value presented</title>
                    <attachments/>
                    <steps/>
                </step>
                <step start="1589055465951" stop="1589055465951" status="passed">
                    <name>logStep[Verifyied Feed:2 Pub Ad Call adid Custm_Parameter Expected value presented]</name>
                    <title>Verifyied Feed:2 Pub Ad Call adid Custm_Parameter Expected value presented</title>
                    <attachments/>
                    <steps/>
                </step>
                <step start="1589055466487" stop="1589055466487" status="passed">
                    <name>logStep[Verifyied Feed:3 Pub Ad Call adid Custm_Parameter Expected value presented]</name>
                    <title>Verifyied Feed:3 Pub Ad Call adid Custm_Parameter Expected value presented</title>
                    <attachments/>
                    <steps/>
                </step>
                <step start="1589055466609" stop="1589055466609" status="passed">
                    <name>logStep[Verifyied Feed:4 Pub Ad Call adid Custm_Parameter Expected value presented]</name>
                    <title>Verifyied Feed:4 Pub Ad Call adid Custm_Parameter Expected value presented</title>
                    <attachments/>
                    <steps/>
                </step>
                <step start="1589055466718" stop="1589055466718" status="passed">
                    <name>logStep[Verifyied Feed:5 Pub Ad Call adid Custm_Parameter Expected value presented]</name>
                    <title>Verifyied Feed:5 Pub Ad Call adid Custm_Parameter Expected value presented</title>
                    <attachments/>
                    <steps/>
                </step>
                <step start="1589055467300" stop="1589055467300" status="passed">
                    <name>logStep[Verifyied Feed:0 Pub Ad Call adid Custm_Parameter Expected value presented]</name>
                    <title>Verifyied Feed:0 Pub Ad Call adid Custm_Parameter Expected value presented</title>
                    <attachments/>
                    <steps/>
                </step>
                <step start="1589055467849" stop="1589055467849" status="passed">
                    <name>logStep[Verifyied Feed:1 Pub Ad Call adid Custm_Parameter Expected value presented]</name>
                    <title>Verifyied Feed:1 Pub Ad Call adid Custm_Parameter Expected value presented</title>
                    <attachments/>
                    <steps/>
                </step>
                <step start="1589055467934" stop="1589055467934" status="passed">
                    <name>logStep[Verifyied Feed:2 Pub Ad Call adid Custm_Parameter Expected value presented]</name>
                    <title>Verifyied Feed:2 Pub Ad Call adid Custm_Parameter Expected value presented</title>
                    <attachments/>
                    <steps/>
                </step>
                <step start="1589055467999" stop="1589055467999" status="passed">
                    <name>logStep[Verifyied Feed:3 Pub Ad Call adid Custm_Parameter Expected value presented]</name>
                    <title>Verifyied Feed:3 Pub Ad Call adid Custm_Parameter Expected value presented</title>
                    <attachments/>
                    <steps/>
                </step>
            </steps>
            <attachments/>
            <labels>
                <label name="testSuite" value="Default suite"/>
                <label name="testGroup" value="Default test"/>
                <label name="testClass" value="twc.Regression.TestCases.regressionTestCases"/>
                <label name="testMethod" value="C333213_Verify_cust_param_adid"/>
                <label name="host" value="Aswinikumars-MacBook-Pro.local"/>
                <label name="thread" value="1945@Aswinikumars-MacBook-Pro.local.main(1)"/>
            </labels>
        </test-case>
        <test-case start="1589055468024" stop="1589055468024" status="failed">
            <name>After_Test</name>
            <description>@AfterTest</description>
            <failure>
                <message>AssertionError: The following asserts failed:
expected [true] but found [false]</message>
                <stack-trace>java.lang.AssertionError: The following asserts failed:
expected [true] but found [false]
	at org.testng.asserts.SoftAssert.assertAll(SoftAssert.java:38)
	at twc.Regression.TestCases.regressionTestCases.After_Test(regressionTestCases.java:553)
	at sun.reflect.NativeMethodAccessorImpl.invoke0(Native Method)
	at sun.reflect.NativeMethodAccessorImpl.invoke(NativeMethodAccessorImpl.java:62)
	at sun.reflect.DelegatingMethodAccessorImpl.invoke(DelegatingMethodAccessorImpl.java:43)
	at java.lang.reflect.Method.invoke(Method.java:498)
	at org.testng.internal.MethodInvocationHelper.invokeMethod(MethodInvocationHelper.java:85)
	at org.testng.internal.Invoker.invokeConfigurationMethod(Invoker.java:517)
	at org.testng.internal.Invoker.invokeConfigurations(Invoker.java:213)
	at org.testng.internal.Invoker.invokeConfigurations(Invoker.java:140)
	at org.testng.TestRunner.afterRun(TestRunner.java:1019)
	at org.testng.TestRunner.run(TestRunner.java:625)
	at org.testng.SuiteRunner.runTest(SuiteRunner.java:357)
	at org.testng.SuiteRunner.runSequentially(SuiteRunner.java:352)
	at org.testng.SuiteRunner.privateRun(SuiteRunner.java:310)
	at org.testng.SuiteRunner.run(SuiteRunner.java:259)
	at org.testng.SuiteRunnerWorker.runSuite(SuiteRunnerWorker.java:52)
	at org.testng.SuiteRunnerWorker.run(SuiteRunnerWorker.java:86)
	at org.testng.TestNG.runSuitesSequentially(TestNG.java:1199)
	at org.testng.TestNG.runSuitesLocally(TestNG.java:1124)
	at org.testng.TestNG.run(TestNG.java:1032)
	at org.testng.remote.AbstractRemoteTestNG.run(AbstractRemoteTestNG.java:115)
	at org.testng.remote.RemoteTestNG.initAndRun(RemoteTestNG.java:251)
	at org.testng.remote.RemoteTestNG.main(RemoteTestNG.java:77)
</stack-trace>
            </failure>
            <steps/>
            <attachments/>
            <labels>
                <label name="host" value="Aswinikumars-MacBook-Pro.local"/>
                <label name="thread" value="1945@Aswinikumars-MacBook-Pro.local.main(1)"/>
            </labels>
        </test-case>
    </test-cases>
    <labels>
        <label name="framework" value="TestNG"/>
        <label name="language" value="JAVA"/>
    </labels>
</ns2:test-suite>
