<?xml version="1.0" encoding="UTF-8" standalone="yes"?>
<ns2:test-suite start="1589060896106" stop="1589060910447" version="1.5.4" xmlns:ns2="urn:model.allure.qatools.yandex.ru">
    <name>Default suite : Default test</name>
    <title>Default suite : Default test</title>
    <test-cases>
        <test-case start="1589060896357" stop="1589060897045" status="broken">
            <name>C333216_Verify_cust_param_cnd</name>
            <title>Verify custom parameter cnd</title>
            <failure>
                <message>StringIndexOutOfBoundsException: String index out of range: -1</message>
                <stack-trace>java.lang.StringIndexOutOfBoundsException: String index out of range: -1
	at java.lang.String.substring(String.java:1960)
	at twc.Regression.CustomParamValidation.CustomParamFunctions.get_turbo_call_value(CustomParamFunctions.java:522)
	at twc.Regression.CustomParamValidation.CustomParamFunctions.validate_results(CustomParamFunctions.java:49)
	at twc.Regression.TestCases.Custom_Parameters_Verification.parameters_Verification(Custom_Parameters_Verification.java:183)
	at twc.Regression.TestCases.regressionTestCases.C333216_Verify_cust_param_cnd(regressionTestCases.java:28)
	at sun.reflect.NativeMethodAccessorImpl.invoke0(Native Method)
	at sun.reflect.NativeMethodAccessorImpl.invoke(NativeMethodAccessorImpl.java:62)
	at sun.reflect.DelegatingMethodAccessorImpl.invoke(DelegatingMethodAccessorImpl.java:43)
	at java.lang.reflect.Method.invoke(Method.java:498)
	at org.testng.internal.MethodInvocationHelper.invokeMethod(MethodInvocationHelper.java:85)
	at org.testng.internal.Invoker.invokeMethod(Invoker.java:659)
	at org.testng.internal.Invoker.invokeTestMethod(Invoker.java:845)
	at org.testng.internal.Invoker.invokeTestMethods(Invoker.java:1153)
	at org.testng.internal.TestMethodWorker.invokeTestMethods(TestMethodWorker.java:125)
	at org.testng.internal.TestMethodWorker.run(TestMethodWorker.java:108)
	at org.testng.TestRunner.privateRun(TestRunner.java:771)
	at org.testng.TestRunner.run(TestRunner.java:621)
	at org.testng.SuiteRunner.runTest(SuiteRunner.java:357)
	at org.testng.SuiteRunner.runSequentially(SuiteRunner.java:352)
	at org.testng.SuiteRunner.privateRun(SuiteRunner.java:310)
	at org.testng.SuiteRunner.run(SuiteRunner.java:259)
	at org.testng.SuiteRunnerWorker.runSuite(SuiteRunnerWorker.java:52)
	at org.testng.SuiteRunnerWorker.run(SuiteRunnerWorker.java:86)
	at org.testng.TestNG.runSuitesSequentially(TestNG.java:1199)
	at org.testng.TestNG.runSuitesLocally(TestNG.java:1124)
	at org.testng.TestNG.run(TestNG.java:1032)
	at org.testng.remote.AbstractRemoteTestNG.run(AbstractRemoteTestNG.java:115)
	at org.testng.remote.RemoteTestNG.initAndRun(RemoteTestNG.java:251)
	at org.testng.remote.RemoteTestNG.main(RemoteTestNG.java:77)
</stack-trace>
            </failure>
            <steps>
                <step start="1589060896870" stop="1589060896871" status="passed">
                    <name>logStep[Verifyied Feed:iu=%2F7646%2Fapp_android_us%2Fdb_display%2Fhome_screen%2Fhourly Pub Ad Call cnd Custm_Parameter E...]</name>
                    <title>Verifyied Feed:iu=%2F7646%2Fapp_android_us%2Fdb_display%2Fhome_screen%2Fhourly Pub Ad Call cnd Custm_Parameter Expected ...</title>
                </step>
            </steps>
            <attachments/>
            <labels>
                <label name="testSuite" value="Default suite"/>
                <label name="testGroup" value="Default test"/>
                <label name="testClass" value="twc.Regression.TestCases.regressionTestCases"/>
                <label name="testMethod" value="C333216_Verify_cust_param_cnd"/>
                <label name="host" value="Aswinikumars-MacBook-Pro.local"/>
                <label name="thread" value="2435@Aswinikumars-MacBook-Pro.local.main(1)"/>
            </labels>
        </test-case>
        <test-case start="1589060896357" stop="1589060897045" status="broken">
            <name>C333216_Verify_cust_param_cnd</name>
            <title>Verify custom parameter cnd</title>
            <failure>
                <message>StringIndexOutOfBoundsException: String index out of range: -1</message>
                <stack-trace>java.lang.StringIndexOutOfBoundsException: String index out of range: -1
	at java.lang.String.substring(String.java:1960)
	at twc.Regression.CustomParamValidation.CustomParamFunctions.get_turbo_call_value(CustomParamFunctions.java:522)
	at twc.Regression.CustomParamValidation.CustomParamFunctions.validate_results(CustomParamFunctions.java:49)
	at twc.Regression.TestCases.Custom_Parameters_Verification.parameters_Verification(Custom_Parameters_Verification.java:183)
	at twc.Regression.TestCases.regressionTestCases.C333216_Verify_cust_param_cnd(regressionTestCases.java:28)
	at sun.reflect.NativeMethodAccessorImpl.invoke0(Native Method)
	at sun.reflect.NativeMethodAccessorImpl.invoke(NativeMethodAccessorImpl.java:62)
	at sun.reflect.DelegatingMethodAccessorImpl.invoke(DelegatingMethodAccessorImpl.java:43)
	at java.lang.reflect.Method.invoke(Method.java:498)
	at org.testng.internal.MethodInvocationHelper.invokeMethod(MethodInvocationHelper.java:85)
	at org.testng.internal.Invoker.invokeMethod(Invoker.java:659)
	at org.testng.internal.Invoker.invokeTestMethod(Invoker.java:845)
	at org.testng.internal.Invoker.invokeTestMethods(Invoker.java:1153)
	at org.testng.internal.TestMethodWorker.invokeTestMethods(TestMethodWorker.java:125)
	at org.testng.internal.TestMethodWorker.run(TestMethodWorker.java:108)
	at org.testng.TestRunner.privateRun(TestRunner.java:771)
	at org.testng.TestRunner.run(TestRunner.java:621)
	at org.testng.SuiteRunner.runTest(SuiteRunner.java:357)
	at org.testng.SuiteRunner.runSequentially(SuiteRunner.java:352)
	at org.testng.SuiteRunner.privateRun(SuiteRunner.java:310)
	at org.testng.SuiteRunner.run(SuiteRunner.java:259)
	at org.testng.SuiteRunnerWorker.runSuite(SuiteRunnerWorker.java:52)
	at org.testng.SuiteRunnerWorker.run(SuiteRunnerWorker.java:86)
	at org.testng.TestNG.runSuitesSequentially(TestNG.java:1199)
	at org.testng.TestNG.runSuitesLocally(TestNG.java:1124)
	at org.testng.TestNG.run(TestNG.java:1032)
	at org.testng.remote.AbstractRemoteTestNG.run(AbstractRemoteTestNG.java:115)
	at org.testng.remote.RemoteTestNG.initAndRun(RemoteTestNG.java:251)
	at org.testng.remote.RemoteTestNG.main(RemoteTestNG.java:77)
</stack-trace>
            </failure>
            <steps>
                <step start="1589060896870" stop="1589060896871" status="passed">
                    <name>logStep[Verifyied Feed:iu=%2F7646%2Fapp_android_us%2Fdb_display%2Fhome_screen%2Fhourly Pub Ad Call cnd Custm_Parameter E...]</name>
                    <title>Verifyied Feed:iu=%2F7646%2Fapp_android_us%2Fdb_display%2Fhome_screen%2Fhourly Pub Ad Call cnd Custm_Parameter Expected ...</title>
                </step>
            </steps>
            <attachments/>
            <labels>
                <label name="testSuite" value="Default suite"/>
                <label name="testGroup" value="Default test"/>
                <label name="testClass" value="twc.Regression.TestCases.regressionTestCases"/>
                <label name="testMethod" value="C333216_Verify_cust_param_cnd"/>
                <label name="host" value="Aswinikumars-MacBook-Pro.local"/>
                <label name="thread" value="2435@Aswinikumars-MacBook-Pro.local.main(1)"/>
            </labels>
        </test-case>
        <test-case start="1589060897049" stop="1589060902253" status="broken">
            <name>C333202_Verify_cust_param_zip</name>
            <title>Verify custom parameter zip</title>
            <failure>
                <message>ArrayIndexOutOfBoundsException: 1</message>
                <stack-trace>java.lang.ArrayIndexOutOfBoundsException: 1
	at twc.Regression.TestCases.Custom_Parameters_Verification.parameters_Verification(Custom_Parameters_Verification.java:149)
	at twc.Regression.TestCases.regressionTestCases.C333202_Verify_cust_param_zip(regressionTestCases.java:37)
	at sun.reflect.NativeMethodAccessorImpl.invoke0(Native Method)
	at sun.reflect.NativeMethodAccessorImpl.invoke(NativeMethodAccessorImpl.java:62)
	at sun.reflect.DelegatingMethodAccessorImpl.invoke(DelegatingMethodAccessorImpl.java:43)
	at java.lang.reflect.Method.invoke(Method.java:498)
	at org.testng.internal.MethodInvocationHelper.invokeMethod(MethodInvocationHelper.java:85)
	at org.testng.internal.Invoker.invokeMethod(Invoker.java:659)
	at org.testng.internal.Invoker.invokeTestMethod(Invoker.java:845)
	at org.testng.internal.Invoker.invokeTestMethods(Invoker.java:1153)
	at org.testng.internal.TestMethodWorker.invokeTestMethods(TestMethodWorker.java:125)
	at org.testng.internal.TestMethodWorker.run(TestMethodWorker.java:108)
	at org.testng.TestRunner.privateRun(TestRunner.java:771)
	at org.testng.TestRunner.run(TestRunner.java:621)
	at org.testng.SuiteRunner.runTest(SuiteRunner.java:357)
	at org.testng.SuiteRunner.runSequentially(SuiteRunner.java:352)
	at org.testng.SuiteRunner.privateRun(SuiteRunner.java:310)
	at org.testng.SuiteRunner.run(SuiteRunner.java:259)
	at org.testng.SuiteRunnerWorker.runSuite(SuiteRunnerWorker.java:52)
	at org.testng.SuiteRunnerWorker.run(SuiteRunnerWorker.java:86)
	at org.testng.TestNG.runSuitesSequentially(TestNG.java:1199)
	at org.testng.TestNG.runSuitesLocally(TestNG.java:1124)
	at org.testng.TestNG.run(TestNG.java:1032)
	at org.testng.remote.AbstractRemoteTestNG.run(AbstractRemoteTestNG.java:115)
	at org.testng.remote.RemoteTestNG.initAndRun(RemoteTestNG.java:251)
	at org.testng.remote.RemoteTestNG.main(RemoteTestNG.java:77)
</stack-trace>
            </failure>
            <steps>
                <step start="1589060897377" stop="1589060897377" status="passed">
                    <name>logStep[Verifyied Feed:0 Pub Ad Call zip Custm_Parameter Expected value presented]</name>
                    <title>Verifyied Feed:0 Pub Ad Call zip Custm_Parameter Expected value presented</title>
                </step>
                <step start="1589060897579" stop="1589060897579" status="passed">
                    <name>logStep[Verifyied Feed:0 Pub Ad Call zip Custm_Parameter Expected value presented]</name>
                    <title>Verifyied Feed:0 Pub Ad Call zip Custm_Parameter Expected value presented</title>
                </step>
                <step start="1589060897706" stop="1589060897706" status="passed">
                    <name>logStep[Verifyied Feed:0 Pub Ad Call zip Custm_Parameter Expected value presented]</name>
                    <title>Verifyied Feed:0 Pub Ad Call zip Custm_Parameter Expected value presented</title>
                </step>
                <step start="1589060897851" stop="1589060897851" status="passed">
                    <name>logStep[Verifyied Feed:0 Pub Ad Call zip Custm_Parameter Expected value presented]</name>
                    <title>Verifyied Feed:0 Pub Ad Call zip Custm_Parameter Expected value presented</title>
                </step>
                <step start="1589060898018" stop="1589060898018" status="passed">
                    <name>logStep[Verifyied Feed:0 Pub Ad Call zip Custm_Parameter Expected value presented]</name>
                    <title>Verifyied Feed:0 Pub Ad Call zip Custm_Parameter Expected value presented</title>
                </step>
                <step start="1589060898154" stop="1589060898154" status="passed">
                    <name>logStep[Verifyied Feed:0 Pub Ad Call zip Custm_Parameter Expected value presented]</name>
                    <title>Verifyied Feed:0 Pub Ad Call zip Custm_Parameter Expected value presented</title>
                </step>
                <step start="1589060898291" stop="1589060898291" status="passed">
                    <name>logStep[Verifyied Feed:0 Pub Ad Call zip Custm_Parameter Expected value presented]</name>
                    <title>Verifyied Feed:0 Pub Ad Call zip Custm_Parameter Expected value presented</title>
                </step>
                <step start="1589060898425" stop="1589060898425" status="passed">
                    <name>logStep[Verifyied Feed:0 Pub Ad Call zip Custm_Parameter Expected value presented]</name>
                    <title>Verifyied Feed:0 Pub Ad Call zip Custm_Parameter Expected value presented</title>
                </step>
                <step start="1589060898566" stop="1589060898566" status="passed">
                    <name>logStep[Verifyied Feed:0 Pub Ad Call zip Custm_Parameter Expected value presented]</name>
                    <title>Verifyied Feed:0 Pub Ad Call zip Custm_Parameter Expected value presented</title>
                </step>
                <step start="1589060898704" stop="1589060898704" status="passed">
                    <name>logStep[Verifyied Feed:0 Pub Ad Call zip Custm_Parameter Expected value presented]</name>
                    <title>Verifyied Feed:0 Pub Ad Call zip Custm_Parameter Expected value presented</title>
                </step>
                <step start="1589060898833" stop="1589060898833" status="passed">
                    <name>logStep[Verifyied Feed:0 Pub Ad Call zip Custm_Parameter Expected value presented]</name>
                    <title>Verifyied Feed:0 Pub Ad Call zip Custm_Parameter Expected value presented</title>
                </step>
                <step start="1589060898966" stop="1589060898966" status="passed">
                    <name>logStep[Verifyied Feed:0 Pub Ad Call zip Custm_Parameter Expected value presented]</name>
                    <title>Verifyied Feed:0 Pub Ad Call zip Custm_Parameter Expected value presented</title>
                </step>
                <step start="1589060899095" stop="1589060899095" status="passed">
                    <name>logStep[Verifyied Feed:0 Pub Ad Call zip Custm_Parameter Expected value presented]</name>
                    <title>Verifyied Feed:0 Pub Ad Call zip Custm_Parameter Expected value presented</title>
                </step>
                <step start="1589060899237" stop="1589060899237" status="passed">
                    <name>logStep[Verifyied Feed:0 Pub Ad Call zip Custm_Parameter Expected value presented]</name>
                    <title>Verifyied Feed:0 Pub Ad Call zip Custm_Parameter Expected value presented</title>
                </step>
                <step start="1589060899404" stop="1589060899404" status="passed">
                    <name>logStep[Verifyied Feed:0 Pub Ad Call zip Custm_Parameter Expected value presented]</name>
                    <title>Verifyied Feed:0 Pub Ad Call zip Custm_Parameter Expected value presented</title>
                </step>
                <step start="1589060899703" stop="1589060899703" status="passed">
                    <name>logStep[Verifyied Feed:1 Pub Ad Call zip Custm_Parameter Expected value presented]</name>
                    <title>Verifyied Feed:1 Pub Ad Call zip Custm_Parameter Expected value presented</title>
                </step>
                <step start="1589060899824" stop="1589060899824" status="passed">
                    <name>logStep[Verifyied Feed:1 Pub Ad Call zip Custm_Parameter Expected value presented]</name>
                    <title>Verifyied Feed:1 Pub Ad Call zip Custm_Parameter Expected value presented</title>
                </step>
                <step start="1589060899943" stop="1589060899943" status="passed">
                    <name>logStep[Verifyied Feed:1 Pub Ad Call zip Custm_Parameter Expected value presented]</name>
                    <title>Verifyied Feed:1 Pub Ad Call zip Custm_Parameter Expected value presented</title>
                </step>
                <step start="1589060900077" stop="1589060900077" status="passed">
                    <name>logStep[Verifyied Feed:1 Pub Ad Call zip Custm_Parameter Expected value presented]</name>
                    <title>Verifyied Feed:1 Pub Ad Call zip Custm_Parameter Expected value presented</title>
                </step>
                <step start="1589060900200" stop="1589060900200" status="passed">
                    <name>logStep[Verifyied Feed:1 Pub Ad Call zip Custm_Parameter Expected value presented]</name>
                    <title>Verifyied Feed:1 Pub Ad Call zip Custm_Parameter Expected value presented</title>
                </step>
                <step start="1589060900338" stop="1589060900338" status="passed">
                    <name>logStep[Verifyied Feed:1 Pub Ad Call zip Custm_Parameter Expected value presented]</name>
                    <title>Verifyied Feed:1 Pub Ad Call zip Custm_Parameter Expected value presented</title>
                </step>
                <step start="1589060900464" stop="1589060900464" status="passed">
                    <name>logStep[Verifyied Feed:1 Pub Ad Call zip Custm_Parameter Expected value presented]</name>
                    <title>Verifyied Feed:1 Pub Ad Call zip Custm_Parameter Expected value presented</title>
                </step>
                <step start="1589060900600" stop="1589060900600" status="passed">
                    <name>logStep[Verifyied Feed:1 Pub Ad Call zip Custm_Parameter Expected value presented]</name>
                    <title>Verifyied Feed:1 Pub Ad Call zip Custm_Parameter Expected value presented</title>
                </step>
                <step start="1589060900737" stop="1589060900737" status="passed">
                    <name>logStep[Verifyied Feed:1 Pub Ad Call zip Custm_Parameter Expected value presented]</name>
                    <title>Verifyied Feed:1 Pub Ad Call zip Custm_Parameter Expected value presented</title>
                </step>
                <step start="1589060900879" stop="1589060900879" status="passed">
                    <name>logStep[Verifyied Feed:1 Pub Ad Call zip Custm_Parameter Expected value presented]</name>
                    <title>Verifyied Feed:1 Pub Ad Call zip Custm_Parameter Expected value presented</title>
                </step>
                <step start="1589060901003" stop="1589060901003" status="passed">
                    <name>logStep[Verifyied Feed:1 Pub Ad Call zip Custm_Parameter Expected value presented]</name>
                    <title>Verifyied Feed:1 Pub Ad Call zip Custm_Parameter Expected value presented</title>
                </step>
                <step start="1589060901142" stop="1589060901142" status="passed">
                    <name>logStep[Verifyied Feed:1 Pub Ad Call zip Custm_Parameter Expected value presented]</name>
                    <title>Verifyied Feed:1 Pub Ad Call zip Custm_Parameter Expected value presented</title>
                </step>
                <step start="1589060901287" stop="1589060901287" status="passed">
                    <name>logStep[Verifyied Feed:1 Pub Ad Call zip Custm_Parameter Expected value presented]</name>
                    <title>Verifyied Feed:1 Pub Ad Call zip Custm_Parameter Expected value presented</title>
                </step>
                <step start="1589060901680" stop="1589060901680" status="passed">
                    <name>logStep[Verifyied Feed:2 Pub Ad Call zip Custm_Parameter Expected value presented]</name>
                    <title>Verifyied Feed:2 Pub Ad Call zip Custm_Parameter Expected value presented</title>
                </step>
                <step start="1589060901887" stop="1589060901887" status="passed">
                    <name>logStep[Verifyied Feed:2 Pub Ad Call zip Custm_Parameter Expected value presented]</name>
                    <title>Verifyied Feed:2 Pub Ad Call zip Custm_Parameter Expected value presented</title>
                </step>
                <step start="1589060902027" stop="1589060902027" status="passed">
                    <name>logStep[Verifyied Feed:2 Pub Ad Call zip Custm_Parameter Expected value presented]</name>
                    <title>Verifyied Feed:2 Pub Ad Call zip Custm_Parameter Expected value presented</title>
                </step>
            </steps>
            <attachments/>
            <labels>
                <label name="testSuite" value="Default suite"/>
                <label name="testGroup" value="Default test"/>
                <label name="testClass" value="twc.Regression.TestCases.regressionTestCases"/>
                <label name="testMethod" value="C333202_Verify_cust_param_zip"/>
                <label name="host" value="Aswinikumars-MacBook-Pro.local"/>
                <label name="thread" value="2435@Aswinikumars-MacBook-Pro.local.main(1)"/>
            </labels>
        </test-case>
        <test-case start="1589060897049" stop="1589060902253" status="broken">
            <name>C333202_Verify_cust_param_zip</name>
            <title>Verify custom parameter zip</title>
            <failure>
                <message>ArrayIndexOutOfBoundsException: 1</message>
                <stack-trace>java.lang.ArrayIndexOutOfBoundsException: 1
	at twc.Regression.TestCases.Custom_Parameters_Verification.parameters_Verification(Custom_Parameters_Verification.java:149)
	at twc.Regression.TestCases.regressionTestCases.C333202_Verify_cust_param_zip(regressionTestCases.java:37)
	at sun.reflect.NativeMethodAccessorImpl.invoke0(Native Method)
	at sun.reflect.NativeMethodAccessorImpl.invoke(NativeMethodAccessorImpl.java:62)
	at sun.reflect.DelegatingMethodAccessorImpl.invoke(DelegatingMethodAccessorImpl.java:43)
	at java.lang.reflect.Method.invoke(Method.java:498)
	at org.testng.internal.MethodInvocationHelper.invokeMethod(MethodInvocationHelper.java:85)
	at org.testng.internal.Invoker.invokeMethod(Invoker.java:659)
	at org.testng.internal.Invoker.invokeTestMethod(Invoker.java:845)
	at org.testng.internal.Invoker.invokeTestMethods(Invoker.java:1153)
	at org.testng.internal.TestMethodWorker.invokeTestMethods(TestMethodWorker.java:125)
	at org.testng.internal.TestMethodWorker.run(TestMethodWorker.java:108)
	at org.testng.TestRunner.privateRun(TestRunner.java:771)
	at org.testng.TestRunner.run(TestRunner.java:621)
	at org.testng.SuiteRunner.runTest(SuiteRunner.java:357)
	at org.testng.SuiteRunner.runSequentially(SuiteRunner.java:352)
	at org.testng.SuiteRunner.privateRun(SuiteRunner.java:310)
	at org.testng.SuiteRunner.run(SuiteRunner.java:259)
	at org.testng.SuiteRunnerWorker.runSuite(SuiteRunnerWorker.java:52)
	at org.testng.SuiteRunnerWorker.run(SuiteRunnerWorker.java:86)
	at org.testng.TestNG.runSuitesSequentially(TestNG.java:1199)
	at org.testng.TestNG.runSuitesLocally(TestNG.java:1124)
	at org.testng.TestNG.run(TestNG.java:1032)
	at org.testng.remote.AbstractRemoteTestNG.run(AbstractRemoteTestNG.java:115)
	at org.testng.remote.RemoteTestNG.initAndRun(RemoteTestNG.java:251)
	at org.testng.remote.RemoteTestNG.main(RemoteTestNG.java:77)
</stack-trace>
            </failure>
            <steps>
                <step start="1589060897377" stop="1589060897377" status="passed">
                    <name>logStep[Verifyied Feed:0 Pub Ad Call zip Custm_Parameter Expected value presented]</name>
                    <title>Verifyied Feed:0 Pub Ad Call zip Custm_Parameter Expected value presented</title>
                </step>
                <step start="1589060897579" stop="1589060897579" status="passed">
                    <name>logStep[Verifyied Feed:0 Pub Ad Call zip Custm_Parameter Expected value presented]</name>
                    <title>Verifyied Feed:0 Pub Ad Call zip Custm_Parameter Expected value presented</title>
                </step>
                <step start="1589060897706" stop="1589060897706" status="passed">
                    <name>logStep[Verifyied Feed:0 Pub Ad Call zip Custm_Parameter Expected value presented]</name>
                    <title>Verifyied Feed:0 Pub Ad Call zip Custm_Parameter Expected value presented</title>
                </step>
                <step start="1589060897851" stop="1589060897851" status="passed">
                    <name>logStep[Verifyied Feed:0 Pub Ad Call zip Custm_Parameter Expected value presented]</name>
                    <title>Verifyied Feed:0 Pub Ad Call zip Custm_Parameter Expected value presented</title>
                </step>
                <step start="1589060898018" stop="1589060898018" status="passed">
                    <name>logStep[Verifyied Feed:0 Pub Ad Call zip Custm_Parameter Expected value presented]</name>
                    <title>Verifyied Feed:0 Pub Ad Call zip Custm_Parameter Expected value presented</title>
                </step>
                <step start="1589060898154" stop="1589060898154" status="passed">
                    <name>logStep[Verifyied Feed:0 Pub Ad Call zip Custm_Parameter Expected value presented]</name>
                    <title>Verifyied Feed:0 Pub Ad Call zip Custm_Parameter Expected value presented</title>
                </step>
                <step start="1589060898291" stop="1589060898291" status="passed">
                    <name>logStep[Verifyied Feed:0 Pub Ad Call zip Custm_Parameter Expected value presented]</name>
                    <title>Verifyied Feed:0 Pub Ad Call zip Custm_Parameter Expected value presented</title>
                </step>
                <step start="1589060898425" stop="1589060898425" status="passed">
                    <name>logStep[Verifyied Feed:0 Pub Ad Call zip Custm_Parameter Expected value presented]</name>
                    <title>Verifyied Feed:0 Pub Ad Call zip Custm_Parameter Expected value presented</title>
                </step>
                <step start="1589060898566" stop="1589060898566" status="passed">
                    <name>logStep[Verifyied Feed:0 Pub Ad Call zip Custm_Parameter Expected value presented]</name>
                    <title>Verifyied Feed:0 Pub Ad Call zip Custm_Parameter Expected value presented</title>
                </step>
                <step start="1589060898704" stop="1589060898704" status="passed">
                    <name>logStep[Verifyied Feed:0 Pub Ad Call zip Custm_Parameter Expected value presented]</name>
                    <title>Verifyied Feed:0 Pub Ad Call zip Custm_Parameter Expected value presented</title>
                </step>
                <step start="1589060898833" stop="1589060898833" status="passed">
                    <name>logStep[Verifyied Feed:0 Pub Ad Call zip Custm_Parameter Expected value presented]</name>
                    <title>Verifyied Feed:0 Pub Ad Call zip Custm_Parameter Expected value presented</title>
                </step>
                <step start="1589060898966" stop="1589060898966" status="passed">
                    <name>logStep[Verifyied Feed:0 Pub Ad Call zip Custm_Parameter Expected value presented]</name>
                    <title>Verifyied Feed:0 Pub Ad Call zip Custm_Parameter Expected value presented</title>
                </step>
                <step start="1589060899095" stop="1589060899095" status="passed">
                    <name>logStep[Verifyied Feed:0 Pub Ad Call zip Custm_Parameter Expected value presented]</name>
                    <title>Verifyied Feed:0 Pub Ad Call zip Custm_Parameter Expected value presented</title>
                </step>
                <step start="1589060899237" stop="1589060899237" status="passed">
                    <name>logStep[Verifyied Feed:0 Pub Ad Call zip Custm_Parameter Expected value presented]</name>
                    <title>Verifyied Feed:0 Pub Ad Call zip Custm_Parameter Expected value presented</title>
                </step>
                <step start="1589060899404" stop="1589060899404" status="passed">
                    <name>logStep[Verifyied Feed:0 Pub Ad Call zip Custm_Parameter Expected value presented]</name>
                    <title>Verifyied Feed:0 Pub Ad Call zip Custm_Parameter Expected value presented</title>
                </step>
                <step start="1589060899703" stop="1589060899703" status="passed">
                    <name>logStep[Verifyied Feed:1 Pub Ad Call zip Custm_Parameter Expected value presented]</name>
                    <title>Verifyied Feed:1 Pub Ad Call zip Custm_Parameter Expected value presented</title>
                </step>
                <step start="1589060899824" stop="1589060899824" status="passed">
                    <name>logStep[Verifyied Feed:1 Pub Ad Call zip Custm_Parameter Expected value presented]</name>
                    <title>Verifyied Feed:1 Pub Ad Call zip Custm_Parameter Expected value presented</title>
                </step>
                <step start="1589060899943" stop="1589060899943" status="passed">
                    <name>logStep[Verifyied Feed:1 Pub Ad Call zip Custm_Parameter Expected value presented]</name>
                    <title>Verifyied Feed:1 Pub Ad Call zip Custm_Parameter Expected value presented</title>
                </step>
                <step start="1589060900077" stop="1589060900077" status="passed">
                    <name>logStep[Verifyied Feed:1 Pub Ad Call zip Custm_Parameter Expected value presented]</name>
                    <title>Verifyied Feed:1 Pub Ad Call zip Custm_Parameter Expected value presented</title>
                </step>
                <step start="1589060900200" stop="1589060900200" status="passed">
                    <name>logStep[Verifyied Feed:1 Pub Ad Call zip Custm_Parameter Expected value presented]</name>
                    <title>Verifyied Feed:1 Pub Ad Call zip Custm_Parameter Expected value presented</title>
                </step>
                <step start="1589060900338" stop="1589060900338" status="passed">
                    <name>logStep[Verifyied Feed:1 Pub Ad Call zip Custm_Parameter Expected value presented]</name>
                    <title>Verifyied Feed:1 Pub Ad Call zip Custm_Parameter Expected value presented</title>
                </step>
                <step start="1589060900464" stop="1589060900464" status="passed">
                    <name>logStep[Verifyied Feed:1 Pub Ad Call zip Custm_Parameter Expected value presented]</name>
                    <title>Verifyied Feed:1 Pub Ad Call zip Custm_Parameter Expected value presented</title>
                </step>
                <step start="1589060900600" stop="1589060900600" status="passed">
                    <name>logStep[Verifyied Feed:1 Pub Ad Call zip Custm_Parameter Expected value presented]</name>
                    <title>Verifyied Feed:1 Pub Ad Call zip Custm_Parameter Expected value presented</title>
                </step>
                <step start="1589060900737" stop="1589060900737" status="passed">
                    <name>logStep[Verifyied Feed:1 Pub Ad Call zip Custm_Parameter Expected value presented]</name>
                    <title>Verifyied Feed:1 Pub Ad Call zip Custm_Parameter Expected value presented</title>
                </step>
                <step start="1589060900879" stop="1589060900879" status="passed">
                    <name>logStep[Verifyied Feed:1 Pub Ad Call zip Custm_Parameter Expected value presented]</name>
                    <title>Verifyied Feed:1 Pub Ad Call zip Custm_Parameter Expected value presented</title>
                </step>
                <step start="1589060901003" stop="1589060901003" status="passed">
                    <name>logStep[Verifyied Feed:1 Pub Ad Call zip Custm_Parameter Expected value presented]</name>
                    <title>Verifyied Feed:1 Pub Ad Call zip Custm_Parameter Expected value presented</title>
                </step>
                <step start="1589060901142" stop="1589060901142" status="passed">
                    <name>logStep[Verifyied Feed:1 Pub Ad Call zip Custm_Parameter Expected value presented]</name>
                    <title>Verifyied Feed:1 Pub Ad Call zip Custm_Parameter Expected value presented</title>
                </step>
                <step start="1589060901287" stop="1589060901287" status="passed">
                    <name>logStep[Verifyied Feed:1 Pub Ad Call zip Custm_Parameter Expected value presented]</name>
                    <title>Verifyied Feed:1 Pub Ad Call zip Custm_Parameter Expected value presented</title>
                </step>
                <step start="1589060901680" stop="1589060901680" status="passed">
                    <name>logStep[Verifyied Feed:2 Pub Ad Call zip Custm_Parameter Expected value presented]</name>
                    <title>Verifyied Feed:2 Pub Ad Call zip Custm_Parameter Expected value presented</title>
                </step>
                <step start="1589060901887" stop="1589060901887" status="passed">
                    <name>logStep[Verifyied Feed:2 Pub Ad Call zip Custm_Parameter Expected value presented]</name>
                    <title>Verifyied Feed:2 Pub Ad Call zip Custm_Parameter Expected value presented</title>
                </step>
                <step start="1589060902027" stop="1589060902027" status="passed">
                    <name>logStep[Verifyied Feed:2 Pub Ad Call zip Custm_Parameter Expected value presented]</name>
                    <title>Verifyied Feed:2 Pub Ad Call zip Custm_Parameter Expected value presented</title>
                </step>
            </steps>
            <attachments/>
            <labels>
                <label name="testSuite" value="Default suite"/>
                <label name="testGroup" value="Default test"/>
                <label name="testClass" value="twc.Regression.TestCases.regressionTestCases"/>
                <label name="testMethod" value="C333202_Verify_cust_param_zip"/>
                <label name="host" value="Aswinikumars-MacBook-Pro.local"/>
                <label name="thread" value="2435@Aswinikumars-MacBook-Pro.local.main(1)"/>
            </labels>
        </test-case>
        <test-case start="1589060902256" stop="1589060906470" status="broken">
            <name>C658712_Verify_cust_param_plat</name>
            <title>Verify custom parameter plat</title>
            <failure>
                <message>ArrayIndexOutOfBoundsException: 1</message>
                <stack-trace>java.lang.ArrayIndexOutOfBoundsException: 1
	at twc.Regression.TestCases.Custom_Parameters_Verification.parameters_Verification(Custom_Parameters_Verification.java:149)
	at twc.Regression.TestCases.regressionTestCases.C658712_Verify_cust_param_plat(regressionTestCases.java:53)
	at sun.reflect.NativeMethodAccessorImpl.invoke0(Native Method)
	at sun.reflect.NativeMethodAccessorImpl.invoke(NativeMethodAccessorImpl.java:62)
	at sun.reflect.DelegatingMethodAccessorImpl.invoke(DelegatingMethodAccessorImpl.java:43)
	at java.lang.reflect.Method.invoke(Method.java:498)
	at org.testng.internal.MethodInvocationHelper.invokeMethod(MethodInvocationHelper.java:85)
	at org.testng.internal.Invoker.invokeMethod(Invoker.java:659)
	at org.testng.internal.Invoker.invokeTestMethod(Invoker.java:845)
	at org.testng.internal.Invoker.invokeTestMethods(Invoker.java:1153)
	at org.testng.internal.TestMethodWorker.invokeTestMethods(TestMethodWorker.java:125)
	at org.testng.internal.TestMethodWorker.run(TestMethodWorker.java:108)
	at org.testng.TestRunner.privateRun(TestRunner.java:771)
	at org.testng.TestRunner.run(TestRunner.java:621)
	at org.testng.SuiteRunner.runTest(SuiteRunner.java:357)
	at org.testng.SuiteRunner.runSequentially(SuiteRunner.java:352)
	at org.testng.SuiteRunner.privateRun(SuiteRunner.java:310)
	at org.testng.SuiteRunner.run(SuiteRunner.java:259)
	at org.testng.SuiteRunnerWorker.runSuite(SuiteRunnerWorker.java:52)
	at org.testng.SuiteRunnerWorker.run(SuiteRunnerWorker.java:86)
	at org.testng.TestNG.runSuitesSequentially(TestNG.java:1199)
	at org.testng.TestNG.runSuitesLocally(TestNG.java:1124)
	at org.testng.TestNG.run(TestNG.java:1032)
	at org.testng.remote.AbstractRemoteTestNG.run(AbstractRemoteTestNG.java:115)
	at org.testng.remote.RemoteTestNG.initAndRun(RemoteTestNG.java:251)
	at org.testng.remote.RemoteTestNG.main(RemoteTestNG.java:77)
</stack-trace>
            </failure>
            <steps>
                <step start="1589060902567" stop="1589060902567" status="passed">
                    <name>logStep[Verifyied Feed:0 Pub Ad Call plat Custm_Parameter Expected value presented]</name>
                    <title>Verifyied Feed:0 Pub Ad Call plat Custm_Parameter Expected value presented</title>
                </step>
                <step start="1589060902674" stop="1589060902674" status="passed">
                    <name>logStep[Verifyied Feed:0 Pub Ad Call plat Custm_Parameter Expected value presented]</name>
                    <title>Verifyied Feed:0 Pub Ad Call plat Custm_Parameter Expected value presented</title>
                </step>
                <step start="1589060902786" stop="1589060902786" status="passed">
                    <name>logStep[Verifyied Feed:0 Pub Ad Call plat Custm_Parameter Expected value presented]</name>
                    <title>Verifyied Feed:0 Pub Ad Call plat Custm_Parameter Expected value presented</title>
                </step>
                <step start="1589060902896" stop="1589060902896" status="passed">
                    <name>logStep[Verifyied Feed:0 Pub Ad Call plat Custm_Parameter Expected value presented]</name>
                    <title>Verifyied Feed:0 Pub Ad Call plat Custm_Parameter Expected value presented</title>
                </step>
                <step start="1589060903007" stop="1589060903007" status="passed">
                    <name>logStep[Verifyied Feed:0 Pub Ad Call plat Custm_Parameter Expected value presented]</name>
                    <title>Verifyied Feed:0 Pub Ad Call plat Custm_Parameter Expected value presented</title>
                </step>
                <step start="1589060903124" stop="1589060903124" status="passed">
                    <name>logStep[Verifyied Feed:0 Pub Ad Call plat Custm_Parameter Expected value presented]</name>
                    <title>Verifyied Feed:0 Pub Ad Call plat Custm_Parameter Expected value presented</title>
                </step>
                <step start="1589060903248" stop="1589060903248" status="passed">
                    <name>logStep[Verifyied Feed:0 Pub Ad Call plat Custm_Parameter Expected value presented]</name>
                    <title>Verifyied Feed:0 Pub Ad Call plat Custm_Parameter Expected value presented</title>
                </step>
                <step start="1589060903361" stop="1589060903361" status="passed">
                    <name>logStep[Verifyied Feed:0 Pub Ad Call plat Custm_Parameter Expected value presented]</name>
                    <title>Verifyied Feed:0 Pub Ad Call plat Custm_Parameter Expected value presented</title>
                </step>
                <step start="1589060903479" stop="1589060903479" status="passed">
                    <name>logStep[Verifyied Feed:0 Pub Ad Call plat Custm_Parameter Expected value presented]</name>
                    <title>Verifyied Feed:0 Pub Ad Call plat Custm_Parameter Expected value presented</title>
                </step>
                <step start="1589060903597" stop="1589060903597" status="passed">
                    <name>logStep[Verifyied Feed:0 Pub Ad Call plat Custm_Parameter Expected value presented]</name>
                    <title>Verifyied Feed:0 Pub Ad Call plat Custm_Parameter Expected value presented</title>
                </step>
                <step start="1589060903719" stop="1589060903719" status="passed">
                    <name>logStep[Verifyied Feed:0 Pub Ad Call plat Custm_Parameter Expected value presented]</name>
                    <title>Verifyied Feed:0 Pub Ad Call plat Custm_Parameter Expected value presented</title>
                </step>
                <step start="1589060903830" stop="1589060903830" status="passed">
                    <name>logStep[Verifyied Feed:0 Pub Ad Call plat Custm_Parameter Expected value presented]</name>
                    <title>Verifyied Feed:0 Pub Ad Call plat Custm_Parameter Expected value presented</title>
                </step>
                <step start="1589060903941" stop="1589060903941" status="passed">
                    <name>logStep[Verifyied Feed:0 Pub Ad Call plat Custm_Parameter Expected value presented]</name>
                    <title>Verifyied Feed:0 Pub Ad Call plat Custm_Parameter Expected value presented</title>
                </step>
                <step start="1589060904052" stop="1589060904052" status="passed">
                    <name>logStep[Verifyied Feed:0 Pub Ad Call plat Custm_Parameter Expected value presented]</name>
                    <title>Verifyied Feed:0 Pub Ad Call plat Custm_Parameter Expected value presented</title>
                </step>
                <step start="1589060904163" stop="1589060904163" status="passed">
                    <name>logStep[Verifyied Feed:0 Pub Ad Call plat Custm_Parameter Expected value presented]</name>
                    <title>Verifyied Feed:0 Pub Ad Call plat Custm_Parameter Expected value presented</title>
                </step>
                <step start="1589060904428" stop="1589060904428" status="passed">
                    <name>logStep[Verifyied Feed:1 Pub Ad Call plat Custm_Parameter Expected value presented]</name>
                    <title>Verifyied Feed:1 Pub Ad Call plat Custm_Parameter Expected value presented</title>
                </step>
                <step start="1589060904587" stop="1589060904588" status="passed">
                    <name>logStep[Verifyied Feed:1 Pub Ad Call plat Custm_Parameter Expected value presented]</name>
                    <title>Verifyied Feed:1 Pub Ad Call plat Custm_Parameter Expected value presented</title>
                </step>
                <step start="1589060904697" stop="1589060904697" status="passed">
                    <name>logStep[Verifyied Feed:1 Pub Ad Call plat Custm_Parameter Expected value presented]</name>
                    <title>Verifyied Feed:1 Pub Ad Call plat Custm_Parameter Expected value presented</title>
                </step>
                <step start="1589060904811" stop="1589060904811" status="passed">
                    <name>logStep[Verifyied Feed:1 Pub Ad Call plat Custm_Parameter Expected value presented]</name>
                    <title>Verifyied Feed:1 Pub Ad Call plat Custm_Parameter Expected value presented</title>
                </step>
                <step start="1589060904922" stop="1589060904922" status="passed">
                    <name>logStep[Verifyied Feed:1 Pub Ad Call plat Custm_Parameter Expected value presented]</name>
                    <title>Verifyied Feed:1 Pub Ad Call plat Custm_Parameter Expected value presented</title>
                </step>
                <step start="1589060905032" stop="1589060905032" status="passed">
                    <name>logStep[Verifyied Feed:1 Pub Ad Call plat Custm_Parameter Expected value presented]</name>
                    <title>Verifyied Feed:1 Pub Ad Call plat Custm_Parameter Expected value presented</title>
                </step>
                <step start="1589060905140" stop="1589060905140" status="passed">
                    <name>logStep[Verifyied Feed:1 Pub Ad Call plat Custm_Parameter Expected value presented]</name>
                    <title>Verifyied Feed:1 Pub Ad Call plat Custm_Parameter Expected value presented</title>
                </step>
                <step start="1589060905246" stop="1589060905246" status="passed">
                    <name>logStep[Verifyied Feed:1 Pub Ad Call plat Custm_Parameter Expected value presented]</name>
                    <title>Verifyied Feed:1 Pub Ad Call plat Custm_Parameter Expected value presented</title>
                </step>
                <step start="1589060905354" stop="1589060905354" status="passed">
                    <name>logStep[Verifyied Feed:1 Pub Ad Call plat Custm_Parameter Expected value presented]</name>
                    <title>Verifyied Feed:1 Pub Ad Call plat Custm_Parameter Expected value presented</title>
                </step>
                <step start="1589060905457" stop="1589060905457" status="passed">
                    <name>logStep[Verifyied Feed:1 Pub Ad Call plat Custm_Parameter Expected value presented]</name>
                    <title>Verifyied Feed:1 Pub Ad Call plat Custm_Parameter Expected value presented</title>
                </step>
                <step start="1589060905561" stop="1589060905561" status="passed">
                    <name>logStep[Verifyied Feed:1 Pub Ad Call plat Custm_Parameter Expected value presented]</name>
                    <title>Verifyied Feed:1 Pub Ad Call plat Custm_Parameter Expected value presented</title>
                </step>
                <step start="1589060905671" stop="1589060905671" status="passed">
                    <name>logStep[Verifyied Feed:1 Pub Ad Call plat Custm_Parameter Expected value presented]</name>
                    <title>Verifyied Feed:1 Pub Ad Call plat Custm_Parameter Expected value presented</title>
                </step>
                <step start="1589060905784" stop="1589060905784" status="passed">
                    <name>logStep[Verifyied Feed:1 Pub Ad Call plat Custm_Parameter Expected value presented]</name>
                    <title>Verifyied Feed:1 Pub Ad Call plat Custm_Parameter Expected value presented</title>
                </step>
                <step start="1589060906012" stop="1589060906012" status="passed">
                    <name>logStep[Verifyied Feed:2 Pub Ad Call plat Custm_Parameter Expected value presented]</name>
                    <title>Verifyied Feed:2 Pub Ad Call plat Custm_Parameter Expected value presented</title>
                </step>
                <step start="1589060906125" stop="1589060906125" status="passed">
                    <name>logStep[Verifyied Feed:2 Pub Ad Call plat Custm_Parameter Expected value presented]</name>
                    <title>Verifyied Feed:2 Pub Ad Call plat Custm_Parameter Expected value presented</title>
                </step>
                <step start="1589060906240" stop="1589060906240" status="passed">
                    <name>logStep[Verifyied Feed:2 Pub Ad Call plat Custm_Parameter Expected value presented]</name>
                    <title>Verifyied Feed:2 Pub Ad Call plat Custm_Parameter Expected value presented</title>
                </step>
            </steps>
            <attachments/>
            <labels>
                <label name="testSuite" value="Default suite"/>
                <label name="testGroup" value="Default test"/>
                <label name="testClass" value="twc.Regression.TestCases.regressionTestCases"/>
                <label name="testMethod" value="C658712_Verify_cust_param_plat"/>
                <label name="host" value="Aswinikumars-MacBook-Pro.local"/>
                <label name="thread" value="2435@Aswinikumars-MacBook-Pro.local.main(1)"/>
            </labels>
        </test-case>
        <test-case start="1589060902256" stop="1589060906470" status="broken">
            <name>C658712_Verify_cust_param_plat</name>
            <title>Verify custom parameter plat</title>
            <failure>
                <message>ArrayIndexOutOfBoundsException: 1</message>
                <stack-trace>java.lang.ArrayIndexOutOfBoundsException: 1
	at twc.Regression.TestCases.Custom_Parameters_Verification.parameters_Verification(Custom_Parameters_Verification.java:149)
	at twc.Regression.TestCases.regressionTestCases.C658712_Verify_cust_param_plat(regressionTestCases.java:53)
	at sun.reflect.NativeMethodAccessorImpl.invoke0(Native Method)
	at sun.reflect.NativeMethodAccessorImpl.invoke(NativeMethodAccessorImpl.java:62)
	at sun.reflect.DelegatingMethodAccessorImpl.invoke(DelegatingMethodAccessorImpl.java:43)
	at java.lang.reflect.Method.invoke(Method.java:498)
	at org.testng.internal.MethodInvocationHelper.invokeMethod(MethodInvocationHelper.java:85)
	at org.testng.internal.Invoker.invokeMethod(Invoker.java:659)
	at org.testng.internal.Invoker.invokeTestMethod(Invoker.java:845)
	at org.testng.internal.Invoker.invokeTestMethods(Invoker.java:1153)
	at org.testng.internal.TestMethodWorker.invokeTestMethods(TestMethodWorker.java:125)
	at org.testng.internal.TestMethodWorker.run(TestMethodWorker.java:108)
	at org.testng.TestRunner.privateRun(TestRunner.java:771)
	at org.testng.TestRunner.run(TestRunner.java:621)
	at org.testng.SuiteRunner.runTest(SuiteRunner.java:357)
	at org.testng.SuiteRunner.runSequentially(SuiteRunner.java:352)
	at org.testng.SuiteRunner.privateRun(SuiteRunner.java:310)
	at org.testng.SuiteRunner.run(SuiteRunner.java:259)
	at org.testng.SuiteRunnerWorker.runSuite(SuiteRunnerWorker.java:52)
	at org.testng.SuiteRunnerWorker.run(SuiteRunnerWorker.java:86)
	at org.testng.TestNG.runSuitesSequentially(TestNG.java:1199)
	at org.testng.TestNG.runSuitesLocally(TestNG.java:1124)
	at org.testng.TestNG.run(TestNG.java:1032)
	at org.testng.remote.AbstractRemoteTestNG.run(AbstractRemoteTestNG.java:115)
	at org.testng.remote.RemoteTestNG.initAndRun(RemoteTestNG.java:251)
	at org.testng.remote.RemoteTestNG.main(RemoteTestNG.java:77)
</stack-trace>
            </failure>
            <steps>
                <step start="1589060902567" stop="1589060902567" status="passed">
                    <name>logStep[Verifyied Feed:0 Pub Ad Call plat Custm_Parameter Expected value presented]</name>
                    <title>Verifyied Feed:0 Pub Ad Call plat Custm_Parameter Expected value presented</title>
                </step>
                <step start="1589060902674" stop="1589060902674" status="passed">
                    <name>logStep[Verifyied Feed:0 Pub Ad Call plat Custm_Parameter Expected value presented]</name>
                    <title>Verifyied Feed:0 Pub Ad Call plat Custm_Parameter Expected value presented</title>
                </step>
                <step start="1589060902786" stop="1589060902786" status="passed">
                    <name>logStep[Verifyied Feed:0 Pub Ad Call plat Custm_Parameter Expected value presented]</name>
                    <title>Verifyied Feed:0 Pub Ad Call plat Custm_Parameter Expected value presented</title>
                </step>
                <step start="1589060902896" stop="1589060902896" status="passed">
                    <name>logStep[Verifyied Feed:0 Pub Ad Call plat Custm_Parameter Expected value presented]</name>
                    <title>Verifyied Feed:0 Pub Ad Call plat Custm_Parameter Expected value presented</title>
                </step>
                <step start="1589060903007" stop="1589060903007" status="passed">
                    <name>logStep[Verifyied Feed:0 Pub Ad Call plat Custm_Parameter Expected value presented]</name>
                    <title>Verifyied Feed:0 Pub Ad Call plat Custm_Parameter Expected value presented</title>
                </step>
                <step start="1589060903124" stop="1589060903124" status="passed">
                    <name>logStep[Verifyied Feed:0 Pub Ad Call plat Custm_Parameter Expected value presented]</name>
                    <title>Verifyied Feed:0 Pub Ad Call plat Custm_Parameter Expected value presented</title>
                </step>
                <step start="1589060903248" stop="1589060903248" status="passed">
                    <name>logStep[Verifyied Feed:0 Pub Ad Call plat Custm_Parameter Expected value presented]</name>
                    <title>Verifyied Feed:0 Pub Ad Call plat Custm_Parameter Expected value presented</title>
                </step>
                <step start="1589060903361" stop="1589060903361" status="passed">
                    <name>logStep[Verifyied Feed:0 Pub Ad Call plat Custm_Parameter Expected value presented]</name>
                    <title>Verifyied Feed:0 Pub Ad Call plat Custm_Parameter Expected value presented</title>
                </step>
                <step start="1589060903479" stop="1589060903479" status="passed">
                    <name>logStep[Verifyied Feed:0 Pub Ad Call plat Custm_Parameter Expected value presented]</name>
                    <title>Verifyied Feed:0 Pub Ad Call plat Custm_Parameter Expected value presented</title>
                </step>
                <step start="1589060903597" stop="1589060903597" status="passed">
                    <name>logStep[Verifyied Feed:0 Pub Ad Call plat Custm_Parameter Expected value presented]</name>
                    <title>Verifyied Feed:0 Pub Ad Call plat Custm_Parameter Expected value presented</title>
                </step>
                <step start="1589060903719" stop="1589060903719" status="passed">
                    <name>logStep[Verifyied Feed:0 Pub Ad Call plat Custm_Parameter Expected value presented]</name>
                    <title>Verifyied Feed:0 Pub Ad Call plat Custm_Parameter Expected value presented</title>
                </step>
                <step start="1589060903830" stop="1589060903830" status="passed">
                    <name>logStep[Verifyied Feed:0 Pub Ad Call plat Custm_Parameter Expected value presented]</name>
                    <title>Verifyied Feed:0 Pub Ad Call plat Custm_Parameter Expected value presented</title>
                </step>
                <step start="1589060903941" stop="1589060903941" status="passed">
                    <name>logStep[Verifyied Feed:0 Pub Ad Call plat Custm_Parameter Expected value presented]</name>
                    <title>Verifyied Feed:0 Pub Ad Call plat Custm_Parameter Expected value presented</title>
                </step>
                <step start="1589060904052" stop="1589060904052" status="passed">
                    <name>logStep[Verifyied Feed:0 Pub Ad Call plat Custm_Parameter Expected value presented]</name>
                    <title>Verifyied Feed:0 Pub Ad Call plat Custm_Parameter Expected value presented</title>
                </step>
                <step start="1589060904163" stop="1589060904163" status="passed">
                    <name>logStep[Verifyied Feed:0 Pub Ad Call plat Custm_Parameter Expected value presented]</name>
                    <title>Verifyied Feed:0 Pub Ad Call plat Custm_Parameter Expected value presented</title>
                </step>
                <step start="1589060904428" stop="1589060904428" status="passed">
                    <name>logStep[Verifyied Feed:1 Pub Ad Call plat Custm_Parameter Expected value presented]</name>
                    <title>Verifyied Feed:1 Pub Ad Call plat Custm_Parameter Expected value presented</title>
                </step>
                <step start="1589060904587" stop="1589060904588" status="passed">
                    <name>logStep[Verifyied Feed:1 Pub Ad Call plat Custm_Parameter Expected value presented]</name>
                    <title>Verifyied Feed:1 Pub Ad Call plat Custm_Parameter Expected value presented</title>
                </step>
                <step start="1589060904697" stop="1589060904697" status="passed">
                    <name>logStep[Verifyied Feed:1 Pub Ad Call plat Custm_Parameter Expected value presented]</name>
                    <title>Verifyied Feed:1 Pub Ad Call plat Custm_Parameter Expected value presented</title>
                </step>
                <step start="1589060904811" stop="1589060904811" status="passed">
                    <name>logStep[Verifyied Feed:1 Pub Ad Call plat Custm_Parameter Expected value presented]</name>
                    <title>Verifyied Feed:1 Pub Ad Call plat Custm_Parameter Expected value presented</title>
                </step>
                <step start="1589060904922" stop="1589060904922" status="passed">
                    <name>logStep[Verifyied Feed:1 Pub Ad Call plat Custm_Parameter Expected value presented]</name>
                    <title>Verifyied Feed:1 Pub Ad Call plat Custm_Parameter Expected value presented</title>
                </step>
                <step start="1589060905032" stop="1589060905032" status="passed">
                    <name>logStep[Verifyied Feed:1 Pub Ad Call plat Custm_Parameter Expected value presented]</name>
                    <title>Verifyied Feed:1 Pub Ad Call plat Custm_Parameter Expected value presented</title>
                </step>
                <step start="1589060905140" stop="1589060905140" status="passed">
                    <name>logStep[Verifyied Feed:1 Pub Ad Call plat Custm_Parameter Expected value presented]</name>
                    <title>Verifyied Feed:1 Pub Ad Call plat Custm_Parameter Expected value presented</title>
                </step>
                <step start="1589060905246" stop="1589060905246" status="passed">
                    <name>logStep[Verifyied Feed:1 Pub Ad Call plat Custm_Parameter Expected value presented]</name>
                    <title>Verifyied Feed:1 Pub Ad Call plat Custm_Parameter Expected value presented</title>
                </step>
                <step start="1589060905354" stop="1589060905354" status="passed">
                    <name>logStep[Verifyied Feed:1 Pub Ad Call plat Custm_Parameter Expected value presented]</name>
                    <title>Verifyied Feed:1 Pub Ad Call plat Custm_Parameter Expected value presented</title>
                </step>
                <step start="1589060905457" stop="1589060905457" status="passed">
                    <name>logStep[Verifyied Feed:1 Pub Ad Call plat Custm_Parameter Expected value presented]</name>
                    <title>Verifyied Feed:1 Pub Ad Call plat Custm_Parameter Expected value presented</title>
                </step>
                <step start="1589060905561" stop="1589060905561" status="passed">
                    <name>logStep[Verifyied Feed:1 Pub Ad Call plat Custm_Parameter Expected value presented]</name>
                    <title>Verifyied Feed:1 Pub Ad Call plat Custm_Parameter Expected value presented</title>
                </step>
                <step start="1589060905671" stop="1589060905671" status="passed">
                    <name>logStep[Verifyied Feed:1 Pub Ad Call plat Custm_Parameter Expected value presented]</name>
                    <title>Verifyied Feed:1 Pub Ad Call plat Custm_Parameter Expected value presented</title>
                </step>
                <step start="1589060905784" stop="1589060905784" status="passed">
                    <name>logStep[Verifyied Feed:1 Pub Ad Call plat Custm_Parameter Expected value presented]</name>
                    <title>Verifyied Feed:1 Pub Ad Call plat Custm_Parameter Expected value presented</title>
                </step>
                <step start="1589060906012" stop="1589060906012" status="passed">
                    <name>logStep[Verifyied Feed:2 Pub Ad Call plat Custm_Parameter Expected value presented]</name>
                    <title>Verifyied Feed:2 Pub Ad Call plat Custm_Parameter Expected value presented</title>
                </step>
                <step start="1589060906125" stop="1589060906125" status="passed">
                    <name>logStep[Verifyied Feed:2 Pub Ad Call plat Custm_Parameter Expected value presented]</name>
                    <title>Verifyied Feed:2 Pub Ad Call plat Custm_Parameter Expected value presented</title>
                </step>
                <step start="1589060906240" stop="1589060906240" status="passed">
                    <name>logStep[Verifyied Feed:2 Pub Ad Call plat Custm_Parameter Expected value presented]</name>
                    <title>Verifyied Feed:2 Pub Ad Call plat Custm_Parameter Expected value presented</title>
                </step>
            </steps>
            <attachments/>
            <labels>
                <label name="testSuite" value="Default suite"/>
                <label name="testGroup" value="Default test"/>
                <label name="testClass" value="twc.Regression.TestCases.regressionTestCases"/>
                <label name="testMethod" value="C658712_Verify_cust_param_plat"/>
                <label name="host" value="Aswinikumars-MacBook-Pro.local"/>
                <label name="thread" value="2435@Aswinikumars-MacBook-Pro.local.main(1)"/>
            </labels>
        </test-case>
        <test-case start="1589060906472" stop="1589060910428" status="broken">
            <name>C333213_Verify_cust_param_adid</name>
            <title>Verify custom parameter adid</title>
            <failure>
                <message>ArrayIndexOutOfBoundsException: 1</message>
                <stack-trace>java.lang.ArrayIndexOutOfBoundsException: 1
	at twc.Regression.TestCases.Custom_Parameters_Verification.parameters_Verification(Custom_Parameters_Verification.java:149)
	at twc.Regression.TestCases.regressionTestCases.C333213_Verify_cust_param_adid(regressionTestCases.java:45)
	at sun.reflect.NativeMethodAccessorImpl.invoke0(Native Method)
	at sun.reflect.NativeMethodAccessorImpl.invoke(NativeMethodAccessorImpl.java:62)
	at sun.reflect.DelegatingMethodAccessorImpl.invoke(DelegatingMethodAccessorImpl.java:43)
	at java.lang.reflect.Method.invoke(Method.java:498)
	at org.testng.internal.MethodInvocationHelper.invokeMethod(MethodInvocationHelper.java:85)
	at org.testng.internal.Invoker.invokeMethod(Invoker.java:659)
	at org.testng.internal.Invoker.invokeTestMethod(Invoker.java:845)
	at org.testng.internal.Invoker.invokeTestMethods(Invoker.java:1153)
	at org.testng.internal.TestMethodWorker.invokeTestMethods(TestMethodWorker.java:125)
	at org.testng.internal.TestMethodWorker.run(TestMethodWorker.java:108)
	at org.testng.TestRunner.privateRun(TestRunner.java:771)
	at org.testng.TestRunner.run(TestRunner.java:621)
	at org.testng.SuiteRunner.runTest(SuiteRunner.java:357)
	at org.testng.SuiteRunner.runSequentially(SuiteRunner.java:352)
	at org.testng.SuiteRunner.privateRun(SuiteRunner.java:310)
	at org.testng.SuiteRunner.run(SuiteRunner.java:259)
	at org.testng.SuiteRunnerWorker.runSuite(SuiteRunnerWorker.java:52)
	at org.testng.SuiteRunnerWorker.run(SuiteRunnerWorker.java:86)
	at org.testng.TestNG.runSuitesSequentially(TestNG.java:1199)
	at org.testng.TestNG.runSuitesLocally(TestNG.java:1124)
	at org.testng.TestNG.run(TestNG.java:1032)
	at org.testng.remote.AbstractRemoteTestNG.run(AbstractRemoteTestNG.java:115)
	at org.testng.remote.RemoteTestNG.initAndRun(RemoteTestNG.java:251)
	at org.testng.remote.RemoteTestNG.main(RemoteTestNG.java:77)
</stack-trace>
            </failure>
            <steps>
                <step start="1589060906770" stop="1589060906770" status="passed">
                    <name>logStep[Verifyied Feed:0 Pub Ad Call adid Custm_Parameter Expected value presented]</name>
                    <title>Verifyied Feed:0 Pub Ad Call adid Custm_Parameter Expected value presented</title>
                </step>
                <step start="1589060906874" stop="1589060906874" status="passed">
                    <name>logStep[Verifyied Feed:0 Pub Ad Call adid Custm_Parameter Expected value presented]</name>
                    <title>Verifyied Feed:0 Pub Ad Call adid Custm_Parameter Expected value presented</title>
                </step>
                <step start="1589060906982" stop="1589060906982" status="passed">
                    <name>logStep[Verifyied Feed:0 Pub Ad Call adid Custm_Parameter Expected value presented]</name>
                    <title>Verifyied Feed:0 Pub Ad Call adid Custm_Parameter Expected value presented</title>
                </step>
                <step start="1589060907097" stop="1589060907097" status="passed">
                    <name>logStep[Verifyied Feed:0 Pub Ad Call adid Custm_Parameter Expected value presented]</name>
                    <title>Verifyied Feed:0 Pub Ad Call adid Custm_Parameter Expected value presented</title>
                </step>
                <step start="1589060907205" stop="1589060907205" status="passed">
                    <name>logStep[Verifyied Feed:0 Pub Ad Call adid Custm_Parameter Expected value presented]</name>
                    <title>Verifyied Feed:0 Pub Ad Call adid Custm_Parameter Expected value presented</title>
                </step>
                <step start="1589060907308" stop="1589060907308" status="passed">
                    <name>logStep[Verifyied Feed:0 Pub Ad Call adid Custm_Parameter Expected value presented]</name>
                    <title>Verifyied Feed:0 Pub Ad Call adid Custm_Parameter Expected value presented</title>
                </step>
                <step start="1589060907409" stop="1589060907409" status="passed">
                    <name>logStep[Verifyied Feed:0 Pub Ad Call adid Custm_Parameter Expected value presented]</name>
                    <title>Verifyied Feed:0 Pub Ad Call adid Custm_Parameter Expected value presented</title>
                </step>
                <step start="1589060907517" stop="1589060907517" status="passed">
                    <name>logStep[Verifyied Feed:0 Pub Ad Call adid Custm_Parameter Expected value presented]</name>
                    <title>Verifyied Feed:0 Pub Ad Call adid Custm_Parameter Expected value presented</title>
                </step>
                <step start="1589060907626" stop="1589060907626" status="passed">
                    <name>logStep[Verifyied Feed:0 Pub Ad Call adid Custm_Parameter Expected value presented]</name>
                    <title>Verifyied Feed:0 Pub Ad Call adid Custm_Parameter Expected value presented</title>
                </step>
                <step start="1589060907739" stop="1589060907739" status="passed">
                    <name>logStep[Verifyied Feed:0 Pub Ad Call adid Custm_Parameter Expected value presented]</name>
                    <title>Verifyied Feed:0 Pub Ad Call adid Custm_Parameter Expected value presented</title>
                </step>
                <step start="1589060907844" stop="1589060907844" status="passed">
                    <name>logStep[Verifyied Feed:0 Pub Ad Call adid Custm_Parameter Expected value presented]</name>
                    <title>Verifyied Feed:0 Pub Ad Call adid Custm_Parameter Expected value presented</title>
                </step>
                <step start="1589060907947" stop="1589060907947" status="passed">
                    <name>logStep[Verifyied Feed:0 Pub Ad Call adid Custm_Parameter Expected value presented]</name>
                    <title>Verifyied Feed:0 Pub Ad Call adid Custm_Parameter Expected value presented</title>
                </step>
                <step start="1589060908052" stop="1589060908052" status="passed">
                    <name>logStep[Verifyied Feed:0 Pub Ad Call adid Custm_Parameter Expected value presented]</name>
                    <title>Verifyied Feed:0 Pub Ad Call adid Custm_Parameter Expected value presented</title>
                </step>
                <step start="1589060908166" stop="1589060908166" status="passed">
                    <name>logStep[Verifyied Feed:0 Pub Ad Call adid Custm_Parameter Expected value presented]</name>
                    <title>Verifyied Feed:0 Pub Ad Call adid Custm_Parameter Expected value presented</title>
                </step>
                <step start="1589060908272" stop="1589060908272" status="passed">
                    <name>logStep[Verifyied Feed:0 Pub Ad Call adid Custm_Parameter Expected value presented]</name>
                    <title>Verifyied Feed:0 Pub Ad Call adid Custm_Parameter Expected value presented</title>
                </step>
                <step start="1589060908499" stop="1589060908499" status="passed">
                    <name>logStep[Verifyied Feed:1 Pub Ad Call adid Custm_Parameter Expected value presented]</name>
                    <title>Verifyied Feed:1 Pub Ad Call adid Custm_Parameter Expected value presented</title>
                </step>
                <step start="1589060908595" stop="1589060908595" status="passed">
                    <name>logStep[Verifyied Feed:1 Pub Ad Call adid Custm_Parameter Expected value presented]</name>
                    <title>Verifyied Feed:1 Pub Ad Call adid Custm_Parameter Expected value presented</title>
                </step>
                <step start="1589060908708" stop="1589060908708" status="passed">
                    <name>logStep[Verifyied Feed:1 Pub Ad Call adid Custm_Parameter Expected value presented]</name>
                    <title>Verifyied Feed:1 Pub Ad Call adid Custm_Parameter Expected value presented</title>
                </step>
                <step start="1589060908813" stop="1589060908813" status="passed">
                    <name>logStep[Verifyied Feed:1 Pub Ad Call adid Custm_Parameter Expected value presented]</name>
                    <title>Verifyied Feed:1 Pub Ad Call adid Custm_Parameter Expected value presented</title>
                </step>
                <step start="1589060908914" stop="1589060908914" status="passed">
                    <name>logStep[Verifyied Feed:1 Pub Ad Call adid Custm_Parameter Expected value presented]</name>
                    <title>Verifyied Feed:1 Pub Ad Call adid Custm_Parameter Expected value presented</title>
                </step>
                <step start="1589060909019" stop="1589060909019" status="passed">
                    <name>logStep[Verifyied Feed:1 Pub Ad Call adid Custm_Parameter Expected value presented]</name>
                    <title>Verifyied Feed:1 Pub Ad Call adid Custm_Parameter Expected value presented</title>
                </step>
                <step start="1589060909128" stop="1589060909128" status="passed">
                    <name>logStep[Verifyied Feed:1 Pub Ad Call adid Custm_Parameter Expected value presented]</name>
                    <title>Verifyied Feed:1 Pub Ad Call adid Custm_Parameter Expected value presented</title>
                </step>
                <step start="1589060909233" stop="1589060909233" status="passed">
                    <name>logStep[Verifyied Feed:1 Pub Ad Call adid Custm_Parameter Expected value presented]</name>
                    <title>Verifyied Feed:1 Pub Ad Call adid Custm_Parameter Expected value presented</title>
                </step>
                <step start="1589060909341" stop="1589060909341" status="passed">
                    <name>logStep[Verifyied Feed:1 Pub Ad Call adid Custm_Parameter Expected value presented]</name>
                    <title>Verifyied Feed:1 Pub Ad Call adid Custm_Parameter Expected value presented</title>
                </step>
                <step start="1589060909448" stop="1589060909448" status="passed">
                    <name>logStep[Verifyied Feed:1 Pub Ad Call adid Custm_Parameter Expected value presented]</name>
                    <title>Verifyied Feed:1 Pub Ad Call adid Custm_Parameter Expected value presented</title>
                </step>
                <step start="1589060909555" stop="1589060909555" status="passed">
                    <name>logStep[Verifyied Feed:1 Pub Ad Call adid Custm_Parameter Expected value presented]</name>
                    <title>Verifyied Feed:1 Pub Ad Call adid Custm_Parameter Expected value presented</title>
                </step>
                <step start="1589060909654" stop="1589060909654" status="passed">
                    <name>logStep[Verifyied Feed:1 Pub Ad Call adid Custm_Parameter Expected value presented]</name>
                    <title>Verifyied Feed:1 Pub Ad Call adid Custm_Parameter Expected value presented</title>
                </step>
                <step start="1589060909758" stop="1589060909758" status="passed">
                    <name>logStep[Verifyied Feed:1 Pub Ad Call adid Custm_Parameter Expected value presented]</name>
                    <title>Verifyied Feed:1 Pub Ad Call adid Custm_Parameter Expected value presented</title>
                </step>
                <step start="1589060909984" stop="1589060909984" status="passed">
                    <name>logStep[Verifyied Feed:2 Pub Ad Call adid Custm_Parameter Expected value presented]</name>
                    <title>Verifyied Feed:2 Pub Ad Call adid Custm_Parameter Expected value presented</title>
                </step>
                <step start="1589060910093" stop="1589060910093" status="passed">
                    <name>logStep[Verifyied Feed:2 Pub Ad Call adid Custm_Parameter Expected value presented]</name>
                    <title>Verifyied Feed:2 Pub Ad Call adid Custm_Parameter Expected value presented</title>
                </step>
                <step start="1589060910202" stop="1589060910202" status="passed">
                    <name>logStep[Verifyied Feed:2 Pub Ad Call adid Custm_Parameter Expected value presented]</name>
                    <title>Verifyied Feed:2 Pub Ad Call adid Custm_Parameter Expected value presented</title>
                </step>
            </steps>
            <attachments/>
            <labels>
                <label name="testSuite" value="Default suite"/>
                <label name="testGroup" value="Default test"/>
                <label name="testClass" value="twc.Regression.TestCases.regressionTestCases"/>
                <label name="testMethod" value="C333213_Verify_cust_param_adid"/>
                <label name="host" value="Aswinikumars-MacBook-Pro.local"/>
                <label name="thread" value="2435@Aswinikumars-MacBook-Pro.local.main(1)"/>
            </labels>
        </test-case>
        <test-case start="1589060906472" stop="1589060910428" status="broken">
            <name>C333213_Verify_cust_param_adid</name>
            <title>Verify custom parameter adid</title>
            <failure>
                <message>ArrayIndexOutOfBoundsException: 1</message>
                <stack-trace>java.lang.ArrayIndexOutOfBoundsException: 1
	at twc.Regression.TestCases.Custom_Parameters_Verification.parameters_Verification(Custom_Parameters_Verification.java:149)
	at twc.Regression.TestCases.regressionTestCases.C333213_Verify_cust_param_adid(regressionTestCases.java:45)
	at sun.reflect.NativeMethodAccessorImpl.invoke0(Native Method)
	at sun.reflect.NativeMethodAccessorImpl.invoke(NativeMethodAccessorImpl.java:62)
	at sun.reflect.DelegatingMethodAccessorImpl.invoke(DelegatingMethodAccessorImpl.java:43)
	at java.lang.reflect.Method.invoke(Method.java:498)
	at org.testng.internal.MethodInvocationHelper.invokeMethod(MethodInvocationHelper.java:85)
	at org.testng.internal.Invoker.invokeMethod(Invoker.java:659)
	at org.testng.internal.Invoker.invokeTestMethod(Invoker.java:845)
	at org.testng.internal.Invoker.invokeTestMethods(Invoker.java:1153)
	at org.testng.internal.TestMethodWorker.invokeTestMethods(TestMethodWorker.java:125)
	at org.testng.internal.TestMethodWorker.run(TestMethodWorker.java:108)
	at org.testng.TestRunner.privateRun(TestRunner.java:771)
	at org.testng.TestRunner.run(TestRunner.java:621)
	at org.testng.SuiteRunner.runTest(SuiteRunner.java:357)
	at org.testng.SuiteRunner.runSequentially(SuiteRunner.java:352)
	at org.testng.SuiteRunner.privateRun(SuiteRunner.java:310)
	at org.testng.SuiteRunner.run(SuiteRunner.java:259)
	at org.testng.SuiteRunnerWorker.runSuite(SuiteRunnerWorker.java:52)
	at org.testng.SuiteRunnerWorker.run(SuiteRunnerWorker.java:86)
	at org.testng.TestNG.runSuitesSequentially(TestNG.java:1199)
	at org.testng.TestNG.runSuitesLocally(TestNG.java:1124)
	at org.testng.TestNG.run(TestNG.java:1032)
	at org.testng.remote.AbstractRemoteTestNG.run(AbstractRemoteTestNG.java:115)
	at org.testng.remote.RemoteTestNG.initAndRun(RemoteTestNG.java:251)
	at org.testng.remote.RemoteTestNG.main(RemoteTestNG.java:77)
</stack-trace>
            </failure>
            <steps>
                <step start="1589060906770" stop="1589060906770" status="passed">
                    <name>logStep[Verifyied Feed:0 Pub Ad Call adid Custm_Parameter Expected value presented]</name>
                    <title>Verifyied Feed:0 Pub Ad Call adid Custm_Parameter Expected value presented</title>
                </step>
                <step start="1589060906874" stop="1589060906874" status="passed">
                    <name>logStep[Verifyied Feed:0 Pub Ad Call adid Custm_Parameter Expected value presented]</name>
                    <title>Verifyied Feed:0 Pub Ad Call adid Custm_Parameter Expected value presented</title>
                </step>
                <step start="1589060906982" stop="1589060906982" status="passed">
                    <name>logStep[Verifyied Feed:0 Pub Ad Call adid Custm_Parameter Expected value presented]</name>
                    <title>Verifyied Feed:0 Pub Ad Call adid Custm_Parameter Expected value presented</title>
                </step>
                <step start="1589060907097" stop="1589060907097" status="passed">
                    <name>logStep[Verifyied Feed:0 Pub Ad Call adid Custm_Parameter Expected value presented]</name>
                    <title>Verifyied Feed:0 Pub Ad Call adid Custm_Parameter Expected value presented</title>
                </step>
                <step start="1589060907205" stop="1589060907205" status="passed">
                    <name>logStep[Verifyied Feed:0 Pub Ad Call adid Custm_Parameter Expected value presented]</name>
                    <title>Verifyied Feed:0 Pub Ad Call adid Custm_Parameter Expected value presented</title>
                </step>
                <step start="1589060907308" stop="1589060907308" status="passed">
                    <name>logStep[Verifyied Feed:0 Pub Ad Call adid Custm_Parameter Expected value presented]</name>
                    <title>Verifyied Feed:0 Pub Ad Call adid Custm_Parameter Expected value presented</title>
                </step>
                <step start="1589060907409" stop="1589060907409" status="passed">
                    <name>logStep[Verifyied Feed:0 Pub Ad Call adid Custm_Parameter Expected value presented]</name>
                    <title>Verifyied Feed:0 Pub Ad Call adid Custm_Parameter Expected value presented</title>
                </step>
                <step start="1589060907517" stop="1589060907517" status="passed">
                    <name>logStep[Verifyied Feed:0 Pub Ad Call adid Custm_Parameter Expected value presented]</name>
                    <title>Verifyied Feed:0 Pub Ad Call adid Custm_Parameter Expected value presented</title>
                </step>
                <step start="1589060907626" stop="1589060907626" status="passed">
                    <name>logStep[Verifyied Feed:0 Pub Ad Call adid Custm_Parameter Expected value presented]</name>
                    <title>Verifyied Feed:0 Pub Ad Call adid Custm_Parameter Expected value presented</title>
                </step>
                <step start="1589060907739" stop="1589060907739" status="passed">
                    <name>logStep[Verifyied Feed:0 Pub Ad Call adid Custm_Parameter Expected value presented]</name>
                    <title>Verifyied Feed:0 Pub Ad Call adid Custm_Parameter Expected value presented</title>
                </step>
                <step start="1589060907844" stop="1589060907844" status="passed">
                    <name>logStep[Verifyied Feed:0 Pub Ad Call adid Custm_Parameter Expected value presented]</name>
                    <title>Verifyied Feed:0 Pub Ad Call adid Custm_Parameter Expected value presented</title>
                </step>
                <step start="1589060907947" stop="1589060907947" status="passed">
                    <name>logStep[Verifyied Feed:0 Pub Ad Call adid Custm_Parameter Expected value presented]</name>
                    <title>Verifyied Feed:0 Pub Ad Call adid Custm_Parameter Expected value presented</title>
                </step>
                <step start="1589060908052" stop="1589060908052" status="passed">
                    <name>logStep[Verifyied Feed:0 Pub Ad Call adid Custm_Parameter Expected value presented]</name>
                    <title>Verifyied Feed:0 Pub Ad Call adid Custm_Parameter Expected value presented</title>
                </step>
                <step start="1589060908166" stop="1589060908166" status="passed">
                    <name>logStep[Verifyied Feed:0 Pub Ad Call adid Custm_Parameter Expected value presented]</name>
                    <title>Verifyied Feed:0 Pub Ad Call adid Custm_Parameter Expected value presented</title>
                </step>
                <step start="1589060908272" stop="1589060908272" status="passed">
                    <name>logStep[Verifyied Feed:0 Pub Ad Call adid Custm_Parameter Expected value presented]</name>
                    <title>Verifyied Feed:0 Pub Ad Call adid Custm_Parameter Expected value presented</title>
                </step>
                <step start="1589060908499" stop="1589060908499" status="passed">
                    <name>logStep[Verifyied Feed:1 Pub Ad Call adid Custm_Parameter Expected value presented]</name>
                    <title>Verifyied Feed:1 Pub Ad Call adid Custm_Parameter Expected value presented</title>
                </step>
                <step start="1589060908595" stop="1589060908595" status="passed">
                    <name>logStep[Verifyied Feed:1 Pub Ad Call adid Custm_Parameter Expected value presented]</name>
                    <title>Verifyied Feed:1 Pub Ad Call adid Custm_Parameter Expected value presented</title>
                </step>
                <step start="1589060908708" stop="1589060908708" status="passed">
                    <name>logStep[Verifyied Feed:1 Pub Ad Call adid Custm_Parameter Expected value presented]</name>
                    <title>Verifyied Feed:1 Pub Ad Call adid Custm_Parameter Expected value presented</title>
                </step>
                <step start="1589060908813" stop="1589060908813" status="passed">
                    <name>logStep[Verifyied Feed:1 Pub Ad Call adid Custm_Parameter Expected value presented]</name>
                    <title>Verifyied Feed:1 Pub Ad Call adid Custm_Parameter Expected value presented</title>
                </step>
                <step start="1589060908914" stop="1589060908914" status="passed">
                    <name>logStep[Verifyied Feed:1 Pub Ad Call adid Custm_Parameter Expected value presented]</name>
                    <title>Verifyied Feed:1 Pub Ad Call adid Custm_Parameter Expected value presented</title>
                </step>
                <step start="1589060909019" stop="1589060909019" status="passed">
                    <name>logStep[Verifyied Feed:1 Pub Ad Call adid Custm_Parameter Expected value presented]</name>
                    <title>Verifyied Feed:1 Pub Ad Call adid Custm_Parameter Expected value presented</title>
                </step>
                <step start="1589060909128" stop="1589060909128" status="passed">
                    <name>logStep[Verifyied Feed:1 Pub Ad Call adid Custm_Parameter Expected value presented]</name>
                    <title>Verifyied Feed:1 Pub Ad Call adid Custm_Parameter Expected value presented</title>
                </step>
                <step start="1589060909233" stop="1589060909233" status="passed">
                    <name>logStep[Verifyied Feed:1 Pub Ad Call adid Custm_Parameter Expected value presented]</name>
                    <title>Verifyied Feed:1 Pub Ad Call adid Custm_Parameter Expected value presented</title>
                </step>
                <step start="1589060909341" stop="1589060909341" status="passed">
                    <name>logStep[Verifyied Feed:1 Pub Ad Call adid Custm_Parameter Expected value presented]</name>
                    <title>Verifyied Feed:1 Pub Ad Call adid Custm_Parameter Expected value presented</title>
                </step>
                <step start="1589060909448" stop="1589060909448" status="passed">
                    <name>logStep[Verifyied Feed:1 Pub Ad Call adid Custm_Parameter Expected value presented]</name>
                    <title>Verifyied Feed:1 Pub Ad Call adid Custm_Parameter Expected value presented</title>
                </step>
                <step start="1589060909555" stop="1589060909555" status="passed">
                    <name>logStep[Verifyied Feed:1 Pub Ad Call adid Custm_Parameter Expected value presented]</name>
                    <title>Verifyied Feed:1 Pub Ad Call adid Custm_Parameter Expected value presented</title>
                </step>
                <step start="1589060909654" stop="1589060909654" status="passed">
                    <name>logStep[Verifyied Feed:1 Pub Ad Call adid Custm_Parameter Expected value presented]</name>
                    <title>Verifyied Feed:1 Pub Ad Call adid Custm_Parameter Expected value presented</title>
                </step>
                <step start="1589060909758" stop="1589060909758" status="passed">
                    <name>logStep[Verifyied Feed:1 Pub Ad Call adid Custm_Parameter Expected value presented]</name>
                    <title>Verifyied Feed:1 Pub Ad Call adid Custm_Parameter Expected value presented</title>
                </step>
                <step start="1589060909984" stop="1589060909984" status="passed">
                    <name>logStep[Verifyied Feed:2 Pub Ad Call adid Custm_Parameter Expected value presented]</name>
                    <title>Verifyied Feed:2 Pub Ad Call adid Custm_Parameter Expected value presented</title>
                </step>
                <step start="1589060910093" stop="1589060910093" status="passed">
                    <name>logStep[Verifyied Feed:2 Pub Ad Call adid Custm_Parameter Expected value presented]</name>
                    <title>Verifyied Feed:2 Pub Ad Call adid Custm_Parameter Expected value presented</title>
                </step>
                <step start="1589060910202" stop="1589060910202" status="passed">
                    <name>logStep[Verifyied Feed:2 Pub Ad Call adid Custm_Parameter Expected value presented]</name>
                    <title>Verifyied Feed:2 Pub Ad Call adid Custm_Parameter Expected value presented</title>
                </step>
            </steps>
            <attachments/>
            <labels>
                <label name="testSuite" value="Default suite"/>
                <label name="testGroup" value="Default test"/>
                <label name="testClass" value="twc.Regression.TestCases.regressionTestCases"/>
                <label name="testMethod" value="C333213_Verify_cust_param_adid"/>
                <label name="host" value="Aswinikumars-MacBook-Pro.local"/>
                <label name="thread" value="2435@Aswinikumars-MacBook-Pro.local.main(1)"/>
            </labels>
        </test-case>
    </test-cases>
    <labels>
        <label name="framework" value="TestNG"/>
        <label name="language" value="JAVA"/>
    </labels>
</ns2:test-suite>
