<?xml version="1.0" encoding="UTF-8" standalone="yes"?>
<ns2:test-suite start="1589210081988" stop="1589210648221" version="1.5.4" xmlns:ns2="urn:model.allure.qatools.yandex.ru">
    <name>Default suite : Default test</name>
    <title>Default suite : Default test</title>
    <test-cases>
        <test-case start="1589210538729" stop="1589210570454" status="failed">
            <name>C333216_Verify_cust_param_cnd</name>
            <title>Verify custom parameter cnd</title>
            <failure>
                <message>AssertionError: cnd Value not matched</message>
                <stack-trace>java.lang.AssertionError: cnd Value not matched
	at org.testng.Assert.fail(Assert.java:94)
	at twc.Regression.TestCases.Custom_Parameters_Verification.parameters_Verification(Custom_Parameters_Verification.java:191)
	at twc.Regression.TestCases.regressionTestCases.C333216_Verify_cust_param_cnd(regressionTestCases.java:28)
	at sun.reflect.NativeMethodAccessorImpl.invoke0(Native Method)
	at sun.reflect.NativeMethodAccessorImpl.invoke(NativeMethodAccessorImpl.java:62)
	at sun.reflect.DelegatingMethodAccessorImpl.invoke(DelegatingMethodAccessorImpl.java:43)
	at java.lang.reflect.Method.invoke(Method.java:498)
	at org.testng.internal.MethodInvocationHelper.invokeMethod(MethodInvocationHelper.java:85)
	at org.testng.internal.Invoker.invokeMethod(Invoker.java:659)
	at org.testng.internal.Invoker.invokeTestMethod(Invoker.java:845)
	at org.testng.internal.Invoker.invokeTestMethods(Invoker.java:1153)
	at org.testng.internal.TestMethodWorker.invokeTestMethods(TestMethodWorker.java:125)
	at org.testng.internal.TestMethodWorker.run(TestMethodWorker.java:108)
	at org.testng.TestRunner.privateRun(TestRunner.java:771)
	at org.testng.TestRunner.run(TestRunner.java:621)
	at org.testng.SuiteRunner.runTest(SuiteRunner.java:357)
	at org.testng.SuiteRunner.runSequentially(SuiteRunner.java:352)
	at org.testng.SuiteRunner.privateRun(SuiteRunner.java:310)
	at org.testng.SuiteRunner.run(SuiteRunner.java:259)
	at org.testng.SuiteRunnerWorker.runSuite(SuiteRunnerWorker.java:52)
	at org.testng.SuiteRunnerWorker.run(SuiteRunnerWorker.java:86)
	at org.testng.TestNG.runSuitesSequentially(TestNG.java:1199)
	at org.testng.TestNG.runSuitesLocally(TestNG.java:1124)
	at org.testng.TestNG.run(TestNG.java:1032)
	at org.testng.remote.AbstractRemoteTestNG.run(AbstractRemoteTestNG.java:115)
	at org.testng.remote.RemoteTestNG.initAndRun(RemoteTestNG.java:251)
	at org.testng.remote.RemoteTestNG.main(RemoteTestNG.java:77)
</stack-trace>
            </failure>
            <steps>
                <step start="1589210271025" stop="1589210271026" status="passed">
                    <name>logStep[clicking video element]</name>
                    <title>clicking video element</title>
                </step>
                <step start="1589210542435" stop="1589210542435" status="passed">
                    <name>logStep[Verifyied Feed:iu=%2F7646%2Fapp_android_us%2Fdb_display%2Fhome_screen%2Fhourly Pub Ad Call cnd Custm_Parameter E...]</name>
                    <title>Verifyied Feed:iu=%2F7646%2Fapp_android_us%2Fdb_display%2Fhome_screen%2Fhourly Pub Ad Call cnd Custm_Parameter Expected ...</title>
                </step>
                <step start="1589210546034" stop="1589210546034" status="passed">
                    <name>logStep[Verifyied Feed:iu=%2F7646%2Fapp_android_us%2Fdb_display%2Fhome_screen%2Fmarquee Pub Ad Call cnd Custm_Parameter ...]</name>
                    <title>Verifyied Feed:iu=%2F7646%2Fapp_android_us%2Fdb_display%2Fhome_screen%2Fmarquee Pub Ad Call cnd Custm_Parameter Expected...</title>
                </step>
                <step start="1589210549784" stop="1589210549784" status="passed">
                    <name>logStep[Verifyied Feed:iu=%2F7646%2Fapp_android_us%2Fdb_display%2Fcard%2Fradar Pub Ad Call cnd Custm_Parameter Expected ...]</name>
                    <title>Verifyied Feed:iu=%2F7646%2Fapp_android_us%2Fdb_display%2Fcard%2Fradar Pub Ad Call cnd Custm_Parameter Expected value pr...</title>
                </step>
                <step start="1589210553612" stop="1589210553612" status="passed">
                    <name>logStep[Verifyied Feed:iu=%2F7646%2Fapp_android_us%2Fdb_display%2Fcard%2Flifestyle Pub Ad Call cnd Custm_Parameter Expec...]</name>
                    <title>Verifyied Feed:iu=%2F7646%2Fapp_android_us%2Fdb_display%2Fcard%2Flifestyle Pub Ad Call cnd Custm_Parameter Expected valu...</title>
                </step>
                <step start="1589210558556" stop="1589210558556" status="passed">
                    <name>logStep[Verifyied Feed:iu=%2F7646%2Fapp_android_us%2Fdb_display%2Fcard%2Fseason Pub Ad Call cnd Custm_Parameter Expected...]</name>
                    <title>Verifyied Feed:iu=%2F7646%2Fapp_android_us%2Fdb_display%2Fcard%2Fseason Pub Ad Call cnd Custm_Parameter Expected value p...</title>
                </step>
                <step start="1589210561272" stop="1589210561272" status="passed">
                    <name>logStep[Verifyied Feed:iu=%2F7646%2Fapp_android_us%2Fdb_display%2Fcard%2Faq Pub Ad Call cnd Custm_Parameter Expected val...]</name>
                    <title>Verifyied Feed:iu=%2F7646%2Fapp_android_us%2Fdb_display%2Fcard%2Faq Pub Ad Call cnd Custm_Parameter Expected value prese...</title>
                </step>
                <step start="1589210563383" stop="1589210563383" status="passed">
                    <name>logStep[Verifyied Feed:iu=%2F7646%2Fapp_android_us%2Fdb_display%2Fdetails%2Fmaps Pub Ad Call cnd Custm_Parameter Expecte...]</name>
                    <title>Verifyied Feed:iu=%2F7646%2Fapp_android_us%2Fdb_display%2Fdetails%2Fmaps Pub Ad Call cnd Custm_Parameter Expected value ...</title>
                </step>
                <step start="1589210565636" stop="1589210565636" status="passed">
                    <name>logStep[Verifyied Feed:iu=%2F7646%2Fapp_android_us%2Fdb_display%2Fdetails%2Ftoday Pub Ad Call cnd Custm_Parameter Expect...]</name>
                    <title>Verifyied Feed:iu=%2F7646%2Fapp_android_us%2Fdb_display%2Fdetails%2Ftoday Pub Ad Call cnd Custm_Parameter Expected value...</title>
                </step>
                <step start="1589210568134" stop="1589210568134" status="passed">
                    <name>logStep[Verifyied Feed:iu=%2F7646%2Fapp_android_us%2Fdb_display%2Fdetails%2F10day Pub Ad Call cnd Custm_Parameter Expect...]</name>
                    <title>Verifyied Feed:iu=%2F7646%2Fapp_android_us%2Fdb_display%2Fdetails%2F10day Pub Ad Call cnd Custm_Parameter Expected value...</title>
                </step>
                <step start="1589210570445" stop="1589210570445" status="passed">
                    <name>logStep[cnd should not be empty]</name>
                    <title>cnd should not be empty</title>
                </step>
                <step start="1589210570445" stop="1589210570445" status="passed">
                    <name>logStep[cnd can be nl]</name>
                    <title>cnd can be nl</title>
                </step>
            </steps>
            <attachments/>
            <labels>
                <label name="testSuite" value="Default suite"/>
                <label name="testGroup" value="Default test"/>
                <label name="testClass" value="twc.Regression.TestCases.regressionTestCases"/>
                <label name="testMethod" value="C333216_Verify_cust_param_cnd"/>
                <label name="host" value="Aswinikumars-MacBook-Pro.local"/>
                <label name="thread" value="8369@Aswinikumars-MacBook-Pro.local.main(1)"/>
            </labels>
        </test-case>
        <test-case start="1589210538729" stop="1589210570454" status="failed">
            <name>C333216_Verify_cust_param_cnd</name>
            <title>Verify custom parameter cnd</title>
            <failure>
                <message>AssertionError: cnd Value not matched</message>
                <stack-trace>java.lang.AssertionError: cnd Value not matched
	at org.testng.Assert.fail(Assert.java:94)
	at twc.Regression.TestCases.Custom_Parameters_Verification.parameters_Verification(Custom_Parameters_Verification.java:191)
	at twc.Regression.TestCases.regressionTestCases.C333216_Verify_cust_param_cnd(regressionTestCases.java:28)
	at sun.reflect.NativeMethodAccessorImpl.invoke0(Native Method)
	at sun.reflect.NativeMethodAccessorImpl.invoke(NativeMethodAccessorImpl.java:62)
	at sun.reflect.DelegatingMethodAccessorImpl.invoke(DelegatingMethodAccessorImpl.java:43)
	at java.lang.reflect.Method.invoke(Method.java:498)
	at org.testng.internal.MethodInvocationHelper.invokeMethod(MethodInvocationHelper.java:85)
	at org.testng.internal.Invoker.invokeMethod(Invoker.java:659)
	at org.testng.internal.Invoker.invokeTestMethod(Invoker.java:845)
	at org.testng.internal.Invoker.invokeTestMethods(Invoker.java:1153)
	at org.testng.internal.TestMethodWorker.invokeTestMethods(TestMethodWorker.java:125)
	at org.testng.internal.TestMethodWorker.run(TestMethodWorker.java:108)
	at org.testng.TestRunner.privateRun(TestRunner.java:771)
	at org.testng.TestRunner.run(TestRunner.java:621)
	at org.testng.SuiteRunner.runTest(SuiteRunner.java:357)
	at org.testng.SuiteRunner.runSequentially(SuiteRunner.java:352)
	at org.testng.SuiteRunner.privateRun(SuiteRunner.java:310)
	at org.testng.SuiteRunner.run(SuiteRunner.java:259)
	at org.testng.SuiteRunnerWorker.runSuite(SuiteRunnerWorker.java:52)
	at org.testng.SuiteRunnerWorker.run(SuiteRunnerWorker.java:86)
	at org.testng.TestNG.runSuitesSequentially(TestNG.java:1199)
	at org.testng.TestNG.runSuitesLocally(TestNG.java:1124)
	at org.testng.TestNG.run(TestNG.java:1032)
	at org.testng.remote.AbstractRemoteTestNG.run(AbstractRemoteTestNG.java:115)
	at org.testng.remote.RemoteTestNG.initAndRun(RemoteTestNG.java:251)
	at org.testng.remote.RemoteTestNG.main(RemoteTestNG.java:77)
</stack-trace>
            </failure>
            <steps>
                <step start="1589210271025" stop="1589210271026" status="passed">
                    <name>logStep[clicking video element]</name>
                    <title>clicking video element</title>
                </step>
                <step start="1589210542435" stop="1589210542435" status="passed">
                    <name>logStep[Verifyied Feed:iu=%2F7646%2Fapp_android_us%2Fdb_display%2Fhome_screen%2Fhourly Pub Ad Call cnd Custm_Parameter E...]</name>
                    <title>Verifyied Feed:iu=%2F7646%2Fapp_android_us%2Fdb_display%2Fhome_screen%2Fhourly Pub Ad Call cnd Custm_Parameter Expected ...</title>
                </step>
                <step start="1589210546034" stop="1589210546034" status="passed">
                    <name>logStep[Verifyied Feed:iu=%2F7646%2Fapp_android_us%2Fdb_display%2Fhome_screen%2Fmarquee Pub Ad Call cnd Custm_Parameter ...]</name>
                    <title>Verifyied Feed:iu=%2F7646%2Fapp_android_us%2Fdb_display%2Fhome_screen%2Fmarquee Pub Ad Call cnd Custm_Parameter Expected...</title>
                </step>
                <step start="1589210549784" stop="1589210549784" status="passed">
                    <name>logStep[Verifyied Feed:iu=%2F7646%2Fapp_android_us%2Fdb_display%2Fcard%2Fradar Pub Ad Call cnd Custm_Parameter Expected ...]</name>
                    <title>Verifyied Feed:iu=%2F7646%2Fapp_android_us%2Fdb_display%2Fcard%2Fradar Pub Ad Call cnd Custm_Parameter Expected value pr...</title>
                </step>
                <step start="1589210553612" stop="1589210553612" status="passed">
                    <name>logStep[Verifyied Feed:iu=%2F7646%2Fapp_android_us%2Fdb_display%2Fcard%2Flifestyle Pub Ad Call cnd Custm_Parameter Expec...]</name>
                    <title>Verifyied Feed:iu=%2F7646%2Fapp_android_us%2Fdb_display%2Fcard%2Flifestyle Pub Ad Call cnd Custm_Parameter Expected valu...</title>
                </step>
                <step start="1589210558556" stop="1589210558556" status="passed">
                    <name>logStep[Verifyied Feed:iu=%2F7646%2Fapp_android_us%2Fdb_display%2Fcard%2Fseason Pub Ad Call cnd Custm_Parameter Expected...]</name>
                    <title>Verifyied Feed:iu=%2F7646%2Fapp_android_us%2Fdb_display%2Fcard%2Fseason Pub Ad Call cnd Custm_Parameter Expected value p...</title>
                </step>
                <step start="1589210561272" stop="1589210561272" status="passed">
                    <name>logStep[Verifyied Feed:iu=%2F7646%2Fapp_android_us%2Fdb_display%2Fcard%2Faq Pub Ad Call cnd Custm_Parameter Expected val...]</name>
                    <title>Verifyied Feed:iu=%2F7646%2Fapp_android_us%2Fdb_display%2Fcard%2Faq Pub Ad Call cnd Custm_Parameter Expected value prese...</title>
                </step>
                <step start="1589210563383" stop="1589210563383" status="passed">
                    <name>logStep[Verifyied Feed:iu=%2F7646%2Fapp_android_us%2Fdb_display%2Fdetails%2Fmaps Pub Ad Call cnd Custm_Parameter Expecte...]</name>
                    <title>Verifyied Feed:iu=%2F7646%2Fapp_android_us%2Fdb_display%2Fdetails%2Fmaps Pub Ad Call cnd Custm_Parameter Expected value ...</title>
                </step>
                <step start="1589210565636" stop="1589210565636" status="passed">
                    <name>logStep[Verifyied Feed:iu=%2F7646%2Fapp_android_us%2Fdb_display%2Fdetails%2Ftoday Pub Ad Call cnd Custm_Parameter Expect...]</name>
                    <title>Verifyied Feed:iu=%2F7646%2Fapp_android_us%2Fdb_display%2Fdetails%2Ftoday Pub Ad Call cnd Custm_Parameter Expected value...</title>
                </step>
                <step start="1589210568134" stop="1589210568134" status="passed">
                    <name>logStep[Verifyied Feed:iu=%2F7646%2Fapp_android_us%2Fdb_display%2Fdetails%2F10day Pub Ad Call cnd Custm_Parameter Expect...]</name>
                    <title>Verifyied Feed:iu=%2F7646%2Fapp_android_us%2Fdb_display%2Fdetails%2F10day Pub Ad Call cnd Custm_Parameter Expected value...</title>
                </step>
                <step start="1589210570445" stop="1589210570445" status="passed">
                    <name>logStep[cnd should not be empty]</name>
                    <title>cnd should not be empty</title>
                </step>
                <step start="1589210570445" stop="1589210570445" status="passed">
                    <name>logStep[cnd can be nl]</name>
                    <title>cnd can be nl</title>
                </step>
            </steps>
            <attachments/>
            <labels>
                <label name="testSuite" value="Default suite"/>
                <label name="testGroup" value="Default test"/>
                <label name="testClass" value="twc.Regression.TestCases.regressionTestCases"/>
                <label name="testMethod" value="C333216_Verify_cust_param_cnd"/>
                <label name="host" value="Aswinikumars-MacBook-Pro.local"/>
                <label name="thread" value="8369@Aswinikumars-MacBook-Pro.local.main(1)"/>
            </labels>
        </test-case>
        <test-case start="1589210570459" stop="1589210597198" status="passed">
            <name>C333202_Verify_cust_param_zip</name>
            <title>Verify custom parameter zip</title>
            <steps>
                <step start="1589210572840" stop="1589210572840" status="passed">
                    <name>logStep[Verifyied Feed:0 Pub Ad Call zip Custm_Parameter Expected value presented]</name>
                    <title>Verifyied Feed:0 Pub Ad Call zip Custm_Parameter Expected value presented</title>
                    <attachments/>
                    <steps/>
                </step>
                <step start="1589210576011" stop="1589210576011" status="passed">
                    <name>logStep[Verifyied Feed:1 Pub Ad Call zip Custm_Parameter Expected value presented]</name>
                    <title>Verifyied Feed:1 Pub Ad Call zip Custm_Parameter Expected value presented</title>
                    <attachments/>
                    <steps/>
                </step>
                <step start="1589210579311" stop="1589210579311" status="passed">
                    <name>logStep[Verifyied Feed:2 Pub Ad Call zip Custm_Parameter Expected value presented]</name>
                    <title>Verifyied Feed:2 Pub Ad Call zip Custm_Parameter Expected value presented</title>
                    <attachments/>
                    <steps/>
                </step>
                <step start="1589210583111" stop="1589210583111" status="passed">
                    <name>logStep[Verifyied Feed:3 Pub Ad Call zip Custm_Parameter Expected value presented]</name>
                    <title>Verifyied Feed:3 Pub Ad Call zip Custm_Parameter Expected value presented</title>
                    <attachments/>
                    <steps/>
                </step>
                <step start="1589210587507" stop="1589210587507" status="passed">
                    <name>logStep[Verifyied Feed:4 Pub Ad Call zip Custm_Parameter Expected value presented]</name>
                    <title>Verifyied Feed:4 Pub Ad Call zip Custm_Parameter Expected value presented</title>
                    <attachments/>
                    <steps/>
                </step>
                <step start="1589210589587" stop="1589210589587" status="passed">
                    <name>logStep[Verifyied Feed:5 Pub Ad Call zip Custm_Parameter Expected value presented]</name>
                    <title>Verifyied Feed:5 Pub Ad Call zip Custm_Parameter Expected value presented</title>
                    <attachments/>
                    <steps/>
                </step>
                <step start="1589210591215" stop="1589210591215" status="passed">
                    <name>logStep[Verifyied Feed:0 Pub Ad Call zip Custm_Parameter Expected value presented]</name>
                    <title>Verifyied Feed:0 Pub Ad Call zip Custm_Parameter Expected value presented</title>
                    <attachments/>
                    <steps/>
                </step>
                <step start="1589210592840" stop="1589210592840" status="passed">
                    <name>logStep[Verifyied Feed:1 Pub Ad Call zip Custm_Parameter Expected value presented]</name>
                    <title>Verifyied Feed:1 Pub Ad Call zip Custm_Parameter Expected value presented</title>
                    <attachments/>
                    <steps/>
                </step>
                <step start="1589210595064" stop="1589210595064" status="passed">
                    <name>logStep[Verifyied Feed:3 Pub Ad Call zip Custm_Parameter Expected value presented]</name>
                    <title>Verifyied Feed:3 Pub Ad Call zip Custm_Parameter Expected value presented</title>
                    <attachments/>
                    <steps/>
                </step>
            </steps>
            <attachments/>
            <labels>
                <label name="testSuite" value="Default suite"/>
                <label name="testGroup" value="Default test"/>
                <label name="testClass" value="twc.Regression.TestCases.regressionTestCases"/>
                <label name="testMethod" value="C333202_Verify_cust_param_zip"/>
                <label name="host" value="Aswinikumars-MacBook-Pro.local"/>
                <label name="thread" value="8369@Aswinikumars-MacBook-Pro.local.main(1)"/>
            </labels>
        </test-case>
        <test-case start="1589210570459" stop="1589210597198" status="passed">
            <name>C333202_Verify_cust_param_zip</name>
            <title>Verify custom parameter zip</title>
            <steps>
                <step start="1589210572840" stop="1589210572840" status="passed">
                    <name>logStep[Verifyied Feed:0 Pub Ad Call zip Custm_Parameter Expected value presented]</name>
                    <title>Verifyied Feed:0 Pub Ad Call zip Custm_Parameter Expected value presented</title>
                    <attachments/>
                    <steps/>
                </step>
                <step start="1589210576011" stop="1589210576011" status="passed">
                    <name>logStep[Verifyied Feed:1 Pub Ad Call zip Custm_Parameter Expected value presented]</name>
                    <title>Verifyied Feed:1 Pub Ad Call zip Custm_Parameter Expected value presented</title>
                    <attachments/>
                    <steps/>
                </step>
                <step start="1589210579311" stop="1589210579311" status="passed">
                    <name>logStep[Verifyied Feed:2 Pub Ad Call zip Custm_Parameter Expected value presented]</name>
                    <title>Verifyied Feed:2 Pub Ad Call zip Custm_Parameter Expected value presented</title>
                    <attachments/>
                    <steps/>
                </step>
                <step start="1589210583111" stop="1589210583111" status="passed">
                    <name>logStep[Verifyied Feed:3 Pub Ad Call zip Custm_Parameter Expected value presented]</name>
                    <title>Verifyied Feed:3 Pub Ad Call zip Custm_Parameter Expected value presented</title>
                    <attachments/>
                    <steps/>
                </step>
                <step start="1589210587507" stop="1589210587507" status="passed">
                    <name>logStep[Verifyied Feed:4 Pub Ad Call zip Custm_Parameter Expected value presented]</name>
                    <title>Verifyied Feed:4 Pub Ad Call zip Custm_Parameter Expected value presented</title>
                    <attachments/>
                    <steps/>
                </step>
                <step start="1589210589587" stop="1589210589587" status="passed">
                    <name>logStep[Verifyied Feed:5 Pub Ad Call zip Custm_Parameter Expected value presented]</name>
                    <title>Verifyied Feed:5 Pub Ad Call zip Custm_Parameter Expected value presented</title>
                    <attachments/>
                    <steps/>
                </step>
                <step start="1589210591215" stop="1589210591215" status="passed">
                    <name>logStep[Verifyied Feed:0 Pub Ad Call zip Custm_Parameter Expected value presented]</name>
                    <title>Verifyied Feed:0 Pub Ad Call zip Custm_Parameter Expected value presented</title>
                    <attachments/>
                    <steps/>
                </step>
                <step start="1589210592840" stop="1589210592840" status="passed">
                    <name>logStep[Verifyied Feed:1 Pub Ad Call zip Custm_Parameter Expected value presented]</name>
                    <title>Verifyied Feed:1 Pub Ad Call zip Custm_Parameter Expected value presented</title>
                    <attachments/>
                    <steps/>
                </step>
                <step start="1589210595064" stop="1589210595064" status="passed">
                    <name>logStep[Verifyied Feed:3 Pub Ad Call zip Custm_Parameter Expected value presented]</name>
                    <title>Verifyied Feed:3 Pub Ad Call zip Custm_Parameter Expected value presented</title>
                    <attachments/>
                    <steps/>
                </step>
            </steps>
            <attachments/>
            <labels>
                <label name="testSuite" value="Default suite"/>
                <label name="testGroup" value="Default test"/>
                <label name="testClass" value="twc.Regression.TestCases.regressionTestCases"/>
                <label name="testMethod" value="C333202_Verify_cust_param_zip"/>
                <label name="host" value="Aswinikumars-MacBook-Pro.local"/>
                <label name="thread" value="8369@Aswinikumars-MacBook-Pro.local.main(1)"/>
            </labels>
        </test-case>
        <test-case start="1589210597203" stop="1589210622398" status="passed">
            <name>C658712_Verify_cust_param_plat</name>
            <title>Verify custom parameter plat</title>
            <steps>
                <step start="1589210599346" stop="1589210599346" status="passed">
                    <name>logStep[Verifyied Feed:0 Pub Ad Call plat Custm_Parameter Expected value presented]</name>
                    <title>Verifyied Feed:0 Pub Ad Call plat Custm_Parameter Expected value presented</title>
                    <attachments/>
                    <steps/>
                </step>
                <step start="1589210602346" stop="1589210602346" status="passed">
                    <name>logStep[Verifyied Feed:1 Pub Ad Call plat Custm_Parameter Expected value presented]</name>
                    <title>Verifyied Feed:1 Pub Ad Call plat Custm_Parameter Expected value presented</title>
                    <attachments/>
                    <steps/>
                </step>
                <step start="1589210605406" stop="1589210605406" status="passed">
                    <name>logStep[Verifyied Feed:2 Pub Ad Call plat Custm_Parameter Expected value presented]</name>
                    <title>Verifyied Feed:2 Pub Ad Call plat Custm_Parameter Expected value presented</title>
                    <attachments/>
                    <steps/>
                </step>
                <step start="1589210609043" stop="1589210609043" status="passed">
                    <name>logStep[Verifyied Feed:3 Pub Ad Call plat Custm_Parameter Expected value presented]</name>
                    <title>Verifyied Feed:3 Pub Ad Call plat Custm_Parameter Expected value presented</title>
                    <attachments/>
                    <steps/>
                </step>
                <step start="1589210612949" stop="1589210612949" status="passed">
                    <name>logStep[Verifyied Feed:4 Pub Ad Call plat Custm_Parameter Expected value presented]</name>
                    <title>Verifyied Feed:4 Pub Ad Call plat Custm_Parameter Expected value presented</title>
                    <attachments/>
                    <steps/>
                </step>
                <step start="1589210615076" stop="1589210615076" status="passed">
                    <name>logStep[Verifyied Feed:5 Pub Ad Call plat Custm_Parameter Expected value presented]</name>
                    <title>Verifyied Feed:5 Pub Ad Call plat Custm_Parameter Expected value presented</title>
                    <attachments/>
                    <steps/>
                </step>
                <step start="1589210616657" stop="1589210616657" status="passed">
                    <name>logStep[Verifyied Feed:0 Pub Ad Call plat Custm_Parameter Expected value presented]</name>
                    <title>Verifyied Feed:0 Pub Ad Call plat Custm_Parameter Expected value presented</title>
                    <attachments/>
                    <steps/>
                </step>
                <step start="1589210618226" stop="1589210618226" status="passed">
                    <name>logStep[Verifyied Feed:1 Pub Ad Call plat Custm_Parameter Expected value presented]</name>
                    <title>Verifyied Feed:1 Pub Ad Call plat Custm_Parameter Expected value presented</title>
                    <attachments/>
                    <steps/>
                </step>
                <step start="1589210620469" stop="1589210620469" status="passed">
                    <name>logStep[Verifyied Feed:3 Pub Ad Call plat Custm_Parameter Expected value presented]</name>
                    <title>Verifyied Feed:3 Pub Ad Call plat Custm_Parameter Expected value presented</title>
                    <attachments/>
                    <steps/>
                </step>
            </steps>
            <attachments/>
            <labels>
                <label name="testSuite" value="Default suite"/>
                <label name="testGroup" value="Default test"/>
                <label name="testClass" value="twc.Regression.TestCases.regressionTestCases"/>
                <label name="testMethod" value="C658712_Verify_cust_param_plat"/>
                <label name="host" value="Aswinikumars-MacBook-Pro.local"/>
                <label name="thread" value="8369@Aswinikumars-MacBook-Pro.local.main(1)"/>
            </labels>
        </test-case>
        <test-case start="1589210597203" stop="1589210622398" status="passed">
            <name>C658712_Verify_cust_param_plat</name>
            <title>Verify custom parameter plat</title>
            <steps>
                <step start="1589210599346" stop="1589210599346" status="passed">
                    <name>logStep[Verifyied Feed:0 Pub Ad Call plat Custm_Parameter Expected value presented]</name>
                    <title>Verifyied Feed:0 Pub Ad Call plat Custm_Parameter Expected value presented</title>
                    <attachments/>
                    <steps/>
                </step>
                <step start="1589210602346" stop="1589210602346" status="passed">
                    <name>logStep[Verifyied Feed:1 Pub Ad Call plat Custm_Parameter Expected value presented]</name>
                    <title>Verifyied Feed:1 Pub Ad Call plat Custm_Parameter Expected value presented</title>
                    <attachments/>
                    <steps/>
                </step>
                <step start="1589210605406" stop="1589210605406" status="passed">
                    <name>logStep[Verifyied Feed:2 Pub Ad Call plat Custm_Parameter Expected value presented]</name>
                    <title>Verifyied Feed:2 Pub Ad Call plat Custm_Parameter Expected value presented</title>
                    <attachments/>
                    <steps/>
                </step>
                <step start="1589210609043" stop="1589210609043" status="passed">
                    <name>logStep[Verifyied Feed:3 Pub Ad Call plat Custm_Parameter Expected value presented]</name>
                    <title>Verifyied Feed:3 Pub Ad Call plat Custm_Parameter Expected value presented</title>
                    <attachments/>
                    <steps/>
                </step>
                <step start="1589210612949" stop="1589210612949" status="passed">
                    <name>logStep[Verifyied Feed:4 Pub Ad Call plat Custm_Parameter Expected value presented]</name>
                    <title>Verifyied Feed:4 Pub Ad Call plat Custm_Parameter Expected value presented</title>
                    <attachments/>
                    <steps/>
                </step>
                <step start="1589210615076" stop="1589210615076" status="passed">
                    <name>logStep[Verifyied Feed:5 Pub Ad Call plat Custm_Parameter Expected value presented]</name>
                    <title>Verifyied Feed:5 Pub Ad Call plat Custm_Parameter Expected value presented</title>
                    <attachments/>
                    <steps/>
                </step>
                <step start="1589210616657" stop="1589210616657" status="passed">
                    <name>logStep[Verifyied Feed:0 Pub Ad Call plat Custm_Parameter Expected value presented]</name>
                    <title>Verifyied Feed:0 Pub Ad Call plat Custm_Parameter Expected value presented</title>
                    <attachments/>
                    <steps/>
                </step>
                <step start="1589210618226" stop="1589210618226" status="passed">
                    <name>logStep[Verifyied Feed:1 Pub Ad Call plat Custm_Parameter Expected value presented]</name>
                    <title>Verifyied Feed:1 Pub Ad Call plat Custm_Parameter Expected value presented</title>
                    <attachments/>
                    <steps/>
                </step>
                <step start="1589210620469" stop="1589210620469" status="passed">
                    <name>logStep[Verifyied Feed:3 Pub Ad Call plat Custm_Parameter Expected value presented]</name>
                    <title>Verifyied Feed:3 Pub Ad Call plat Custm_Parameter Expected value presented</title>
                    <attachments/>
                    <steps/>
                </step>
            </steps>
            <attachments/>
            <labels>
                <label name="testSuite" value="Default suite"/>
                <label name="testGroup" value="Default test"/>
                <label name="testClass" value="twc.Regression.TestCases.regressionTestCases"/>
                <label name="testMethod" value="C658712_Verify_cust_param_plat"/>
                <label name="host" value="Aswinikumars-MacBook-Pro.local"/>
                <label name="thread" value="8369@Aswinikumars-MacBook-Pro.local.main(1)"/>
            </labels>
        </test-case>
        <test-case start="1589210622401" stop="1589210648201" status="passed">
            <name>C333213_Verify_cust_param_adid</name>
            <title>Verify custom parameter adid</title>
            <steps>
                <step start="1589210624532" stop="1589210624532" status="passed">
                    <name>logStep[Verifyied Feed:0 Pub Ad Call adid Custm_Parameter Expected value presented]</name>
                    <title>Verifyied Feed:0 Pub Ad Call adid Custm_Parameter Expected value presented</title>
                    <attachments/>
                    <steps/>
                </step>
                <step start="1589210627497" stop="1589210627497" status="passed">
                    <name>logStep[Verifyied Feed:1 Pub Ad Call adid Custm_Parameter Expected value presented]</name>
                    <title>Verifyied Feed:1 Pub Ad Call adid Custm_Parameter Expected value presented</title>
                    <attachments/>
                    <steps/>
                </step>
                <step start="1589210630523" stop="1589210630524" status="passed">
                    <name>logStep[Verifyied Feed:2 Pub Ad Call adid Custm_Parameter Expected value presented]</name>
                    <title>Verifyied Feed:2 Pub Ad Call adid Custm_Parameter Expected value presented</title>
                    <attachments/>
                    <steps/>
                </step>
                <step start="1589210634236" stop="1589210634236" status="passed">
                    <name>logStep[Verifyied Feed:3 Pub Ad Call adid Custm_Parameter Expected value presented]</name>
                    <title>Verifyied Feed:3 Pub Ad Call adid Custm_Parameter Expected value presented</title>
                    <attachments/>
                    <steps/>
                </step>
                <step start="1589210638661" stop="1589210638661" status="passed">
                    <name>logStep[Verifyied Feed:4 Pub Ad Call adid Custm_Parameter Expected value presented]</name>
                    <title>Verifyied Feed:4 Pub Ad Call adid Custm_Parameter Expected value presented</title>
                    <attachments/>
                    <steps/>
                </step>
                <step start="1589210640663" stop="1589210640663" status="passed">
                    <name>logStep[Verifyied Feed:5 Pub Ad Call adid Custm_Parameter Expected value presented]</name>
                    <title>Verifyied Feed:5 Pub Ad Call adid Custm_Parameter Expected value presented</title>
                    <attachments/>
                    <steps/>
                </step>
                <step start="1589210642385" stop="1589210642385" status="passed">
                    <name>logStep[Verifyied Feed:0 Pub Ad Call adid Custm_Parameter Expected value presented]</name>
                    <title>Verifyied Feed:0 Pub Ad Call adid Custm_Parameter Expected value presented</title>
                    <attachments/>
                    <steps/>
                </step>
                <step start="1589210643972" stop="1589210643972" status="passed">
                    <name>logStep[Verifyied Feed:1 Pub Ad Call adid Custm_Parameter Expected value presented]</name>
                    <title>Verifyied Feed:1 Pub Ad Call adid Custm_Parameter Expected value presented</title>
                    <attachments/>
                    <steps/>
                </step>
                <step start="1589210646297" stop="1589210646297" status="passed">
                    <name>logStep[Verifyied Feed:3 Pub Ad Call adid Custm_Parameter Expected value presented]</name>
                    <title>Verifyied Feed:3 Pub Ad Call adid Custm_Parameter Expected value presented</title>
                    <attachments/>
                    <steps/>
                </step>
            </steps>
            <attachments/>
            <labels>
                <label name="testSuite" value="Default suite"/>
                <label name="testGroup" value="Default test"/>
                <label name="testClass" value="twc.Regression.TestCases.regressionTestCases"/>
                <label name="testMethod" value="C333213_Verify_cust_param_adid"/>
                <label name="host" value="Aswinikumars-MacBook-Pro.local"/>
                <label name="thread" value="8369@Aswinikumars-MacBook-Pro.local.main(1)"/>
            </labels>
        </test-case>
        <test-case start="1589210622401" stop="1589210648201" status="passed">
            <name>C333213_Verify_cust_param_adid</name>
            <title>Verify custom parameter adid</title>
            <steps>
                <step start="1589210624532" stop="1589210624532" status="passed">
                    <name>logStep[Verifyied Feed:0 Pub Ad Call adid Custm_Parameter Expected value presented]</name>
                    <title>Verifyied Feed:0 Pub Ad Call adid Custm_Parameter Expected value presented</title>
                    <attachments/>
                    <steps/>
                </step>
                <step start="1589210627497" stop="1589210627497" status="passed">
                    <name>logStep[Verifyied Feed:1 Pub Ad Call adid Custm_Parameter Expected value presented]</name>
                    <title>Verifyied Feed:1 Pub Ad Call adid Custm_Parameter Expected value presented</title>
                    <attachments/>
                    <steps/>
                </step>
                <step start="1589210630523" stop="1589210630524" status="passed">
                    <name>logStep[Verifyied Feed:2 Pub Ad Call adid Custm_Parameter Expected value presented]</name>
                    <title>Verifyied Feed:2 Pub Ad Call adid Custm_Parameter Expected value presented</title>
                    <attachments/>
                    <steps/>
                </step>
                <step start="1589210634236" stop="1589210634236" status="passed">
                    <name>logStep[Verifyied Feed:3 Pub Ad Call adid Custm_Parameter Expected value presented]</name>
                    <title>Verifyied Feed:3 Pub Ad Call adid Custm_Parameter Expected value presented</title>
                    <attachments/>
                    <steps/>
                </step>
                <step start="1589210638661" stop="1589210638661" status="passed">
                    <name>logStep[Verifyied Feed:4 Pub Ad Call adid Custm_Parameter Expected value presented]</name>
                    <title>Verifyied Feed:4 Pub Ad Call adid Custm_Parameter Expected value presented</title>
                    <attachments/>
                    <steps/>
                </step>
                <step start="1589210640663" stop="1589210640663" status="passed">
                    <name>logStep[Verifyied Feed:5 Pub Ad Call adid Custm_Parameter Expected value presented]</name>
                    <title>Verifyied Feed:5 Pub Ad Call adid Custm_Parameter Expected value presented</title>
                    <attachments/>
                    <steps/>
                </step>
                <step start="1589210642385" stop="1589210642385" status="passed">
                    <name>logStep[Verifyied Feed:0 Pub Ad Call adid Custm_Parameter Expected value presented]</name>
                    <title>Verifyied Feed:0 Pub Ad Call adid Custm_Parameter Expected value presented</title>
                    <attachments/>
                    <steps/>
                </step>
                <step start="1589210643972" stop="1589210643972" status="passed">
                    <name>logStep[Verifyied Feed:1 Pub Ad Call adid Custm_Parameter Expected value presented]</name>
                    <title>Verifyied Feed:1 Pub Ad Call adid Custm_Parameter Expected value presented</title>
                    <attachments/>
                    <steps/>
                </step>
                <step start="1589210646297" stop="1589210646297" status="passed">
                    <name>logStep[Verifyied Feed:3 Pub Ad Call adid Custm_Parameter Expected value presented]</name>
                    <title>Verifyied Feed:3 Pub Ad Call adid Custm_Parameter Expected value presented</title>
                    <attachments/>
                    <steps/>
                </step>
            </steps>
            <attachments/>
            <labels>
                <label name="testSuite" value="Default suite"/>
                <label name="testGroup" value="Default test"/>
                <label name="testClass" value="twc.Regression.TestCases.regressionTestCases"/>
                <label name="testMethod" value="C333213_Verify_cust_param_adid"/>
                <label name="host" value="Aswinikumars-MacBook-Pro.local"/>
                <label name="thread" value="8369@Aswinikumars-MacBook-Pro.local.main(1)"/>
            </labels>
        </test-case>
    </test-cases>
    <labels>
        <label name="framework" value="TestNG"/>
        <label name="language" value="JAVA"/>
    </labels>
</ns2:test-suite>
