<?xml version="1.0" encoding="UTF-8" standalone="yes"?>
<ns2:test-suite start="1589051111397" stop="1589051118959" version="1.5.4" xmlns:ns2="urn:model.allure.qatools.yandex.ru">
    <name>Default suite : Default test</name>
    <title>Default suite : Default test</title>
    <test-cases>
        <test-case start="1589051111604" stop="1589051117760" status="passed">
            <name>C333216_Verify_cust_param_cnd</name>
            <title>Verify custom parameter cnd</title>
            <steps>
                <step start="1589051112107" stop="1589051112108" status="passed">
                    <name>logStep[Verifyied Feed:iu=%2F7646%2Fapp_android_us%2Fdb_display%2Fhome_screen%2Fhourly Pub Ad Call cnd Custm_Parameter E...]</name>
                    <title>Verifyied Feed:iu=%2F7646%2Fapp_android_us%2Fdb_display%2Fhome_screen%2Fhourly Pub Ad Call cnd Custm_Parameter Expected ...</title>
                    <attachments/>
                    <steps/>
                </step>
                <step start="1589051112555" stop="1589051112555" status="passed">
                    <name>logStep[Verifyied Feed:iu=%2F7646%2Fapp_android_us%2Fdb_display%2Fhome_screen%2Fmarquee Pub Ad Call cnd Custm_Parameter ...]</name>
                    <title>Verifyied Feed:iu=%2F7646%2Fapp_android_us%2Fdb_display%2Fhome_screen%2Fmarquee Pub Ad Call cnd Custm_Parameter Expected...</title>
                    <attachments/>
                    <steps/>
                </step>
                <step start="1589051113611" stop="1589051113611" status="passed">
                    <name>logStep[Verifyied Feed:iu=%2F7646%2Fapp_android_us%2Fdb_display%2Fcard%2Fradar Pub Ad Call cnd Custm_Parameter Expected ...]</name>
                    <title>Verifyied Feed:iu=%2F7646%2Fapp_android_us%2Fdb_display%2Fcard%2Fradar Pub Ad Call cnd Custm_Parameter Expected value pr...</title>
                    <attachments/>
                    <steps/>
                </step>
                <step start="1589051114543" stop="1589051114543" status="passed">
                    <name>logStep[Verifyied Feed:iu=%2F7646%2Fapp_android_us%2Fdb_display%2Fcard%2Flifestyle Pub Ad Call cnd Custm_Parameter Expec...]</name>
                    <title>Verifyied Feed:iu=%2F7646%2Fapp_android_us%2Fdb_display%2Fcard%2Flifestyle Pub Ad Call cnd Custm_Parameter Expected valu...</title>
                    <attachments/>
                    <steps/>
                </step>
                <step start="1589051114940" stop="1589051114940" status="passed">
                    <name>logStep[Verifyied Feed:iu=%2F7646%2Fapp_android_us%2Fdb_display%2Fcard%2Fseason Pub Ad Call cnd Custm_Parameter Expected...]</name>
                    <title>Verifyied Feed:iu=%2F7646%2Fapp_android_us%2Fdb_display%2Fcard%2Fseason Pub Ad Call cnd Custm_Parameter Expected value p...</title>
                    <attachments/>
                    <steps/>
                </step>
                <step start="1589051115251" stop="1589051115251" status="passed">
                    <name>logStep[Verifyied Feed:iu=%2F7646%2Fapp_android_us%2Fdb_display%2Fcard%2Faq Pub Ad Call cnd Custm_Parameter Expected val...]</name>
                    <title>Verifyied Feed:iu=%2F7646%2Fapp_android_us%2Fdb_display%2Fcard%2Faq Pub Ad Call cnd Custm_Parameter Expected value prese...</title>
                    <attachments/>
                    <steps/>
                </step>
                <step start="1589051116156" stop="1589051116156" status="passed">
                    <name>logStep[Verifyied Feed:iu=%2F7646%2Fapp_android_us%2Fdb_display%2Fdetails%2Fmaps Pub Ad Call cnd Custm_Parameter Expecte...]</name>
                    <title>Verifyied Feed:iu=%2F7646%2Fapp_android_us%2Fdb_display%2Fdetails%2Fmaps Pub Ad Call cnd Custm_Parameter Expected value ...</title>
                    <attachments/>
                    <steps/>
                </step>
                <step start="1589051117007" stop="1589051117007" status="passed">
                    <name>logStep[Verifyied Feed:iu=%2F7646%2Fapp_android_us%2Fdb_display%2Fdetails%2Ftoday Pub Ad Call cnd Custm_Parameter Expect...]</name>
                    <title>Verifyied Feed:iu=%2F7646%2Fapp_android_us%2Fdb_display%2Fdetails%2Ftoday Pub Ad Call cnd Custm_Parameter Expected value...</title>
                    <attachments/>
                    <steps/>
                </step>
                <step start="1589051117305" stop="1589051117305" status="passed">
                    <name>logStep[Verifyied Feed:iu=%2F7646%2Fapp_android_us%2Fdb_display%2Fdetails%2Fhourly Pub Ad Call cnd Custm_Parameter Expec...]</name>
                    <title>Verifyied Feed:iu=%2F7646%2Fapp_android_us%2Fdb_display%2Fdetails%2Fhourly Pub Ad Call cnd Custm_Parameter Expected valu...</title>
                    <attachments/>
                    <steps/>
                </step>
                <step start="1589051117596" stop="1589051117596" status="passed">
                    <name>logStep[Verifyied Feed:iu=%2F7646%2Fapp_android_us%2Fdb_display%2Fdetails%2F10day Pub Ad Call cnd Custm_Parameter Expect...]</name>
                    <title>Verifyied Feed:iu=%2F7646%2Fapp_android_us%2Fdb_display%2Fdetails%2F10day Pub Ad Call cnd Custm_Parameter Expected value...</title>
                    <attachments/>
                    <steps/>
                </step>
            </steps>
            <attachments/>
            <labels>
                <label name="testSuite" value="Default suite"/>
                <label name="testGroup" value="Default test"/>
                <label name="testClass" value="twc.Regression.TestCases.regressionTestCases"/>
                <label name="testMethod" value="C333216_Verify_cust_param_cnd"/>
                <label name="host" value="Aswinikumars-MacBook-Pro.local"/>
                <label name="thread" value="1508@Aswinikumars-MacBook-Pro.local.main(1)"/>
            </labels>
        </test-case>
        <test-case start="1589051111604" stop="1589051117760" status="passed">
            <name>C333216_Verify_cust_param_cnd</name>
            <title>Verify custom parameter cnd</title>
            <steps>
                <step start="1589051112107" stop="1589051112108" status="passed">
                    <name>logStep[Verifyied Feed:iu=%2F7646%2Fapp_android_us%2Fdb_display%2Fhome_screen%2Fhourly Pub Ad Call cnd Custm_Parameter E...]</name>
                    <title>Verifyied Feed:iu=%2F7646%2Fapp_android_us%2Fdb_display%2Fhome_screen%2Fhourly Pub Ad Call cnd Custm_Parameter Expected ...</title>
                    <attachments/>
                    <steps/>
                </step>
                <step start="1589051112555" stop="1589051112555" status="passed">
                    <name>logStep[Verifyied Feed:iu=%2F7646%2Fapp_android_us%2Fdb_display%2Fhome_screen%2Fmarquee Pub Ad Call cnd Custm_Parameter ...]</name>
                    <title>Verifyied Feed:iu=%2F7646%2Fapp_android_us%2Fdb_display%2Fhome_screen%2Fmarquee Pub Ad Call cnd Custm_Parameter Expected...</title>
                    <attachments/>
                    <steps/>
                </step>
                <step start="1589051113611" stop="1589051113611" status="passed">
                    <name>logStep[Verifyied Feed:iu=%2F7646%2Fapp_android_us%2Fdb_display%2Fcard%2Fradar Pub Ad Call cnd Custm_Parameter Expected ...]</name>
                    <title>Verifyied Feed:iu=%2F7646%2Fapp_android_us%2Fdb_display%2Fcard%2Fradar Pub Ad Call cnd Custm_Parameter Expected value pr...</title>
                    <attachments/>
                    <steps/>
                </step>
                <step start="1589051114543" stop="1589051114543" status="passed">
                    <name>logStep[Verifyied Feed:iu=%2F7646%2Fapp_android_us%2Fdb_display%2Fcard%2Flifestyle Pub Ad Call cnd Custm_Parameter Expec...]</name>
                    <title>Verifyied Feed:iu=%2F7646%2Fapp_android_us%2Fdb_display%2Fcard%2Flifestyle Pub Ad Call cnd Custm_Parameter Expected valu...</title>
                    <attachments/>
                    <steps/>
                </step>
                <step start="1589051114940" stop="1589051114940" status="passed">
                    <name>logStep[Verifyied Feed:iu=%2F7646%2Fapp_android_us%2Fdb_display%2Fcard%2Fseason Pub Ad Call cnd Custm_Parameter Expected...]</name>
                    <title>Verifyied Feed:iu=%2F7646%2Fapp_android_us%2Fdb_display%2Fcard%2Fseason Pub Ad Call cnd Custm_Parameter Expected value p...</title>
                    <attachments/>
                    <steps/>
                </step>
                <step start="1589051115251" stop="1589051115251" status="passed">
                    <name>logStep[Verifyied Feed:iu=%2F7646%2Fapp_android_us%2Fdb_display%2Fcard%2Faq Pub Ad Call cnd Custm_Parameter Expected val...]</name>
                    <title>Verifyied Feed:iu=%2F7646%2Fapp_android_us%2Fdb_display%2Fcard%2Faq Pub Ad Call cnd Custm_Parameter Expected value prese...</title>
                    <attachments/>
                    <steps/>
                </step>
                <step start="1589051116156" stop="1589051116156" status="passed">
                    <name>logStep[Verifyied Feed:iu=%2F7646%2Fapp_android_us%2Fdb_display%2Fdetails%2Fmaps Pub Ad Call cnd Custm_Parameter Expecte...]</name>
                    <title>Verifyied Feed:iu=%2F7646%2Fapp_android_us%2Fdb_display%2Fdetails%2Fmaps Pub Ad Call cnd Custm_Parameter Expected value ...</title>
                    <attachments/>
                    <steps/>
                </step>
                <step start="1589051117007" stop="1589051117007" status="passed">
                    <name>logStep[Verifyied Feed:iu=%2F7646%2Fapp_android_us%2Fdb_display%2Fdetails%2Ftoday Pub Ad Call cnd Custm_Parameter Expect...]</name>
                    <title>Verifyied Feed:iu=%2F7646%2Fapp_android_us%2Fdb_display%2Fdetails%2Ftoday Pub Ad Call cnd Custm_Parameter Expected value...</title>
                    <attachments/>
                    <steps/>
                </step>
                <step start="1589051117305" stop="1589051117305" status="passed">
                    <name>logStep[Verifyied Feed:iu=%2F7646%2Fapp_android_us%2Fdb_display%2Fdetails%2Fhourly Pub Ad Call cnd Custm_Parameter Expec...]</name>
                    <title>Verifyied Feed:iu=%2F7646%2Fapp_android_us%2Fdb_display%2Fdetails%2Fhourly Pub Ad Call cnd Custm_Parameter Expected valu...</title>
                    <attachments/>
                    <steps/>
                </step>
                <step start="1589051117596" stop="1589051117596" status="passed">
                    <name>logStep[Verifyied Feed:iu=%2F7646%2Fapp_android_us%2Fdb_display%2Fdetails%2F10day Pub Ad Call cnd Custm_Parameter Expect...]</name>
                    <title>Verifyied Feed:iu=%2F7646%2Fapp_android_us%2Fdb_display%2Fdetails%2F10day Pub Ad Call cnd Custm_Parameter Expected value...</title>
                    <attachments/>
                    <steps/>
                </step>
            </steps>
            <attachments/>
            <labels>
                <label name="testSuite" value="Default suite"/>
                <label name="testGroup" value="Default test"/>
                <label name="testClass" value="twc.Regression.TestCases.regressionTestCases"/>
                <label name="testMethod" value="C333216_Verify_cust_param_cnd"/>
                <label name="host" value="Aswinikumars-MacBook-Pro.local"/>
                <label name="thread" value="1508@Aswinikumars-MacBook-Pro.local.main(1)"/>
            </labels>
        </test-case>
        <test-case start="1589051117766" stop="1589051117953" status="broken">
            <name>C333202_Verify_cust_param_zip</name>
            <title>Verify custom parameter zip</title>
            <failure>
                <message>NullPointerException: null</message>
                <stack-trace>java.lang.NullPointerException
	at twc.Regression.CustomParamValidation.CustomParamFunctions.validate_hard_code_zip_results(CustomParamFunctions.java:889)
	at twc.Regression.TestCases.Custom_Parameters_Verification.parameters_Verification(Custom_Parameters_Verification.java:428)
	at twc.Regression.TestCases.regressionTestCases.C333202_Verify_cust_param_zip(regressionTestCases.java:37)
	at sun.reflect.NativeMethodAccessorImpl.invoke0(Native Method)
	at sun.reflect.NativeMethodAccessorImpl.invoke(NativeMethodAccessorImpl.java:62)
	at sun.reflect.DelegatingMethodAccessorImpl.invoke(DelegatingMethodAccessorImpl.java:43)
	at java.lang.reflect.Method.invoke(Method.java:498)
	at org.testng.internal.MethodInvocationHelper.invokeMethod(MethodInvocationHelper.java:85)
	at org.testng.internal.Invoker.invokeMethod(Invoker.java:659)
	at org.testng.internal.Invoker.invokeTestMethod(Invoker.java:845)
	at org.testng.internal.Invoker.invokeTestMethods(Invoker.java:1153)
	at org.testng.internal.TestMethodWorker.invokeTestMethods(TestMethodWorker.java:125)
	at org.testng.internal.TestMethodWorker.run(TestMethodWorker.java:108)
	at org.testng.TestRunner.privateRun(TestRunner.java:771)
	at org.testng.TestRunner.run(TestRunner.java:621)
	at org.testng.SuiteRunner.runTest(SuiteRunner.java:357)
	at org.testng.SuiteRunner.runSequentially(SuiteRunner.java:352)
	at org.testng.SuiteRunner.privateRun(SuiteRunner.java:310)
	at org.testng.SuiteRunner.run(SuiteRunner.java:259)
	at org.testng.SuiteRunnerWorker.runSuite(SuiteRunnerWorker.java:52)
	at org.testng.SuiteRunnerWorker.run(SuiteRunnerWorker.java:86)
	at org.testng.TestNG.runSuitesSequentially(TestNG.java:1199)
	at org.testng.TestNG.runSuitesLocally(TestNG.java:1124)
	at org.testng.TestNG.run(TestNG.java:1032)
	at org.testng.remote.AbstractRemoteTestNG.run(AbstractRemoteTestNG.java:115)
	at org.testng.remote.RemoteTestNG.initAndRun(RemoteTestNG.java:251)
	at org.testng.remote.RemoteTestNG.main(RemoteTestNG.java:77)
</stack-trace>
            </failure>
            <steps>
                <step start="1589051117903" stop="1589051117903" status="passed">
                    <name>logStep[Verifyied Feed:0 Pub Ad Call zip Custm_Parameter Expected value presented]</name>
                    <title>Verifyied Feed:0 Pub Ad Call zip Custm_Parameter Expected value presented</title>
                </step>
            </steps>
            <attachments/>
            <labels>
                <label name="testSuite" value="Default suite"/>
                <label name="testGroup" value="Default test"/>
                <label name="testClass" value="twc.Regression.TestCases.regressionTestCases"/>
                <label name="testMethod" value="C333202_Verify_cust_param_zip"/>
                <label name="host" value="Aswinikumars-MacBook-Pro.local"/>
                <label name="thread" value="1508@Aswinikumars-MacBook-Pro.local.main(1)"/>
            </labels>
        </test-case>
        <test-case start="1589051117766" stop="1589051117953" status="broken">
            <name>C333202_Verify_cust_param_zip</name>
            <title>Verify custom parameter zip</title>
            <failure>
                <message>NullPointerException: null</message>
                <stack-trace>java.lang.NullPointerException
	at twc.Regression.CustomParamValidation.CustomParamFunctions.validate_hard_code_zip_results(CustomParamFunctions.java:889)
	at twc.Regression.TestCases.Custom_Parameters_Verification.parameters_Verification(Custom_Parameters_Verification.java:428)
	at twc.Regression.TestCases.regressionTestCases.C333202_Verify_cust_param_zip(regressionTestCases.java:37)
	at sun.reflect.NativeMethodAccessorImpl.invoke0(Native Method)
	at sun.reflect.NativeMethodAccessorImpl.invoke(NativeMethodAccessorImpl.java:62)
	at sun.reflect.DelegatingMethodAccessorImpl.invoke(DelegatingMethodAccessorImpl.java:43)
	at java.lang.reflect.Method.invoke(Method.java:498)
	at org.testng.internal.MethodInvocationHelper.invokeMethod(MethodInvocationHelper.java:85)
	at org.testng.internal.Invoker.invokeMethod(Invoker.java:659)
	at org.testng.internal.Invoker.invokeTestMethod(Invoker.java:845)
	at org.testng.internal.Invoker.invokeTestMethods(Invoker.java:1153)
	at org.testng.internal.TestMethodWorker.invokeTestMethods(TestMethodWorker.java:125)
	at org.testng.internal.TestMethodWorker.run(TestMethodWorker.java:108)
	at org.testng.TestRunner.privateRun(TestRunner.java:771)
	at org.testng.TestRunner.run(TestRunner.java:621)
	at org.testng.SuiteRunner.runTest(SuiteRunner.java:357)
	at org.testng.SuiteRunner.runSequentially(SuiteRunner.java:352)
	at org.testng.SuiteRunner.privateRun(SuiteRunner.java:310)
	at org.testng.SuiteRunner.run(SuiteRunner.java:259)
	at org.testng.SuiteRunnerWorker.runSuite(SuiteRunnerWorker.java:52)
	at org.testng.SuiteRunnerWorker.run(SuiteRunnerWorker.java:86)
	at org.testng.TestNG.runSuitesSequentially(TestNG.java:1199)
	at org.testng.TestNG.runSuitesLocally(TestNG.java:1124)
	at org.testng.TestNG.run(TestNG.java:1032)
	at org.testng.remote.AbstractRemoteTestNG.run(AbstractRemoteTestNG.java:115)
	at org.testng.remote.RemoteTestNG.initAndRun(RemoteTestNG.java:251)
	at org.testng.remote.RemoteTestNG.main(RemoteTestNG.java:77)
</stack-trace>
            </failure>
            <steps>
                <step start="1589051117903" stop="1589051117903" status="passed">
                    <name>logStep[Verifyied Feed:0 Pub Ad Call zip Custm_Parameter Expected value presented]</name>
                    <title>Verifyied Feed:0 Pub Ad Call zip Custm_Parameter Expected value presented</title>
                </step>
            </steps>
            <attachments/>
            <labels>
                <label name="testSuite" value="Default suite"/>
                <label name="testGroup" value="Default test"/>
                <label name="testClass" value="twc.Regression.TestCases.regressionTestCases"/>
                <label name="testMethod" value="C333202_Verify_cust_param_zip"/>
                <label name="host" value="Aswinikumars-MacBook-Pro.local"/>
                <label name="thread" value="1508@Aswinikumars-MacBook-Pro.local.main(1)"/>
            </labels>
        </test-case>
        <test-case start="1589051117956" stop="1589051118209" status="broken">
            <name>C333203_Verify_cust_param_dma</name>
            <title>Verify custom parameter dma</title>
            <failure>
                <message>StringIndexOutOfBoundsException: String index out of range: -1</message>
                <stack-trace>java.lang.StringIndexOutOfBoundsException: String index out of range: -1
	at java.lang.String.substring(String.java:1927)
	at twc.Regression.CustomParamValidation.CustomParamFunctions.get_dsx_call_value(CustomParamFunctions.java:704)
	at twc.Regression.CustomParamValidation.CustomParamFunctions.validate_dsx_results(CustomParamFunctions.java:289)
	at twc.Regression.TestCases.Custom_Parameters_Verification.parameters_Verification(Custom_Parameters_Verification.java:242)
	at twc.Regression.TestCases.regressionTestCases.C333203_Verify_cust_param_dma(regressionTestCases.java:61)
	at sun.reflect.NativeMethodAccessorImpl.invoke0(Native Method)
	at sun.reflect.NativeMethodAccessorImpl.invoke(NativeMethodAccessorImpl.java:62)
	at sun.reflect.DelegatingMethodAccessorImpl.invoke(DelegatingMethodAccessorImpl.java:43)
	at java.lang.reflect.Method.invoke(Method.java:498)
	at org.testng.internal.MethodInvocationHelper.invokeMethod(MethodInvocationHelper.java:85)
	at org.testng.internal.Invoker.invokeMethod(Invoker.java:659)
	at org.testng.internal.Invoker.invokeTestMethod(Invoker.java:845)
	at org.testng.internal.Invoker.invokeTestMethods(Invoker.java:1153)
	at org.testng.internal.TestMethodWorker.invokeTestMethods(TestMethodWorker.java:125)
	at org.testng.internal.TestMethodWorker.run(TestMethodWorker.java:108)
	at org.testng.TestRunner.privateRun(TestRunner.java:771)
	at org.testng.TestRunner.run(TestRunner.java:621)
	at org.testng.SuiteRunner.runTest(SuiteRunner.java:357)
	at org.testng.SuiteRunner.runSequentially(SuiteRunner.java:352)
	at org.testng.SuiteRunner.privateRun(SuiteRunner.java:310)
	at org.testng.SuiteRunner.run(SuiteRunner.java:259)
	at org.testng.SuiteRunnerWorker.runSuite(SuiteRunnerWorker.java:52)
	at org.testng.SuiteRunnerWorker.run(SuiteRunnerWorker.java:86)
	at org.testng.TestNG.runSuitesSequentially(TestNG.java:1199)
	at org.testng.TestNG.runSuitesLocally(TestNG.java:1124)
	at org.testng.TestNG.run(TestNG.java:1032)
	at org.testng.remote.AbstractRemoteTestNG.run(AbstractRemoteTestNG.java:115)
	at org.testng.remote.RemoteTestNG.initAndRun(RemoteTestNG.java:251)
	at org.testng.remote.RemoteTestNG.main(RemoteTestNG.java:77)
</stack-trace>
            </failure>
            <steps>
                <step start="1589051118140" stop="1589051118140" status="passed">
                    <name>logStep[Verifyied Feed:0 Pub Ad Call dma Custm_Parameter Expected value presented]</name>
                    <title>Verifyied Feed:0 Pub Ad Call dma Custm_Parameter Expected value presented</title>
                </step>
            </steps>
            <attachments/>
            <labels>
                <label name="testSuite" value="Default suite"/>
                <label name="testGroup" value="Default test"/>
                <label name="testClass" value="twc.Regression.TestCases.regressionTestCases"/>
                <label name="testMethod" value="C333203_Verify_cust_param_dma"/>
                <label name="host" value="Aswinikumars-MacBook-Pro.local"/>
                <label name="thread" value="1508@Aswinikumars-MacBook-Pro.local.main(1)"/>
            </labels>
        </test-case>
        <test-case start="1589051117956" stop="1589051118209" status="broken">
            <name>C333203_Verify_cust_param_dma</name>
            <title>Verify custom parameter dma</title>
            <failure>
                <message>StringIndexOutOfBoundsException: String index out of range: -1</message>
                <stack-trace>java.lang.StringIndexOutOfBoundsException: String index out of range: -1
	at java.lang.String.substring(String.java:1927)
	at twc.Regression.CustomParamValidation.CustomParamFunctions.get_dsx_call_value(CustomParamFunctions.java:704)
	at twc.Regression.CustomParamValidation.CustomParamFunctions.validate_dsx_results(CustomParamFunctions.java:289)
	at twc.Regression.TestCases.Custom_Parameters_Verification.parameters_Verification(Custom_Parameters_Verification.java:242)
	at twc.Regression.TestCases.regressionTestCases.C333203_Verify_cust_param_dma(regressionTestCases.java:61)
	at sun.reflect.NativeMethodAccessorImpl.invoke0(Native Method)
	at sun.reflect.NativeMethodAccessorImpl.invoke(NativeMethodAccessorImpl.java:62)
	at sun.reflect.DelegatingMethodAccessorImpl.invoke(DelegatingMethodAccessorImpl.java:43)
	at java.lang.reflect.Method.invoke(Method.java:498)
	at org.testng.internal.MethodInvocationHelper.invokeMethod(MethodInvocationHelper.java:85)
	at org.testng.internal.Invoker.invokeMethod(Invoker.java:659)
	at org.testng.internal.Invoker.invokeTestMethod(Invoker.java:845)
	at org.testng.internal.Invoker.invokeTestMethods(Invoker.java:1153)
	at org.testng.internal.TestMethodWorker.invokeTestMethods(TestMethodWorker.java:125)
	at org.testng.internal.TestMethodWorker.run(TestMethodWorker.java:108)
	at org.testng.TestRunner.privateRun(TestRunner.java:771)
	at org.testng.TestRunner.run(TestRunner.java:621)
	at org.testng.SuiteRunner.runTest(SuiteRunner.java:357)
	at org.testng.SuiteRunner.runSequentially(SuiteRunner.java:352)
	at org.testng.SuiteRunner.privateRun(SuiteRunner.java:310)
	at org.testng.SuiteRunner.run(SuiteRunner.java:259)
	at org.testng.SuiteRunnerWorker.runSuite(SuiteRunnerWorker.java:52)
	at org.testng.SuiteRunnerWorker.run(SuiteRunnerWorker.java:86)
	at org.testng.TestNG.runSuitesSequentially(TestNG.java:1199)
	at org.testng.TestNG.runSuitesLocally(TestNG.java:1124)
	at org.testng.TestNG.run(TestNG.java:1032)
	at org.testng.remote.AbstractRemoteTestNG.run(AbstractRemoteTestNG.java:115)
	at org.testng.remote.RemoteTestNG.initAndRun(RemoteTestNG.java:251)
	at org.testng.remote.RemoteTestNG.main(RemoteTestNG.java:77)
</stack-trace>
            </failure>
            <steps>
                <step start="1589051118140" stop="1589051118140" status="passed">
                    <name>logStep[Verifyied Feed:0 Pub Ad Call dma Custm_Parameter Expected value presented]</name>
                    <title>Verifyied Feed:0 Pub Ad Call dma Custm_Parameter Expected value presented</title>
                </step>
            </steps>
            <attachments/>
            <labels>
                <label name="testSuite" value="Default suite"/>
                <label name="testGroup" value="Default test"/>
                <label name="testClass" value="twc.Regression.TestCases.regressionTestCases"/>
                <label name="testMethod" value="C333203_Verify_cust_param_dma"/>
                <label name="host" value="Aswinikumars-MacBook-Pro.local"/>
                <label name="thread" value="1508@Aswinikumars-MacBook-Pro.local.main(1)"/>
            </labels>
        </test-case>
        <test-case start="1589051118212" stop="1589051118957" status="broken">
            <name>C333218_Verify_cust_param_pos</name>
            <title>Verify custom parameter pos</title>
            <failure>
                <message>Test was interrupted</message>
            </failure>
            <labels>
                <label name="testSuite" value="Default suite"/>
                <label name="testGroup" value="Default test"/>
                <label name="testClass" value="twc.Regression.TestCases.regressionTestCases"/>
                <label name="testMethod" value="C333218_Verify_cust_param_pos"/>
                <label name="host" value="Aswinikumars-MacBook-Pro.local"/>
                <label name="thread" value="1508@Aswinikumars-MacBook-Pro.local.main(1)"/>
            </labels>
        </test-case>
        <test-case start="1589051118212" stop="1589051118957" status="broken">
            <name>C333218_Verify_cust_param_pos</name>
            <title>Verify custom parameter pos</title>
            <failure>
                <message>Test was interrupted</message>
            </failure>
            <labels>
                <label name="testSuite" value="Default suite"/>
                <label name="testGroup" value="Default test"/>
                <label name="testClass" value="twc.Regression.TestCases.regressionTestCases"/>
                <label name="testMethod" value="C333218_Verify_cust_param_pos"/>
                <label name="host" value="Aswinikumars-MacBook-Pro.local"/>
                <label name="thread" value="1508@Aswinikumars-MacBook-Pro.local.main(1)"/>
            </labels>
        </test-case>
        <test-case start="1589051111397" stop="1589051118957" status="broken">
            <name>Default suite : Default test</name>
            <title>Default suite : Default test</title>
            <failure>
                <message>Test suite was interrupted, some test cases may be lost</message>
            </failure>
        </test-case>
    </test-cases>
    <labels>
        <label name="framework" value="TestNG"/>
        <label name="language" value="JAVA"/>
    </labels>
</ns2:test-suite>
