<?xml version="1.0" encoding="UTF-8" standalone="yes"?>
<ns2:test-suite start="1591549350814" stop="1591549389919" version="1.5.4" xmlns:ns2="urn:model.allure.qatools.yandex.ru">
    <name>Suite : Test</name>
    <title>Suite : Test</title>
    <test-cases>
        <test-case start="1591549351174" stop="1591549352777" status="failed">
            <name>Smoke_Test_Case_Verify_Video_adCalll</name>
            <title>Verifying Video ad call</title>
            <failure>
                <message>AssertionError: 7646/app_android_us/video call was not trigred</message>
                <stack-trace>java.lang.AssertionError: 7646/app_android_us/video call was not trigred
	at org.testng.Assert.fail(Assert.java:94)
	at twc.Automation.General.Functions.finding_VideoCard_iu_value(Functions.java:2352)
	at twc.Automation.SmokeTestCases.smokeTestCases.Smoke_Test_Case_Verify_Video_adCalll(smokeTestCases.java:246)
	at sun.reflect.NativeMethodAccessorImpl.invoke0(Native Method)
	at sun.reflect.NativeMethodAccessorImpl.invoke(NativeMethodAccessorImpl.java:62)
	at sun.reflect.DelegatingMethodAccessorImpl.invoke(DelegatingMethodAccessorImpl.java:43)
	at java.lang.reflect.Method.invoke(Method.java:498)
	at org.testng.internal.MethodInvocationHelper.invokeMethod(MethodInvocationHelper.java:85)
	at org.testng.internal.Invoker.invokeMethod(Invoker.java:659)
	at org.testng.internal.Invoker.invokeTestMethod(Invoker.java:845)
	at org.testng.internal.Invoker.invokeTestMethods(Invoker.java:1153)
	at org.testng.internal.TestMethodWorker.invokeTestMethods(TestMethodWorker.java:125)
	at org.testng.internal.TestMethodWorker.run(TestMethodWorker.java:108)
	at org.testng.TestRunner.privateRun(TestRunner.java:771)
	at org.testng.TestRunner.run(TestRunner.java:621)
	at org.testng.SuiteRunner.runTest(SuiteRunner.java:357)
	at org.testng.SuiteRunner.runSequentially(SuiteRunner.java:352)
	at org.testng.SuiteRunner.privateRun(SuiteRunner.java:310)
	at org.testng.SuiteRunner.run(SuiteRunner.java:259)
	at org.testng.SuiteRunnerWorker.runSuite(SuiteRunnerWorker.java:52)
	at org.testng.SuiteRunnerWorker.run(SuiteRunnerWorker.java:86)
	at org.testng.TestNG.runSuitesSequentially(TestNG.java:1199)
	at org.testng.TestNG.runSuitesLocally(TestNG.java:1124)
	at org.testng.TestNG.run(TestNG.java:1032)
	at org.apache.maven.surefire.testng.TestNGExecutor.run(TestNGExecutor.java:73)
	at org.apache.maven.surefire.testng.TestNGXmlTestSuite.execute(TestNGXmlTestSuite.java:94)
	at org.apache.maven.surefire.Surefire.run(Surefire.java:169)
	at sun.reflect.NativeMethodAccessorImpl.invoke0(Native Method)
	at sun.reflect.NativeMethodAccessorImpl.invoke(NativeMethodAccessorImpl.java:62)
	at sun.reflect.DelegatingMethodAccessorImpl.invoke(DelegatingMethodAccessorImpl.java:43)
	at java.lang.reflect.Method.invoke(Method.java:498)
	at org.apache.maven.surefire.booter.SurefireBooter.runSuitesInProcess(SurefireBooter.java:350)
	at org.apache.maven.surefire.booter.SurefireBooter.main(SurefireBooter.java:1021)
</stack-trace>
            </failure>
            <steps>
                <step start="1591549352613" stop="1591549352614" status="passed">
                    <name>logStep[Verifying iu=%2F7646%2Fapp_android_us%2Fvideo ad calll]</name>
                    <title>Verifying iu=%2F7646%2Fapp_android_us%2Fvideo ad calll</title>
                </step>
                <step start="1591549352762" stop="1591549352762" status="passed">
                    <name>logStep[/7646/app_android_us/video call was not trigred]</name>
                    <title>/7646/app_android_us/video call was not trigred</title>
                </step>
            </steps>
            <attachments/>
            <labels>
                <label name="testSuite" value="Suite"/>
                <label name="testGroup" value="Test"/>
                <label name="testClass" value="twc.Automation.SmokeTestCases.smokeTestCases"/>
                <label name="testMethod" value="Smoke_Test_Case_Verify_Video_adCalll"/>
                <label name="host" value="Aswinikumars-MacBook-Pro.local"/>
                <label name="thread" value="3229@Aswinikumars-MacBook-Pro.local.main(1)"/>
            </labels>
        </test-case>
        <test-case start="1591549352778" stop="1591549353511" status="passed">
            <name>Smoke_Test_Case_Verify_hurricanevideo_adCalll</name>
            <title>Verifying Video ad call in hurricane module</title>
            <steps>
                <step start="1591549352778" stop="1591549352778" status="passed">
                    <name>logStep[Verifying Video ad call in hurricane module]</name>
                    <title>Verifying Video ad call in hurricane module</title>
                    <attachments/>
                    <steps/>
                </step>
                <step start="1591549353508" stop="1591549353508" status="passed">
                    <name>logStep[/7646/app_android_us/weather/severe/tropical call was trigred]</name>
                    <title>/7646/app_android_us/weather/severe/tropical call was trigred</title>
                    <attachments/>
                    <steps/>
                </step>
            </steps>
            <attachments/>
            <labels>
                <label name="testSuite" value="Suite"/>
                <label name="testGroup" value="Test"/>
                <label name="testClass" value="twc.Automation.SmokeTestCases.smokeTestCases"/>
                <label name="testMethod" value="Smoke_Test_Case_Verify_hurricanevideo_adCalll"/>
                <label name="host" value="Aswinikumars-MacBook-Pro.local"/>
                <label name="thread" value="3229@Aswinikumars-MacBook-Pro.local.main(1)"/>
            </labels>
        </test-case>
        <test-case start="1591549353514" stop="1591549354097" status="passed">
            <name>Smoke_Test_CaseVerify_Radar_Maps_feedcard_adcall</name>
            <title>Verifying iu value for Radar feed card </title>
            <steps>
                <step start="1591549354037" stop="1591549354037" status="passed">
                    <name>logStep[Verifying  iu=%2F7646%2Fapp_android_us%2Fdb_display%2Fcard%2Fradar  ad call]</name>
                    <title>Verifying  iu=%2F7646%2Fapp_android_us%2Fdb_display%2Fcard%2Fradar  ad call</title>
                    <attachments/>
                    <steps/>
                </step>
                <step start="1591549354068" stop="1591549354068" status="passed">
                    <name>logStep[/7646/app_android_us/db_display/card/radar call was trigred]</name>
                    <title>/7646/app_android_us/db_display/card/radar call was trigred</title>
                    <attachments/>
                    <steps/>
                </step>
            </steps>
            <attachments/>
            <labels>
                <label name="testSuite" value="Suite"/>
                <label name="testGroup" value="Test"/>
                <label name="testClass" value="twc.Automation.SmokeTestCases.smokeTestCases"/>
                <label name="testMethod" value="Smoke_Test_CaseVerify_Radar_Maps_feedcard_adcall"/>
                <label name="host" value="Aswinikumars-MacBook-Pro.local"/>
                <label name="thread" value="3229@Aswinikumars-MacBook-Pro.local.main(1)"/>
            </labels>
        </test-case>
        <test-case start="1591549354098" stop="1591549354755" status="passed">
            <name>Smoke_Test_CaseVerify_Radar_Maps_deatailscard_adcall</name>
            <title>Verifying iu value for maps details card</title>
            <steps>
                <step start="1591549354677" stop="1591549354677" status="passed">
                    <name>logStep[Verifying  iu=%2F7646%2Fapp_android_us%2Fdb_display%2Fdetails%2Fmaps ad call]</name>
                    <title>Verifying  iu=%2F7646%2Fapp_android_us%2Fdb_display%2Fdetails%2Fmaps ad call</title>
                    <attachments/>
                    <steps/>
                </step>
                <step start="1591549354718" stop="1591549354718" status="passed">
                    <name>logStep[/7646/app_android_us/db_display/details/maps call was trigred]</name>
                    <title>/7646/app_android_us/db_display/details/maps call was trigred</title>
                    <attachments/>
                    <steps/>
                </step>
            </steps>
            <attachments/>
            <labels>
                <label name="testSuite" value="Suite"/>
                <label name="testGroup" value="Test"/>
                <label name="testClass" value="twc.Automation.SmokeTestCases.smokeTestCases"/>
                <label name="testMethod" value="Smoke_Test_CaseVerify_Radar_Maps_deatailscard_adcall"/>
                <label name="host" value="Aswinikumars-MacBook-Pro.local"/>
                <label name="thread" value="3229@Aswinikumars-MacBook-Pro.local.main(1)"/>
            </labels>
        </test-case>
        <test-case start="1591549354756" stop="1591549355336" status="passed">
            <name>Smoke_Test_CaseVerify_hurricane_Maps_deatailscard_adcall</name>
            <title>Verifying iu value for hurricane details maps page</title>
            <steps>
                <step start="1591549354756" stop="1591549354756" status="passed">
                    <name>logStep[Verifying iu value for hurricane details maps page]</name>
                    <title>Verifying iu value for hurricane details maps page</title>
                    <attachments/>
                    <steps/>
                </step>
                <step start="1591549355236" stop="1591549355236" status="passed">
                    <name>logStep[Verifying  iu=%2F7646%2Fapp_android_us%2Fdb_display%2Fdetails%2Fhurricane%2Fmaps ad call]</name>
                    <title>Verifying  iu=%2F7646%2Fapp_android_us%2Fdb_display%2Fdetails%2Fhurricane%2Fmaps ad call</title>
                    <attachments/>
                    <steps/>
                </step>
                <step start="1591549355289" stop="1591549355289" status="passed">
                    <name>logStep[/7646/app_android_us/db_display/details/hurricane/maps call was trigred]</name>
                    <title>/7646/app_android_us/db_display/details/hurricane/maps call was trigred</title>
                    <attachments/>
                    <steps/>
                </step>
            </steps>
            <attachments/>
            <labels>
                <label name="testSuite" value="Suite"/>
                <label name="testGroup" value="Test"/>
                <label name="testClass" value="twc.Automation.SmokeTestCases.smokeTestCases"/>
                <label name="testMethod" value="Smoke_Test_CaseVerify_hurricane_Maps_deatailscard_adcall"/>
                <label name="host" value="Aswinikumars-MacBook-Pro.local"/>
                <label name="thread" value="3229@Aswinikumars-MacBook-Pro.local.main(1)"/>
            </labels>
        </test-case>
        <test-case start="1591549355337" stop="1591549355996" status="passed">
            <name>Smoke_Test_CaseVerify_hurricane_articles_deatailspage_adcall</name>
            <title>Verifying iu value for hurricane  articles page</title>
            <steps>
                <step start="1591549355337" stop="1591549355337" status="passed">
                    <name>logStep[Verifying iu value for hurricane  articles page]</name>
                    <title>Verifying iu value for hurricane  articles page</title>
                    <attachments/>
                    <steps/>
                </step>
                <step start="1591549355893" stop="1591549355893" status="passed">
                    <name>logStep[Verifying iu=%2F7646%2Fapp_android_us%2Fdb_display%2Fdetails%2Fhc_art  ad call]</name>
                    <title>Verifying iu=%2F7646%2Fapp_android_us%2Fdb_display%2Fdetails%2Fhc_art  ad call</title>
                    <attachments/>
                    <steps/>
                </step>
                <step start="1591549355946" stop="1591549355946" status="passed">
                    <name>logStep[/7646/app_android_us/db_display/details/hc_art call was trigred]</name>
                    <title>/7646/app_android_us/db_display/details/hc_art call was trigred</title>
                    <attachments/>
                    <steps/>
                </step>
            </steps>
            <attachments/>
            <labels>
                <label name="testSuite" value="Suite"/>
                <label name="testGroup" value="Test"/>
                <label name="testClass" value="twc.Automation.SmokeTestCases.smokeTestCases"/>
                <label name="testMethod" value="Smoke_Test_CaseVerify_hurricane_articles_deatailspage_adcall"/>
                <label name="host" value="Aswinikumars-MacBook-Pro.local"/>
                <label name="thread" value="3229@Aswinikumars-MacBook-Pro.local.main(1)"/>
            </labels>
        </test-case>
        <test-case start="1591549355997" stop="1591549356605" status="passed">
            <name>Smoke_Test_CaseVerify_Today_details_page_iu</name>
            <title>Verifying iu value Today details Page </title>
            <steps>
                <step start="1591549356515" stop="1591549356515" status="passed">
                    <name>logStep[Verifying iu=%2F7646%2Fapp_android_us%2Fdb_display%2Fdetails%2Ftoday  ad call]</name>
                    <title>Verifying iu=%2F7646%2Fapp_android_us%2Fdb_display%2Fdetails%2Ftoday  ad call</title>
                    <attachments/>
                    <steps/>
                </step>
                <step start="1591549356571" stop="1591549356571" status="passed">
                    <name>logStep[/7646/app_android_us/db_display/details/today call was trigred]</name>
                    <title>/7646/app_android_us/db_display/details/today call was trigred</title>
                    <attachments/>
                    <steps/>
                </step>
            </steps>
            <attachments/>
            <labels>
                <label name="testSuite" value="Suite"/>
                <label name="testGroup" value="Test"/>
                <label name="testClass" value="twc.Automation.SmokeTestCases.smokeTestCases"/>
                <label name="testMethod" value="Smoke_Test_CaseVerify_Today_details_page_iu"/>
                <label name="host" value="Aswinikumars-MacBook-Pro.local"/>
                <label name="thread" value="3229@Aswinikumars-MacBook-Pro.local.main(1)"/>
            </labels>
        </test-case>
        <test-case start="1591549356606" stop="1591549357118" status="passed">
            <name>Smoke_Test_CaseVerify_coivd_details_page_iu</name>
            <title>Verifying iu value covid19 details Page </title>
            <steps>
                <step start="1591549357002" stop="1591549357002" status="passed">
                    <name>logStep[Verifying iu=%2F7646%2Fapp_android_us%2Fdb_display%2Fdetails%2Fcoivd ad call]</name>
                    <title>Verifying iu=%2F7646%2Fapp_android_us%2Fdb_display%2Fdetails%2Fcoivd ad call</title>
                    <attachments/>
                    <steps/>
                </step>
            </steps>
            <attachments/>
            <labels>
                <label name="testSuite" value="Suite"/>
                <label name="testGroup" value="Test"/>
                <label name="testClass" value="twc.Automation.SmokeTestCases.smokeTestCases"/>
                <label name="testMethod" value="Smoke_Test_CaseVerify_coivd_details_page_iu"/>
                <label name="host" value="Aswinikumars-MacBook-Pro.local"/>
                <label name="thread" value="3229@Aswinikumars-MacBook-Pro.local.main(1)"/>
            </labels>
        </test-case>
        <test-case start="1591549357119" stop="1591549357731" status="passed">
            <name>Smoke_Test_amazon_aax_covid19_deatailcard</name>
            <title>Verifying amazon aax for covid19 details card</title>
            <steps>
                <step start="1591549357572" stop="1591549357572" status="passed">
                    <name>logStep[Verifying amazon "slot": "4fbed16a-cc6f-4cb1-94f7-81465acbd47e"  for covid19 details card]</name>
                    <title>Verifying amazon "slot": "4fbed16a-cc6f-4cb1-94f7-81465acbd47e"  for covid19 details card</title>
                    <attachments/>
                    <steps/>
                </step>
                <step start="1591549357655" stop="1591549357655" status="passed">
                    <name>logStep[4fbed16a-cc6f-4cb1-94f7-81465acbd47e is trigred for aax  call db_display/details/covid]</name>
                    <title>4fbed16a-cc6f-4cb1-94f7-81465acbd47e is trigred for aax  call db_display/details/covid</title>
                    <attachments/>
                    <steps/>
                </step>
            </steps>
            <attachments/>
            <labels>
                <label name="testSuite" value="Suite"/>
                <label name="testGroup" value="Test"/>
                <label name="testClass" value="twc.Automation.SmokeTestCases.smokeTestCases"/>
                <label name="testMethod" value="Smoke_Test_amazon_aax_covid19_deatailcard"/>
                <label name="host" value="Aswinikumars-MacBook-Pro.local"/>
                <label name="thread" value="3229@Aswinikumars-MacBook-Pro.local.main(1)"/>
            </labels>
        </test-case>
        <test-case start="1591549357732" stop="1591549358247" status="passed">
            <name>Smoke_Test_amazon_aax_today_deatailcard</name>
            <title>Verifying amazon aax for today details card</title>
            <steps>
                <step start="1591549358144" stop="1591549358144" status="passed">
                    <name>logStep[Verifying amazon "slot": "c9896928-c007-4580-b135-a32d716e2c2f"   for today details ad call]</name>
                    <title>Verifying amazon "slot": "c9896928-c007-4580-b135-a32d716e2c2f"   for today details ad call</title>
                    <attachments/>
                    <steps/>
                </step>
                <step start="1591549358198" stop="1591549358198" status="passed">
                    <name>logStep[c9896928-c007-4580-b135-a32d716e2c2f is trigred for aax  call db_display/details/today]</name>
                    <title>c9896928-c007-4580-b135-a32d716e2c2f is trigred for aax  call db_display/details/today</title>
                    <attachments/>
                    <steps/>
                </step>
            </steps>
            <attachments/>
            <labels>
                <label name="testSuite" value="Suite"/>
                <label name="testGroup" value="Test"/>
                <label name="testClass" value="twc.Automation.SmokeTestCases.smokeTestCases"/>
                <label name="testMethod" value="Smoke_Test_amazon_aax_today_deatailcard"/>
                <label name="host" value="Aswinikumars-MacBook-Pro.local"/>
                <label name="thread" value="3229@Aswinikumars-MacBook-Pro.local.main(1)"/>
            </labels>
        </test-case>
        <test-case start="1591549358248" stop="1591549358823" status="passed">
            <name>Smoke_Test_CaseVerify_Health_Activities_feed_adcall</name>
            <title>Verifying iu value for Health&amp;Activities  feed card</title>
            <steps>
                <step start="1591549358728" stop="1591549358728" status="passed">
                    <name>logStep[Verifying iu=%2F7646%2Fapp_android_us%2Fdb_display%2Fcard%2Flifestyle  ad call]</name>
                    <title>Verifying iu=%2F7646%2Fapp_android_us%2Fdb_display%2Fcard%2Flifestyle  ad call</title>
                    <attachments/>
                    <steps/>
                </step>
                <step start="1591549358786" stop="1591549358786" status="passed">
                    <name>logStep[/7646/app_android_us/db_display/card/lifestyle call was trigred]</name>
                    <title>/7646/app_android_us/db_display/card/lifestyle call was trigred</title>
                    <attachments/>
                    <steps/>
                </step>
            </steps>
            <attachments/>
            <labels>
                <label name="testSuite" value="Suite"/>
                <label name="testGroup" value="Test"/>
                <label name="testClass" value="twc.Automation.SmokeTestCases.smokeTestCases"/>
                <label name="testMethod" value="Smoke_Test_CaseVerify_Health_Activities_feed_adcall"/>
                <label name="host" value="Aswinikumars-MacBook-Pro.local"/>
                <label name="thread" value="3229@Aswinikumars-MacBook-Pro.local.main(1)"/>
            </labels>
        </test-case>
        <test-case start="1591549358824" stop="1591549359411" status="passed">
            <name>Smoke_Test_Verify_health_and_activities_Running_spotlight_adcall_iu</name>
            <title>Verifying  iu value for Running content page</title>
            <steps>
                <step start="1591549359310" stop="1591549359310" status="passed">
                    <name>logStep[Verifying  iu=%2F7646%2Fapp_android_us%2Fdb_display%2Fcontent%2Frunning ad call]</name>
                    <title>Verifying  iu=%2F7646%2Fapp_android_us%2Fdb_display%2Fcontent%2Frunning ad call</title>
                    <attachments/>
                    <steps/>
                </step>
                <step start="1591549359372" stop="1591549359372" status="passed">
                    <name>logStep[/7646/app_android_us/db_display/content/running call was trigred]</name>
                    <title>/7646/app_android_us/db_display/content/running call was trigred</title>
                    <attachments/>
                    <steps/>
                </step>
            </steps>
            <attachments/>
            <labels>
                <label name="testSuite" value="Suite"/>
                <label name="testGroup" value="Test"/>
                <label name="testClass" value="twc.Automation.SmokeTestCases.smokeTestCases"/>
                <label name="testMethod" value="Smoke_Test_Verify_health_and_activities_Running_spotlight_adcall_iu"/>
                <label name="host" value="Aswinikumars-MacBook-Pro.local"/>
                <label name="thread" value="3229@Aswinikumars-MacBook-Pro.local.main(1)"/>
            </labels>
        </test-case>
        <test-case start="1591549359411" stop="1591549359914" status="passed">
            <name>Smoke_Test_Verify_health_and_activities_Bot_beach_detailpage_adcall_iu</name>
            <title>Verifying iu value for Boat&amp;Beach content page</title>
            <steps>
                <step start="1591549359814" stop="1591549359814" status="passed">
                    <name>logStep[Verifying iu=%2F7646%2Fapp_android_us%2Fdb_display%2Fcontent%2Fboat_beach ad call]</name>
                    <title>Verifying iu=%2F7646%2Fapp_android_us%2Fdb_display%2Fcontent%2Fboat_beach ad call</title>
                    <attachments/>
                    <steps/>
                </step>
                <step start="1591549359875" stop="1591549359875" status="passed">
                    <name>logStep[/7646/app_android_us/db_display/content/boat_beach call was trigred]</name>
                    <title>/7646/app_android_us/db_display/content/boat_beach call was trigred</title>
                    <attachments/>
                    <steps/>
                </step>
            </steps>
            <attachments/>
            <labels>
                <label name="testSuite" value="Suite"/>
                <label name="testGroup" value="Test"/>
                <label name="testClass" value="twc.Automation.SmokeTestCases.smokeTestCases"/>
                <label name="testMethod" value="Smoke_Test_Verify_health_and_activities_Bot_beach_detailpage_adcall_iu"/>
                <label name="host" value="Aswinikumars-MacBook-Pro.local"/>
                <label name="thread" value="3229@Aswinikumars-MacBook-Pro.local.main(1)"/>
            </labels>
        </test-case>
        <test-case start="1591549359914" stop="1591549360420" status="passed">
            <name>Smoke_Test_Verify_health_and_activities_Allergy_detailpage_adcall_iu</name>
            <title>Verifying iu value for Allergy content page</title>
            <steps>
                <step start="1591549360313" stop="1591549360313" status="passed">
                    <name>logStep[Verifying iu=%2F7646%2Fapp_android_us%2Fdb_display%2Fcontent%2Fallergy ad call]</name>
                    <title>Verifying iu=%2F7646%2Fapp_android_us%2Fdb_display%2Fcontent%2Fallergy ad call</title>
                    <attachments/>
                    <steps/>
                </step>
                <step start="1591549360378" stop="1591549360378" status="passed">
                    <name>logStep[/7646/app_android_us/db_display/content/allergy call was trigred]</name>
                    <title>/7646/app_android_us/db_display/content/allergy call was trigred</title>
                    <attachments/>
                    <steps/>
                </step>
            </steps>
            <attachments/>
            <labels>
                <label name="testSuite" value="Suite"/>
                <label name="testGroup" value="Test"/>
                <label name="testClass" value="twc.Automation.SmokeTestCases.smokeTestCases"/>
                <label name="testMethod" value="Smoke_Test_Verify_health_and_activities_Allergy_detailpage_adcall_iu"/>
                <label name="host" value="Aswinikumars-MacBook-Pro.local"/>
                <label name="thread" value="3229@Aswinikumars-MacBook-Pro.local.main(1)"/>
            </labels>
        </test-case>
        <test-case start="1591549360421" stop="1591549360934" status="passed">
            <name>Smoke_Test_Verify_health_and_activities_cold_flu_Spotlight_adcall_iu</name>
            <title>Verifying iu value for Cold&amp;Flu content page</title>
            <steps>
                <step start="1591549360818" stop="1591549360818" status="passed">
                    <name>logStep[Verifying iu=%2F7646%2Fapp_android_us%2Fdb_display%2Fcontent%2Fflu ad call]</name>
                    <title>Verifying iu=%2F7646%2Fapp_android_us%2Fdb_display%2Fcontent%2Fflu ad call</title>
                    <attachments/>
                    <steps/>
                </step>
                <step start="1591549360889" stop="1591549360889" status="passed">
                    <name>logStep[/7646/app_android_us/db_display/content/flu call was trigred]</name>
                    <title>/7646/app_android_us/db_display/content/flu call was trigred</title>
                    <attachments/>
                    <steps/>
                </step>
            </steps>
            <attachments/>
            <labels>
                <label name="testSuite" value="Suite"/>
                <label name="testGroup" value="Test"/>
                <label name="testClass" value="twc.Automation.SmokeTestCases.smokeTestCases"/>
                <label name="testMethod" value="Smoke_Test_Verify_health_and_activities_cold_flu_Spotlight_adcall_iu"/>
                <label name="host" value="Aswinikumars-MacBook-Pro.local"/>
                <label name="thread" value="3229@Aswinikumars-MacBook-Pro.local.main(1)"/>
            </labels>
        </test-case>
        <test-case start="1591549360935" stop="1591549361473" status="passed">
            <name>Smoke_Test_Verify_SeasonalHub_detailpage_adcall_iu</name>
            <title>Verifying iu value for outdoor conditions  detailed  page  iu</title>
            <steps>
                <step start="1591549361336" stop="1591549361336" status="passed">
                    <name>logStep[Verifying iu=%2F7646%2Fapp_android_us%2Fdb_display%2Fdetails%2Fseason ad call]</name>
                    <title>Verifying iu=%2F7646%2Fapp_android_us%2Fdb_display%2Fdetails%2Fseason ad call</title>
                    <attachments/>
                    <steps/>
                </step>
                <step start="1591549361418" stop="1591549361418" status="passed">
                    <name>logStep[/7646/app_android_us/db_display/details/season call was trigred]</name>
                    <title>/7646/app_android_us/db_display/details/season call was trigred</title>
                    <attachments/>
                    <steps/>
                </step>
            </steps>
            <attachments/>
            <labels>
                <label name="testSuite" value="Suite"/>
                <label name="testGroup" value="Test"/>
                <label name="testClass" value="twc.Automation.SmokeTestCases.smokeTestCases"/>
                <label name="testMethod" value="Smoke_Test_Verify_SeasonalHub_detailpage_adcall_iu"/>
                <label name="host" value="Aswinikumars-MacBook-Pro.local"/>
                <label name="thread" value="3229@Aswinikumars-MacBook-Pro.local.main(1)"/>
            </labels>
        </test-case>
        <test-case start="1591549361475" stop="1591549362151" status="passed">
            <name>Smoke_Test_Verify_SeasonalHub_feedcard_adcall_iu</name>
            <title>Verifying iu value for outdoor conditions  feed card iu</title>
            <steps>
                <step start="1591549362039" stop="1591549362039" status="passed">
                    <name>logStep[Verifying iu=%2F7646%2Fapp_android_us%2Fdb_display%2Fcard%2Fseason ad call]</name>
                    <title>Verifying iu=%2F7646%2Fapp_android_us%2Fdb_display%2Fcard%2Fseason ad call</title>
                    <attachments/>
                    <steps/>
                </step>
                <step start="1591549362098" stop="1591549362098" status="passed">
                    <name>logStep[/7646/app_android_us/db_display/card/season call was trigred]</name>
                    <title>/7646/app_android_us/db_display/card/season call was trigred</title>
                    <attachments/>
                    <steps/>
                </step>
            </steps>
            <attachments/>
            <labels>
                <label name="testSuite" value="Suite"/>
                <label name="testGroup" value="Test"/>
                <label name="testClass" value="twc.Automation.SmokeTestCases.smokeTestCases"/>
                <label name="testMethod" value="Smoke_Test_Verify_SeasonalHub_feedcard_adcall_iu"/>
                <label name="host" value="Aswinikumars-MacBook-Pro.local"/>
                <label name="thread" value="3229@Aswinikumars-MacBook-Pro.local.main(1)"/>
            </labels>
        </test-case>
        <test-case start="1591549362152" stop="1591549362714" status="passed">
            <name>Smoke_Test_Verify_amazon_aax_Allergy_Bigbanner_ad</name>
            <title>Verifying amazon axx slot for Allergy Bigbanner ad</title>
            <steps>
                <step start="1591549362644" stop="1591549362644" status="passed">
                    <name>logStep[Verifying amazon "slot": "5db1161b-b504-4640-9496-dfe6284f84ab"  for Allergy content page]</name>
                    <title>Verifying amazon "slot": "5db1161b-b504-4640-9496-dfe6284f84ab"  for Allergy content page</title>
                    <attachments/>
                    <steps/>
                </step>
                <step start="1591549362682" stop="1591549362682" status="passed">
                    <name>logStep[5db1161b-b504-4640-9496-dfe6284f84ab is trigred for aax  call db_display/contents/Allergy]</name>
                    <title>5db1161b-b504-4640-9496-dfe6284f84ab is trigred for aax  call db_display/contents/Allergy</title>
                    <attachments/>
                    <steps/>
                </step>
            </steps>
            <attachments/>
            <labels>
                <label name="testSuite" value="Suite"/>
                <label name="testGroup" value="Test"/>
                <label name="testClass" value="twc.Automation.SmokeTestCases.smokeTestCases"/>
                <label name="testMethod" value="Smoke_Test_Verify_amazon_aax_Allergy_Bigbanner_ad"/>
                <label name="host" value="Aswinikumars-MacBook-Pro.local"/>
                <label name="thread" value="3229@Aswinikumars-MacBook-Pro.local.main(1)"/>
            </labels>
        </test-case>
        <test-case start="1591549362715" stop="1591549363232" status="passed">
            <name>Smoke_Test_Verify_amazon_aax_Running_Bigbanner_ad</name>
            <title>Verifying amazon axx slot for Running Bigbanner ad</title>
            <steps>
                <step start="1591549363129" stop="1591549363129" status="passed">
                    <name>logStep[Verifying amazon "slot": "27a25b19-0b5c-44c6-9051-bb859a7e0f66"   for Running content page]</name>
                    <title>Verifying amazon "slot": "27a25b19-0b5c-44c6-9051-bb859a7e0f66"   for Running content page</title>
                    <attachments/>
                    <steps/>
                </step>
                <step start="1591549363182" stop="1591549363182" status="passed">
                    <name>logStep[27a25b19-0b5c-44c6-9051-bb859a7e0f66 is trigred for aax  call db_display/content/running]</name>
                    <title>27a25b19-0b5c-44c6-9051-bb859a7e0f66 is trigred for aax  call db_display/content/running</title>
                    <attachments/>
                    <steps/>
                </step>
            </steps>
            <attachments/>
            <labels>
                <label name="testSuite" value="Suite"/>
                <label name="testGroup" value="Test"/>
                <label name="testClass" value="twc.Automation.SmokeTestCases.smokeTestCases"/>
                <label name="testMethod" value="Smoke_Test_Verify_amazon_aax_Running_Bigbanner_ad"/>
                <label name="host" value="Aswinikumars-MacBook-Pro.local"/>
                <label name="thread" value="3229@Aswinikumars-MacBook-Pro.local.main(1)"/>
            </labels>
        </test-case>
        <test-case start="1591549363233" stop="1591549363724" status="passed">
            <name>Smoke_Test_Verify_amazon_aax_Boat_Beach_Bigbanner_ad</name>
            <title>Verifying amazon axx slot for Boat&amp;Beach Bigbanner ad</title>
            <steps>
                <step start="1591549363627" stop="1591549363627" status="passed">
                    <name>logStep[Verifying amazon "slot": "58b652be-94ba-494d-8ac8-ac5e9ec00433"   for Boat&amp;beach content page]</name>
                    <title>Verifying amazon "slot": "58b652be-94ba-494d-8ac8-ac5e9ec00433"   for Boat&amp;beach content page</title>
                    <attachments/>
                    <steps/>
                </step>
                <step start="1591549363679" stop="1591549363679" status="passed">
                    <name>logStep[58b652be-94ba-494d-8ac8-ac5e9ec00433 is trigred for aax  call display/content/boat_beach]</name>
                    <title>58b652be-94ba-494d-8ac8-ac5e9ec00433 is trigred for aax  call display/content/boat_beach</title>
                    <attachments/>
                    <steps/>
                </step>
            </steps>
            <attachments/>
            <labels>
                <label name="testSuite" value="Suite"/>
                <label name="testGroup" value="Test"/>
                <label name="testClass" value="twc.Automation.SmokeTestCases.smokeTestCases"/>
                <label name="testMethod" value="Smoke_Test_Verify_amazon_aax_Boat_Beach_Bigbanner_ad"/>
                <label name="host" value="Aswinikumars-MacBook-Pro.local"/>
                <label name="thread" value="3229@Aswinikumars-MacBook-Pro.local.main(1)"/>
            </labels>
        </test-case>
        <test-case start="1591549363724" stop="1591549364239" status="passed">
            <name>Smoke_Test_Verify_Air_Quality_detailpage_adcall_iu</name>
            <title>Verifying iu value for  Air Quality content page</title>
            <steps>
                <step start="1591549364129" stop="1591549364129" status="passed">
                    <name>logStep[Verifying iu=%2F7646%2Fapp_android_us%2Fdb_display%2Fcontent%2Faq ad call]</name>
                    <title>Verifying iu=%2F7646%2Fapp_android_us%2Fdb_display%2Fcontent%2Faq ad call</title>
                    <attachments/>
                    <steps/>
                </step>
                <step start="1591549364187" stop="1591549364187" status="passed">
                    <name>logStep[/7646/app_android_us/db_display/content/aq call was trigred]</name>
                    <title>/7646/app_android_us/db_display/content/aq call was trigred</title>
                    <attachments/>
                    <steps/>
                </step>
            </steps>
            <attachments/>
            <labels>
                <label name="testSuite" value="Suite"/>
                <label name="testGroup" value="Test"/>
                <label name="testClass" value="twc.Automation.SmokeTestCases.smokeTestCases"/>
                <label name="testMethod" value="Smoke_Test_Verify_Air_Quality_detailpage_adcall_iu"/>
                <label name="host" value="Aswinikumars-MacBook-Pro.local"/>
                <label name="thread" value="3229@Aswinikumars-MacBook-Pro.local.main(1)"/>
            </labels>
        </test-case>
        <test-case start="1591549364240" stop="1591549364754" status="passed">
            <name>Smoke_Verify_est_Air_Quality_feedcard_adcall_iu</name>
            <title>Verifying iu value for  Air Quality feed card</title>
            <steps>
                <step start="1591549364640" stop="1591549364640" status="passed">
                    <name>logStep[Verifying iu=%2F7646%2Fapp_android_us%2Fdb_display%2Fcard%2Faq ad call]</name>
                    <title>Verifying iu=%2F7646%2Fapp_android_us%2Fdb_display%2Fcard%2Faq ad call</title>
                    <attachments/>
                    <steps/>
                </step>
                <step start="1591549364699" stop="1591549364699" status="passed">
                    <name>logStep[/7646/app_android_us/db_display/card/aq call was trigred]</name>
                    <title>/7646/app_android_us/db_display/card/aq call was trigred</title>
                    <attachments/>
                    <steps/>
                </step>
            </steps>
            <attachments/>
            <labels>
                <label name="testSuite" value="Suite"/>
                <label name="testGroup" value="Test"/>
                <label name="testClass" value="twc.Automation.SmokeTestCases.smokeTestCases"/>
                <label name="testMethod" value="Smoke_Verify_est_Air_Quality_feedcard_adcall_iu"/>
                <label name="host" value="Aswinikumars-MacBook-Pro.local"/>
                <label name="thread" value="3229@Aswinikumars-MacBook-Pro.local.main(1)"/>
            </labels>
        </test-case>
        <test-case start="1591549364755" stop="1591549365322" status="passed">
            <name>Smoke_Test_Verify_amazon_aax_AirQuality_adcall</name>
            <title>Verifying amazon axx slotId for  air quality feed card</title>
            <steps>
                <step start="1591549365223" stop="1591549365223" status="passed">
                    <name>logStep[Verifying amazon "slot": "9384272f-b27f-4686-935f-02e6c5763abd"  for air quality card]</name>
                    <title>Verifying amazon "slot": "9384272f-b27f-4686-935f-02e6c5763abd"  for air quality card</title>
                    <attachments/>
                    <steps/>
                </step>
            </steps>
            <attachments/>
            <labels>
                <label name="testSuite" value="Suite"/>
                <label name="testGroup" value="Test"/>
                <label name="testClass" value="twc.Automation.SmokeTestCases.smokeTestCases"/>
                <label name="testMethod" value="Smoke_Test_Verify_amazon_aax_AirQuality_adcall"/>
                <label name="host" value="Aswinikumars-MacBook-Pro.local"/>
                <label name="thread" value="3229@Aswinikumars-MacBook-Pro.local.main(1)"/>
            </labels>
        </test-case>
        <test-case start="1591549365323" stop="1591549365749" status="passed">
            <name>Smoke_Test_Verify_News_detailpage_adcall_iu</name>
            <title>Verifying iu value for news detailpage ad call iu</title>
            <steps>
                <step start="1591549365746" stop="1591549365746" status="passed">
                    <name>logStep[/7646/app_android_us/weather/severe/tropical call was trigred]</name>
                    <title>/7646/app_android_us/weather/severe/tropical call was trigred</title>
                    <attachments/>
                    <steps/>
                </step>
            </steps>
            <attachments/>
            <labels>
                <label name="testSuite" value="Suite"/>
                <label name="testGroup" value="Test"/>
                <label name="testClass" value="twc.Automation.SmokeTestCases.smokeTestCases"/>
                <label name="testMethod" value="Smoke_Test_Verify_News_detailpage_adcall_iu"/>
                <label name="host" value="Aswinikumars-MacBook-Pro.local"/>
                <label name="thread" value="3229@Aswinikumars-MacBook-Pro.local.main(1)"/>
            </labels>
        </test-case>
        <test-case start="1591549365749" stop="1591549366316" status="passed">
            <name>Smoke_Test_Verify_amazon_aax_News_adcall</name>
            <title>Verifying amazon axx slot for new article</title>
            <steps>
                <step start="1591549366178" stop="1591549366178" status="passed">
                    <name>logStep[Verifying amazon "slot": "70f9c21a-f197-4776-9025-809d80b61c67"  for air quality card]</name>
                    <title>Verifying amazon "slot": "70f9c21a-f197-4776-9025-809d80b61c67"  for air quality card</title>
                    <attachments/>
                    <steps/>
                </step>
                <step start="1591549366252" stop="1591549366252" status="passed">
                    <name>logStep[70f9c21a-f197-4776-9025-809d80b61c67 is trigred for aax  call db_display/card/newsarticle]</name>
                    <title>70f9c21a-f197-4776-9025-809d80b61c67 is trigred for aax  call db_display/card/newsarticle</title>
                    <attachments/>
                    <steps/>
                </step>
            </steps>
            <attachments/>
            <labels>
                <label name="testSuite" value="Suite"/>
                <label name="testGroup" value="Test"/>
                <label name="testClass" value="twc.Automation.SmokeTestCases.smokeTestCases"/>
                <label name="testMethod" value="Smoke_Test_Verify_amazon_aax_News_adcall"/>
                <label name="host" value="Aswinikumars-MacBook-Pro.local"/>
                <label name="thread" value="3229@Aswinikumars-MacBook-Pro.local.main(1)"/>
            </labels>
        </test-case>
        <test-case start="1591549366316" stop="1591549366804" status="passed">
            <name>Smoke_Test_Verify_News_hurricane_detail_adcall_iu</name>
            <title>Verifying iu value for Hurricane detailpage ad call iu</title>
            <steps>
                <step start="1591549366728" stop="1591549366728" status="passed">
                    <name>logStep[Verifying iu=%2F7646%2Fapp_android_us%2Fdb_display%2Fdetails%2Fhurricane ad call]</name>
                    <title>Verifying iu=%2F7646%2Fapp_android_us%2Fdb_display%2Fdetails%2Fhurricane ad call</title>
                    <attachments/>
                    <steps/>
                </step>
                <step start="1591549366774" stop="1591549366774" status="passed">
                    <name>logStep[/7646/app_android_us/db_display/details/hurricane call was trigred]</name>
                    <title>/7646/app_android_us/db_display/details/hurricane call was trigred</title>
                    <attachments/>
                    <steps/>
                </step>
            </steps>
            <attachments/>
            <labels>
                <label name="testSuite" value="Suite"/>
                <label name="testGroup" value="Test"/>
                <label name="testClass" value="twc.Automation.SmokeTestCases.smokeTestCases"/>
                <label name="testMethod" value="Smoke_Test_Verify_News_hurricane_detail_adcall_iu"/>
                <label name="host" value="Aswinikumars-MacBook-Pro.local"/>
                <label name="thread" value="3229@Aswinikumars-MacBook-Pro.local.main(1)"/>
            </labels>
        </test-case>
        <test-case start="1591549366805" stop="1591549367250" status="passed">
            <name>Smoke_Test_Verify_daily_card_adcall_iu</name>
            <title>Verifying iu value for daily feed card</title>
            <steps>
                <step start="1591549367198" stop="1591549367198" status="passed">
                    <name>logStep[Verifying iu=%2F7646%2Fapp_android_us%2Fdb_display%2Fcard%2Fdaily ad call]</name>
                    <title>Verifying iu=%2F7646%2Fapp_android_us%2Fdb_display%2Fcard%2Fdaily ad call</title>
                    <attachments/>
                    <steps/>
                </step>
                <step start="1591549367229" stop="1591549367229" status="passed">
                    <name>logStep[7646/app_android_us/db_display/card/daily call was trigred]</name>
                    <title>7646/app_android_us/db_display/card/daily call was trigred</title>
                    <attachments/>
                    <steps/>
                </step>
            </steps>
            <attachments/>
            <labels>
                <label name="testSuite" value="Suite"/>
                <label name="testGroup" value="Test"/>
                <label name="testClass" value="twc.Automation.SmokeTestCases.smokeTestCases"/>
                <label name="testMethod" value="Smoke_Test_Verify_daily_card_adcall_iu"/>
                <label name="host" value="Aswinikumars-MacBook-Pro.local"/>
                <label name="thread" value="3229@Aswinikumars-MacBook-Pro.local.main(1)"/>
            </labels>
        </test-case>
        <test-case start="1591549367250" stop="1591549367742" status="passed">
            <name>Smoke_Test_CaseVerify_AQ_aax_amazon_adcalll</name>
            <title>Verifying AQ aax call</title>
            <steps>
                <step start="1591549367652" stop="1591549367652" status="passed">
                    <name>logStep[Verifying amazon "slot": "9384272f-b27f-4686-935f-02e6c5763abd"  for air quality card]</name>
                    <title>Verifying amazon "slot": "9384272f-b27f-4686-935f-02e6c5763abd"  for air quality card</title>
                    <attachments/>
                    <steps/>
                </step>
            </steps>
            <attachments/>
            <labels>
                <label name="testSuite" value="Suite"/>
                <label name="testGroup" value="Test"/>
                <label name="testClass" value="twc.Automation.SmokeTestCases.smokeTestCases"/>
                <label name="testMethod" value="Smoke_Test_CaseVerify_AQ_aax_amazon_adcalll"/>
                <label name="host" value="Aswinikumars-MacBook-Pro.local"/>
                <label name="thread" value="3229@Aswinikumars-MacBook-Pro.local.main(1)"/>
            </labels>
        </test-case>
        <test-case start="1591549367743" stop="1591549368351" status="passed">
            <name>Smoke_Test_CaseVerify_news_aax_amazon_adcalll</name>
            <title>Verifying news aax call</title>
            <steps>
                <step start="1591549368198" stop="1591549368199" status="passed">
                    <name>logStep[Verifying amazon "slot": "70f9c21a-f197-4776-9025-809d80b61c67"  for air quality card]</name>
                    <title>Verifying amazon "slot": "70f9c21a-f197-4776-9025-809d80b61c67"  for air quality card</title>
                    <attachments/>
                    <steps/>
                </step>
                <step start="1591549368276" stop="1591549368276" status="passed">
                    <name>logStep[70f9c21a-f197-4776-9025-809d80b61c67 is trigred for aax  call db_display/card/newsarticle]</name>
                    <title>70f9c21a-f197-4776-9025-809d80b61c67 is trigred for aax  call db_display/card/newsarticle</title>
                    <attachments/>
                    <steps/>
                </step>
            </steps>
            <attachments/>
            <labels>
                <label name="testSuite" value="Suite"/>
                <label name="testGroup" value="Test"/>
                <label name="testClass" value="twc.Automation.SmokeTestCases.smokeTestCases"/>
                <label name="testMethod" value="Smoke_Test_CaseVerify_news_aax_amazon_adcalll"/>
                <label name="host" value="Aswinikumars-MacBook-Pro.local"/>
                <label name="thread" value="3229@Aswinikumars-MacBook-Pro.local.main(1)"/>
            </labels>
        </test-case>
        <test-case start="1591549368351" stop="1591549368915" status="passed">
            <name>Smoke_Test_Verify_hourly1_bigad_detailpage_adcall_iu</name>
            <title>Verifying iu value for hourly1 bigad  detailpage</title>
            <steps>
                <step start="1591549368777" stop="1591549368777" status="passed">
                    <name>logStep[Verifying iu=%2F7646%2Fapp_android_us%2Fdb_display%2Fdetails%2Fhourly1 ad call]</name>
                    <title>Verifying iu=%2F7646%2Fapp_android_us%2Fdb_display%2Fdetails%2Fhourly1 ad call</title>
                    <attachments/>
                    <steps/>
                </step>
                <step start="1591549368867" stop="1591549368867" status="passed">
                    <name>logStep[/7646/app_android_us/db_display/details/hourly1 call was trigred]</name>
                    <title>/7646/app_android_us/db_display/details/hourly1 call was trigred</title>
                    <attachments/>
                    <steps/>
                </step>
            </steps>
            <attachments/>
            <labels>
                <label name="testSuite" value="Suite"/>
                <label name="testGroup" value="Test"/>
                <label name="testClass" value="twc.Automation.SmokeTestCases.smokeTestCases"/>
                <label name="testMethod" value="Smoke_Test_Verify_hourly1_bigad_detailpage_adcall_iu"/>
                <label name="host" value="Aswinikumars-MacBook-Pro.local"/>
                <label name="thread" value="3229@Aswinikumars-MacBook-Pro.local.main(1)"/>
            </labels>
        </test-case>
        <test-case start="1591549368916" stop="1591549369500" status="passed">
            <name>Smoke_Test_Verify_hourly2_bigad_detailpage_adcall_iu</name>
            <title>Verifying iu value for hourly2 bigad  detailpage</title>
            <steps>
                <step start="1591549369357" stop="1591549369357" status="passed">
                    <name>logStep[Verifying iu=%2F7646%2Fapp_android_us%2Fdb_display%2Fdetails%2Fhourly2 ad call]</name>
                    <title>Verifying iu=%2F7646%2Fapp_android_us%2Fdb_display%2Fdetails%2Fhourly2 ad call</title>
                    <attachments/>
                    <steps/>
                </step>
                <step start="1591549369448" stop="1591549369448" status="passed">
                    <name>logStep[/7646/app_android_us/db_display/details/hourly2  call was trigred]</name>
                    <title>/7646/app_android_us/db_display/details/hourly2  call was trigred</title>
                    <attachments/>
                    <steps/>
                </step>
            </steps>
            <attachments/>
            <labels>
                <label name="testSuite" value="Suite"/>
                <label name="testGroup" value="Test"/>
                <label name="testClass" value="twc.Automation.SmokeTestCases.smokeTestCases"/>
                <label name="testMethod" value="Smoke_Test_Verify_hourly2_bigad_detailpage_adcall_iu"/>
                <label name="host" value="Aswinikumars-MacBook-Pro.local"/>
                <label name="thread" value="3229@Aswinikumars-MacBook-Pro.local.main(1)"/>
            </labels>
        </test-case>
        <test-case start="1591549369501" stop="1591549370071" status="passed">
            <name>Smoke_Test_Verify_hourly3_bigad_detailpage_adcall_iu</name>
            <title>Verifying iu value for hourly3 bigad  detailpage</title>
            <steps>
                <step start="1591549369924" stop="1591549369924" status="passed">
                    <name>logStep[Verifying iu=%2F7646%2Fapp_android_us%2Fdb_display%2Fdetails%2Fhourly3 ad call]</name>
                    <title>Verifying iu=%2F7646%2Fapp_android_us%2Fdb_display%2Fdetails%2Fhourly3 ad call</title>
                    <attachments/>
                    <steps/>
                </step>
                <step start="1591549370015" stop="1591549370015" status="passed">
                    <name>logStep[/7646/app_android_us/db_display/details/hourly3  call was trigred]</name>
                    <title>/7646/app_android_us/db_display/details/hourly3  call was trigred</title>
                    <attachments/>
                    <steps/>
                </step>
            </steps>
            <attachments/>
            <labels>
                <label name="testSuite" value="Suite"/>
                <label name="testGroup" value="Test"/>
                <label name="testClass" value="twc.Automation.SmokeTestCases.smokeTestCases"/>
                <label name="testMethod" value="Smoke_Test_Verify_hourly3_bigad_detailpage_adcall_iu"/>
                <label name="host" value="Aswinikumars-MacBook-Pro.local"/>
                <label name="thread" value="3229@Aswinikumars-MacBook-Pro.local.main(1)"/>
            </labels>
        </test-case>
        <test-case start="1591549370072" stop="1591549370628" status="passed">
            <name>Smoke_Test_Verify_hourly_detailpage_adcall_iu</name>
            <title>Verifying iu value for hourly detailpage</title>
            <steps>
                <step start="1591549370486" stop="1591549370486" status="passed">
                    <name>logStep[Verifying iu=%2F7646%2Fapp_android_us%2Fdb_display%2Fdetails%2Fhourly ad call]</name>
                    <title>Verifying iu=%2F7646%2Fapp_android_us%2Fdb_display%2Fdetails%2Fhourly ad call</title>
                    <attachments/>
                    <steps/>
                </step>
                <step start="1591549370576" stop="1591549370576" status="passed">
                    <name>logStep[/7646/app_android_us/db_display/details/hourly call was trigred]</name>
                    <title>/7646/app_android_us/db_display/details/hourly call was trigred</title>
                    <attachments/>
                    <steps/>
                </step>
            </steps>
            <attachments/>
            <labels>
                <label name="testSuite" value="Suite"/>
                <label name="testGroup" value="Test"/>
                <label name="testClass" value="twc.Automation.SmokeTestCases.smokeTestCases"/>
                <label name="testMethod" value="Smoke_Test_Verify_hourly_detailpage_adcall_iu"/>
                <label name="host" value="Aswinikumars-MacBook-Pro.local"/>
                <label name="thread" value="3229@Aswinikumars-MacBook-Pro.local.main(1)"/>
            </labels>
        </test-case>
        <test-case start="1591549370629" stop="1591549371013" status="passed">
            <name>Smoke_Test_CaseVerify_hurricane_detal_aax_adcalll</name>
            <title>Verifying hurricane aax call</title>
            <steps>
                <step start="1591549371012" stop="1591549371012" status="passed">
                    <name>logStep[Verifying amazon "slot": "5e7f510687cc453388a9c8442f95dc65"  for hurricane details]</name>
                    <title>Verifying amazon "slot": "5e7f510687cc453388a9c8442f95dc65"  for hurricane details</title>
                    <attachments/>
                    <steps/>
                </step>
                <step start="1591549371013" stop="1591549371013" status="passed">
                    <name>logStep[5e7f510687cc453388a9c8442f95dc65 is trigred for aax  call db_display/details/hurricane]</name>
                    <title>5e7f510687cc453388a9c8442f95dc65 is trigred for aax  call db_display/details/hurricane</title>
                    <attachments/>
                    <steps/>
                </step>
            </steps>
            <attachments/>
            <labels>
                <label name="testSuite" value="Suite"/>
                <label name="testGroup" value="Test"/>
                <label name="testClass" value="twc.Automation.SmokeTestCases.smokeTestCases"/>
                <label name="testMethod" value="Smoke_Test_CaseVerify_hurricane_detal_aax_adcalll"/>
                <label name="host" value="Aswinikumars-MacBook-Pro.local"/>
                <label name="thread" value="3229@Aswinikumars-MacBook-Pro.local.main(1)"/>
            </labels>
        </test-case>
        <test-case start="1591549371014" stop="1591549371044" status="broken">
            <name>Smoke_Test_Verify_PrivacyCard_onScreen</name>
            <title>Verifying Privacy Card is present on the screen</title>
            <failure>
                <message>NullPointerException: null</message>
                <stack-trace>java.lang.NullPointerException
	at twc.Automation.HandleWithApp.AppFunctions.Kill_Launch_App(AppFunctions.java:903)
	at twc.Automation.SmokeTestCases.smokeTestCases.Smoke_Test_Verify_PrivacyCard_onScreen(smokeTestCases.java:589)
	at sun.reflect.NativeMethodAccessorImpl.invoke0(Native Method)
	at sun.reflect.NativeMethodAccessorImpl.invoke(NativeMethodAccessorImpl.java:62)
	at sun.reflect.DelegatingMethodAccessorImpl.invoke(DelegatingMethodAccessorImpl.java:43)
	at java.lang.reflect.Method.invoke(Method.java:498)
	at org.testng.internal.MethodInvocationHelper.invokeMethod(MethodInvocationHelper.java:85)
	at org.testng.internal.Invoker.invokeMethod(Invoker.java:659)
	at org.testng.internal.Invoker.invokeTestMethod(Invoker.java:845)
	at org.testng.internal.Invoker.invokeTestMethods(Invoker.java:1153)
	at org.testng.internal.TestMethodWorker.invokeTestMethods(TestMethodWorker.java:125)
	at org.testng.internal.TestMethodWorker.run(TestMethodWorker.java:108)
	at org.testng.TestRunner.privateRun(TestRunner.java:771)
	at org.testng.TestRunner.run(TestRunner.java:621)
	at org.testng.SuiteRunner.runTest(SuiteRunner.java:357)
	at org.testng.SuiteRunner.runSequentially(SuiteRunner.java:352)
	at org.testng.SuiteRunner.privateRun(SuiteRunner.java:310)
	at org.testng.SuiteRunner.run(SuiteRunner.java:259)
	at org.testng.SuiteRunnerWorker.runSuite(SuiteRunnerWorker.java:52)
	at org.testng.SuiteRunnerWorker.run(SuiteRunnerWorker.java:86)
	at org.testng.TestNG.runSuitesSequentially(TestNG.java:1199)
	at org.testng.TestNG.runSuitesLocally(TestNG.java:1124)
	at org.testng.TestNG.run(TestNG.java:1032)
	at org.apache.maven.surefire.testng.TestNGExecutor.run(TestNGExecutor.java:73)
	at org.apache.maven.surefire.testng.TestNGXmlTestSuite.execute(TestNGXmlTestSuite.java:94)
	at org.apache.maven.surefire.Surefire.run(Surefire.java:169)
	at sun.reflect.NativeMethodAccessorImpl.invoke0(Native Method)
	at sun.reflect.NativeMethodAccessorImpl.invoke(NativeMethodAccessorImpl.java:62)
	at sun.reflect.DelegatingMethodAccessorImpl.invoke(DelegatingMethodAccessorImpl.java:43)
	at java.lang.reflect.Method.invoke(Method.java:498)
	at org.apache.maven.surefire.booter.SurefireBooter.runSuitesInProcess(SurefireBooter.java:350)
	at org.apache.maven.surefire.booter.SurefireBooter.main(SurefireBooter.java:1021)
</stack-trace>
            </failure>
            <steps/>
            <attachments/>
            <labels>
                <label name="testSuite" value="Suite"/>
                <label name="testGroup" value="Test"/>
                <label name="testClass" value="twc.Automation.SmokeTestCases.smokeTestCases"/>
                <label name="testMethod" value="Smoke_Test_Verify_PrivacyCard_onScreen"/>
                <label name="host" value="Aswinikumars-MacBook-Pro.local"/>
                <label name="thread" value="3229@Aswinikumars-MacBook-Pro.local.main(1)"/>
            </labels>
        </test-case>
        <test-case start="1591549371045" stop="1591549371046" status="broken">
            <name>Smoke_Test_Selecting_Opt_out_mode_scenario</name>
            <title>Selecting the  Opt out mode in the privacy card</title>
            <failure>
                <message>NullPointerException: null</message>
                <stack-trace>java.lang.NullPointerException
	at twc.Automation.General.Functions.selecting_opt_out_mode(Functions.java:3397)
	at twc.Automation.SmokeTestCases.smokeTestCases.Smoke_Test_Selecting_Opt_out_mode_scenario(smokeTestCases.java:603)
	at sun.reflect.NativeMethodAccessorImpl.invoke0(Native Method)
	at sun.reflect.NativeMethodAccessorImpl.invoke(NativeMethodAccessorImpl.java:62)
	at sun.reflect.DelegatingMethodAccessorImpl.invoke(DelegatingMethodAccessorImpl.java:43)
	at java.lang.reflect.Method.invoke(Method.java:498)
	at org.testng.internal.MethodInvocationHelper.invokeMethod(MethodInvocationHelper.java:85)
	at org.testng.internal.Invoker.invokeMethod(Invoker.java:659)
	at org.testng.internal.Invoker.invokeTestMethod(Invoker.java:845)
	at org.testng.internal.Invoker.invokeTestMethods(Invoker.java:1153)
	at org.testng.internal.TestMethodWorker.invokeTestMethods(TestMethodWorker.java:125)
	at org.testng.internal.TestMethodWorker.run(TestMethodWorker.java:108)
	at org.testng.TestRunner.privateRun(TestRunner.java:771)
	at org.testng.TestRunner.run(TestRunner.java:621)
	at org.testng.SuiteRunner.runTest(SuiteRunner.java:357)
	at org.testng.SuiteRunner.runSequentially(SuiteRunner.java:352)
	at org.testng.SuiteRunner.privateRun(SuiteRunner.java:310)
	at org.testng.SuiteRunner.run(SuiteRunner.java:259)
	at org.testng.SuiteRunnerWorker.runSuite(SuiteRunnerWorker.java:52)
	at org.testng.SuiteRunnerWorker.run(SuiteRunnerWorker.java:86)
	at org.testng.TestNG.runSuitesSequentially(TestNG.java:1199)
	at org.testng.TestNG.runSuitesLocally(TestNG.java:1124)
	at org.testng.TestNG.run(TestNG.java:1032)
	at org.apache.maven.surefire.testng.TestNGExecutor.run(TestNGExecutor.java:73)
	at org.apache.maven.surefire.testng.TestNGXmlTestSuite.execute(TestNGXmlTestSuite.java:94)
	at org.apache.maven.surefire.Surefire.run(Surefire.java:169)
	at sun.reflect.NativeMethodAccessorImpl.invoke0(Native Method)
	at sun.reflect.NativeMethodAccessorImpl.invoke(NativeMethodAccessorImpl.java:62)
	at sun.reflect.DelegatingMethodAccessorImpl.invoke(DelegatingMethodAccessorImpl.java:43)
	at java.lang.reflect.Method.invoke(Method.java:498)
	at org.apache.maven.surefire.booter.SurefireBooter.runSuitesInProcess(SurefireBooter.java:350)
	at org.apache.maven.surefire.booter.SurefireBooter.main(SurefireBooter.java:1021)
</stack-trace>
            </failure>
            <steps/>
            <attachments/>
            <labels>
                <label name="testSuite" value="Suite"/>
                <label name="testGroup" value="Test"/>
                <label name="testClass" value="twc.Automation.SmokeTestCases.smokeTestCases"/>
                <label name="testMethod" value="Smoke_Test_Selecting_Opt_out_mode_scenario"/>
                <label name="host" value="Aswinikumars-MacBook-Pro.local"/>
                <label name="thread" value="3229@Aswinikumars-MacBook-Pro.local.main(1)"/>
            </labels>
        </test-case>
        <test-case start="1591549371046" stop="1591549371047" status="broken">
            <name>Smoke_Test__Smoke_Test_Verifying_videoadcall_Optoutmode_scenario</name>
            <title>Verifying video call when user selecting Optoutmode scenario in privacy card</title>
            <failure>
                <message>NullPointerException: null</message>
                <stack-trace>java.lang.NullPointerException
	at twc.Automation.HandleWithApp.AppFunctions.Kill_Launch_App(AppFunctions.java:903)
	at twc.Automation.SmokeTestCases.smokeTestCases.Smoke_Test__Smoke_Test_Verifying_videoadcall_Optoutmode_scenario(smokeTestCases.java:613)
	at sun.reflect.NativeMethodAccessorImpl.invoke0(Native Method)
	at sun.reflect.NativeMethodAccessorImpl.invoke(NativeMethodAccessorImpl.java:62)
	at sun.reflect.DelegatingMethodAccessorImpl.invoke(DelegatingMethodAccessorImpl.java:43)
	at java.lang.reflect.Method.invoke(Method.java:498)
	at org.testng.internal.MethodInvocationHelper.invokeMethod(MethodInvocationHelper.java:85)
	at org.testng.internal.Invoker.invokeMethod(Invoker.java:659)
	at org.testng.internal.Invoker.invokeTestMethod(Invoker.java:845)
	at org.testng.internal.Invoker.invokeTestMethods(Invoker.java:1153)
	at org.testng.internal.TestMethodWorker.invokeTestMethods(TestMethodWorker.java:125)
	at org.testng.internal.TestMethodWorker.run(TestMethodWorker.java:108)
	at org.testng.TestRunner.privateRun(TestRunner.java:771)
	at org.testng.TestRunner.run(TestRunner.java:621)
	at org.testng.SuiteRunner.runTest(SuiteRunner.java:357)
	at org.testng.SuiteRunner.runSequentially(SuiteRunner.java:352)
	at org.testng.SuiteRunner.privateRun(SuiteRunner.java:310)
	at org.testng.SuiteRunner.run(SuiteRunner.java:259)
	at org.testng.SuiteRunnerWorker.runSuite(SuiteRunnerWorker.java:52)
	at org.testng.SuiteRunnerWorker.run(SuiteRunnerWorker.java:86)
	at org.testng.TestNG.runSuitesSequentially(TestNG.java:1199)
	at org.testng.TestNG.runSuitesLocally(TestNG.java:1124)
	at org.testng.TestNG.run(TestNG.java:1032)
	at org.apache.maven.surefire.testng.TestNGExecutor.run(TestNGExecutor.java:73)
	at org.apache.maven.surefire.testng.TestNGXmlTestSuite.execute(TestNGXmlTestSuite.java:94)
	at org.apache.maven.surefire.Surefire.run(Surefire.java:169)
	at sun.reflect.NativeMethodAccessorImpl.invoke0(Native Method)
	at sun.reflect.NativeMethodAccessorImpl.invoke(NativeMethodAccessorImpl.java:62)
	at sun.reflect.DelegatingMethodAccessorImpl.invoke(DelegatingMethodAccessorImpl.java:43)
	at java.lang.reflect.Method.invoke(Method.java:498)
	at org.apache.maven.surefire.booter.SurefireBooter.runSuitesInProcess(SurefireBooter.java:350)
	at org.apache.maven.surefire.booter.SurefireBooter.main(SurefireBooter.java:1021)
</stack-trace>
            </failure>
            <steps/>
            <attachments/>
            <labels>
                <label name="testSuite" value="Suite"/>
                <label name="testGroup" value="Test"/>
                <label name="testClass" value="twc.Automation.SmokeTestCases.smokeTestCases"/>
                <label name="testMethod" value="Smoke_Test__Smoke_Test_Verifying_videoadcall_Optoutmode_scenario"/>
                <label name="host" value="Aswinikumars-MacBook-Pro.local"/>
                <label name="thread" value="3229@Aswinikumars-MacBook-Pro.local.main(1)"/>
            </labels>
        </test-case>
        <test-case start="1591549371047" stop="1591549371539" status="passed">
            <name>Smoke_Test_Verifying_Feedadcall_Optoutmode_scenario</name>
            <title>Verifying Feed ad call when user selecting Optoutmode scenario in privacy card</title>
            <steps/>
            <attachments/>
            <labels>
                <label name="testSuite" value="Suite"/>
                <label name="testGroup" value="Test"/>
                <label name="testClass" value="twc.Automation.SmokeTestCases.smokeTestCases"/>
                <label name="testMethod" value="Smoke_Test_Verifying_Feedadcall_Optoutmode_scenario"/>
                <label name="host" value="Aswinikumars-MacBook-Pro.local"/>
                <label name="thread" value="3229@Aswinikumars-MacBook-Pro.local.main(1)"/>
            </labels>
        </test-case>
        <test-case start="1591549371539" stop="1591549372115" status="passed">
            <name>Smoke_Test_Verifying_detailpageadcall_Optoutmode_scenario</name>
            <title>Verifying details page detail page ad call when user selecting Optoutmode scenario in privacy card</title>
            <steps/>
            <attachments/>
            <labels>
                <label name="testSuite" value="Suite"/>
                <label name="testGroup" value="Test"/>
                <label name="testClass" value="twc.Automation.SmokeTestCases.smokeTestCases"/>
                <label name="testMethod" value="Smoke_Test_Verifying_detailpageadcall_Optoutmode_scenario"/>
                <label name="host" value="Aswinikumars-MacBook-Pro.local"/>
                <label name="thread" value="3229@Aswinikumars-MacBook-Pro.local.main(1)"/>
            </labels>
        </test-case>
        <test-case start="1591549372117" stop="1591549372602" status="failed">
            <name>Smoke_Test__Verifying_Bcp_apicall_Optoutmode_scenario</name>
            <title>Verifying BCP api call when user selecting Optoutmode scenario in privacy card</title>
            <failure>
                <message>AssertionError: https://bcp.crwdcntrl.net/ url was trigred</message>
                <stack-trace>java.lang.AssertionError: https://bcp.crwdcntrl.net/ url was trigred
	at org.testng.Assert.fail(Assert.java:94)
	at twc.Automation.General.Functions.validating_bcp_privacy_Optoutmode_scenarion(Functions.java:3494)
	at twc.Automation.SmokeTestCases.smokeTestCases.Smoke_Test__Verifying_Bcp_apicall_Optoutmode_scenario(smokeTestCases.java:658)
	at sun.reflect.NativeMethodAccessorImpl.invoke0(Native Method)
	at sun.reflect.NativeMethodAccessorImpl.invoke(NativeMethodAccessorImpl.java:62)
	at sun.reflect.DelegatingMethodAccessorImpl.invoke(DelegatingMethodAccessorImpl.java:43)
	at java.lang.reflect.Method.invoke(Method.java:498)
	at org.testng.internal.MethodInvocationHelper.invokeMethod(MethodInvocationHelper.java:85)
	at org.testng.internal.Invoker.invokeMethod(Invoker.java:659)
	at org.testng.internal.Invoker.invokeTestMethod(Invoker.java:845)
	at org.testng.internal.Invoker.invokeTestMethods(Invoker.java:1153)
	at org.testng.internal.TestMethodWorker.invokeTestMethods(TestMethodWorker.java:125)
	at org.testng.internal.TestMethodWorker.run(TestMethodWorker.java:108)
	at org.testng.TestRunner.privateRun(TestRunner.java:771)
	at org.testng.TestRunner.run(TestRunner.java:621)
	at org.testng.SuiteRunner.runTest(SuiteRunner.java:357)
	at org.testng.SuiteRunner.runSequentially(SuiteRunner.java:352)
	at org.testng.SuiteRunner.privateRun(SuiteRunner.java:310)
	at org.testng.SuiteRunner.run(SuiteRunner.java:259)
	at org.testng.SuiteRunnerWorker.runSuite(SuiteRunnerWorker.java:52)
	at org.testng.SuiteRunnerWorker.run(SuiteRunnerWorker.java:86)
	at org.testng.TestNG.runSuitesSequentially(TestNG.java:1199)
	at org.testng.TestNG.runSuitesLocally(TestNG.java:1124)
	at org.testng.TestNG.run(TestNG.java:1032)
	at org.apache.maven.surefire.testng.TestNGExecutor.run(TestNGExecutor.java:73)
	at org.apache.maven.surefire.testng.TestNGXmlTestSuite.execute(TestNGXmlTestSuite.java:94)
	at org.apache.maven.surefire.Surefire.run(Surefire.java:169)
	at sun.reflect.NativeMethodAccessorImpl.invoke0(Native Method)
	at sun.reflect.NativeMethodAccessorImpl.invoke(NativeMethodAccessorImpl.java:62)
	at sun.reflect.DelegatingMethodAccessorImpl.invoke(DelegatingMethodAccessorImpl.java:43)
	at java.lang.reflect.Method.invoke(Method.java:498)
	at org.apache.maven.surefire.booter.SurefireBooter.runSuitesInProcess(SurefireBooter.java:350)
	at org.apache.maven.surefire.booter.SurefireBooter.main(SurefireBooter.java:1021)
</stack-trace>
            </failure>
            <steps/>
            <attachments/>
            <labels>
                <label name="testSuite" value="Suite"/>
                <label name="testGroup" value="Test"/>
                <label name="testClass" value="twc.Automation.SmokeTestCases.smokeTestCases"/>
                <label name="testMethod" value="Smoke_Test__Verifying_Bcp_apicall_Optoutmode_scenario"/>
                <label name="host" value="Aswinikumars-MacBook-Pro.local"/>
                <label name="thread" value="3229@Aswinikumars-MacBook-Pro.local.main(1)"/>
            </labels>
        </test-case>
        <test-case start="1591549372603" stop="1591549373055" status="failed">
            <name>Smoke_Test__Verifying_adcrw_apicall_Optoutmode_scenario</name>
            <title>Verifying Adcrw api call when user selecting Optoutmode scenario in privacy card</title>
            <failure>
                <message>AssertionError: https://ad.crwdcntrl.net/ url was trigred</message>
                <stack-trace>java.lang.AssertionError: https://ad.crwdcntrl.net/ url was trigred
	at org.testng.Assert.fail(Assert.java:94)
	at twc.Automation.General.Functions.validating_adcrw_privacy_Optoutmode_scenarion(Functions.java:3515)
	at twc.Automation.SmokeTestCases.smokeTestCases.Smoke_Test__Verifying_adcrw_apicall_Optoutmode_scenario(smokeTestCases.java:670)
	at sun.reflect.NativeMethodAccessorImpl.invoke0(Native Method)
	at sun.reflect.NativeMethodAccessorImpl.invoke(NativeMethodAccessorImpl.java:62)
	at sun.reflect.DelegatingMethodAccessorImpl.invoke(DelegatingMethodAccessorImpl.java:43)
	at java.lang.reflect.Method.invoke(Method.java:498)
	at org.testng.internal.MethodInvocationHelper.invokeMethod(MethodInvocationHelper.java:85)
	at org.testng.internal.Invoker.invokeMethod(Invoker.java:659)
	at org.testng.internal.Invoker.invokeTestMethod(Invoker.java:845)
	at org.testng.internal.Invoker.invokeTestMethods(Invoker.java:1153)
	at org.testng.internal.TestMethodWorker.invokeTestMethods(TestMethodWorker.java:125)
	at org.testng.internal.TestMethodWorker.run(TestMethodWorker.java:108)
	at org.testng.TestRunner.privateRun(TestRunner.java:771)
	at org.testng.TestRunner.run(TestRunner.java:621)
	at org.testng.SuiteRunner.runTest(SuiteRunner.java:357)
	at org.testng.SuiteRunner.runSequentially(SuiteRunner.java:352)
	at org.testng.SuiteRunner.privateRun(SuiteRunner.java:310)
	at org.testng.SuiteRunner.run(SuiteRunner.java:259)
	at org.testng.SuiteRunnerWorker.runSuite(SuiteRunnerWorker.java:52)
	at org.testng.SuiteRunnerWorker.run(SuiteRunnerWorker.java:86)
	at org.testng.TestNG.runSuitesSequentially(TestNG.java:1199)
	at org.testng.TestNG.runSuitesLocally(TestNG.java:1124)
	at org.testng.TestNG.run(TestNG.java:1032)
	at org.apache.maven.surefire.testng.TestNGExecutor.run(TestNGExecutor.java:73)
	at org.apache.maven.surefire.testng.TestNGXmlTestSuite.execute(TestNGXmlTestSuite.java:94)
	at org.apache.maven.surefire.Surefire.run(Surefire.java:169)
	at sun.reflect.NativeMethodAccessorImpl.invoke0(Native Method)
	at sun.reflect.NativeMethodAccessorImpl.invoke(NativeMethodAccessorImpl.java:62)
	at sun.reflect.DelegatingMethodAccessorImpl.invoke(DelegatingMethodAccessorImpl.java:43)
	at java.lang.reflect.Method.invoke(Method.java:498)
	at org.apache.maven.surefire.booter.SurefireBooter.runSuitesInProcess(SurefireBooter.java:350)
	at org.apache.maven.surefire.booter.SurefireBooter.main(SurefireBooter.java:1021)
</stack-trace>
            </failure>
            <steps/>
            <attachments/>
            <labels>
                <label name="testSuite" value="Suite"/>
                <label name="testGroup" value="Test"/>
                <label name="testClass" value="twc.Automation.SmokeTestCases.smokeTestCases"/>
                <label name="testMethod" value="Smoke_Test__Verifying_adcrw_apicall_Optoutmode_scenario"/>
                <label name="host" value="Aswinikumars-MacBook-Pro.local"/>
                <label name="thread" value="3229@Aswinikumars-MacBook-Pro.local.main(1)"/>
            </labels>
        </test-case>
        <test-case start="1591549373056" stop="1591549373594" status="passed">
            <name>Smoke_Test__Verifying_locaion_apicall_Optoutmode_scenario</name>
            <title>Verifying Fatual api call when user selecting Optoutmode scenario in privacy card</title>
            <steps/>
            <attachments/>
            <labels>
                <label name="testSuite" value="Suite"/>
                <label name="testGroup" value="Test"/>
                <label name="testClass" value="twc.Automation.SmokeTestCases.smokeTestCases"/>
                <label name="testMethod" value="Smoke_Test__Verifying_locaion_apicall_Optoutmode_scenario"/>
                <label name="host" value="Aswinikumars-MacBook-Pro.local"/>
                <label name="thread" value="3229@Aswinikumars-MacBook-Pro.local.main(1)"/>
            </labels>
        </test-case>
        <test-case start="1591549373594" stop="1591549373985" status="failed">
            <name>Smoke_Test__Verifying_amaozn_aax_calls_Optoutmode_scenario</name>
            <title>Verifying amazon aax calls when user selecting Optoutmode scenario in privacy card</title>
            <failure>
                <message>AssertionError: amazon aax is  trigreed for privacy Optoutmode scenario</message>
                <stack-trace>java.lang.AssertionError: amazon aax is  trigreed for privacy Optoutmode scenario
	at org.testng.Assert.fail(Assert.java:94)
	at twc.Automation.General.Functions.validating_aax_privacy_Optoutmode_scenario(Functions.java:3862)
	at twc.Automation.SmokeTestCases.smokeTestCases.Smoke_Test__Verifying_amaozn_aax_calls_Optoutmode_scenario(smokeTestCases.java:694)
	at sun.reflect.NativeMethodAccessorImpl.invoke0(Native Method)
	at sun.reflect.NativeMethodAccessorImpl.invoke(NativeMethodAccessorImpl.java:62)
	at sun.reflect.DelegatingMethodAccessorImpl.invoke(DelegatingMethodAccessorImpl.java:43)
	at java.lang.reflect.Method.invoke(Method.java:498)
	at org.testng.internal.MethodInvocationHelper.invokeMethod(MethodInvocationHelper.java:85)
	at org.testng.internal.Invoker.invokeMethod(Invoker.java:659)
	at org.testng.internal.Invoker.invokeTestMethod(Invoker.java:845)
	at org.testng.internal.Invoker.invokeTestMethods(Invoker.java:1153)
	at org.testng.internal.TestMethodWorker.invokeTestMethods(TestMethodWorker.java:125)
	at org.testng.internal.TestMethodWorker.run(TestMethodWorker.java:108)
	at org.testng.TestRunner.privateRun(TestRunner.java:771)
	at org.testng.TestRunner.run(TestRunner.java:621)
	at org.testng.SuiteRunner.runTest(SuiteRunner.java:357)
	at org.testng.SuiteRunner.runSequentially(SuiteRunner.java:352)
	at org.testng.SuiteRunner.privateRun(SuiteRunner.java:310)
	at org.testng.SuiteRunner.run(SuiteRunner.java:259)
	at org.testng.SuiteRunnerWorker.runSuite(SuiteRunnerWorker.java:52)
	at org.testng.SuiteRunnerWorker.run(SuiteRunnerWorker.java:86)
	at org.testng.TestNG.runSuitesSequentially(TestNG.java:1199)
	at org.testng.TestNG.runSuitesLocally(TestNG.java:1124)
	at org.testng.TestNG.run(TestNG.java:1032)
	at org.apache.maven.surefire.testng.TestNGExecutor.run(TestNGExecutor.java:73)
	at org.apache.maven.surefire.testng.TestNGXmlTestSuite.execute(TestNGXmlTestSuite.java:94)
	at org.apache.maven.surefire.Surefire.run(Surefire.java:169)
	at sun.reflect.NativeMethodAccessorImpl.invoke0(Native Method)
	at sun.reflect.NativeMethodAccessorImpl.invoke(NativeMethodAccessorImpl.java:62)
	at sun.reflect.DelegatingMethodAccessorImpl.invoke(DelegatingMethodAccessorImpl.java:43)
	at java.lang.reflect.Method.invoke(Method.java:498)
	at org.apache.maven.surefire.booter.SurefireBooter.runSuitesInProcess(SurefireBooter.java:350)
	at org.apache.maven.surefire.booter.SurefireBooter.main(SurefireBooter.java:1021)
</stack-trace>
            </failure>
            <steps/>
            <attachments/>
            <labels>
                <label name="testSuite" value="Suite"/>
                <label name="testGroup" value="Test"/>
                <label name="testClass" value="twc.Automation.SmokeTestCases.smokeTestCases"/>
                <label name="testMethod" value="Smoke_Test__Verifying_amaozn_aax_calls_Optoutmode_scenario"/>
                <label name="host" value="Aswinikumars-MacBook-Pro.local"/>
                <label name="thread" value="3229@Aswinikumars-MacBook-Pro.local.main(1)"/>
            </labels>
        </test-case>
        <test-case start="1591549373986" stop="1591549374445" status="passed">
            <name>Smoke_Test__Verifying_homescreenhourly_calls_Optoutmode_scenario</name>
            <title>Verifying home screnn hourly ad call  when user selecting Optoutmode scenario in privacy card</title>
            <steps>
                <step start="1591549374388" stop="1591549374388" status="passed">
                    <name>logStep[Checking for  iu=%2F7646%2Fapp_android_us%2Fdb_display%2Fhome_screen%2Fhourly ad call]</name>
                    <title>Checking for  iu=%2F7646%2Fapp_android_us%2Fdb_display%2Fhome_screen%2Fhourly ad call</title>
                    <attachments/>
                    <steps/>
                </step>
                <step start="1591549374418" stop="1591549374418" status="passed">
                    <name>logStep[7646/app_android_us/db_display/home_screen/hourly call was trigred]</name>
                    <title>7646/app_android_us/db_display/home_screen/hourly call was trigred</title>
                    <attachments/>
                    <steps/>
                </step>
            </steps>
            <attachments/>
            <labels>
                <label name="testSuite" value="Suite"/>
                <label name="testGroup" value="Test"/>
                <label name="testClass" value="twc.Automation.SmokeTestCases.smokeTestCases"/>
                <label name="testMethod" value="Smoke_Test__Verifying_homescreenhourly_calls_Optoutmode_scenario"/>
                <label name="host" value="Aswinikumars-MacBook-Pro.local"/>
                <label name="thread" value="3229@Aswinikumars-MacBook-Pro.local.main(1)"/>
            </labels>
        </test-case>
        <test-case start="1591549374446" stop="1591549375002" status="passed">
            <name>Smoke_Test__Verifying_marqueehomescreecall_Optoutmode_scenario</name>
            <title>Verifying homescreen marquee ad call  when user selecting Optoutmode scenario in privacy card</title>
            <steps>
                <step start="1591549374953" stop="1591549374953" status="passed">
                    <name>logStep[checking for iu=%2F7646%2Fapp_android_us%2Fdb_display%2Fhome_screen%2Fmarquee ad call]</name>
                    <title>checking for iu=%2F7646%2Fapp_android_us%2Fdb_display%2Fhome_screen%2Fmarquee ad call</title>
                    <attachments/>
                    <steps/>
                </step>
                <step start="1591549374983" stop="1591549374983" status="passed">
                    <name>logStep[/7646/app_android_us/db_display/home_screen/marquee call was trigred]</name>
                    <title>/7646/app_android_us/db_display/home_screen/marquee call was trigred</title>
                    <attachments/>
                    <steps/>
                </step>
            </steps>
            <attachments/>
            <labels>
                <label name="testSuite" value="Suite"/>
                <label name="testGroup" value="Test"/>
                <label name="testClass" value="twc.Automation.SmokeTestCases.smokeTestCases"/>
                <label name="testMethod" value="Smoke_Test__Verifying_marqueehomescreecall_Optoutmode_scenario"/>
                <label name="host" value="Aswinikumars-MacBook-Pro.local"/>
                <label name="thread" value="3229@Aswinikumars-MacBook-Pro.local.main(1)"/>
            </labels>
        </test-case>
        <test-case start="1591549375003" stop="1591549375469" status="failed">
            <name>Smoke_Test_Verifying_SOD_Cust_Param_homescreenad_Optoutmode_scenario</name>
            <title>Verifying SOD Cust param value for home screen call when user selecting Optoutmode scenario in privacy card</title>
            <failure>
                <message>AssertionError: SOD cust param value for home screen call is not matchged withsod=yes</message>
                <stack-trace>java.lang.AssertionError: SOD cust param value for home screen call is not matchged withsod=yes
	at org.testng.Assert.fail(Assert.java:94)
	at twc.Automation.General.Functions.validate_SOD_Cust_param_homescreen_Optoutmode(Functions.java:3915)
	at twc.Automation.SmokeTestCases.smokeTestCases.Smoke_Test_Verifying_SOD_Cust_Param_homescreenad_Optoutmode_scenario(smokeTestCases.java:727)
	at sun.reflect.NativeMethodAccessorImpl.invoke0(Native Method)
	at sun.reflect.NativeMethodAccessorImpl.invoke(NativeMethodAccessorImpl.java:62)
	at sun.reflect.DelegatingMethodAccessorImpl.invoke(DelegatingMethodAccessorImpl.java:43)
	at java.lang.reflect.Method.invoke(Method.java:498)
	at org.testng.internal.MethodInvocationHelper.invokeMethod(MethodInvocationHelper.java:85)
	at org.testng.internal.Invoker.invokeMethod(Invoker.java:659)
	at org.testng.internal.Invoker.invokeTestMethod(Invoker.java:845)
	at org.testng.internal.Invoker.invokeTestMethods(Invoker.java:1153)
	at org.testng.internal.TestMethodWorker.invokeTestMethods(TestMethodWorker.java:125)
	at org.testng.internal.TestMethodWorker.run(TestMethodWorker.java:108)
	at org.testng.TestRunner.privateRun(TestRunner.java:771)
	at org.testng.TestRunner.run(TestRunner.java:621)
	at org.testng.SuiteRunner.runTest(SuiteRunner.java:357)
	at org.testng.SuiteRunner.runSequentially(SuiteRunner.java:352)
	at org.testng.SuiteRunner.privateRun(SuiteRunner.java:310)
	at org.testng.SuiteRunner.run(SuiteRunner.java:259)
	at org.testng.SuiteRunnerWorker.runSuite(SuiteRunnerWorker.java:52)
	at org.testng.SuiteRunnerWorker.run(SuiteRunnerWorker.java:86)
	at org.testng.TestNG.runSuitesSequentially(TestNG.java:1199)
	at org.testng.TestNG.runSuitesLocally(TestNG.java:1124)
	at org.testng.TestNG.run(TestNG.java:1032)
	at org.apache.maven.surefire.testng.TestNGExecutor.run(TestNGExecutor.java:73)
	at org.apache.maven.surefire.testng.TestNGXmlTestSuite.execute(TestNGXmlTestSuite.java:94)
	at org.apache.maven.surefire.Surefire.run(Surefire.java:169)
	at sun.reflect.NativeMethodAccessorImpl.invoke0(Native Method)
	at sun.reflect.NativeMethodAccessorImpl.invoke(NativeMethodAccessorImpl.java:62)
	at sun.reflect.DelegatingMethodAccessorImpl.invoke(DelegatingMethodAccessorImpl.java:43)
	at java.lang.reflect.Method.invoke(Method.java:498)
	at org.apache.maven.surefire.booter.SurefireBooter.runSuitesInProcess(SurefireBooter.java:350)
	at org.apache.maven.surefire.booter.SurefireBooter.main(SurefireBooter.java:1021)
</stack-trace>
            </failure>
            <steps/>
            <attachments/>
            <labels>
                <label name="testSuite" value="Suite"/>
                <label name="testGroup" value="Test"/>
                <label name="testClass" value="twc.Automation.SmokeTestCases.smokeTestCases"/>
                <label name="testMethod" value="Smoke_Test_Verifying_SOD_Cust_Param_homescreenad_Optoutmode_scenario"/>
                <label name="host" value="Aswinikumars-MacBook-Pro.local"/>
                <label name="thread" value="3229@Aswinikumars-MacBook-Pro.local.main(1)"/>
            </labels>
        </test-case>
        <test-case start="1591549375470" stop="1591549375934" status="failed">
            <name>Smoke_Test_Verifying_SOD_Cust_Param_Feedad_Optoutmode_scenario</name>
            <title>Verifying SOD Cust param value for  Feed ad call when user selecting Optoutmode scenario in privacy card</title>
            <failure>
                <message>AssertionError: SOD cust param value for Feed call is not matchged withsod=yes</message>
                <stack-trace>java.lang.AssertionError: SOD cust param value for Feed call is not matchged withsod=yes
	at org.testng.Assert.fail(Assert.java:94)
	at twc.Automation.General.Functions.validate_SOD_Cust_param_feed_Optoutmode(Functions.java:3944)
	at twc.Automation.SmokeTestCases.smokeTestCases.Smoke_Test_Verifying_SOD_Cust_Param_Feedad_Optoutmode_scenario(smokeTestCases.java:737)
	at sun.reflect.NativeMethodAccessorImpl.invoke0(Native Method)
	at sun.reflect.NativeMethodAccessorImpl.invoke(NativeMethodAccessorImpl.java:62)
	at sun.reflect.DelegatingMethodAccessorImpl.invoke(DelegatingMethodAccessorImpl.java:43)
	at java.lang.reflect.Method.invoke(Method.java:498)
	at org.testng.internal.MethodInvocationHelper.invokeMethod(MethodInvocationHelper.java:85)
	at org.testng.internal.Invoker.invokeMethod(Invoker.java:659)
	at org.testng.internal.Invoker.invokeTestMethod(Invoker.java:845)
	at org.testng.internal.Invoker.invokeTestMethods(Invoker.java:1153)
	at org.testng.internal.TestMethodWorker.invokeTestMethods(TestMethodWorker.java:125)
	at org.testng.internal.TestMethodWorker.run(TestMethodWorker.java:108)
	at org.testng.TestRunner.privateRun(TestRunner.java:771)
	at org.testng.TestRunner.run(TestRunner.java:621)
	at org.testng.SuiteRunner.runTest(SuiteRunner.java:357)
	at org.testng.SuiteRunner.runSequentially(SuiteRunner.java:352)
	at org.testng.SuiteRunner.privateRun(SuiteRunner.java:310)
	at org.testng.SuiteRunner.run(SuiteRunner.java:259)
	at org.testng.SuiteRunnerWorker.runSuite(SuiteRunnerWorker.java:52)
	at org.testng.SuiteRunnerWorker.run(SuiteRunnerWorker.java:86)
	at org.testng.TestNG.runSuitesSequentially(TestNG.java:1199)
	at org.testng.TestNG.runSuitesLocally(TestNG.java:1124)
	at org.testng.TestNG.run(TestNG.java:1032)
	at org.apache.maven.surefire.testng.TestNGExecutor.run(TestNGExecutor.java:73)
	at org.apache.maven.surefire.testng.TestNGXmlTestSuite.execute(TestNGXmlTestSuite.java:94)
	at org.apache.maven.surefire.Surefire.run(Surefire.java:169)
	at sun.reflect.NativeMethodAccessorImpl.invoke0(Native Method)
	at sun.reflect.NativeMethodAccessorImpl.invoke(NativeMethodAccessorImpl.java:62)
	at sun.reflect.DelegatingMethodAccessorImpl.invoke(DelegatingMethodAccessorImpl.java:43)
	at java.lang.reflect.Method.invoke(Method.java:498)
	at org.apache.maven.surefire.booter.SurefireBooter.runSuitesInProcess(SurefireBooter.java:350)
	at org.apache.maven.surefire.booter.SurefireBooter.main(SurefireBooter.java:1021)
</stack-trace>
            </failure>
            <steps/>
            <attachments/>
            <labels>
                <label name="testSuite" value="Suite"/>
                <label name="testGroup" value="Test"/>
                <label name="testClass" value="twc.Automation.SmokeTestCases.smokeTestCases"/>
                <label name="testMethod" value="Smoke_Test_Verifying_SOD_Cust_Param_Feedad_Optoutmode_scenario"/>
                <label name="host" value="Aswinikumars-MacBook-Pro.local"/>
                <label name="thread" value="3229@Aswinikumars-MacBook-Pro.local.main(1)"/>
            </labels>
        </test-case>
        <test-case start="1591549375934" stop="1591549376483" status="failed">
            <name>Smoke_Test_Verifying_SOD_Cust_Param_detail_Feedad_Optoutmode_scenario</name>
            <title>Verifying SOD Cust param value for detail Feed ad call when user selecting Optoutmode scenario in privacy card</title>
            <failure>
                <message>AssertionError: SOD cust param value for deatiled Feed ad call is not matchged withsod=yes</message>
                <stack-trace>java.lang.AssertionError: SOD cust param value for deatiled Feed ad call is not matchged withsod=yes
	at org.testng.Assert.fail(Assert.java:94)
	at twc.Automation.General.Functions.validate_SOD_Cust_param_deatiledfeed_Optoutmode(Functions.java:3972)
	at twc.Automation.SmokeTestCases.smokeTestCases.Smoke_Test_Verifying_SOD_Cust_Param_detail_Feedad_Optoutmode_scenario(smokeTestCases.java:746)
	at sun.reflect.NativeMethodAccessorImpl.invoke0(Native Method)
	at sun.reflect.NativeMethodAccessorImpl.invoke(NativeMethodAccessorImpl.java:62)
	at sun.reflect.DelegatingMethodAccessorImpl.invoke(DelegatingMethodAccessorImpl.java:43)
	at java.lang.reflect.Method.invoke(Method.java:498)
	at org.testng.internal.MethodInvocationHelper.invokeMethod(MethodInvocationHelper.java:85)
	at org.testng.internal.Invoker.invokeMethod(Invoker.java:659)
	at org.testng.internal.Invoker.invokeTestMethod(Invoker.java:845)
	at org.testng.internal.Invoker.invokeTestMethods(Invoker.java:1153)
	at org.testng.internal.TestMethodWorker.invokeTestMethods(TestMethodWorker.java:125)
	at org.testng.internal.TestMethodWorker.run(TestMethodWorker.java:108)
	at org.testng.TestRunner.privateRun(TestRunner.java:771)
	at org.testng.TestRunner.run(TestRunner.java:621)
	at org.testng.SuiteRunner.runTest(SuiteRunner.java:357)
	at org.testng.SuiteRunner.runSequentially(SuiteRunner.java:352)
	at org.testng.SuiteRunner.privateRun(SuiteRunner.java:310)
	at org.testng.SuiteRunner.run(SuiteRunner.java:259)
	at org.testng.SuiteRunnerWorker.runSuite(SuiteRunnerWorker.java:52)
	at org.testng.SuiteRunnerWorker.run(SuiteRunnerWorker.java:86)
	at org.testng.TestNG.runSuitesSequentially(TestNG.java:1199)
	at org.testng.TestNG.runSuitesLocally(TestNG.java:1124)
	at org.testng.TestNG.run(TestNG.java:1032)
	at org.apache.maven.surefire.testng.TestNGExecutor.run(TestNGExecutor.java:73)
	at org.apache.maven.surefire.testng.TestNGXmlTestSuite.execute(TestNGXmlTestSuite.java:94)
	at org.apache.maven.surefire.Surefire.run(Surefire.java:169)
	at sun.reflect.NativeMethodAccessorImpl.invoke0(Native Method)
	at sun.reflect.NativeMethodAccessorImpl.invoke(NativeMethodAccessorImpl.java:62)
	at sun.reflect.DelegatingMethodAccessorImpl.invoke(DelegatingMethodAccessorImpl.java:43)
	at java.lang.reflect.Method.invoke(Method.java:498)
	at org.apache.maven.surefire.booter.SurefireBooter.runSuitesInProcess(SurefireBooter.java:350)
	at org.apache.maven.surefire.booter.SurefireBooter.main(SurefireBooter.java:1021)
</stack-trace>
            </failure>
            <steps/>
            <attachments/>
            <labels>
                <label name="testSuite" value="Suite"/>
                <label name="testGroup" value="Test"/>
                <label name="testClass" value="twc.Automation.SmokeTestCases.smokeTestCases"/>
                <label name="testMethod" value="Smoke_Test_Verifying_SOD_Cust_Param_detail_Feedad_Optoutmode_scenario"/>
                <label name="host" value="Aswinikumars-MacBook-Pro.local"/>
                <label name="thread" value="3229@Aswinikumars-MacBook-Pro.local.main(1)"/>
            </labels>
        </test-case>
        <test-case start="1591549376483" stop="1591549377040" status="passed">
            <name>Smoke_Test_Verifying_SOD_Cust_Param_videoad_Optoutmode_scenario</name>
            <title>Verifying SOD Cust param value for video call when user selecting Optoutmode scenario in privacy card</title>
            <steps/>
            <attachments/>
            <labels>
                <label name="testSuite" value="Suite"/>
                <label name="testGroup" value="Test"/>
                <label name="testClass" value="twc.Automation.SmokeTestCases.smokeTestCases"/>
                <label name="testMethod" value="Smoke_Test_Verifying_SOD_Cust_Param_videoad_Optoutmode_scenario"/>
                <label name="host" value="Aswinikumars-MacBook-Pro.local"/>
                <label name="thread" value="3229@Aswinikumars-MacBook-Pro.local.main(1)"/>
            </labels>
        </test-case>
        <test-case start="1591549377041" stop="1591549377470" status="failed">
            <name>Smoke_Test_Verifying_RDP_value_homescreenad_Optoutmode_scenario</name>
            <title>Verifying RDP  value for home screen call when user selecting Optoutmode scenario in privacy card</title>
            <failure>
                <message>AssertionError: RDP for home screen call  is not matchged with1</message>
                <stack-trace>java.lang.AssertionError: RDP for home screen call  is not matchged with1
	at org.testng.Assert.fail(Assert.java:94)
	at twc.Automation.General.Functions.validate_RDP_homescreen_Optoutmode(Functions.java:4161)
	at twc.Automation.SmokeTestCases.smokeTestCases.Smoke_Test_Verifying_RDP_value_homescreenad_Optoutmode_scenario(smokeTestCases.java:764)
	at sun.reflect.NativeMethodAccessorImpl.invoke0(Native Method)
	at sun.reflect.NativeMethodAccessorImpl.invoke(NativeMethodAccessorImpl.java:62)
	at sun.reflect.DelegatingMethodAccessorImpl.invoke(DelegatingMethodAccessorImpl.java:43)
	at java.lang.reflect.Method.invoke(Method.java:498)
	at org.testng.internal.MethodInvocationHelper.invokeMethod(MethodInvocationHelper.java:85)
	at org.testng.internal.Invoker.invokeMethod(Invoker.java:659)
	at org.testng.internal.Invoker.invokeTestMethod(Invoker.java:845)
	at org.testng.internal.Invoker.invokeTestMethods(Invoker.java:1153)
	at org.testng.internal.TestMethodWorker.invokeTestMethods(TestMethodWorker.java:125)
	at org.testng.internal.TestMethodWorker.run(TestMethodWorker.java:108)
	at org.testng.TestRunner.privateRun(TestRunner.java:771)
	at org.testng.TestRunner.run(TestRunner.java:621)
	at org.testng.SuiteRunner.runTest(SuiteRunner.java:357)
	at org.testng.SuiteRunner.runSequentially(SuiteRunner.java:352)
	at org.testng.SuiteRunner.privateRun(SuiteRunner.java:310)
	at org.testng.SuiteRunner.run(SuiteRunner.java:259)
	at org.testng.SuiteRunnerWorker.runSuite(SuiteRunnerWorker.java:52)
	at org.testng.SuiteRunnerWorker.run(SuiteRunnerWorker.java:86)
	at org.testng.TestNG.runSuitesSequentially(TestNG.java:1199)
	at org.testng.TestNG.runSuitesLocally(TestNG.java:1124)
	at org.testng.TestNG.run(TestNG.java:1032)
	at org.apache.maven.surefire.testng.TestNGExecutor.run(TestNGExecutor.java:73)
	at org.apache.maven.surefire.testng.TestNGXmlTestSuite.execute(TestNGXmlTestSuite.java:94)
	at org.apache.maven.surefire.Surefire.run(Surefire.java:169)
	at sun.reflect.NativeMethodAccessorImpl.invoke0(Native Method)
	at sun.reflect.NativeMethodAccessorImpl.invoke(NativeMethodAccessorImpl.java:62)
	at sun.reflect.DelegatingMethodAccessorImpl.invoke(DelegatingMethodAccessorImpl.java:43)
	at java.lang.reflect.Method.invoke(Method.java:498)
	at org.apache.maven.surefire.booter.SurefireBooter.runSuitesInProcess(SurefireBooter.java:350)
	at org.apache.maven.surefire.booter.SurefireBooter.main(SurefireBooter.java:1021)
</stack-trace>
            </failure>
            <steps/>
            <attachments/>
            <labels>
                <label name="testSuite" value="Suite"/>
                <label name="testGroup" value="Test"/>
                <label name="testClass" value="twc.Automation.SmokeTestCases.smokeTestCases"/>
                <label name="testMethod" value="Smoke_Test_Verifying_RDP_value_homescreenad_Optoutmode_scenario"/>
                <label name="host" value="Aswinikumars-MacBook-Pro.local"/>
                <label name="thread" value="3229@Aswinikumars-MacBook-Pro.local.main(1)"/>
            </labels>
        </test-case>
        <test-case start="1591549377471" stop="1591549377953" status="failed">
            <name>Smoke_Test_Verifying_RDP_value_feedad_Optoutmode_scenario</name>
            <title>Verifying RDP  value for feed ad call when user selecting Optoutmode scenario in privacy card</title>
            <failure>
                <message>AssertionError: RDP for feed ad call call  is not matchged with1</message>
                <stack-trace>java.lang.AssertionError: RDP for feed ad call call  is not matchged with1
	at org.testng.Assert.fail(Assert.java:94)
	at twc.Automation.General.Functions.validate_RDP_feed_Optoutmode(Functions.java:4182)
	at twc.Automation.SmokeTestCases.smokeTestCases.Smoke_Test_Verifying_RDP_value_feedad_Optoutmode_scenario(smokeTestCases.java:773)
	at sun.reflect.NativeMethodAccessorImpl.invoke0(Native Method)
	at sun.reflect.NativeMethodAccessorImpl.invoke(NativeMethodAccessorImpl.java:62)
	at sun.reflect.DelegatingMethodAccessorImpl.invoke(DelegatingMethodAccessorImpl.java:43)
	at java.lang.reflect.Method.invoke(Method.java:498)
	at org.testng.internal.MethodInvocationHelper.invokeMethod(MethodInvocationHelper.java:85)
	at org.testng.internal.Invoker.invokeMethod(Invoker.java:659)
	at org.testng.internal.Invoker.invokeTestMethod(Invoker.java:845)
	at org.testng.internal.Invoker.invokeTestMethods(Invoker.java:1153)
	at org.testng.internal.TestMethodWorker.invokeTestMethods(TestMethodWorker.java:125)
	at org.testng.internal.TestMethodWorker.run(TestMethodWorker.java:108)
	at org.testng.TestRunner.privateRun(TestRunner.java:771)
	at org.testng.TestRunner.run(TestRunner.java:621)
	at org.testng.SuiteRunner.runTest(SuiteRunner.java:357)
	at org.testng.SuiteRunner.runSequentially(SuiteRunner.java:352)
	at org.testng.SuiteRunner.privateRun(SuiteRunner.java:310)
	at org.testng.SuiteRunner.run(SuiteRunner.java:259)
	at org.testng.SuiteRunnerWorker.runSuite(SuiteRunnerWorker.java:52)
	at org.testng.SuiteRunnerWorker.run(SuiteRunnerWorker.java:86)
	at org.testng.TestNG.runSuitesSequentially(TestNG.java:1199)
	at org.testng.TestNG.runSuitesLocally(TestNG.java:1124)
	at org.testng.TestNG.run(TestNG.java:1032)
	at org.apache.maven.surefire.testng.TestNGExecutor.run(TestNGExecutor.java:73)
	at org.apache.maven.surefire.testng.TestNGXmlTestSuite.execute(TestNGXmlTestSuite.java:94)
	at org.apache.maven.surefire.Surefire.run(Surefire.java:169)
	at sun.reflect.NativeMethodAccessorImpl.invoke0(Native Method)
	at sun.reflect.NativeMethodAccessorImpl.invoke(NativeMethodAccessorImpl.java:62)
	at sun.reflect.DelegatingMethodAccessorImpl.invoke(DelegatingMethodAccessorImpl.java:43)
	at java.lang.reflect.Method.invoke(Method.java:498)
	at org.apache.maven.surefire.booter.SurefireBooter.runSuitesInProcess(SurefireBooter.java:350)
	at org.apache.maven.surefire.booter.SurefireBooter.main(SurefireBooter.java:1021)
</stack-trace>
            </failure>
            <steps/>
            <attachments/>
            <labels>
                <label name="testSuite" value="Suite"/>
                <label name="testGroup" value="Test"/>
                <label name="testClass" value="twc.Automation.SmokeTestCases.smokeTestCases"/>
                <label name="testMethod" value="Smoke_Test_Verifying_RDP_value_feedad_Optoutmode_scenario"/>
                <label name="host" value="Aswinikumars-MacBook-Pro.local"/>
                <label name="thread" value="3229@Aswinikumars-MacBook-Pro.local.main(1)"/>
            </labels>
        </test-case>
        <test-case start="1591549377954" stop="1591549378451" status="passed">
            <name>Smoke_Test_Verifying_RDP_value_detailed_feedad_Optoutmode_scenario</name>
            <title>Verifying RDP  value for detailed feed ad call when user selecting Optoutmode scenario in privacy card</title>
            <steps/>
            <attachments/>
            <labels>
                <label name="testSuite" value="Suite"/>
                <label name="testGroup" value="Test"/>
                <label name="testClass" value="twc.Automation.SmokeTestCases.smokeTestCases"/>
                <label name="testMethod" value="Smoke_Test_Verifying_RDP_value_detailed_feedad_Optoutmode_scenario"/>
                <label name="host" value="Aswinikumars-MacBook-Pro.local"/>
                <label name="thread" value="3229@Aswinikumars-MacBook-Pro.local.main(1)"/>
            </labels>
        </test-case>
        <test-case start="1591549378451" stop="1591549378933" status="passed">
            <name>Smoke_Test_Verifying_RDP_value_video_adcall_Optoutmode_scenario</name>
            <title>Verifying RDP  value forvideo  ad call when user selecting Optoutmode scenario in privacy card</title>
            <steps/>
            <attachments/>
            <labels>
                <label name="testSuite" value="Suite"/>
                <label name="testGroup" value="Test"/>
                <label name="testClass" value="twc.Automation.SmokeTestCases.smokeTestCases"/>
                <label name="testMethod" value="Smoke_Test_Verifying_RDP_value_video_adcall_Optoutmode_scenario"/>
                <label name="host" value="Aswinikumars-MacBook-Pro.local"/>
                <label name="thread" value="3229@Aswinikumars-MacBook-Pro.local.main(1)"/>
            </labels>
        </test-case>
        <test-case start="1591549378933" stop="1591549378934" status="broken">
            <name>Smoke_Test_Selecting_Opt_in_mode_scenario</name>
            <title>Selecting the  Opt in mode in the privacy card</title>
            <failure>
                <message>NullPointerException: null</message>
                <stack-trace>java.lang.NullPointerException
	at twc.Automation.HandleWithApp.AppFunctions.Kill_Launch_App(AppFunctions.java:903)
	at twc.Automation.SmokeTestCases.smokeTestCases.Smoke_Test_Selecting_Opt_in_mode_scenario(smokeTestCases.java:803)
	at sun.reflect.NativeMethodAccessorImpl.invoke0(Native Method)
	at sun.reflect.NativeMethodAccessorImpl.invoke(NativeMethodAccessorImpl.java:62)
	at sun.reflect.DelegatingMethodAccessorImpl.invoke(DelegatingMethodAccessorImpl.java:43)
	at java.lang.reflect.Method.invoke(Method.java:498)
	at org.testng.internal.MethodInvocationHelper.invokeMethod(MethodInvocationHelper.java:85)
	at org.testng.internal.Invoker.invokeMethod(Invoker.java:659)
	at org.testng.internal.Invoker.invokeTestMethod(Invoker.java:845)
	at org.testng.internal.Invoker.invokeTestMethods(Invoker.java:1153)
	at org.testng.internal.TestMethodWorker.invokeTestMethods(TestMethodWorker.java:125)
	at org.testng.internal.TestMethodWorker.run(TestMethodWorker.java:108)
	at org.testng.TestRunner.privateRun(TestRunner.java:771)
	at org.testng.TestRunner.run(TestRunner.java:621)
	at org.testng.SuiteRunner.runTest(SuiteRunner.java:357)
	at org.testng.SuiteRunner.runSequentially(SuiteRunner.java:352)
	at org.testng.SuiteRunner.privateRun(SuiteRunner.java:310)
	at org.testng.SuiteRunner.run(SuiteRunner.java:259)
	at org.testng.SuiteRunnerWorker.runSuite(SuiteRunnerWorker.java:52)
	at org.testng.SuiteRunnerWorker.run(SuiteRunnerWorker.java:86)
	at org.testng.TestNG.runSuitesSequentially(TestNG.java:1199)
	at org.testng.TestNG.runSuitesLocally(TestNG.java:1124)
	at org.testng.TestNG.run(TestNG.java:1032)
	at org.apache.maven.surefire.testng.TestNGExecutor.run(TestNGExecutor.java:73)
	at org.apache.maven.surefire.testng.TestNGXmlTestSuite.execute(TestNGXmlTestSuite.java:94)
	at org.apache.maven.surefire.Surefire.run(Surefire.java:169)
	at sun.reflect.NativeMethodAccessorImpl.invoke0(Native Method)
	at sun.reflect.NativeMethodAccessorImpl.invoke(NativeMethodAccessorImpl.java:62)
	at sun.reflect.DelegatingMethodAccessorImpl.invoke(DelegatingMethodAccessorImpl.java:43)
	at java.lang.reflect.Method.invoke(Method.java:498)
	at org.apache.maven.surefire.booter.SurefireBooter.runSuitesInProcess(SurefireBooter.java:350)
	at org.apache.maven.surefire.booter.SurefireBooter.main(SurefireBooter.java:1021)
</stack-trace>
            </failure>
            <steps/>
            <attachments/>
            <labels>
                <label name="testSuite" value="Suite"/>
                <label name="testGroup" value="Test"/>
                <label name="testClass" value="twc.Automation.SmokeTestCases.smokeTestCases"/>
                <label name="testMethod" value="Smoke_Test_Selecting_Opt_in_mode_scenario"/>
                <label name="host" value="Aswinikumars-MacBook-Pro.local"/>
                <label name="thread" value="3229@Aswinikumars-MacBook-Pro.local.main(1)"/>
            </labels>
        </test-case>
        <test-case start="1591549378934" stop="1591549378935" status="broken">
            <name>Smoke_Test__Smoke_Test_Verifying_videoadcall_Optinmode_scenario</name>
            <title>Verifying video call when user selecting Optinmode scenario in privacy card</title>
            <failure>
                <message>NullPointerException: null</message>
                <stack-trace>java.lang.NullPointerException
	at twc.Automation.HandleWithApp.AppFunctions.Kill_Launch_App(AppFunctions.java:903)
	at twc.Automation.SmokeTestCases.smokeTestCases.Smoke_Test__Smoke_Test_Verifying_videoadcall_Optinmode_scenario(smokeTestCases.java:817)
	at sun.reflect.NativeMethodAccessorImpl.invoke0(Native Method)
	at sun.reflect.NativeMethodAccessorImpl.invoke(NativeMethodAccessorImpl.java:62)
	at sun.reflect.DelegatingMethodAccessorImpl.invoke(DelegatingMethodAccessorImpl.java:43)
	at java.lang.reflect.Method.invoke(Method.java:498)
	at org.testng.internal.MethodInvocationHelper.invokeMethod(MethodInvocationHelper.java:85)
	at org.testng.internal.Invoker.invokeMethod(Invoker.java:659)
	at org.testng.internal.Invoker.invokeTestMethod(Invoker.java:845)
	at org.testng.internal.Invoker.invokeTestMethods(Invoker.java:1153)
	at org.testng.internal.TestMethodWorker.invokeTestMethods(TestMethodWorker.java:125)
	at org.testng.internal.TestMethodWorker.run(TestMethodWorker.java:108)
	at org.testng.TestRunner.privateRun(TestRunner.java:771)
	at org.testng.TestRunner.run(TestRunner.java:621)
	at org.testng.SuiteRunner.runTest(SuiteRunner.java:357)
	at org.testng.SuiteRunner.runSequentially(SuiteRunner.java:352)
	at org.testng.SuiteRunner.privateRun(SuiteRunner.java:310)
	at org.testng.SuiteRunner.run(SuiteRunner.java:259)
	at org.testng.SuiteRunnerWorker.runSuite(SuiteRunnerWorker.java:52)
	at org.testng.SuiteRunnerWorker.run(SuiteRunnerWorker.java:86)
	at org.testng.TestNG.runSuitesSequentially(TestNG.java:1199)
	at org.testng.TestNG.runSuitesLocally(TestNG.java:1124)
	at org.testng.TestNG.run(TestNG.java:1032)
	at org.apache.maven.surefire.testng.TestNGExecutor.run(TestNGExecutor.java:73)
	at org.apache.maven.surefire.testng.TestNGXmlTestSuite.execute(TestNGXmlTestSuite.java:94)
	at org.apache.maven.surefire.Surefire.run(Surefire.java:169)
	at sun.reflect.NativeMethodAccessorImpl.invoke0(Native Method)
	at sun.reflect.NativeMethodAccessorImpl.invoke(NativeMethodAccessorImpl.java:62)
	at sun.reflect.DelegatingMethodAccessorImpl.invoke(DelegatingMethodAccessorImpl.java:43)
	at java.lang.reflect.Method.invoke(Method.java:498)
	at org.apache.maven.surefire.booter.SurefireBooter.runSuitesInProcess(SurefireBooter.java:350)
	at org.apache.maven.surefire.booter.SurefireBooter.main(SurefireBooter.java:1021)
</stack-trace>
            </failure>
            <steps/>
            <attachments/>
            <labels>
                <label name="testSuite" value="Suite"/>
                <label name="testGroup" value="Test"/>
                <label name="testClass" value="twc.Automation.SmokeTestCases.smokeTestCases"/>
                <label name="testMethod" value="Smoke_Test__Smoke_Test_Verifying_videoadcall_Optinmode_scenario"/>
                <label name="host" value="Aswinikumars-MacBook-Pro.local"/>
                <label name="thread" value="3229@Aswinikumars-MacBook-Pro.local.main(1)"/>
            </labels>
        </test-case>
        <test-case start="1591549378935" stop="1591549379362" status="passed">
            <name>Smoke_Test_Verifying_Feedadcall_Optinmode_scenario</name>
            <title>Verifying Feed ad call when user selecting Optintmode scenario in privacy card</title>
            <steps/>
            <attachments/>
            <labels>
                <label name="testSuite" value="Suite"/>
                <label name="testGroup" value="Test"/>
                <label name="testClass" value="twc.Automation.SmokeTestCases.smokeTestCases"/>
                <label name="testMethod" value="Smoke_Test_Verifying_Feedadcall_Optinmode_scenario"/>
                <label name="host" value="Aswinikumars-MacBook-Pro.local"/>
                <label name="thread" value="3229@Aswinikumars-MacBook-Pro.local.main(1)"/>
            </labels>
        </test-case>
        <test-case start="1591549379363" stop="1591549379865" status="passed">
            <name>Smoke_Test_Verifying_detailpageadcall_Optinmode_scenario</name>
            <title>Verifying details page detail page ad call when user selecting Optinmode scenario in privacy card</title>
            <steps/>
            <attachments/>
            <labels>
                <label name="testSuite" value="Suite"/>
                <label name="testGroup" value="Test"/>
                <label name="testClass" value="twc.Automation.SmokeTestCases.smokeTestCases"/>
                <label name="testMethod" value="Smoke_Test_Verifying_detailpageadcall_Optinmode_scenario"/>
                <label name="host" value="Aswinikumars-MacBook-Pro.local"/>
                <label name="thread" value="3229@Aswinikumars-MacBook-Pro.local.main(1)"/>
            </labels>
        </test-case>
        <test-case start="1591549379865" stop="1591549380452" status="passed">
            <name>Smoke_Test__Verifying_Bcp_apicall_Optinmode_scenario</name>
            <title>Verifying BCP api call when user selecting Optinmode scenario in privacy card</title>
            <steps/>
            <attachments/>
            <labels>
                <label name="testSuite" value="Suite"/>
                <label name="testGroup" value="Test"/>
                <label name="testClass" value="twc.Automation.SmokeTestCases.smokeTestCases"/>
                <label name="testMethod" value="Smoke_Test__Verifying_Bcp_apicall_Optinmode_scenario"/>
                <label name="host" value="Aswinikumars-MacBook-Pro.local"/>
                <label name="thread" value="3229@Aswinikumars-MacBook-Pro.local.main(1)"/>
            </labels>
        </test-case>
        <test-case start="1591549380453" stop="1591549380944" status="passed">
            <name>Smoke_Test__Verifying_adcrw_apicall_Optinmode_scenario</name>
            <title>Verifying Adcrw api call when user selecting Optinmode scenario in privacy card</title>
            <steps/>
            <attachments/>
            <labels>
                <label name="testSuite" value="Suite"/>
                <label name="testGroup" value="Test"/>
                <label name="testClass" value="twc.Automation.SmokeTestCases.smokeTestCases"/>
                <label name="testMethod" value="Smoke_Test__Verifying_adcrw_apicall_Optinmode_scenario"/>
                <label name="host" value="Aswinikumars-MacBook-Pro.local"/>
                <label name="thread" value="3229@Aswinikumars-MacBook-Pro.local.main(1)"/>
            </labels>
        </test-case>
        <test-case start="1591549380944" stop="1591549381527" status="failed">
            <name>Smoke_Test__Verifying_locaion_apicall_Optinmode_scenario</name>
            <title>Verifying Fatual api call when user selecting Optinmode scenario in privacy card</title>
            <failure>
                <message>AssertionError: https://location.wfxtriggers.com url was not trigred</message>
                <stack-trace>java.lang.AssertionError: https://location.wfxtriggers.com url was not trigred
	at org.testng.Assert.fail(Assert.java:94)
	at twc.Automation.General.Functions.validating_Fatualcall_privacy_Optinmode_scenarion(Functions.java:3618)
	at twc.Automation.SmokeTestCases.smokeTestCases.Smoke_Test__Verifying_locaion_apicall_Optinmode_scenario(smokeTestCases.java:885)
	at sun.reflect.NativeMethodAccessorImpl.invoke0(Native Method)
	at sun.reflect.NativeMethodAccessorImpl.invoke(NativeMethodAccessorImpl.java:62)
	at sun.reflect.DelegatingMethodAccessorImpl.invoke(DelegatingMethodAccessorImpl.java:43)
	at java.lang.reflect.Method.invoke(Method.java:498)
	at org.testng.internal.MethodInvocationHelper.invokeMethod(MethodInvocationHelper.java:85)
	at org.testng.internal.Invoker.invokeMethod(Invoker.java:659)
	at org.testng.internal.Invoker.invokeTestMethod(Invoker.java:845)
	at org.testng.internal.Invoker.invokeTestMethods(Invoker.java:1153)
	at org.testng.internal.TestMethodWorker.invokeTestMethods(TestMethodWorker.java:125)
	at org.testng.internal.TestMethodWorker.run(TestMethodWorker.java:108)
	at org.testng.TestRunner.privateRun(TestRunner.java:771)
	at org.testng.TestRunner.run(TestRunner.java:621)
	at org.testng.SuiteRunner.runTest(SuiteRunner.java:357)
	at org.testng.SuiteRunner.runSequentially(SuiteRunner.java:352)
	at org.testng.SuiteRunner.privateRun(SuiteRunner.java:310)
	at org.testng.SuiteRunner.run(SuiteRunner.java:259)
	at org.testng.SuiteRunnerWorker.runSuite(SuiteRunnerWorker.java:52)
	at org.testng.SuiteRunnerWorker.run(SuiteRunnerWorker.java:86)
	at org.testng.TestNG.runSuitesSequentially(TestNG.java:1199)
	at org.testng.TestNG.runSuitesLocally(TestNG.java:1124)
	at org.testng.TestNG.run(TestNG.java:1032)
	at org.apache.maven.surefire.testng.TestNGExecutor.run(TestNGExecutor.java:73)
	at org.apache.maven.surefire.testng.TestNGXmlTestSuite.execute(TestNGXmlTestSuite.java:94)
	at org.apache.maven.surefire.Surefire.run(Surefire.java:169)
	at sun.reflect.NativeMethodAccessorImpl.invoke0(Native Method)
	at sun.reflect.NativeMethodAccessorImpl.invoke(NativeMethodAccessorImpl.java:62)
	at sun.reflect.DelegatingMethodAccessorImpl.invoke(DelegatingMethodAccessorImpl.java:43)
	at java.lang.reflect.Method.invoke(Method.java:498)
	at org.apache.maven.surefire.booter.SurefireBooter.runSuitesInProcess(SurefireBooter.java:350)
	at org.apache.maven.surefire.booter.SurefireBooter.main(SurefireBooter.java:1021)
</stack-trace>
            </failure>
            <steps/>
            <attachments/>
            <labels>
                <label name="testSuite" value="Suite"/>
                <label name="testGroup" value="Test"/>
                <label name="testClass" value="twc.Automation.SmokeTestCases.smokeTestCases"/>
                <label name="testMethod" value="Smoke_Test__Verifying_locaion_apicall_Optinmode_scenario"/>
                <label name="host" value="Aswinikumars-MacBook-Pro.local"/>
                <label name="thread" value="3229@Aswinikumars-MacBook-Pro.local.main(1)"/>
            </labels>
        </test-case>
        <test-case start="1591549381527" stop="1591549381986" status="passed">
            <name>Smoke_Test__Verifying_amaozn_aax_calls_Optinmode_scenario</name>
            <title>Verifying amazon aax calls when user selecting Optinmode scenario in privacy card</title>
            <steps/>
            <attachments/>
            <labels>
                <label name="testSuite" value="Suite"/>
                <label name="testGroup" value="Test"/>
                <label name="testClass" value="twc.Automation.SmokeTestCases.smokeTestCases"/>
                <label name="testMethod" value="Smoke_Test__Verifying_amaozn_aax_calls_Optinmode_scenario"/>
                <label name="host" value="Aswinikumars-MacBook-Pro.local"/>
                <label name="thread" value="3229@Aswinikumars-MacBook-Pro.local.main(1)"/>
            </labels>
        </test-case>
        <test-case start="1591549381987" stop="1591549382432" status="passed">
            <name>Smoke_Test__Verifying_homescreenhourly_calls_Optinmode_scenario</name>
            <title>Verifying home screnn hourly ad call  when user selecting Optinmode scenario in privacy card</title>
            <steps>
                <step start="1591549382375" stop="1591549382375" status="passed">
                    <name>logStep[Checking for  iu=%2F7646%2Fapp_android_us%2Fdb_display%2Fhome_screen%2Fhourly ad call]</name>
                    <title>Checking for  iu=%2F7646%2Fapp_android_us%2Fdb_display%2Fhome_screen%2Fhourly ad call</title>
                    <attachments/>
                    <steps/>
                </step>
                <step start="1591549382405" stop="1591549382405" status="passed">
                    <name>logStep[7646/app_android_us/db_display/home_screen/hourly call was trigred]</name>
                    <title>7646/app_android_us/db_display/home_screen/hourly call was trigred</title>
                    <attachments/>
                    <steps/>
                </step>
            </steps>
            <attachments/>
            <labels>
                <label name="testSuite" value="Suite"/>
                <label name="testGroup" value="Test"/>
                <label name="testClass" value="twc.Automation.SmokeTestCases.smokeTestCases"/>
                <label name="testMethod" value="Smoke_Test__Verifying_homescreenhourly_calls_Optinmode_scenario"/>
                <label name="host" value="Aswinikumars-MacBook-Pro.local"/>
                <label name="thread" value="3229@Aswinikumars-MacBook-Pro.local.main(1)"/>
            </labels>
        </test-case>
        <test-case start="1591549382433" stop="1591549382886" status="passed">
            <name>Smoke_Test__Verifying_marqueehomescreecall_Optinmode_scenario</name>
            <title>Verifying homescreen marquee ad call  when user selecting Optinmode scenario in privacy card</title>
            <steps>
                <step start="1591549382837" stop="1591549382837" status="passed">
                    <name>logStep[checking for iu=%2F7646%2Fapp_android_us%2Fdb_display%2Fhome_screen%2Fmarquee ad call]</name>
                    <title>checking for iu=%2F7646%2Fapp_android_us%2Fdb_display%2Fhome_screen%2Fmarquee ad call</title>
                    <attachments/>
                    <steps/>
                </step>
                <step start="1591549382866" stop="1591549382866" status="passed">
                    <name>logStep[/7646/app_android_us/db_display/home_screen/marquee call was trigred]</name>
                    <title>/7646/app_android_us/db_display/home_screen/marquee call was trigred</title>
                    <attachments/>
                    <steps/>
                </step>
            </steps>
            <attachments/>
            <labels>
                <label name="testSuite" value="Suite"/>
                <label name="testGroup" value="Test"/>
                <label name="testClass" value="twc.Automation.SmokeTestCases.smokeTestCases"/>
                <label name="testMethod" value="Smoke_Test__Verifying_marqueehomescreecall_Optinmode_scenario"/>
                <label name="host" value="Aswinikumars-MacBook-Pro.local"/>
                <label name="thread" value="3229@Aswinikumars-MacBook-Pro.local.main(1)"/>
            </labels>
        </test-case>
        <test-case start="1591549382887" stop="1591549383305" status="passed">
            <name>Smoke_Test_Verifying_SOD_Cust_Param_homescreenad_Optinmode_scenario</name>
            <title>Verifying SOD Cust param value for home screen call when user selecting Optinmode scenario in privacy card</title>
            <steps/>
            <attachments/>
            <labels>
                <label name="testSuite" value="Suite"/>
                <label name="testGroup" value="Test"/>
                <label name="testClass" value="twc.Automation.SmokeTestCases.smokeTestCases"/>
                <label name="testMethod" value="Smoke_Test_Verifying_SOD_Cust_Param_homescreenad_Optinmode_scenario"/>
                <label name="host" value="Aswinikumars-MacBook-Pro.local"/>
                <label name="thread" value="3229@Aswinikumars-MacBook-Pro.local.main(1)"/>
            </labels>
        </test-case>
        <test-case start="1591549383305" stop="1591549383792" status="passed">
            <name>Smoke_Test_Verifying_SOD_Cust_Param_Feedad_Optinmode_scenario</name>
            <title>Verifying SOD Cust param value for  Feed ad call when user selecting Optinmode scenario in privacy card</title>
            <steps/>
            <attachments/>
            <labels>
                <label name="testSuite" value="Suite"/>
                <label name="testGroup" value="Test"/>
                <label name="testClass" value="twc.Automation.SmokeTestCases.smokeTestCases"/>
                <label name="testMethod" value="Smoke_Test_Verifying_SOD_Cust_Param_Feedad_Optinmode_scenario"/>
                <label name="host" value="Aswinikumars-MacBook-Pro.local"/>
                <label name="thread" value="3229@Aswinikumars-MacBook-Pro.local.main(1)"/>
            </labels>
        </test-case>
        <test-case start="1591549383792" stop="1591549384407" status="passed">
            <name>Smoke_Test_Verifying_SOD_Cust_Param_detail_Feedad_Optinmode_scenario</name>
            <title>Verifying SOD Cust param value for detail Feed ad call when user selecting Optinmode scenario in privacy card</title>
            <steps/>
            <attachments/>
            <labels>
                <label name="testSuite" value="Suite"/>
                <label name="testGroup" value="Test"/>
                <label name="testClass" value="twc.Automation.SmokeTestCases.smokeTestCases"/>
                <label name="testMethod" value="Smoke_Test_Verifying_SOD_Cust_Param_detail_Feedad_Optinmode_scenario"/>
                <label name="host" value="Aswinikumars-MacBook-Pro.local"/>
                <label name="thread" value="3229@Aswinikumars-MacBook-Pro.local.main(1)"/>
            </labels>
        </test-case>
        <test-case start="1591549384408" stop="1591549384887" status="passed">
            <name>Smoke_Test_Verifying_SOD_Cust_Param_videoad_Optinmode_scenario</name>
            <title>Verifying SOD Cust param value for video call when user selecting Optinmode scenario in privacy card</title>
            <steps/>
            <attachments/>
            <labels>
                <label name="testSuite" value="Suite"/>
                <label name="testGroup" value="Test"/>
                <label name="testClass" value="twc.Automation.SmokeTestCases.smokeTestCases"/>
                <label name="testMethod" value="Smoke_Test_Verifying_SOD_Cust_Param_videoad_Optinmode_scenario"/>
                <label name="host" value="Aswinikumars-MacBook-Pro.local"/>
                <label name="thread" value="3229@Aswinikumars-MacBook-Pro.local.main(1)"/>
            </labels>
        </test-case>
        <test-case start="1591549384888" stop="1591549385296" status="passed">
            <name>Smoke_Test_Verifying_RDP_value_homescreenad_Optinmode_scenario</name>
            <title>Verifying RDP  value for home screen call when user selecting Optinmode scenario in privacy card</title>
            <steps/>
            <attachments/>
            <labels>
                <label name="testSuite" value="Suite"/>
                <label name="testGroup" value="Test"/>
                <label name="testClass" value="twc.Automation.SmokeTestCases.smokeTestCases"/>
                <label name="testMethod" value="Smoke_Test_Verifying_RDP_value_homescreenad_Optinmode_scenario"/>
                <label name="host" value="Aswinikumars-MacBook-Pro.local"/>
                <label name="thread" value="3229@Aswinikumars-MacBook-Pro.local.main(1)"/>
            </labels>
        </test-case>
        <test-case start="1591549385297" stop="1591549385783" status="passed">
            <name>Smoke_Test_Verifying_RDP_value_feedad_Optinmode_scenario</name>
            <title>Verifying RDP  value for feed ad call when user selecting Optinmode scenario in privacy card</title>
            <steps/>
            <attachments/>
            <labels>
                <label name="testSuite" value="Suite"/>
                <label name="testGroup" value="Test"/>
                <label name="testClass" value="twc.Automation.SmokeTestCases.smokeTestCases"/>
                <label name="testMethod" value="Smoke_Test_Verifying_RDP_value_feedad_Optinmode_scenario"/>
                <label name="host" value="Aswinikumars-MacBook-Pro.local"/>
                <label name="thread" value="3229@Aswinikumars-MacBook-Pro.local.main(1)"/>
            </labels>
        </test-case>
        <test-case start="1591549385783" stop="1591549386336" status="passed">
            <name>Smoke_Test_Verifying_RDP_value_detailed_feedad_Optinmode_scenario</name>
            <title>Verifying RDP  value for detailed feed ad call when user selecting Optinmode scenario in privacy card</title>
            <steps/>
            <attachments/>
            <labels>
                <label name="testSuite" value="Suite"/>
                <label name="testGroup" value="Test"/>
                <label name="testClass" value="twc.Automation.SmokeTestCases.smokeTestCases"/>
                <label name="testMethod" value="Smoke_Test_Verifying_RDP_value_detailed_feedad_Optinmode_scenario"/>
                <label name="host" value="Aswinikumars-MacBook-Pro.local"/>
                <label name="thread" value="3229@Aswinikumars-MacBook-Pro.local.main(1)"/>
            </labels>
        </test-case>
        <test-case start="1591549386336" stop="1591549386805" status="passed">
            <name>Smoke_Test_Verifying_RDP_value_video_adcall_Optinmode_scenario</name>
            <title>Verifying RDP  value forvideo  ad call when user selecting Optinmode scenario in privacy card</title>
            <steps/>
            <attachments/>
            <labels>
                <label name="testSuite" value="Suite"/>
                <label name="testGroup" value="Test"/>
                <label name="testClass" value="twc.Automation.SmokeTestCases.smokeTestCases"/>
                <label name="testMethod" value="Smoke_Test_Verifying_RDP_value_video_adcall_Optinmode_scenario"/>
                <label name="host" value="Aswinikumars-MacBook-Pro.local"/>
                <label name="thread" value="3229@Aswinikumars-MacBook-Pro.local.main(1)"/>
            </labels>
        </test-case>
        <test-case start="1591549386806" stop="1591549387831" status="broken">
            <name>Smoke_Test_Verifying_homescreenhourly__backfromdetailedpage_scenario</name>
            <title>Verifying  home screen hourly call back from detailes page  scenario</title>
            <failure>
                <message>NullPointerException: null</message>
                <stack-trace>java.lang.NullPointerException
	at twc.Automation.HandleWithCharles.CharlesFunctions.ClearSessions(CharlesFunctions.java:234)
	at twc.Automation.SmokeTestCases.smokeTestCases.Smoke_Test_Verifying_homescreenhourly__backfromdetailedpage_scenario(smokeTestCases.java:1059)
	at sun.reflect.NativeMethodAccessorImpl.invoke0(Native Method)
	at sun.reflect.NativeMethodAccessorImpl.invoke(NativeMethodAccessorImpl.java:62)
	at sun.reflect.DelegatingMethodAccessorImpl.invoke(DelegatingMethodAccessorImpl.java:43)
	at java.lang.reflect.Method.invoke(Method.java:498)
	at org.testng.internal.MethodInvocationHelper.invokeMethod(MethodInvocationHelper.java:85)
	at org.testng.internal.Invoker.invokeMethod(Invoker.java:659)
	at org.testng.internal.Invoker.invokeTestMethod(Invoker.java:845)
	at org.testng.internal.Invoker.invokeTestMethods(Invoker.java:1153)
	at org.testng.internal.TestMethodWorker.invokeTestMethods(TestMethodWorker.java:125)
	at org.testng.internal.TestMethodWorker.run(TestMethodWorker.java:108)
	at org.testng.TestRunner.privateRun(TestRunner.java:771)
	at org.testng.TestRunner.run(TestRunner.java:621)
	at org.testng.SuiteRunner.runTest(SuiteRunner.java:357)
	at org.testng.SuiteRunner.runSequentially(SuiteRunner.java:352)
	at org.testng.SuiteRunner.privateRun(SuiteRunner.java:310)
	at org.testng.SuiteRunner.run(SuiteRunner.java:259)
	at org.testng.SuiteRunnerWorker.runSuite(SuiteRunnerWorker.java:52)
	at org.testng.SuiteRunnerWorker.run(SuiteRunnerWorker.java:86)
	at org.testng.TestNG.runSuitesSequentially(TestNG.java:1199)
	at org.testng.TestNG.runSuitesLocally(TestNG.java:1124)
	at org.testng.TestNG.run(TestNG.java:1032)
	at org.apache.maven.surefire.testng.TestNGExecutor.run(TestNGExecutor.java:73)
	at org.apache.maven.surefire.testng.TestNGXmlTestSuite.execute(TestNGXmlTestSuite.java:94)
	at org.apache.maven.surefire.Surefire.run(Surefire.java:169)
	at sun.reflect.NativeMethodAccessorImpl.invoke0(Native Method)
	at sun.reflect.NativeMethodAccessorImpl.invoke(NativeMethodAccessorImpl.java:62)
	at sun.reflect.DelegatingMethodAccessorImpl.invoke(DelegatingMethodAccessorImpl.java:43)
	at java.lang.reflect.Method.invoke(Method.java:498)
	at org.apache.maven.surefire.booter.SurefireBooter.runSuitesInProcess(SurefireBooter.java:350)
	at org.apache.maven.surefire.booter.SurefireBooter.main(SurefireBooter.java:1021)
</stack-trace>
            </failure>
            <steps/>
            <attachments/>
            <labels>
                <label name="testSuite" value="Suite"/>
                <label name="testGroup" value="Test"/>
                <label name="testClass" value="twc.Automation.SmokeTestCases.smokeTestCases"/>
                <label name="testMethod" value="Smoke_Test_Verifying_homescreenhourly__backfromdetailedpage_scenario"/>
                <label name="host" value="Aswinikumars-MacBook-Pro.local"/>
                <label name="thread" value="3229@Aswinikumars-MacBook-Pro.local.main(1)"/>
            </labels>
        </test-case>
        <test-case start="1591549387831" stop="1591549387837" status="broken">
            <name>Smoke_Test_Verifying_homescreenmarquee_backfromdetailedpage__scenario</name>
            <title>Verifying  home screen marquee callbackfromdetailedpage scenario</title>
            <failure>
                <message>NullPointerException: null</message>
                <stack-trace>java.lang.NullPointerException
	at twc.Automation.ReadDataFromFile.read_xml_data_into_buffer.read_xml_file_into_buffer_string(read_xml_data_into_buffer.java:47)
	at twc.Automation.General.Functions.finding_Homescreen_marquee_iu_value(Functions.java:3335)
	at twc.Automation.SmokeTestCases.smokeTestCases.Smoke_Test_Verifying_homescreenmarquee_backfromdetailedpage__scenario(smokeTestCases.java:1076)
	at sun.reflect.NativeMethodAccessorImpl.invoke0(Native Method)
	at sun.reflect.NativeMethodAccessorImpl.invoke(NativeMethodAccessorImpl.java:62)
	at sun.reflect.DelegatingMethodAccessorImpl.invoke(DelegatingMethodAccessorImpl.java:43)
	at java.lang.reflect.Method.invoke(Method.java:498)
	at org.testng.internal.MethodInvocationHelper.invokeMethod(MethodInvocationHelper.java:85)
	at org.testng.internal.Invoker.invokeMethod(Invoker.java:659)
	at org.testng.internal.Invoker.invokeTestMethod(Invoker.java:845)
	at org.testng.internal.Invoker.invokeTestMethods(Invoker.java:1153)
	at org.testng.internal.TestMethodWorker.invokeTestMethods(TestMethodWorker.java:125)
	at org.testng.internal.TestMethodWorker.run(TestMethodWorker.java:108)
	at org.testng.TestRunner.privateRun(TestRunner.java:771)
	at org.testng.TestRunner.run(TestRunner.java:621)
	at org.testng.SuiteRunner.runTest(SuiteRunner.java:357)
	at org.testng.SuiteRunner.runSequentially(SuiteRunner.java:352)
	at org.testng.SuiteRunner.privateRun(SuiteRunner.java:310)
	at org.testng.SuiteRunner.run(SuiteRunner.java:259)
	at org.testng.SuiteRunnerWorker.runSuite(SuiteRunnerWorker.java:52)
	at org.testng.SuiteRunnerWorker.run(SuiteRunnerWorker.java:86)
	at org.testng.TestNG.runSuitesSequentially(TestNG.java:1199)
	at org.testng.TestNG.runSuitesLocally(TestNG.java:1124)
	at org.testng.TestNG.run(TestNG.java:1032)
	at org.apache.maven.surefire.testng.TestNGExecutor.run(TestNGExecutor.java:73)
	at org.apache.maven.surefire.testng.TestNGXmlTestSuite.execute(TestNGXmlTestSuite.java:94)
	at org.apache.maven.surefire.Surefire.run(Surefire.java:169)
	at sun.reflect.NativeMethodAccessorImpl.invoke0(Native Method)
	at sun.reflect.NativeMethodAccessorImpl.invoke(NativeMethodAccessorImpl.java:62)
	at sun.reflect.DelegatingMethodAccessorImpl.invoke(DelegatingMethodAccessorImpl.java:43)
	at java.lang.reflect.Method.invoke(Method.java:498)
	at org.apache.maven.surefire.booter.SurefireBooter.runSuitesInProcess(SurefireBooter.java:350)
	at org.apache.maven.surefire.booter.SurefireBooter.main(SurefireBooter.java:1021)
</stack-trace>
            </failure>
            <steps/>
            <attachments/>
            <labels>
                <label name="testSuite" value="Suite"/>
                <label name="testGroup" value="Test"/>
                <label name="testClass" value="twc.Automation.SmokeTestCases.smokeTestCases"/>
                <label name="testMethod" value="Smoke_Test_Verifying_homescreenmarquee_backfromdetailedpage__scenario"/>
                <label name="host" value="Aswinikumars-MacBook-Pro.local"/>
                <label name="thread" value="3229@Aswinikumars-MacBook-Pro.local.main(1)"/>
            </labels>
        </test-case>
        <test-case start="1591549387837" stop="1591549388843" status="broken">
            <name>Smoke_Test_NextGen_IM_adunit</name>
            <title>Verifying NextGen IM ad call unit</title>
            <failure>
                <message>NullPointerException: null</message>
                <stack-trace>java.lang.NullPointerException
	at twc.Automation.HandleWithCharles.CharlesFunctions.ClearSessions(CharlesFunctions.java:234)
	at twc.Automation.SmokeTestCases.smokeTestCases.Smoke_Test_NextGen_IM_adunit(smokeTestCases.java:1094)
	at sun.reflect.NativeMethodAccessorImpl.invoke0(Native Method)
	at sun.reflect.NativeMethodAccessorImpl.invoke(NativeMethodAccessorImpl.java:62)
	at sun.reflect.DelegatingMethodAccessorImpl.invoke(DelegatingMethodAccessorImpl.java:43)
	at java.lang.reflect.Method.invoke(Method.java:498)
	at org.testng.internal.MethodInvocationHelper.invokeMethod(MethodInvocationHelper.java:85)
	at org.testng.internal.Invoker.invokeMethod(Invoker.java:659)
	at org.testng.internal.Invoker.invokeTestMethod(Invoker.java:845)
	at org.testng.internal.Invoker.invokeTestMethods(Invoker.java:1153)
	at org.testng.internal.TestMethodWorker.invokeTestMethods(TestMethodWorker.java:125)
	at org.testng.internal.TestMethodWorker.run(TestMethodWorker.java:108)
	at org.testng.TestRunner.privateRun(TestRunner.java:771)
	at org.testng.TestRunner.run(TestRunner.java:621)
	at org.testng.SuiteRunner.runTest(SuiteRunner.java:357)
	at org.testng.SuiteRunner.runSequentially(SuiteRunner.java:352)
	at org.testng.SuiteRunner.privateRun(SuiteRunner.java:310)
	at org.testng.SuiteRunner.run(SuiteRunner.java:259)
	at org.testng.SuiteRunnerWorker.runSuite(SuiteRunnerWorker.java:52)
	at org.testng.SuiteRunnerWorker.run(SuiteRunnerWorker.java:86)
	at org.testng.TestNG.runSuitesSequentially(TestNG.java:1199)
	at org.testng.TestNG.runSuitesLocally(TestNG.java:1124)
	at org.testng.TestNG.run(TestNG.java:1032)
	at org.apache.maven.surefire.testng.TestNGExecutor.run(TestNGExecutor.java:73)
	at org.apache.maven.surefire.testng.TestNGXmlTestSuite.execute(TestNGXmlTestSuite.java:94)
	at org.apache.maven.surefire.Surefire.run(Surefire.java:169)
	at sun.reflect.NativeMethodAccessorImpl.invoke0(Native Method)
	at sun.reflect.NativeMethodAccessorImpl.invoke(NativeMethodAccessorImpl.java:62)
	at sun.reflect.DelegatingMethodAccessorImpl.invoke(DelegatingMethodAccessorImpl.java:43)
	at java.lang.reflect.Method.invoke(Method.java:498)
	at org.apache.maven.surefire.booter.SurefireBooter.runSuitesInProcess(SurefireBooter.java:350)
	at org.apache.maven.surefire.booter.SurefireBooter.main(SurefireBooter.java:1021)
</stack-trace>
            </failure>
            <steps/>
            <attachments/>
            <labels>
                <label name="testSuite" value="Suite"/>
                <label name="testGroup" value="Test"/>
                <label name="testClass" value="twc.Automation.SmokeTestCases.smokeTestCases"/>
                <label name="testMethod" value="Smoke_Test_NextGen_IM_adunit"/>
                <label name="host" value="Aswinikumars-MacBook-Pro.local"/>
                <label name="thread" value="3229@Aswinikumars-MacBook-Pro.local.main(1)"/>
            </labels>
        </test-case>
        <test-case start="1591549388845" stop="1591549388851" status="broken">
            <name>Smoke_Test_verifying_NextGenIM_response</name>
            <title>Verifying  NextGen IM ad card call response</title>
            <failure>
                <message>NullPointerException: null</message>
                <stack-trace>java.lang.NullPointerException
	at twc.Automation.ReadDataFromFile.read_xml_data_into_buffer.read_xml_file_into_buffer_string(read_xml_data_into_buffer.java:47)
	at twc.Automation.General.Functions.nextgenim_adcall_response(Functions.java:3686)
	at twc.Automation.SmokeTestCases.smokeTestCases.Smoke_Test_verifying_NextGenIM_response(smokeTestCases.java:1108)
	at sun.reflect.NativeMethodAccessorImpl.invoke0(Native Method)
	at sun.reflect.NativeMethodAccessorImpl.invoke(NativeMethodAccessorImpl.java:62)
	at sun.reflect.DelegatingMethodAccessorImpl.invoke(DelegatingMethodAccessorImpl.java:43)
	at java.lang.reflect.Method.invoke(Method.java:498)
	at org.testng.internal.MethodInvocationHelper.invokeMethod(MethodInvocationHelper.java:85)
	at org.testng.internal.Invoker.invokeMethod(Invoker.java:659)
	at org.testng.internal.Invoker.invokeTestMethod(Invoker.java:845)
	at org.testng.internal.Invoker.invokeTestMethods(Invoker.java:1153)
	at org.testng.internal.TestMethodWorker.invokeTestMethods(TestMethodWorker.java:125)
	at org.testng.internal.TestMethodWorker.run(TestMethodWorker.java:108)
	at org.testng.TestRunner.privateRun(TestRunner.java:771)
	at org.testng.TestRunner.run(TestRunner.java:621)
	at org.testng.SuiteRunner.runTest(SuiteRunner.java:357)
	at org.testng.SuiteRunner.runSequentially(SuiteRunner.java:352)
	at org.testng.SuiteRunner.privateRun(SuiteRunner.java:310)
	at org.testng.SuiteRunner.run(SuiteRunner.java:259)
	at org.testng.SuiteRunnerWorker.runSuite(SuiteRunnerWorker.java:52)
	at org.testng.SuiteRunnerWorker.run(SuiteRunnerWorker.java:86)
	at org.testng.TestNG.runSuitesSequentially(TestNG.java:1199)
	at org.testng.TestNG.runSuitesLocally(TestNG.java:1124)
	at org.testng.TestNG.run(TestNG.java:1032)
	at org.apache.maven.surefire.testng.TestNGExecutor.run(TestNGExecutor.java:73)
	at org.apache.maven.surefire.testng.TestNGXmlTestSuite.execute(TestNGXmlTestSuite.java:94)
	at org.apache.maven.surefire.Surefire.run(Surefire.java:169)
	at sun.reflect.NativeMethodAccessorImpl.invoke0(Native Method)
	at sun.reflect.NativeMethodAccessorImpl.invoke(NativeMethodAccessorImpl.java:62)
	at sun.reflect.DelegatingMethodAccessorImpl.invoke(DelegatingMethodAccessorImpl.java:43)
	at java.lang.reflect.Method.invoke(Method.java:498)
	at org.apache.maven.surefire.booter.SurefireBooter.runSuitesInProcess(SurefireBooter.java:350)
	at org.apache.maven.surefire.booter.SurefireBooter.main(SurefireBooter.java:1021)
</stack-trace>
            </failure>
            <steps/>
            <attachments/>
            <labels>
                <label name="testSuite" value="Suite"/>
                <label name="testGroup" value="Test"/>
                <label name="testClass" value="twc.Automation.SmokeTestCases.smokeTestCases"/>
                <label name="testMethod" value="Smoke_Test_verifying_NextGenIM_response"/>
                <label name="host" value="Aswinikumars-MacBook-Pro.local"/>
                <label name="thread" value="3229@Aswinikumars-MacBook-Pro.local.main(1)"/>
            </labels>
        </test-case>
        <test-case start="1591549388851" stop="1591549388856" status="broken">
            <name>Smoke_Test_verifying_FG_BG_urls_NextgenIm_Ad</name>
            <title>Verifying the FG and BG URL'S for nextgen ad call</title>
            <failure>
                <message>NullPointerException: null</message>
                <stack-trace>java.lang.NullPointerException
	at twc.Automation.ReadDataFromFile.read_xml_data_into_buffer.read_xml_file_into_buffer_string(read_xml_data_into_buffer.java:47)
	at twc.Automation.General.Functions.validate_FG_BG_adcalls_NextGenIM(Functions.java:3738)
	at twc.Automation.SmokeTestCases.smokeTestCases.Smoke_Test_verifying_FG_BG_urls_NextgenIm_Ad(smokeTestCases.java:1119)
	at sun.reflect.NativeMethodAccessorImpl.invoke0(Native Method)
	at sun.reflect.NativeMethodAccessorImpl.invoke(NativeMethodAccessorImpl.java:62)
	at sun.reflect.DelegatingMethodAccessorImpl.invoke(DelegatingMethodAccessorImpl.java:43)
	at java.lang.reflect.Method.invoke(Method.java:498)
	at org.testng.internal.MethodInvocationHelper.invokeMethod(MethodInvocationHelper.java:85)
	at org.testng.internal.Invoker.invokeMethod(Invoker.java:659)
	at org.testng.internal.Invoker.invokeTestMethod(Invoker.java:845)
	at org.testng.internal.Invoker.invokeTestMethods(Invoker.java:1153)
	at org.testng.internal.TestMethodWorker.invokeTestMethods(TestMethodWorker.java:125)
	at org.testng.internal.TestMethodWorker.run(TestMethodWorker.java:108)
	at org.testng.TestRunner.privateRun(TestRunner.java:771)
	at org.testng.TestRunner.run(TestRunner.java:621)
	at org.testng.SuiteRunner.runTest(SuiteRunner.java:357)
	at org.testng.SuiteRunner.runSequentially(SuiteRunner.java:352)
	at org.testng.SuiteRunner.privateRun(SuiteRunner.java:310)
	at org.testng.SuiteRunner.run(SuiteRunner.java:259)
	at org.testng.SuiteRunnerWorker.runSuite(SuiteRunnerWorker.java:52)
	at org.testng.SuiteRunnerWorker.run(SuiteRunnerWorker.java:86)
	at org.testng.TestNG.runSuitesSequentially(TestNG.java:1199)
	at org.testng.TestNG.runSuitesLocally(TestNG.java:1124)
	at org.testng.TestNG.run(TestNG.java:1032)
	at org.apache.maven.surefire.testng.TestNGExecutor.run(TestNGExecutor.java:73)
	at org.apache.maven.surefire.testng.TestNGXmlTestSuite.execute(TestNGXmlTestSuite.java:94)
	at org.apache.maven.surefire.Surefire.run(Surefire.java:169)
	at sun.reflect.NativeMethodAccessorImpl.invoke0(Native Method)
	at sun.reflect.NativeMethodAccessorImpl.invoke(NativeMethodAccessorImpl.java:62)
	at sun.reflect.DelegatingMethodAccessorImpl.invoke(DelegatingMethodAccessorImpl.java:43)
	at java.lang.reflect.Method.invoke(Method.java:498)
	at org.apache.maven.surefire.booter.SurefireBooter.runSuitesInProcess(SurefireBooter.java:350)
	at org.apache.maven.surefire.booter.SurefireBooter.main(SurefireBooter.java:1021)
</stack-trace>
            </failure>
            <steps/>
            <attachments/>
            <labels>
                <label name="testSuite" value="Suite"/>
                <label name="testGroup" value="Test"/>
                <label name="testClass" value="twc.Automation.SmokeTestCases.smokeTestCases"/>
                <label name="testMethod" value="Smoke_Test_verifying_FG_BG_urls_NextgenIm_Ad"/>
                <label name="host" value="Aswinikumars-MacBook-Pro.local"/>
                <label name="thread" value="3229@Aswinikumars-MacBook-Pro.local.main(1)"/>
            </labels>
        </test-case>
        <test-case start="1591549388856" stop="1591549388861" status="broken">
            <name>Smoke_Test_verifying_Size_NextgenIm_Ad</name>
            <title>Verifying the Size for nextgen ad call</title>
            <failure>
                <message>NullPointerException: null</message>
                <stack-trace>java.lang.NullPointerException
	at twc.Automation.ReadDataFromFile.read_xml_data_into_buffer.read_xml_file_into_buffer_string(read_xml_data_into_buffer.java:47)
	at twc.Automation.General.Functions.validate_Size_NextGenIM(Functions.java:3759)
	at twc.Automation.SmokeTestCases.smokeTestCases.Smoke_Test_verifying_Size_NextgenIm_Ad(smokeTestCases.java:1131)
	at sun.reflect.NativeMethodAccessorImpl.invoke0(Native Method)
	at sun.reflect.NativeMethodAccessorImpl.invoke(NativeMethodAccessorImpl.java:62)
	at sun.reflect.DelegatingMethodAccessorImpl.invoke(DelegatingMethodAccessorImpl.java:43)
	at java.lang.reflect.Method.invoke(Method.java:498)
	at org.testng.internal.MethodInvocationHelper.invokeMethod(MethodInvocationHelper.java:85)
	at org.testng.internal.Invoker.invokeMethod(Invoker.java:659)
	at org.testng.internal.Invoker.invokeTestMethod(Invoker.java:845)
	at org.testng.internal.Invoker.invokeTestMethods(Invoker.java:1153)
	at org.testng.internal.TestMethodWorker.invokeTestMethods(TestMethodWorker.java:125)
	at org.testng.internal.TestMethodWorker.run(TestMethodWorker.java:108)
	at org.testng.TestRunner.privateRun(TestRunner.java:771)
	at org.testng.TestRunner.run(TestRunner.java:621)
	at org.testng.SuiteRunner.runTest(SuiteRunner.java:357)
	at org.testng.SuiteRunner.runSequentially(SuiteRunner.java:352)
	at org.testng.SuiteRunner.privateRun(SuiteRunner.java:310)
	at org.testng.SuiteRunner.run(SuiteRunner.java:259)
	at org.testng.SuiteRunnerWorker.runSuite(SuiteRunnerWorker.java:52)
	at org.testng.SuiteRunnerWorker.run(SuiteRunnerWorker.java:86)
	at org.testng.TestNG.runSuitesSequentially(TestNG.java:1199)
	at org.testng.TestNG.runSuitesLocally(TestNG.java:1124)
	at org.testng.TestNG.run(TestNG.java:1032)
	at org.apache.maven.surefire.testng.TestNGExecutor.run(TestNGExecutor.java:73)
	at org.apache.maven.surefire.testng.TestNGXmlTestSuite.execute(TestNGXmlTestSuite.java:94)
	at org.apache.maven.surefire.Surefire.run(Surefire.java:169)
	at sun.reflect.NativeMethodAccessorImpl.invoke0(Native Method)
	at sun.reflect.NativeMethodAccessorImpl.invoke(NativeMethodAccessorImpl.java:62)
	at sun.reflect.DelegatingMethodAccessorImpl.invoke(DelegatingMethodAccessorImpl.java:43)
	at java.lang.reflect.Method.invoke(Method.java:498)
	at org.apache.maven.surefire.booter.SurefireBooter.runSuitesInProcess(SurefireBooter.java:350)
	at org.apache.maven.surefire.booter.SurefireBooter.main(SurefireBooter.java:1021)
</stack-trace>
            </failure>
            <steps/>
            <attachments/>
            <labels>
                <label name="testSuite" value="Suite"/>
                <label name="testGroup" value="Test"/>
                <label name="testClass" value="twc.Automation.SmokeTestCases.smokeTestCases"/>
                <label name="testMethod" value="Smoke_Test_verifying_Size_NextgenIm_Ad"/>
                <label name="host" value="Aswinikumars-MacBook-Pro.local"/>
                <label name="thread" value="3229@Aswinikumars-MacBook-Pro.local.main(1)"/>
            </labels>
        </test-case>
        <test-case start="1591549388861" stop="1591549389868" status="broken">
            <name>Smoke_Test_Verify_dailyIF_card_adcall_iu</name>
            <title>Verifying iu value for daily card ad call iu</title>
            <failure>
                <message>NullPointerException: null</message>
                <stack-trace>java.lang.NullPointerException
	at twc.Automation.HandleWithCharles.CharlesFunctions.ClearSessions(CharlesFunctions.java:234)
	at twc.Automation.SmokeTestCases.smokeTestCases.Smoke_Test_Verify_dailyIF_card_adcall_iu(smokeTestCases.java:1142)
	at sun.reflect.NativeMethodAccessorImpl.invoke0(Native Method)
	at sun.reflect.NativeMethodAccessorImpl.invoke(NativeMethodAccessorImpl.java:62)
	at sun.reflect.DelegatingMethodAccessorImpl.invoke(DelegatingMethodAccessorImpl.java:43)
	at java.lang.reflect.Method.invoke(Method.java:498)
	at org.testng.internal.MethodInvocationHelper.invokeMethod(MethodInvocationHelper.java:85)
	at org.testng.internal.Invoker.invokeMethod(Invoker.java:659)
	at org.testng.internal.Invoker.invokeTestMethod(Invoker.java:845)
	at org.testng.internal.Invoker.invokeTestMethods(Invoker.java:1153)
	at org.testng.internal.TestMethodWorker.invokeTestMethods(TestMethodWorker.java:125)
	at org.testng.internal.TestMethodWorker.run(TestMethodWorker.java:108)
	at org.testng.TestRunner.privateRun(TestRunner.java:771)
	at org.testng.TestRunner.run(TestRunner.java:621)
	at org.testng.SuiteRunner.runTest(SuiteRunner.java:357)
	at org.testng.SuiteRunner.runSequentially(SuiteRunner.java:352)
	at org.testng.SuiteRunner.privateRun(SuiteRunner.java:310)
	at org.testng.SuiteRunner.run(SuiteRunner.java:259)
	at org.testng.SuiteRunnerWorker.runSuite(SuiteRunnerWorker.java:52)
	at org.testng.SuiteRunnerWorker.run(SuiteRunnerWorker.java:86)
	at org.testng.TestNG.runSuitesSequentially(TestNG.java:1199)
	at org.testng.TestNG.runSuitesLocally(TestNG.java:1124)
	at org.testng.TestNG.run(TestNG.java:1032)
	at org.apache.maven.surefire.testng.TestNGExecutor.run(TestNGExecutor.java:73)
	at org.apache.maven.surefire.testng.TestNGXmlTestSuite.execute(TestNGXmlTestSuite.java:94)
	at org.apache.maven.surefire.Surefire.run(Surefire.java:169)
	at sun.reflect.NativeMethodAccessorImpl.invoke0(Native Method)
	at sun.reflect.NativeMethodAccessorImpl.invoke(NativeMethodAccessorImpl.java:62)
	at sun.reflect.DelegatingMethodAccessorImpl.invoke(DelegatingMethodAccessorImpl.java:43)
	at java.lang.reflect.Method.invoke(Method.java:498)
	at org.apache.maven.surefire.booter.SurefireBooter.runSuitesInProcess(SurefireBooter.java:350)
	at org.apache.maven.surefire.booter.SurefireBooter.main(SurefireBooter.java:1021)
</stack-trace>
            </failure>
            <steps/>
            <attachments/>
            <labels>
                <label name="testSuite" value="Suite"/>
                <label name="testGroup" value="Test"/>
                <label name="testClass" value="twc.Automation.SmokeTestCases.smokeTestCases"/>
                <label name="testMethod" value="Smoke_Test_Verify_dailyIF_card_adcall_iu"/>
                <label name="host" value="Aswinikumars-MacBook-Pro.local"/>
                <label name="thread" value="3229@Aswinikumars-MacBook-Pro.local.main(1)"/>
            </labels>
        </test-case>
        <test-case start="1591549389868" stop="1591549389874" status="broken">
            <name>Smoke_Test_verifying_DailyIFcardResponse</name>
            <title>Verifying daily IF ad card call response</title>
            <failure>
                <message>NullPointerException: null</message>
                <stack-trace>java.lang.NullPointerException
	at twc.Automation.ReadDataFromFile.read_xml_data_into_buffer.read_xml_file_into_buffer_string(read_xml_data_into_buffer.java:47)
	at twc.Automation.General.Functions.dailyIFCard_adcall_response(Functions.java:3786)
	at twc.Automation.SmokeTestCases.smokeTestCases.Smoke_Test_verifying_DailyIFcardResponse(smokeTestCases.java:1156)
	at sun.reflect.NativeMethodAccessorImpl.invoke0(Native Method)
	at sun.reflect.NativeMethodAccessorImpl.invoke(NativeMethodAccessorImpl.java:62)
	at sun.reflect.DelegatingMethodAccessorImpl.invoke(DelegatingMethodAccessorImpl.java:43)
	at java.lang.reflect.Method.invoke(Method.java:498)
	at org.testng.internal.MethodInvocationHelper.invokeMethod(MethodInvocationHelper.java:85)
	at org.testng.internal.Invoker.invokeMethod(Invoker.java:659)
	at org.testng.internal.Invoker.invokeTestMethod(Invoker.java:845)
	at org.testng.internal.Invoker.invokeTestMethods(Invoker.java:1153)
	at org.testng.internal.TestMethodWorker.invokeTestMethods(TestMethodWorker.java:125)
	at org.testng.internal.TestMethodWorker.run(TestMethodWorker.java:108)
	at org.testng.TestRunner.privateRun(TestRunner.java:771)
	at org.testng.TestRunner.run(TestRunner.java:621)
	at org.testng.SuiteRunner.runTest(SuiteRunner.java:357)
	at org.testng.SuiteRunner.runSequentially(SuiteRunner.java:352)
	at org.testng.SuiteRunner.privateRun(SuiteRunner.java:310)
	at org.testng.SuiteRunner.run(SuiteRunner.java:259)
	at org.testng.SuiteRunnerWorker.runSuite(SuiteRunnerWorker.java:52)
	at org.testng.SuiteRunnerWorker.run(SuiteRunnerWorker.java:86)
	at org.testng.TestNG.runSuitesSequentially(TestNG.java:1199)
	at org.testng.TestNG.runSuitesLocally(TestNG.java:1124)
	at org.testng.TestNG.run(TestNG.java:1032)
	at org.apache.maven.surefire.testng.TestNGExecutor.run(TestNGExecutor.java:73)
	at org.apache.maven.surefire.testng.TestNGXmlTestSuite.execute(TestNGXmlTestSuite.java:94)
	at org.apache.maven.surefire.Surefire.run(Surefire.java:169)
	at sun.reflect.NativeMethodAccessorImpl.invoke0(Native Method)
	at sun.reflect.NativeMethodAccessorImpl.invoke(NativeMethodAccessorImpl.java:62)
	at sun.reflect.DelegatingMethodAccessorImpl.invoke(DelegatingMethodAccessorImpl.java:43)
	at java.lang.reflect.Method.invoke(Method.java:498)
	at org.apache.maven.surefire.booter.SurefireBooter.runSuitesInProcess(SurefireBooter.java:350)
	at org.apache.maven.surefire.booter.SurefireBooter.main(SurefireBooter.java:1021)
</stack-trace>
            </failure>
            <steps/>
            <attachments/>
            <labels>
                <label name="testSuite" value="Suite"/>
                <label name="testGroup" value="Test"/>
                <label name="testClass" value="twc.Automation.SmokeTestCases.smokeTestCases"/>
                <label name="testMethod" value="Smoke_Test_verifying_DailyIFcardResponse"/>
                <label name="host" value="Aswinikumars-MacBook-Pro.local"/>
                <label name="thread" value="3229@Aswinikumars-MacBook-Pro.local.main(1)"/>
            </labels>
        </test-case>
        <test-case start="1591549389875" stop="1591549389880" status="broken">
            <name>Smoke_Test_verifying_FG_BG_urls_DailyIF_Card</name>
            <title>Verifying the response for Daily IF card</title>
            <failure>
                <message>NullPointerException: null</message>
                <stack-trace>java.lang.NullPointerException
	at twc.Automation.ReadDataFromFile.read_xml_data_into_buffer.read_xml_file_into_buffer_string(read_xml_data_into_buffer.java:47)
	at twc.Automation.General.Functions.validate_FG_BG_adcalls_DailyIFcards(Functions.java:3838)
	at twc.Automation.SmokeTestCases.smokeTestCases.Smoke_Test_verifying_FG_BG_urls_DailyIF_Card(smokeTestCases.java:1165)
	at sun.reflect.NativeMethodAccessorImpl.invoke0(Native Method)
	at sun.reflect.NativeMethodAccessorImpl.invoke(NativeMethodAccessorImpl.java:62)
	at sun.reflect.DelegatingMethodAccessorImpl.invoke(DelegatingMethodAccessorImpl.java:43)
	at java.lang.reflect.Method.invoke(Method.java:498)
	at org.testng.internal.MethodInvocationHelper.invokeMethod(MethodInvocationHelper.java:85)
	at org.testng.internal.Invoker.invokeMethod(Invoker.java:659)
	at org.testng.internal.Invoker.invokeTestMethod(Invoker.java:845)
	at org.testng.internal.Invoker.invokeTestMethods(Invoker.java:1153)
	at org.testng.internal.TestMethodWorker.invokeTestMethods(TestMethodWorker.java:125)
	at org.testng.internal.TestMethodWorker.run(TestMethodWorker.java:108)
	at org.testng.TestRunner.privateRun(TestRunner.java:771)
	at org.testng.TestRunner.run(TestRunner.java:621)
	at org.testng.SuiteRunner.runTest(SuiteRunner.java:357)
	at org.testng.SuiteRunner.runSequentially(SuiteRunner.java:352)
	at org.testng.SuiteRunner.privateRun(SuiteRunner.java:310)
	at org.testng.SuiteRunner.run(SuiteRunner.java:259)
	at org.testng.SuiteRunnerWorker.runSuite(SuiteRunnerWorker.java:52)
	at org.testng.SuiteRunnerWorker.run(SuiteRunnerWorker.java:86)
	at org.testng.TestNG.runSuitesSequentially(TestNG.java:1199)
	at org.testng.TestNG.runSuitesLocally(TestNG.java:1124)
	at org.testng.TestNG.run(TestNG.java:1032)
	at org.apache.maven.surefire.testng.TestNGExecutor.run(TestNGExecutor.java:73)
	at org.apache.maven.surefire.testng.TestNGXmlTestSuite.execute(TestNGXmlTestSuite.java:94)
	at org.apache.maven.surefire.Surefire.run(Surefire.java:169)
	at sun.reflect.NativeMethodAccessorImpl.invoke0(Native Method)
	at sun.reflect.NativeMethodAccessorImpl.invoke(NativeMethodAccessorImpl.java:62)
	at sun.reflect.DelegatingMethodAccessorImpl.invoke(DelegatingMethodAccessorImpl.java:43)
	at java.lang.reflect.Method.invoke(Method.java:498)
	at org.apache.maven.surefire.booter.SurefireBooter.runSuitesInProcess(SurefireBooter.java:350)
	at org.apache.maven.surefire.booter.SurefireBooter.main(SurefireBooter.java:1021)
</stack-trace>
            </failure>
            <steps/>
            <attachments/>
            <labels>
                <label name="testSuite" value="Suite"/>
                <label name="testGroup" value="Test"/>
                <label name="testClass" value="twc.Automation.SmokeTestCases.smokeTestCases"/>
                <label name="testMethod" value="Smoke_Test_verifying_FG_BG_urls_DailyIF_Card"/>
                <label name="host" value="Aswinikumars-MacBook-Pro.local"/>
                <label name="thread" value="3229@Aswinikumars-MacBook-Pro.local.main(1)"/>
            </labels>
        </test-case>
    </test-cases>
    <labels>
        <label name="framework" value="TestNG"/>
        <label name="language" value="JAVA"/>
    </labels>
</ns2:test-suite>
