<?xml version="1.0" encoding="UTF-8"?>
<!-- Generated by org.testng.reporters.JUnitXMLReporter -->
<testsuite hostname="Aswinikumars-MacBook-Pro.local" name="Test" tests="32" failures="9" timestamp="20 May 2020 14:29:03 GMT" time="536.534" errors="0">
  <testcase name="C333213_Verify_cust_param_aid" time="4.757" classname="twc.Regression.TestCases.regressionTestCases">
    <failure type="java.lang.AssertionError" message="aid Value not matched">
      <![CDATA[java.lang.AssertionError: aid Value not matched
	at twc.Regression.TestCases.Custom_Parameters_Verification.parameters_Verification(Custom_Parameters_Verification.java:482)
	at twc.Regression.TestCases.regressionTestCases.C333213_Verify_cust_param_aid(regressionTestCases.java:159)
... Removed 31 stack frames]]>
    </failure>
  </testcase> <!-- C333213_Verify_cust_param_aid -->
  <testcase name="C333200_Verify_cust_param_ord" time="3.777" classname="twc.Regression.TestCases.regressionTestCases"/>
  <testcase name="C658716_Verify_cust_param_tf" time="1.902" classname="twc.Regression.TestCases.regressionTestCases"/>
  <testcase name="C333219_Verify_cust_param_ver" time="3.073" classname="twc.Regression.TestCases.regressionTestCases"/>
  <testcase name="C333226_Verify_cust_param_st" time="3.136" classname="twc.Regression.TestCases.regressionTestCases">
    <failure type="java.lang.AssertionError" message="st Value not matched">
      <![CDATA[java.lang.AssertionError: st Value not matched
	at twc.Regression.TestCases.Custom_Parameters_Verification.parameters_Verification(Custom_Parameters_Verification.java:292)
	at twc.Regression.TestCases.regressionTestCases.C333226_Verify_cust_param_st(regressionTestCases.java:233)
... Removed 31 stack frames]]>
    </failure>
  </testcase> <!-- C333226_Verify_cust_param_st -->
  <testcase name="C333213_Verify_cust_param_adid" time="3.626" classname="twc.Regression.TestCases.regressionTestCases">
    <failure type="java.lang.AssertionError" message="adid Value not matched">
      <![CDATA[java.lang.AssertionError: adid Value not matched
	at twc.Regression.TestCases.Custom_Parameters_Verification.parameters_Verification(Custom_Parameters_Verification.java:512)
	at twc.Regression.TestCases.regressionTestCases.C333213_Verify_cust_param_adid(regressionTestCases.java:242)
... Removed 31 stack frames]]>
    </failure>
  </testcase> <!-- C333213_Verify_cust_param_adid -->
  <testcase name="C333228_Verify_cust_param_wfxtg" time="3.7" classname="twc.Regression.TestCases.regressionTestCases"/>
  <testcase name="C658712_Verify_cust_param_plat1" time="3.072" classname="twc.Regression.TestCases.regressionTestCases"/>
  <testcase name="C658711_Verify_cust_param_lang" time="3.365" classname="twc.Regression.TestCases.regressionTestCases"/>
  <testcase name="C333218_Verify_cust_param_pos" time="3.291" classname="twc.Regression.TestCases.regressionTestCases"/>
  <testcase name="C333205_Verify_cust_param_tile" time="3.01" classname="twc.Regression.TestCases.regressionTestCases"/>
  <testcase name="C344257_Verify_Video_Url_Parameter_cmsid" time="0.489" classname="twc.Regression.TestCases.regressionTestCases"/>
  <testcase name="C344258_Verify_Video_Url_Parameter_ttid" time="0.515" classname="twc.Regression.TestCases.regressionTestCases"/>
  <testcase name="C344260_Verify_Video_Url_Parameter_lnid" time="0.516" classname="twc.Regression.TestCases.regressionTestCases"/>
  <testcase name="C344259_Verify_Video_Url_Parameter_vid" time="0.516" classname="twc.Regression.TestCases.regressionTestCases"/>
  <testcase name="C344261_Verify_Video_Url_Parameter_iu" time="0.518" classname="twc.Regression.TestCases.regressionTestCases"/>
  <testcase name="C628160_Verify_Parameter_DyNght" time="3.057" classname="twc.Regression.TestCases.regressionTestCases">
    <failure type="java.lang.AssertionError" message="dynght Value not matched">
      <![CDATA[java.lang.AssertionError: dynght Value not matched
	at twc.Regression.TestCases.Custom_Parameters_Verification.parameters_Verification(Custom_Parameters_Verification.java:602)
	at twc.Regression.TestCases.regressionTestCases.C628160_Verify_Parameter_DyNght(regressionTestCases.java:486)
... Removed 31 stack frames]]>
    </failure>
  </testcase> <!-- C628160_Verify_Parameter_DyNght -->
  <testcase name="C333208_Verify_cust_param_tmp" time="4.744" classname="twc.Regression.TestCases.regressionTestCases">
    <failure type="java.lang.AssertionError" message="tmp Value not matched">
      <![CDATA[java.lang.AssertionError: tmp Value not matched
	at twc.Regression.TestCases.Custom_Parameters_Verification.parameters_Verification(Custom_Parameters_Verification.java:169)
	at twc.Regression.TestCases.regressionTestCases.C333208_Verify_cust_param_tmp(regressionTestCases.java:344)
... Removed 31 stack frames]]>
    </failure>
  </testcase> <!-- C333208_Verify_cust_param_tmp -->
  <testcase name="C333217_Verify_cust_param_tmpr" time="4.335" classname="twc.Regression.TestCases.regressionTestCases">
    <failure type="java.lang.AssertionError" message="tmpr Value not matched">
      <![CDATA[java.lang.AssertionError: tmpr Value not matched
	at twc.Regression.TestCases.Custom_Parameters_Verification.parameters_Verification(Custom_Parameters_Verification.java:178)
	at twc.Regression.TestCases.regressionTestCases.C333217_Verify_cust_param_tmpr(regressionTestCases.java:351)
... Removed 31 stack frames]]>
    </failure>
  </testcase> <!-- C333217_Verify_cust_param_tmpr -->
  <testcase name="C333216_Verify_cust_param_cnd" time="4.498" classname="twc.Regression.TestCases.regressionTestCases">
    <failure type="java.lang.AssertionError" message="cnd Value not matched">
      <![CDATA[java.lang.AssertionError: cnd Value not matched
	at twc.Regression.TestCases.Custom_Parameters_Verification.parameters_Verification(Custom_Parameters_Verification.java:192)
	at twc.Regression.TestCases.regressionTestCases.C333216_Verify_cust_param_cnd(regressionTestCases.java:359)
... Removed 31 stack frames]]>
    </failure>
  </testcase> <!-- C333216_Verify_cust_param_cnd -->
  <testcase name="C333207_Verify_cust_param_hmid" time="4.119" classname="twc.Regression.TestCases.regressionTestCases">
    <failure type="java.lang.AssertionError" message="hmid Value not matched">
      <![CDATA[java.lang.AssertionError: hmid Value not matched
	at twc.Regression.TestCases.Custom_Parameters_Verification.parameters_Verification(Custom_Parameters_Verification.java:211)
	at twc.Regression.TestCases.regressionTestCases.C333207_Verify_cust_param_hmid(regressionTestCases.java:368)
... Removed 31 stack frames]]>
    </failure>
  </testcase> <!-- C333207_Verify_cust_param_hmid -->
  <testcase name="C333221_Verify_cust_param_wind" time="4.124" classname="twc.Regression.TestCases.regressionTestCases">
    <failure type="java.lang.AssertionError" message="wind Value not matched">
      <![CDATA[java.lang.AssertionError: wind Value not matched
	at twc.Regression.TestCases.Custom_Parameters_Verification.parameters_Verification(Custom_Parameters_Verification.java:220)
	at twc.Regression.TestCases.regressionTestCases.C333221_Verify_cust_param_wind(regressionTestCases.java:376)
... Removed 31 stack frames]]>
    </failure>
  </testcase> <!-- C333221_Verify_cust_param_wind -->
  <testcase name="C333224_Verify_cust_param_uv" time="4.084" classname="twc.Regression.TestCases.regressionTestCases"/>
  <testcase name="C333232_Verify_cust_param_fltmpc" time="4.3" classname="twc.Regression.TestCases.regressionTestCases"/>
  <testcase name="C333239_Verify_cust_param_tmpc" time="4.406" classname="twc.Regression.TestCases.regressionTestCases"/>
  <testcase name="C333202_Verify_cust_param_zip" time="3.876" classname="twc.Regression.TestCases.regressionTestCases"/>
  <testcase name="C333203_Verify_cust_param_dma" time="3.534" classname="twc.Regression.TestCases.regressionTestCases"/>
  <testcase name="C333209_Verify_cust_param_cc" time="3.388" classname="twc.Regression.TestCases.regressionTestCases"/>
  <testcase name="C333212_Verify_cust_param_ct" time="3.462" classname="twc.Regression.TestCases.regressionTestCases"/>
  <testcase name="C333232_Verify_cust_param_fhic" time="3.914" classname="twc.Regression.TestCases.regressionTestCases"/>
  <testcase name="C333238_Verify_cust_param_floc" time="4.397" classname="twc.Regression.TestCases.regressionTestCases"/>
  <testcase name="C333223_Verify_cust_param_sev" time="3.267" classname="twc.Regression.TestCases.regressionTestCases"/>
</testsuite> <!-- Test -->
