{
  "uid" : "e81ba2b5a31f7b34",
  "name" : "C333242_Verify_cust_param_hzcs",
  "title" : "Verify custom parameter hzcs",
  "time" : {
    "start" : 1588968388160,
    "stop" : 1588968388407,
    "duration" : 247
  },
  "summary" : {
    "attachments" : 0,
    "steps" : 1
  },
  "failure" : {
    "message" : "StringIndexOutOfBoundsException: String index out of range: -1",
    "stackTrace" : "java.lang.StringIndexOutOfBoundsException: String index out of range: -1\n\tat java.lang.String.substring(String.java:1927)\n\tat twc.Regression.CustomParamValidation.CustomParamFunctions.get_wfxtg_call_value(CustomParamFunctions.java:743)\n\tat twc.Regression.CustomParamValidation.CustomParamFunctions.validate_wfxtg_results(CustomParamFunctions.java:386)\n\tat twc.Regression.TestCases.Custom_Parameters_Verification.parameters_Verification(Custom_Parameters_Verification.java:314)\n\tat twc.Regression.TestCases.regressionTestCases.C333242_Verify_cust_param_hzcs(regressionTestCases.java:215)\n\tat sun.reflect.NativeMethodAccessorImpl.invoke0(Native Method)\n\tat sun.reflect.NativeMethodAccessorImpl.invoke(NativeMethodAccessorImpl.java:62)\n\tat sun.reflect.DelegatingMethodAccessorImpl.invoke(DelegatingMethodAccessorImpl.java:43)\n\tat java.lang.reflect.Method.invoke(Method.java:498)\n\tat org.testng.internal.MethodInvocationHelper.invokeMethod(MethodInvocationHelper.java:85)\n\tat org.testng.internal.Invoker.invokeMethod(Invoker.java:659)\n\tat org.testng.internal.Invoker.invokeTestMethod(Invoker.java:845)\n\tat org.testng.internal.Invoker.invokeTestMethods(Invoker.java:1153)\n\tat org.testng.internal.TestMethodWorker.invokeTestMethods(TestMethodWorker.java:125)\n\tat org.testng.internal.TestMethodWorker.run(TestMethodWorker.java:108)\n\tat org.testng.TestRunner.privateRun(TestRunner.java:771)\n\tat org.testng.TestRunner.run(TestRunner.java:621)\n\tat org.testng.SuiteRunner.runTest(SuiteRunner.java:357)\n\tat org.testng.SuiteRunner.runSequentially(SuiteRunner.java:352)\n\tat org.testng.SuiteRunner.privateRun(SuiteRunner.java:310)\n\tat org.testng.SuiteRunner.run(SuiteRunner.java:259)\n\tat org.testng.SuiteRunnerWorker.runSuite(SuiteRunnerWorker.java:52)\n\tat org.testng.SuiteRunnerWorker.run(SuiteRunnerWorker.java:86)\n\tat org.testng.TestNG.runSuitesSequentially(TestNG.java:1199)\n\tat org.testng.TestNG.runSuitesLocally(TestNG.java:1124)\n\tat org.testng.TestNG.run(TestNG.java:1032)\n\tat org.apache.maven.surefire.testng.TestNGExecutor.run(TestNGExecutor.java:73)\n\tat org.apache.maven.surefire.testng.TestNGXmlTestSuite.execute(TestNGXmlTestSuite.java:94)\n\tat org.apache.maven.surefire.Surefire.run(Surefire.java:169)\n\tat sun.reflect.NativeMethodAccessorImpl.invoke0(Native Method)\n\tat sun.reflect.NativeMethodAccessorImpl.invoke(NativeMethodAccessorImpl.java:62)\n\tat sun.reflect.DelegatingMethodAccessorImpl.invoke(DelegatingMethodAccessorImpl.java:43)\n\tat java.lang.reflect.Method.invoke(Method.java:498)\n\tat org.apache.maven.surefire.booter.SurefireBooter.runSuitesInProcess(SurefireBooter.java:350)\n\tat org.apache.maven.surefire.booter.SurefireBooter.main(SurefireBooter.java:1021)\n"
  },
  "description" : null,
  "severity" : "NORMAL",
  "status" : "BROKEN",
  "suite" : {
    "uid" : "5a28fef0eaef3b76",
    "name" : "Suite : Test",
    "title" : "Suite : Test"
  },
  "steps" : [ {
    "name" : "logStep[Verifyied Feed:0 Pub Ad Call hzcs Custm_Parameter Expected value presented]",
    "title" : "Verifyied Feed:0 Pub Ad Call hzcs Custm_Parameter Expected value presented",
    "time" : {
      "start" : 1588968388307,
      "stop" : 1588968388307,
      "duration" : 0
    },
    "summary" : {
      "attachments" : 0,
      "steps" : 0
    },
    "status" : "PASSED",
    "attachments" : [ ],
    "steps" : [ ]
  } ],
  "attachments" : [ ],
  "issues" : [ ],
  "testIds" : [ ],
  "labels" : [ {
    "name" : "testSuite",
    "value" : "Suite"
  }, {
    "name" : "language",
    "value" : "JAVA"
  }, {
    "name" : "testGroup",
    "value" : "Test"
  }, {
    "name" : "testMethod",
    "value" : "C333242_Verify_cust_param_hzcs"
  }, {
    "name" : "testClass",
    "value" : "twc.Regression.TestCases.regressionTestCases"
  }, {
    "name" : "suite-name",
    "value" : "Suite : Test"
  }, {
    "name" : "framework",
    "value" : "TestNG"
  }, {
    "name" : "host",
    "value" : "Aswinikumars-MacBook-Pro.local"
  }, {
    "name" : "suite-title",
    "value" : "Suite : Test"
  }, {
    "name" : "thread",
    "value" : "14430@Aswinikumars-MacBook-Pro.local.main(1)"
  } ],
  "parameters" : [ ]
}